2025-11-24T21:01:08.478-0800	[34mINFO[0m	config/config.go:302	Loaded configuration	{"logger.active": true, "logger.level": "info", "logger.encoding": "console", "logger.mode": "stdout", "logger.file.path": "", "logger.file.maxSizeMB": 0, "logger.file.maxBackups": 0, "logger.file.maxAgeDays": 0, "logger.file.compress": false, "dht.idBits": 66, "dht.mode": "private", "dht.deBruijn.degree": 8, "dht.deBruijn.fixInterval": "3s", "dht.deBruijn.fixIntervalMs": 3000, "dht.storage.fixInterval": "20s", "dht.storage.fixIntervalMs": 20000, "dht.faultTolerance.successorListSize": 8, "dht.faultTolerance.stabilizationInterval": "2s", "dht.faultTolerance.stabilizationIntervalMs": 2000, "dht.faultTolerance.failureTimeout": "1s", "dht.faultTolerance.failureTimeoutMs": 1000, "dht.bootstrap.mode": "static", "dht.bootstrap.peers": ["localhost:4000"], "dht.bootstrap.register.hostedZoneId": "", "dht.bootstrap.register.domainSuffix": "", "dht.bootstrap.register.ttl": 0, "dht.bootstrap.register.region": "", "node.id": "", "node.host": "localhost", "node.bind": "0.0.0.0", "node.port": 4015, "telemetry.tracing.enabled": false, "telemetry.tracing.exporter": "", "telemetry.tracing.endpoint": "", "cache.enabled": true, "cache.httpPort": 8095, "cache.capacityMB": 256, "cache.defaultTTL": 3600, "cache.hotspotThreshold": 10, "cache.hotspotDecayRate": 0.65}
2025-11-24T21:01:08.524-0800	[34mINFO[0m	node	node/main.go:103	New Node initializing	{"self": {"addr":"localhost:4015","id":"0x0096b81747ee4d20a7"}}
2025-11-24T21:01:08.526-0800	[34mINFO[0m	node	node/main.go:124	initialized web cache	{"self": {"addr":"localhost:4015","id":"0x0096b81747ee4d20a7"}, "capacity_mb": 256}
2025-11-24T21:01:08.526-0800	[34mINFO[0m	node	node/main.go:131	initialized hotspot detector	{"self": {"addr":"localhost:4015","id":"0x0096b81747ee4d20a7"}, "threshold": 10, "decay_rate": 0.65}
2025-11-24T21:01:08.526-0800	[34mINFO[0m	node	node/main.go:185	Initialized Koorde node	{"self": {"addr":"localhost:4015","id":"0x0096b81747ee4d20a7"}}
2025-11-24T21:01:08.528-0800	[34mINFO[0m	node	node/main.go:261	resolved bootstrap peers	{"self": {"addr":"localhost:4015","id":"0x0096b81747ee4d20a7"}, "peers": ["localhost:4000"]}
2025-11-24T21:01:08.528-0800	[34mINFO[0m	node.http-server	server/http.go:93	HTTP cache server starting	{"self": {"addr":"localhost:4015","id":"0x0096b81747ee4d20a7"}, "addr": ":8095"}
2025-11-24T21:01:08.547-0800	[34mINFO[0m	node	logicnode/node.go:74	join: candidate successor found	{"self": {"addr":"localhost:4015","id":"0x0096b81747ee4d20a7"}, "bootstrap": "localhost:4000", "successor": {"addr":"localhost:4007","id":"0x00207adf4852a380ec"}}
2025-11-24T21:01:08.552-0800	[34mINFO[0m	node	logicnode/node.go:105	join: successor has predecessor	{"self": {"addr":"localhost:4015","id":"0x0096b81747ee4d20a7"}, "predecessor": {"addr":"localhost:4011","id":"0x03b6b99475a18d9035"}}
2025-11-24T21:01:08.559-0800	[34mINFO[0m	node	logicnode/node.go:138	join: completed successfully	{"self": {"addr":"localhost:4015","id":"0x0096b81747ee4d20a7"}, "self": {"addr":"localhost:4015","id":"0x0096b81747ee4d20a7"}, "successor": {"addr":"localhost:4007","id":"0x00207adf4852a380ec"}}
2025-11-24T21:01:08.560-0800	[34mINFO[0m	node	node/main.go:283	node registered successfully	{"self": {"addr":"localhost:4015","id":"0x0096b81747ee4d20a7"}}
2025-11-24T21:01:29.059-0800	[34mINFO[0m	node	logicnode/operation.go:541	Notify: predecessor updated	{"self": {"addr":"localhost:4015","id":"0x0096b81747ee4d20a7"}, "newPredecessor": {"addr":"localhost:4000","id":"0x004f424bb575238275"}, "oldPredecessor": {"addr":"localhost:4011","id":"0x03b6b99475a18d9035"}}
2025-11-24T21:01:29.156-0800	[34mINFO[0m	node.http-server	server/http.go:400	I am responsible, fetching from origin	{"self": {"addr":"localhost:4015","id":"0x0096b81747ee4d20a7"}, "url": "https://httpbin.org/status/201"}
2025-11-24T21:01:29.320-0800	[34mINFO[0m	node.http-server	server/http.go:400	I am responsible, fetching from origin	{"self": {"addr":"localhost:4015","id":"0x0096b81747ee4d20a7"}, "url": "https://httpbin.org/status/201"}
2025-11-24T21:01:29.339-0800	[34mINFO[0m	node.http-server	server/http.go:400	I am responsible, fetching from origin	{"self": {"addr":"localhost:4015","id":"0x0096b81747ee4d20a7"}, "url": "https://httpbin.org/status/201"}
2025-11-24T21:01:29.689-0800	[34mINFO[0m	node.http-server	server/http.go:173	DHT lookup complete	{"self": {"addr":"localhost:4015","id":"0x0096b81747ee4d20a7"}, "url": "https://httpbin.org/delay/2", "hash": "0x01caf5206045a3cf61", "responsible": {"addr":"localhost:4010","id":"0x0229fa4890cda12a6b"}, "lookup_latency_ms": 2}
2025-11-24T21:01:29.690-0800	[34mINFO[0m	node.http-server	server/http.go:349	Forwarding to responsible node	{"self": {"addr":"localhost:4015","id":"0x0096b81747ee4d20a7"}, "url": "https://httpbin.org/delay/2", "hash": "0x01caf5206045a3cf61", "responsible_from_lookup": {"addr":"localhost:4010","id":"0x0229fa4890cda12a6b"}, "forward_target": {"addr":"localhost:4010","id":"0x0229fa4890cda12a6b"}}
2025-11-24T21:01:29.739-0800	[34mINFO[0m	node.http-server	server/http.go:400	I am responsible, fetching from origin	{"self": {"addr":"localhost:4015","id":"0x0096b81747ee4d20a7"}, "url": "https://httpbin.org/status/201"}
2025-11-24T21:01:29.800-0800	[34mINFO[0m	node.http-server	server/http.go:400	I am responsible, fetching from origin	{"self": {"addr":"localhost:4015","id":"0x0096b81747ee4d20a7"}, "url": "https://httpbin.org/status/201"}
2025-11-24T21:01:29.958-0800	[34mINFO[0m	node.http-server	server/http.go:173	DHT lookup complete	{"self": {"addr":"localhost:4015","id":"0x0096b81747ee4d20a7"}, "url": "https://httpbin.org/delay/2", "hash": "0x01caf5206045a3cf61", "responsible": {"addr":"localhost:4010","id":"0x0229fa4890cda12a6b"}, "lookup_latency_ms": 1}
2025-11-24T21:01:29.959-0800	[34mINFO[0m	node.http-server	server/http.go:349	Forwarding to responsible node	{"self": {"addr":"localhost:4015","id":"0x0096b81747ee4d20a7"}, "url": "https://httpbin.org/delay/2", "hash": "0x01caf5206045a3cf61", "responsible_from_lookup": {"addr":"localhost:4010","id":"0x0229fa4890cda12a6b"}, "forward_target": {"addr":"localhost:4010","id":"0x0229fa4890cda12a6b"}}
2025-11-24T21:01:30.031-0800	[34mINFO[0m	node.http-server	server/http.go:400	I am responsible, fetching from origin	{"self": {"addr":"localhost:4015","id":"0x0096b81747ee4d20a7"}, "url": "https://httpbin.org/status/201"}
2025-11-24T21:01:30.038-0800	[34mINFO[0m	node.http-server	server/http.go:173	DHT lookup complete	{"self": {"addr":"localhost:4015","id":"0x0096b81747ee4d20a7"}, "url": "https://httpbin.org/delay/2", "hash": "0x01caf5206045a3cf61", "responsible": {"addr":"localhost:4010","id":"0x0229fa4890cda12a6b"}, "lookup_latency_ms": 1}
2025-11-24T21:01:30.039-0800	[34mINFO[0m	node.http-server	server/http.go:349	Forwarding to responsible node	{"self": {"addr":"localhost:4015","id":"0x0096b81747ee4d20a7"}, "url": "https://httpbin.org/delay/2", "hash": "0x01caf5206045a3cf61", "responsible_from_lookup": {"addr":"localhost:4010","id":"0x0229fa4890cda12a6b"}, "forward_target": {"addr":"localhost:4010","id":"0x0229fa4890cda12a6b"}}
2025-11-24T21:01:30.097-0800	[34mINFO[0m	node.http-server	server/http.go:660	Origin fetch successful	{"self": {"addr":"localhost:4015","id":"0x0096b81747ee4d20a7"}, "url": "https://httpbin.org/status/201", "size_bytes": 0, "content_type": "text/html; charset=utf-8", "status_code": 201}
2025-11-24T21:01:30.097-0800	[34mINFO[0m	node.http-server	server/http.go:420	Content cached successfully	{"self": {"addr":"localhost:4015","id":"0x0096b81747ee4d20a7"}, "url": "https://httpbin.org/status/201", "size_bytes": 0}
2025-11-24T21:01:30.097-0800	[34mINFO[0m	node.http-server	server/http.go:433	Request completed	{"self": {"addr":"localhost:4015","id":"0x0096b81747ee4d20a7"}, "url": "https://httpbin.org/status/201", "total_latency_ms": 66, "content_size": 0}
2025-11-24T21:01:30.120-0800	[34mINFO[0m	node	logicnode/operation.go:541	Notify: predecessor updated	{"self": {"addr":"localhost:4015","id":"0x0096b81747ee4d20a7"}, "newPredecessor": {"addr":"localhost:4001","id":"0x0051ee3541f65b0e86"}, "oldPredecessor": {"addr":"localhost:4000","id":"0x004f424bb575238275"}}
2025-11-24T21:01:30.210-0800	[34mINFO[0m	node.http-server	server/http.go:660	Origin fetch successful	{"self": {"addr":"localhost:4015","id":"0x0096b81747ee4d20a7"}, "url": "https://httpbin.org/status/201", "size_bytes": 0, "content_type": "text/html; charset=utf-8", "status_code": 201}
2025-11-24T21:01:30.210-0800	[34mINFO[0m	node.http-server	server/http.go:420	Content cached successfully	{"self": {"addr":"localhost:4015","id":"0x0096b81747ee4d20a7"}, "url": "https://httpbin.org/status/201", "size_bytes": 0}
2025-11-24T21:01:30.211-0800	[34mINFO[0m	node.http-server	server/http.go:433	Request completed	{"self": {"addr":"localhost:4015","id":"0x0096b81747ee4d20a7"}, "url": "https://httpbin.org/status/201", "total_latency_ms": 410, "content_size": 0}
2025-11-24T21:01:30.250-0800	[34mINFO[0m	node.http-server	server/http.go:660	Origin fetch successful	{"self": {"addr":"localhost:4015","id":"0x0096b81747ee4d20a7"}, "url": "https://httpbin.org/status/201", "size_bytes": 0, "content_type": "text/html; charset=utf-8", "status_code": 201}
2025-11-24T21:01:30.251-0800	[34mINFO[0m	node.http-server	server/http.go:420	Content cached successfully	{"self": {"addr":"localhost:4015","id":"0x0096b81747ee4d20a7"}, "url": "https://httpbin.org/status/201", "size_bytes": 0}
2025-11-24T21:01:30.251-0800	[34mINFO[0m	node.http-server	server/http.go:433	Request completed	{"self": {"addr":"localhost:4015","id":"0x0096b81747ee4d20a7"}, "url": "https://httpbin.org/status/201", "total_latency_ms": 911, "content_size": 0}
2025-11-24T21:01:30.598-0800	[34mINFO[0m	node.http-server	server/http.go:173	DHT lookup complete	{"self": {"addr":"localhost:4015","id":"0x0096b81747ee4d20a7"}, "url": "https://httpbin.org/delay/2", "hash": "0x01caf5206045a3cf61", "responsible": {"addr":"localhost:4010","id":"0x0229fa4890cda12a6b"}, "lookup_latency_ms": 1}
2025-11-24T21:01:30.598-0800	[34mINFO[0m	node.http-server	server/http.go:349	Forwarding to responsible node	{"self": {"addr":"localhost:4015","id":"0x0096b81747ee4d20a7"}, "url": "https://httpbin.org/delay/2", "hash": "0x01caf5206045a3cf61", "responsible_from_lookup": {"addr":"localhost:4010","id":"0x0229fa4890cda12a6b"}, "forward_target": {"addr":"localhost:4010","id":"0x0229fa4890cda12a6b"}}
2025-11-24T21:01:30.617-0800	[34mINFO[0m	node.http-server	server/http.go:173	DHT lookup complete	{"self": {"addr":"localhost:4015","id":"0x0096b81747ee4d20a7"}, "url": "https://httpbin.org/delay/2", "hash": "0x01caf5206045a3cf61", "responsible": {"addr":"localhost:4010","id":"0x0229fa4890cda12a6b"}, "lookup_latency_ms": 0}
2025-11-24T21:01:30.618-0800	[34mINFO[0m	node.http-server	server/http.go:349	Forwarding to responsible node	{"self": {"addr":"localhost:4015","id":"0x0096b81747ee4d20a7"}, "url": "https://httpbin.org/delay/2", "hash": "0x01caf5206045a3cf61", "responsible_from_lookup": {"addr":"localhost:4010","id":"0x0229fa4890cda12a6b"}, "forward_target": {"addr":"localhost:4010","id":"0x0229fa4890cda12a6b"}}
2025-11-24T21:01:30.658-0800	[34mINFO[0m	node	logicnode/operation.go:541	Notify: predecessor updated	{"self": {"addr":"localhost:4015","id":"0x0096b81747ee4d20a7"}, "newPredecessor": {"addr":"localhost:4009","id":"0x008bc4b21729c9fe0b"}, "oldPredecessor": {"addr":"localhost:4001","id":"0x0051ee3541f65b0e86"}}
2025-11-24T21:01:30.978-0800	[34mINFO[0m	node.http-server	server/http.go:660	Origin fetch successful	{"self": {"addr":"localhost:4015","id":"0x0096b81747ee4d20a7"}, "url": "https://httpbin.org/status/201", "size_bytes": 0, "content_type": "text/html; charset=utf-8", "status_code": 201}
2025-11-24T21:01:30.979-0800	[34mINFO[0m	node.http-server	server/http.go:420	Content cached successfully	{"self": {"addr":"localhost:4015","id":"0x0096b81747ee4d20a7"}, "url": "https://httpbin.org/status/201", "size_bytes": 0}
2025-11-24T21:01:30.980-0800	[34mINFO[0m	node.http-server	server/http.go:433	Request completed	{"self": {"addr":"localhost:4015","id":"0x0096b81747ee4d20a7"}, "url": "https://httpbin.org/status/201", "total_latency_ms": 1240, "content_size": 0}
2025-11-24T21:01:31.249-0800	[34mINFO[0m	node.http-server	server/http.go:660	Origin fetch successful	{"self": {"addr":"localhost:4015","id":"0x0096b81747ee4d20a7"}, "url": "https://httpbin.org/status/201", "size_bytes": 0, "content_type": "text/html; charset=utf-8", "status_code": 201}
2025-11-24T21:01:31.249-0800	[34mINFO[0m	node.http-server	server/http.go:420	Content cached successfully	{"self": {"addr":"localhost:4015","id":"0x0096b81747ee4d20a7"}, "url": "https://httpbin.org/status/201", "size_bytes": 0}
2025-11-24T21:01:31.249-0800	[34mINFO[0m	node.http-server	server/http.go:433	Request completed	{"self": {"addr":"localhost:4015","id":"0x0096b81747ee4d20a7"}, "url": "https://httpbin.org/status/201", "total_latency_ms": 2092, "content_size": 0}
2025-11-24T21:01:31.474-0800	[34mINFO[0m	node.http-server	server/http.go:660	Origin fetch successful	{"self": {"addr":"localhost:4015","id":"0x0096b81747ee4d20a7"}, "url": "https://httpbin.org/status/201", "size_bytes": 0, "content_type": "text/html; charset=utf-8", "status_code": 201}
2025-11-24T21:01:31.476-0800	[34mINFO[0m	node.http-server	server/http.go:420	Content cached successfully	{"self": {"addr":"localhost:4015","id":"0x0096b81747ee4d20a7"}, "url": "https://httpbin.org/status/201", "size_bytes": 0}
2025-11-24T21:01:31.476-0800	[34mINFO[0m	node.http-server	server/http.go:433	Request completed	{"self": {"addr":"localhost:4015","id":"0x0096b81747ee4d20a7"}, "url": "https://httpbin.org/status/201", "total_latency_ms": 2156, "content_size": 0}
2025-11-24T21:01:32.093-0800	[34mINFO[0m	node.http-server	server/http.go:617	Request proxied successfully	{"self": {"addr":"localhost:4015","id":"0x0096b81747ee4d20a7"}, "url": "https://httpbin.org/delay/2", "target_node": "localhost:4010", "total_latency_ms": 2406, "size_bytes": 322}
2025-11-24T21:01:32.892-0800	[34mINFO[0m	node.http-server	server/http.go:617	Request proxied successfully	{"self": {"addr":"localhost:4015","id":"0x0096b81747ee4d20a7"}, "url": "https://httpbin.org/delay/2", "target_node": "localhost:4010", "total_latency_ms": 2296, "size_bytes": 322}
2025-11-24T21:01:33.422-0800	[34mINFO[0m	node.http-server	server/http.go:617	Request proxied successfully	{"self": {"addr":"localhost:4015","id":"0x0096b81747ee4d20a7"}, "url": "https://httpbin.org/delay/2", "target_node": "localhost:4010", "total_latency_ms": 3464, "size_bytes": 322}
2025-11-24T21:01:33.622-0800	[34mINFO[0m	node.http-server	server/http.go:617	Request proxied successfully	{"self": {"addr":"localhost:4015","id":"0x0096b81747ee4d20a7"}, "url": "https://httpbin.org/delay/2", "target_node": "localhost:4010", "total_latency_ms": 3005, "size_bytes": 322}
2025-11-24T21:01:35.535-0800	[34mINFO[0m	node.http-server	server/http.go:617	Request proxied successfully	{"self": {"addr":"localhost:4015","id":"0x0096b81747ee4d20a7"}, "url": "https://httpbin.org/delay/2", "target_node": "localhost:4010", "total_latency_ms": 5498, "size_bytes": 322}
