2025-11-24T20:58:56.410-0800	[34mINFO[0m	config/config.go:302	Loaded configuration	{"logger.active": true, "logger.level": "info", "logger.encoding": "console", "logger.mode": "stdout", "logger.file.path": "", "logger.file.maxSizeMB": 0, "logger.file.maxBackups": 0, "logger.file.maxAgeDays": 0, "logger.file.compress": false, "dht.idBits": 66, "dht.mode": "private", "dht.deBruijn.degree": 8, "dht.deBruijn.fixInterval": "3s", "dht.deBruijn.fixIntervalMs": 3000, "dht.storage.fixInterval": "20s", "dht.storage.fixIntervalMs": 20000, "dht.faultTolerance.successorListSize": 8, "dht.faultTolerance.stabilizationInterval": "2s", "dht.faultTolerance.stabilizationIntervalMs": 2000, "dht.faultTolerance.failureTimeout": "1s", "dht.faultTolerance.failureTimeoutMs": 1000, "dht.bootstrap.mode": "static", "dht.bootstrap.peers": ["localhost:4000"], "dht.bootstrap.register.hostedZoneId": "", "dht.bootstrap.register.domainSuffix": "", "dht.bootstrap.register.ttl": 0, "dht.bootstrap.register.region": "", "node.id": "", "node.host": "localhost", "node.bind": "0.0.0.0", "node.port": 4017, "telemetry.tracing.enabled": false, "telemetry.tracing.exporter": "", "telemetry.tracing.endpoint": "", "cache.enabled": true, "cache.httpPort": 8097, "cache.capacityMB": 256, "cache.defaultTTL": 3600, "cache.hotspotThreshold": 10, "cache.hotspotDecayRate": 0.65}
2025-11-24T20:58:56.452-0800	[34mINFO[0m	node	node/main.go:103	New Node initializing	{"self": {"addr":"localhost:4017","id":"0x03912fc65e29c48a34"}}
2025-11-24T20:58:56.454-0800	[34mINFO[0m	node	node/main.go:124	initialized web cache	{"self": {"addr":"localhost:4017","id":"0x03912fc65e29c48a34"}, "capacity_mb": 256}
2025-11-24T20:58:56.455-0800	[34mINFO[0m	node	node/main.go:131	initialized hotspot detector	{"self": {"addr":"localhost:4017","id":"0x03912fc65e29c48a34"}, "threshold": 10, "decay_rate": 0.65}
2025-11-24T20:58:56.455-0800	[34mINFO[0m	node	node/main.go:185	Initialized Koorde node	{"self": {"addr":"localhost:4017","id":"0x03912fc65e29c48a34"}}
2025-11-24T20:58:56.456-0800	[34mINFO[0m	node	node/main.go:261	resolved bootstrap peers	{"self": {"addr":"localhost:4017","id":"0x03912fc65e29c48a34"}, "peers": ["localhost:4000"]}
2025-11-24T20:58:56.456-0800	[34mINFO[0m	node.http-server	server/http.go:93	HTTP cache server starting	{"self": {"addr":"localhost:4017","id":"0x03912fc65e29c48a34"}, "addr": ":8097"}
2025-11-24T20:58:56.492-0800	[34mINFO[0m	node	logicnode/node.go:74	join: candidate successor found	{"self": {"addr":"localhost:4017","id":"0x03912fc65e29c48a34"}, "bootstrap": "localhost:4000", "successor": {"addr":"localhost:4016","id":"0x03e94e912bcf7bb769"}}
2025-11-24T20:58:56.494-0800	[34mINFO[0m	node	logicnode/node.go:105	join: successor has predecessor	{"self": {"addr":"localhost:4017","id":"0x03912fc65e29c48a34"}, "predecessor": {"addr":"localhost:4011","id":"0x03b6b99475a18d9035"}}
2025-11-24T20:58:56.512-0800	[33mWARN[0m	node	logicnode/operation.go:406	FindSuccessorStep: de Bruijn failed or empty, falling back to successor	{"self": {"addr":"localhost:4017","id":"0x03912fc65e29c48a34"}, "target": "0x0315211bab7caff489", "nextHop": {"addr":"localhost:4016","id":"0x03e94e912bcf7bb769"}}
2025-11-24T20:58:56.517-0800	[34mINFO[0m	node	logicnode/node.go:138	join: completed successfully	{"self": {"addr":"localhost:4017","id":"0x03912fc65e29c48a34"}, "self": {"addr":"localhost:4017","id":"0x03912fc65e29c48a34"}, "successor": {"addr":"localhost:4016","id":"0x03e94e912bcf7bb769"}}
2025-11-24T20:58:56.518-0800	[34mINFO[0m	node	node/main.go:283	node registered successfully	{"self": {"addr":"localhost:4017","id":"0x03912fc65e29c48a34"}}
2025-11-24T20:59:02.288-0800	[34mINFO[0m	node	logicnode/operation.go:541	Notify: predecessor updated	{"self": {"addr":"localhost:4017","id":"0x03912fc65e29c48a34"}, "newPredecessor": {"addr":"localhost:4000","id":"0x004f424bb575238275"}, "oldPredecessor": {"addr":"localhost:4011","id":"0x03b6b99475a18d9035"}}
2025-11-24T20:59:02.360-0800	[34mINFO[0m	node	logicnode/operation.go:541	Notify: predecessor updated	{"self": {"addr":"localhost:4017","id":"0x03912fc65e29c48a34"}, "newPredecessor": {"addr":"localhost:4029","id":"0x02bb4d72ffe13efe5b"}, "oldPredecessor": {"addr":"localhost:4000","id":"0x004f424bb575238275"}}
2025-11-24T20:59:04.848-0800	[34mINFO[0m	node	logicnode/operation.go:541	Notify: predecessor updated	{"self": {"addr":"localhost:4017","id":"0x03912fc65e29c48a34"}, "newPredecessor": {"addr":"localhost:4012","id":"0x031fc8d8bfb65680aa"}, "oldPredecessor": {"addr":"localhost:4029","id":"0x02bb4d72ffe13efe5b"}}
2025-11-24T20:59:05.504-0800	[34mINFO[0m	node	logicnode/operation.go:541	Notify: predecessor updated	{"self": {"addr":"localhost:4017","id":"0x03912fc65e29c48a34"}, "newPredecessor": {"addr":"localhost:4014","id":"0x03532cc907496db765"}, "oldPredecessor": {"addr":"localhost:4012","id":"0x031fc8d8bfb65680aa"}}
2025-11-24T20:59:21.310-0800	[34mINFO[0m	node.http-server	server/http.go:256	Using de Bruijn neighbor as Koorde fallback	{"self": {"addr":"localhost:4017","id":"0x03912fc65e29c48a34"}, "url": "https://httpbin.org/deny", "target": {"addr":"localhost:4011","id":"0x03b6b99475a18d9035"}}
2025-11-24T20:59:21.311-0800	[34mINFO[0m	node.http-server	server/http.go:349	Forwarding to responsible node	{"self": {"addr":"localhost:4017","id":"0x03912fc65e29c48a34"}, "url": "https://httpbin.org/deny", "hash": "0x01b34e14519259b010", "responsible_from_lookup": {"addr":"localhost:4017","id":"0x03912fc65e29c48a34"}, "forward_target": {"addr":"localhost:4011","id":"0x03b6b99475a18d9035"}}
2025-11-24T20:59:21.374-0800	[34mINFO[0m	node.http-server	server/http.go:173	DHT lookup complete	{"self": {"addr":"localhost:4017","id":"0x03912fc65e29c48a34"}, "url": "https://httpbin.org/html", "hash": "0x03f8c2be43d945597c", "responsible": {"addr":"localhost:4007","id":"0x00207adf4852a380ec"}, "lookup_latency_ms": 24}
2025-11-24T20:59:21.374-0800	[34mINFO[0m	node.http-server	server/http.go:349	Forwarding to responsible node	{"self": {"addr":"localhost:4017","id":"0x03912fc65e29c48a34"}, "url": "https://httpbin.org/html", "hash": "0x03f8c2be43d945597c", "responsible_from_lookup": {"addr":"localhost:4007","id":"0x00207adf4852a380ec"}, "forward_target": {"addr":"localhost:4007","id":"0x00207adf4852a380ec"}}
2025-11-24T20:59:22.002-0800	[34mINFO[0m	node.http-server	server/http.go:173	DHT lookup complete	{"self": {"addr":"localhost:4017","id":"0x03912fc65e29c48a34"}, "url": "https://httpbin.org/html", "hash": "0x03f8c2be43d945597c", "responsible": {"addr":"localhost:4007","id":"0x00207adf4852a380ec"}, "lookup_latency_ms": 33}
2025-11-24T20:59:22.004-0800	[34mINFO[0m	node.http-server	server/http.go:349	Forwarding to responsible node	{"self": {"addr":"localhost:4017","id":"0x03912fc65e29c48a34"}, "url": "https://httpbin.org/html", "hash": "0x03f8c2be43d945597c", "responsible_from_lookup": {"addr":"localhost:4007","id":"0x00207adf4852a380ec"}, "forward_target": {"addr":"localhost:4007","id":"0x00207adf4852a380ec"}}
2025-11-24T20:59:22.007-0800	[34mINFO[0m	node.http-server	server/http.go:617	Request proxied successfully	{"self": {"addr":"localhost:4017","id":"0x03912fc65e29c48a34"}, "url": "https://httpbin.org/html", "target_node": "localhost:4007", "total_latency_ms": 37, "size_bytes": 3741}
2025-11-24T20:59:22.345-0800	[34mINFO[0m	node.http-server	server/http.go:617	Request proxied successfully	{"self": {"addr":"localhost:4017","id":"0x03912fc65e29c48a34"}, "url": "https://httpbin.org/html", "target_node": "localhost:4007", "total_latency_ms": 996, "size_bytes": 3741}
2025-11-24T20:59:23.034-0800	[34mINFO[0m	node.http-server	server/http.go:173	DHT lookup complete	{"self": {"addr":"localhost:4017","id":"0x03912fc65e29c48a34"}, "url": "https://httpbin.org/html", "hash": "0x03f8c2be43d945597c", "responsible": {"addr":"localhost:4007","id":"0x00207adf4852a380ec"}, "lookup_latency_ms": 34}
2025-11-24T20:59:23.035-0800	[34mINFO[0m	node.http-server	server/http.go:215	Cache HIT (near)	{"self": {"addr":"localhost:4017","id":"0x03912fc65e29c48a34"}, "url": "https://httpbin.org/html", "size_bytes": 3741, "latency_ms": 35}
2025-11-24T20:59:28.242-0800	[31mERROR[0m	node.http-server	server/http.go:563	Proxy request failed	{"self": {"addr":"localhost:4017","id":"0x03912fc65e29c48a34"}, "proxy_url": "http://localhost:8091/cache?url=https://httpbin.org/deny", "err": "Get \"http://localhost:8091/cache?url=https://httpbin.org/deny\": context canceled"}
KoordeDHT/internal/node/server.(*HTTPCacheServer).proxyToNode
	D:/CS6650/KoordeDHT-web-cache/internal/node/server/http.go:563
KoordeDHT/internal/node/server.(*HTTPCacheServer).handleCacheRequest
	D:/CS6650/KoordeDHT-web-cache/internal/node/server/http.go:355
net/http.HandlerFunc.ServeHTTP
	C:/Program Files/Go/src/net/http/server.go:2322
net/http.(*ServeMux).ServeHTTP
	C:/Program Files/Go/src/net/http/server.go:2861
net/http.serverHandler.ServeHTTP
	C:/Program Files/Go/src/net/http/server.go:3340
net/http.(*conn).serve
	C:/Program Files/Go/src/net/http/server.go:2109
