2025-11-24T20:58:59.615-0800	[34mINFO[0m	config/config.go:302	Loaded configuration	{"logger.active": true, "logger.level": "info", "logger.encoding": "console", "logger.mode": "stdout", "logger.file.path": "", "logger.file.maxSizeMB": 0, "logger.file.maxBackups": 0, "logger.file.maxAgeDays": 0, "logger.file.compress": false, "dht.idBits": 66, "dht.mode": "private", "dht.deBruijn.degree": 8, "dht.deBruijn.fixInterval": "3s", "dht.deBruijn.fixIntervalMs": 3000, "dht.storage.fixInterval": "20s", "dht.storage.fixIntervalMs": 20000, "dht.faultTolerance.successorListSize": 8, "dht.faultTolerance.stabilizationInterval": "2s", "dht.faultTolerance.stabilizationIntervalMs": 2000, "dht.faultTolerance.failureTimeout": "1s", "dht.faultTolerance.failureTimeoutMs": 1000, "dht.bootstrap.mode": "static", "dht.bootstrap.peers": ["localhost:4000"], "dht.bootstrap.register.hostedZoneId": "", "dht.bootstrap.register.domainSuffix": "", "dht.bootstrap.register.ttl": 0, "dht.bootstrap.register.region": "", "node.id": "", "node.host": "localhost", "node.bind": "0.0.0.0", "node.port": 4027, "telemetry.tracing.enabled": false, "telemetry.tracing.exporter": "", "telemetry.tracing.endpoint": "", "cache.enabled": true, "cache.httpPort": 8107, "cache.capacityMB": 256, "cache.defaultTTL": 3600, "cache.hotspotThreshold": 10, "cache.hotspotDecayRate": 0.65}
2025-11-24T20:58:59.661-0800	[34mINFO[0m	node	node/main.go:103	New Node initializing	{"self": {"addr":"localhost:4027","id":"0x030d749da34ae2d592"}}
2025-11-24T20:58:59.662-0800	[34mINFO[0m	node	node/main.go:124	initialized web cache	{"self": {"addr":"localhost:4027","id":"0x030d749da34ae2d592"}, "capacity_mb": 256}
2025-11-24T20:58:59.664-0800	[34mINFO[0m	node	node/main.go:131	initialized hotspot detector	{"self": {"addr":"localhost:4027","id":"0x030d749da34ae2d592"}, "threshold": 10, "decay_rate": 0.65}
2025-11-24T20:58:59.664-0800	[34mINFO[0m	node	node/main.go:185	Initialized Koorde node	{"self": {"addr":"localhost:4027","id":"0x030d749da34ae2d592"}}
2025-11-24T20:58:59.665-0800	[34mINFO[0m	node	node/main.go:261	resolved bootstrap peers	{"self": {"addr":"localhost:4027","id":"0x030d749da34ae2d592"}, "peers": ["localhost:4000"]}
2025-11-24T20:58:59.665-0800	[34mINFO[0m	node.http-server	server/http.go:93	HTTP cache server starting	{"self": {"addr":"localhost:4027","id":"0x030d749da34ae2d592"}, "addr": ":8107"}
2025-11-24T20:58:59.683-0800	[34mINFO[0m	node	logicnode/node.go:74	join: candidate successor found	{"self": {"addr":"localhost:4027","id":"0x030d749da34ae2d592"}, "bootstrap": "localhost:4000", "successor": {"addr":"localhost:4011","id":"0x03b6b99475a18d9035"}}
2025-11-24T20:58:59.687-0800	[34mINFO[0m	node	logicnode/node.go:105	join: successor has predecessor	{"self": {"addr":"localhost:4027","id":"0x030d749da34ae2d592"}, "predecessor": {"addr":"localhost:4017","id":"0x03912fc65e29c48a34"}}
2025-11-24T20:58:59.691-0800	[33mWARN[0m	node	logicnode/operation.go:406	FindSuccessorStep: de Bruijn failed or empty, falling back to successor	{"self": {"addr":"localhost:4027","id":"0x030d749da34ae2d592"}, "target": "0x026ba4ed1a5716ac90", "nextHop": {"addr":"localhost:4011","id":"0x03b6b99475a18d9035"}}
2025-11-24T20:58:59.696-0800	[34mINFO[0m	node	logicnode/node.go:138	join: completed successfully	{"self": {"addr":"localhost:4027","id":"0x030d749da34ae2d592"}, "self": {"addr":"localhost:4027","id":"0x030d749da34ae2d592"}, "successor": {"addr":"localhost:4011","id":"0x03b6b99475a18d9035"}}
2025-11-24T20:58:59.697-0800	[34mINFO[0m	node	node/main.go:283	node registered successfully	{"self": {"addr":"localhost:4027","id":"0x030d749da34ae2d592"}}
2025-11-24T20:59:10.361-0800	[34mINFO[0m	node	logicnode/operation.go:541	Notify: predecessor updated	{"self": {"addr":"localhost:4027","id":"0x030d749da34ae2d592"}, "newPredecessor": {"addr":"localhost:4029","id":"0x02bb4d72ffe13efe5b"}, "oldPredecessor": {"addr":"localhost:4017","id":"0x03912fc65e29c48a34"}}
2025-11-24T20:59:11.184-0800	[34mINFO[0m	node	logicnode/operation.go:541	Notify: predecessor updated	{"self": {"addr":"localhost:4027","id":"0x030d749da34ae2d592"}, "newPredecessor": {"addr":"localhost:4013","id":"0x02f656bce70902cd6d"}, "oldPredecessor": {"addr":"localhost:4029","id":"0x02bb4d72ffe13efe5b"}}
2025-11-24T20:59:21.476-0800	[34mINFO[0m	node.http-server	server/http.go:400	I am responsible, fetching from origin	{"self": {"addr":"localhost:4027","id":"0x030d749da34ae2d592"}, "url": "https://httpbin.org/status/204"}
2025-11-24T20:59:21.691-0800	[34mINFO[0m	node.http-server	server/http.go:173	DHT lookup complete	{"self": {"addr":"localhost:4027","id":"0x030d749da34ae2d592"}, "url": "https://httpbin.org/bytes/4096", "hash": "0x01b7e29f894c7989ac", "responsible": {"addr":"localhost:4019","id":"0x01fd766c6b6d184fa5"}, "lookup_latency_ms": 12}
2025-11-24T20:59:21.692-0800	[34mINFO[0m	node.http-server	server/http.go:349	Forwarding to responsible node	{"self": {"addr":"localhost:4027","id":"0x030d749da34ae2d592"}, "url": "https://httpbin.org/bytes/4096", "hash": "0x01b7e29f894c7989ac", "responsible_from_lookup": {"addr":"localhost:4019","id":"0x01fd766c6b6d184fa5"}, "forward_target": {"addr":"localhost:4019","id":"0x01fd766c6b6d184fa5"}}
2025-11-24T20:59:21.855-0800	[34mINFO[0m	node.http-server	server/http.go:660	Origin fetch successful	{"self": {"addr":"localhost:4027","id":"0x030d749da34ae2d592"}, "url": "https://httpbin.org/status/204", "size_bytes": 0, "content_type": "application/octet-stream", "status_code": 204}
2025-11-24T20:59:21.857-0800	[34mINFO[0m	node.http-server	server/http.go:420	Content cached successfully	{"self": {"addr":"localhost:4027","id":"0x030d749da34ae2d592"}, "url": "https://httpbin.org/status/204", "size_bytes": 0}
2025-11-24T20:59:21.857-0800	[34mINFO[0m	node.http-server	server/http.go:433	Request completed	{"self": {"addr":"localhost:4027","id":"0x030d749da34ae2d592"}, "url": "https://httpbin.org/status/204", "total_latency_ms": 380, "content_size": 0}
2025-11-24T20:59:22.049-0800	[34mINFO[0m	node.http-server	server/http.go:361	Cache HIT (local)	{"self": {"addr":"localhost:4027","id":"0x030d749da34ae2d592"}, "url": "https://httpbin.org/status/204", "size_bytes": 0, "latency_ms": 0}
2025-11-24T20:59:28.278-0800	[31mERROR[0m	node.http-server	server/http.go:563	Proxy request failed	{"self": {"addr":"localhost:4027","id":"0x030d749da34ae2d592"}, "proxy_url": "http://localhost:8099/cache?url=https://httpbin.org/bytes/4096", "err": "Get \"http://localhost:8099/cache?url=https://httpbin.org/bytes/4096\": context canceled"}
KoordeDHT/internal/node/server.(*HTTPCacheServer).proxyToNode
	D:/CS6650/KoordeDHT-web-cache/internal/node/server/http.go:563
KoordeDHT/internal/node/server.(*HTTPCacheServer).handleCacheRequest
	D:/CS6650/KoordeDHT-web-cache/internal/node/server/http.go:355
net/http.HandlerFunc.ServeHTTP
	C:/Program Files/Go/src/net/http/server.go:2322
net/http.(*ServeMux).ServeHTTP
	C:/Program Files/Go/src/net/http/server.go:2861
net/http.serverHandler.ServeHTTP
	C:/Program Files/Go/src/net/http/server.go:3340
net/http.(*conn).serve
	C:/Program Files/Go/src/net/http/server.go:2109
