2025-11-24T20:59:00.915-0800	[34mINFO[0m	config/config.go:302	Loaded configuration	{"logger.active": true, "logger.level": "info", "logger.encoding": "console", "logger.mode": "stdout", "logger.file.path": "", "logger.file.maxSizeMB": 0, "logger.file.maxBackups": 0, "logger.file.maxAgeDays": 0, "logger.file.compress": false, "dht.idBits": 66, "dht.mode": "private", "dht.deBruijn.degree": 8, "dht.deBruijn.fixInterval": "3s", "dht.deBruijn.fixIntervalMs": 3000, "dht.storage.fixInterval": "20s", "dht.storage.fixIntervalMs": 20000, "dht.faultTolerance.successorListSize": 8, "dht.faultTolerance.stabilizationInterval": "2s", "dht.faultTolerance.stabilizationIntervalMs": 2000, "dht.faultTolerance.failureTimeout": "1s", "dht.faultTolerance.failureTimeoutMs": 1000, "dht.bootstrap.mode": "static", "dht.bootstrap.peers": ["localhost:4000"], "dht.bootstrap.register.hostedZoneId": "", "dht.bootstrap.register.domainSuffix": "", "dht.bootstrap.register.ttl": 0, "dht.bootstrap.register.region": "", "node.id": "", "node.host": "localhost", "node.bind": "0.0.0.0", "node.port": 4031, "telemetry.tracing.enabled": false, "telemetry.tracing.exporter": "", "telemetry.tracing.endpoint": "", "cache.enabled": true, "cache.httpPort": 8111, "cache.capacityMB": 256, "cache.defaultTTL": 3600, "cache.hotspotThreshold": 10, "cache.hotspotDecayRate": 0.65}
2025-11-24T20:59:00.968-0800	[34mINFO[0m	node	node/main.go:103	New Node initializing	{"self": {"addr":"localhost:4031","id":"0x021203d6676ae77b72"}}
2025-11-24T20:59:00.971-0800	[34mINFO[0m	node	node/main.go:124	initialized web cache	{"self": {"addr":"localhost:4031","id":"0x021203d6676ae77b72"}, "capacity_mb": 256}
2025-11-24T20:59:00.977-0800	[34mINFO[0m	node	node/main.go:131	initialized hotspot detector	{"self": {"addr":"localhost:4031","id":"0x021203d6676ae77b72"}, "threshold": 10, "decay_rate": 0.65}
2025-11-24T20:59:00.977-0800	[34mINFO[0m	node	node/main.go:185	Initialized Koorde node	{"self": {"addr":"localhost:4031","id":"0x021203d6676ae77b72"}}
2025-11-24T20:59:00.978-0800	[34mINFO[0m	node	node/main.go:261	resolved bootstrap peers	{"self": {"addr":"localhost:4031","id":"0x021203d6676ae77b72"}, "peers": ["localhost:4000"]}
2025-11-24T20:59:00.978-0800	[34mINFO[0m	node.http-server	server/http.go:93	HTTP cache server starting	{"self": {"addr":"localhost:4031","id":"0x021203d6676ae77b72"}, "addr": ":8111"}
2025-11-24T20:59:00.997-0800	[34mINFO[0m	node	logicnode/node.go:74	join: candidate successor found	{"self": {"addr":"localhost:4031","id":"0x021203d6676ae77b72"}, "bootstrap": "localhost:4000", "successor": {"addr":"localhost:4021","id":"0x03aca98819949d884c"}}
2025-11-24T20:59:01.000-0800	[34mINFO[0m	node	logicnode/node.go:105	join: successor has predecessor	{"self": {"addr":"localhost:4031","id":"0x021203d6676ae77b72"}, "predecessor": {"addr":"localhost:4017","id":"0x03912fc65e29c48a34"}}
2025-11-24T20:59:01.004-0800	[33mWARN[0m	node	logicnode/operation.go:406	FindSuccessorStep: de Bruijn failed or empty, falling back to successor	{"self": {"addr":"localhost:4031","id":"0x021203d6676ae77b72"}, "target": "0x00901eb33b573bdb90", "nextHop": {"addr":"localhost:4021","id":"0x03aca98819949d884c"}}
2025-11-24T20:59:01.011-0800	[34mINFO[0m	node	logicnode/node.go:138	join: completed successfully	{"self": {"addr":"localhost:4031","id":"0x021203d6676ae77b72"}, "self": {"addr":"localhost:4031","id":"0x021203d6676ae77b72"}, "successor": {"addr":"localhost:4021","id":"0x03aca98819949d884c"}}
2025-11-24T20:59:01.011-0800	[34mINFO[0m	node	node/main.go:283	node registered successfully	{"self": {"addr":"localhost:4031","id":"0x021203d6676ae77b72"}}
2025-11-24T20:59:10.625-0800	[34mINFO[0m	node	logicnode/operation.go:541	Notify: predecessor updated	{"self": {"addr":"localhost:4031","id":"0x021203d6676ae77b72"}, "newPredecessor": {"addr":"localhost:4005","id":"0x016adf1cbc1f56bed2"}, "oldPredecessor": {"addr":"localhost:4017","id":"0x03912fc65e29c48a34"}}
2025-11-24T20:59:18.905-0800	[34mINFO[0m	node	logicnode/operation.go:541	Notify: predecessor updated	{"self": {"addr":"localhost:4031","id":"0x021203d6676ae77b72"}, "newPredecessor": {"addr":"localhost:4006","id":"0x01943b269be0206d7d"}, "oldPredecessor": {"addr":"localhost:4005","id":"0x016adf1cbc1f56bed2"}}
2025-11-24T20:59:19.061-0800	[34mINFO[0m	node	logicnode/operation.go:541	Notify: predecessor updated	{"self": {"addr":"localhost:4031","id":"0x021203d6676ae77b72"}, "newPredecessor": {"addr":"localhost:4025","id":"0x01dbb7a1d63cedf3bd"}, "oldPredecessor": {"addr":"localhost:4006","id":"0x01943b269be0206d7d"}}
2025-11-24T20:59:19.149-0800	[34mINFO[0m	node	logicnode/operation.go:541	Notify: predecessor updated	{"self": {"addr":"localhost:4031","id":"0x021203d6676ae77b72"}, "newPredecessor": {"addr":"localhost:4019","id":"0x01fd766c6b6d184fa5"}, "oldPredecessor": {"addr":"localhost:4025","id":"0x01dbb7a1d63cedf3bd"}}
2025-11-24T20:59:21.282-0800	[34mINFO[0m	node.http-server	server/http.go:400	I am responsible, fetching from origin	{"self": {"addr":"localhost:4031","id":"0x021203d6676ae77b72"}, "url": "https://httpbin.org/xml"}
2025-11-24T20:59:21.283-0800	[34mINFO[0m	node.http-server	server/http.go:173	DHT lookup complete	{"self": {"addr":"localhost:4031","id":"0x021203d6676ae77b72"}, "url": "https://httpbin.org/delay/2", "hash": "0x01caf5206045a3cf61", "responsible": {"addr":"localhost:4019","id":"0x01fd766c6b6d184fa5"}, "lookup_latency_ms": 4}
2025-11-24T20:59:21.284-0800	[34mINFO[0m	node.http-server	server/http.go:349	Forwarding to responsible node	{"self": {"addr":"localhost:4031","id":"0x021203d6676ae77b72"}, "url": "https://httpbin.org/delay/2", "hash": "0x01caf5206045a3cf61", "responsible_from_lookup": {"addr":"localhost:4019","id":"0x01fd766c6b6d184fa5"}, "forward_target": {"addr":"localhost:4019","id":"0x01fd766c6b6d184fa5"}}
2025-11-24T20:59:21.302-0800	[34mINFO[0m	node.http-server	server/http.go:256	Using de Bruijn neighbor as Koorde fallback	{"self": {"addr":"localhost:4031","id":"0x021203d6676ae77b72"}, "url": "https://httpbin.org/deny", "target": {"addr":"localhost:4023","id":"0x03f247490b64e4d93b"}}
2025-11-24T20:59:21.303-0800	[34mINFO[0m	node.http-server	server/http.go:349	Forwarding to responsible node	{"self": {"addr":"localhost:4031","id":"0x021203d6676ae77b72"}, "url": "https://httpbin.org/deny", "hash": "0x01b34e14519259b010", "responsible_from_lookup": {"addr":"localhost:4031","id":"0x021203d6676ae77b72"}, "forward_target": {"addr":"localhost:4023","id":"0x03f247490b64e4d93b"}}
2025-11-24T20:59:21.374-0800	[34mINFO[0m	node.http-server	server/http.go:400	I am responsible, fetching from origin	{"self": {"addr":"localhost:4031","id":"0x021203d6676ae77b72"}, "url": "https://httpbin.org/delay/1"}
2025-11-24T20:59:21.463-0800	[34mINFO[0m	node.http-server	server/http.go:400	I am responsible, fetching from origin	{"self": {"addr":"localhost:4031","id":"0x021203d6676ae77b72"}, "url": "https://httpbin.org/status/202"}
2025-11-24T20:59:21.566-0800	[34mINFO[0m	node.http-server	server/http.go:400	I am responsible, fetching from origin	{"self": {"addr":"localhost:4031","id":"0x021203d6676ae77b72"}, "url": "https://httpbin.org/xml"}
2025-11-24T20:59:21.625-0800	[34mINFO[0m	node.http-server	server/http.go:400	I am responsible, fetching from origin	{"self": {"addr":"localhost:4031","id":"0x021203d6676ae77b72"}, "url": "https://httpbin.org/status/202"}
2025-11-24T20:59:21.630-0800	[34mINFO[0m	node.http-server	server/http.go:660	Origin fetch successful	{"self": {"addr":"localhost:4031","id":"0x021203d6676ae77b72"}, "url": "https://httpbin.org/xml", "size_bytes": 522, "content_type": "application/xml", "status_code": 200}
2025-11-24T20:59:21.631-0800	[34mINFO[0m	node.http-server	server/http.go:420	Content cached successfully	{"self": {"addr":"localhost:4031","id":"0x021203d6676ae77b72"}, "url": "https://httpbin.org/xml", "size_bytes": 522}
2025-11-24T20:59:21.631-0800	[34mINFO[0m	node.http-server	server/http.go:433	Request completed	{"self": {"addr":"localhost:4031","id":"0x021203d6676ae77b72"}, "url": "https://httpbin.org/xml", "total_latency_ms": 349, "content_size": 522}
2025-11-24T20:59:21.732-0800	[34mINFO[0m	node.http-server	server/http.go:660	Origin fetch successful	{"self": {"addr":"localhost:4031","id":"0x021203d6676ae77b72"}, "url": "https://httpbin.org/status/202", "size_bytes": 0, "content_type": "text/html; charset=utf-8", "status_code": 202}
2025-11-24T20:59:21.732-0800	[34mINFO[0m	node.http-server	server/http.go:420	Content cached successfully	{"self": {"addr":"localhost:4031","id":"0x021203d6676ae77b72"}, "url": "https://httpbin.org/status/202", "size_bytes": 0}
2025-11-24T20:59:21.733-0800	[34mINFO[0m	node.http-server	server/http.go:433	Request completed	{"self": {"addr":"localhost:4031","id":"0x021203d6676ae77b72"}, "url": "https://httpbin.org/status/202", "total_latency_ms": 270, "content_size": 0}
2025-11-24T20:59:21.915-0800	[34mINFO[0m	node.http-server	server/http.go:361	Cache HIT (local)	{"self": {"addr":"localhost:4031","id":"0x021203d6676ae77b72"}, "url": "https://httpbin.org/status/202", "size_bytes": 0, "latency_ms": 0}
2025-11-24T20:59:21.937-0800	[34mINFO[0m	node.http-server	server/http.go:660	Origin fetch successful	{"self": {"addr":"localhost:4031","id":"0x021203d6676ae77b72"}, "url": "https://httpbin.org/status/202", "size_bytes": 0, "content_type": "text/html; charset=utf-8", "status_code": 202}
2025-11-24T20:59:21.938-0800	[34mINFO[0m	node.http-server	server/http.go:420	Content cached successfully	{"self": {"addr":"localhost:4031","id":"0x021203d6676ae77b72"}, "url": "https://httpbin.org/status/202", "size_bytes": 0}
2025-11-24T20:59:21.938-0800	[34mINFO[0m	node.http-server	server/http.go:433	Request completed	{"self": {"addr":"localhost:4031","id":"0x021203d6676ae77b72"}, "url": "https://httpbin.org/status/202", "total_latency_ms": 312, "content_size": 0}
2025-11-24T20:59:22.005-0800	[34mINFO[0m	node.http-server	server/http.go:400	I am responsible, fetching from origin	{"self": {"addr":"localhost:4031","id":"0x021203d6676ae77b72"}, "url": "https://httpbin.org/delay/1"}
2025-11-24T20:59:22.125-0800	[34mINFO[0m	node.http-server	server/http.go:400	I am responsible, fetching from origin	{"self": {"addr":"localhost:4031","id":"0x021203d6676ae77b72"}, "url": "https://httpbin.org/delay/1"}
2025-11-24T20:59:22.384-0800	[34mINFO[0m	node.http-server	server/http.go:361	Cache HIT (local)	{"self": {"addr":"localhost:4031","id":"0x021203d6676ae77b72"}, "url": "https://httpbin.org/xml", "size_bytes": 522, "latency_ms": 0}
2025-11-24T20:59:22.893-0800	[34mINFO[0m	node.http-server	server/http.go:660	Origin fetch successful	{"self": {"addr":"localhost:4031","id":"0x021203d6676ae77b72"}, "url": "https://httpbin.org/delay/1", "size_bytes": 322, "content_type": "application/json", "status_code": 200}
2025-11-24T20:59:22.893-0800	[34mINFO[0m	node.http-server	server/http.go:420	Content cached successfully	{"self": {"addr":"localhost:4031","id":"0x021203d6676ae77b72"}, "url": "https://httpbin.org/delay/1", "size_bytes": 322}
2025-11-24T20:59:22.894-0800	[34mINFO[0m	node.http-server	server/http.go:433	Request completed	{"self": {"addr":"localhost:4031","id":"0x021203d6676ae77b72"}, "url": "https://httpbin.org/delay/1", "total_latency_ms": 1520, "content_size": 322}
2025-11-24T20:59:23.229-0800	[34mINFO[0m	node.http-server	server/http.go:361	Cache HIT (local)	{"self": {"addr":"localhost:4031","id":"0x021203d6676ae77b72"}, "url": "https://httpbin.org/delay/1", "size_bytes": 322, "latency_ms": 0}
2025-11-24T20:59:23.327-0800	[34mINFO[0m	node.http-server	server/http.go:660	Origin fetch successful	{"self": {"addr":"localhost:4031","id":"0x021203d6676ae77b72"}, "url": "https://httpbin.org/delay/1", "size_bytes": 322, "content_type": "application/json", "status_code": 200}
2025-11-24T20:59:23.327-0800	[34mINFO[0m	node.http-server	server/http.go:420	Content cached successfully	{"self": {"addr":"localhost:4031","id":"0x021203d6676ae77b72"}, "url": "https://httpbin.org/delay/1", "size_bytes": 322}
2025-11-24T20:59:23.328-0800	[34mINFO[0m	node.http-server	server/http.go:433	Request completed	{"self": {"addr":"localhost:4031","id":"0x021203d6676ae77b72"}, "url": "https://httpbin.org/delay/1", "total_latency_ms": 1323, "content_size": 322}
2025-11-24T20:59:23.506-0800	[34mINFO[0m	node.http-server	server/http.go:660	Origin fetch successful	{"self": {"addr":"localhost:4031","id":"0x021203d6676ae77b72"}, "url": "https://httpbin.org/xml", "size_bytes": 522, "content_type": "application/xml", "status_code": 200}
2025-11-24T20:59:23.506-0800	[34mINFO[0m	node.http-server	server/http.go:420	Content cached successfully	{"self": {"addr":"localhost:4031","id":"0x021203d6676ae77b72"}, "url": "https://httpbin.org/xml", "size_bytes": 522}
2025-11-24T20:59:23.506-0800	[34mINFO[0m	node.http-server	server/http.go:433	Request completed	{"self": {"addr":"localhost:4031","id":"0x021203d6676ae77b72"}, "url": "https://httpbin.org/xml", "total_latency_ms": 1940, "content_size": 522}
2025-11-24T20:59:23.795-0800	[34mINFO[0m	node.http-server	server/http.go:660	Origin fetch successful	{"self": {"addr":"localhost:4031","id":"0x021203d6676ae77b72"}, "url": "https://httpbin.org/delay/1", "size_bytes": 322, "content_type": "application/json", "status_code": 200}
2025-11-24T20:59:23.796-0800	[34mINFO[0m	node.http-server	server/http.go:420	Content cached successfully	{"self": {"addr":"localhost:4031","id":"0x021203d6676ae77b72"}, "url": "https://httpbin.org/delay/1", "size_bytes": 322}
2025-11-24T20:59:23.797-0800	[34mINFO[0m	node.http-server	server/http.go:433	Request completed	{"self": {"addr":"localhost:4031","id":"0x021203d6676ae77b72"}, "url": "https://httpbin.org/delay/1", "total_latency_ms": 1672, "content_size": 322}
2025-11-24T20:59:28.241-0800	[31mERROR[0m	node.http-server	server/http.go:563	Proxy request failed	{"self": {"addr":"localhost:4031","id":"0x021203d6676ae77b72"}, "proxy_url": "http://localhost:8103/cache?url=https://httpbin.org/deny", "err": "Get \"http://localhost:8103/cache?url=https://httpbin.org/deny\": context canceled"}
KoordeDHT/internal/node/server.(*HTTPCacheServer).proxyToNode
	D:/CS6650/KoordeDHT-web-cache/internal/node/server/http.go:563
KoordeDHT/internal/node/server.(*HTTPCacheServer).handleCacheRequest
	D:/CS6650/KoordeDHT-web-cache/internal/node/server/http.go:355
net/http.HandlerFunc.ServeHTTP
	C:/Program Files/Go/src/net/http/server.go:2322
net/http.(*ServeMux).ServeHTTP
	C:/Program Files/Go/src/net/http/server.go:2861
net/http.serverHandler.ServeHTTP
	C:/Program Files/Go/src/net/http/server.go:3340
net/http.(*conn).serve
	C:/Program Files/Go/src/net/http/server.go:2109
2025-11-24T20:59:28.245-0800	[31mERROR[0m	node.http-server	server/http.go:563	Proxy request failed	{"self": {"addr":"localhost:4031","id":"0x021203d6676ae77b72"}, "proxy_url": "http://localhost:8099/cache?url=https://httpbin.org/delay/2", "err": "Get \"http://localhost:8099/cache?url=https://httpbin.org/delay/2\": context canceled"}
KoordeDHT/internal/node/server.(*HTTPCacheServer).proxyToNode
	D:/CS6650/KoordeDHT-web-cache/internal/node/server/http.go:563
KoordeDHT/internal/node/server.(*HTTPCacheServer).handleCacheRequest
	D:/CS6650/KoordeDHT-web-cache/internal/node/server/http.go:355
net/http.HandlerFunc.ServeHTTP
	C:/Program Files/Go/src/net/http/server.go:2322
net/http.(*ServeMux).ServeHTTP
	C:/Program Files/Go/src/net/http/server.go:2861
net/http.serverHandler.ServeHTTP
	C:/Program Files/Go/src/net/http/server.go:3340
net/http.(*conn).serve
	C:/Program Files/Go/src/net/http/server.go:2109
