2025-11-24T20:59:00.278-0800	[34mINFO[0m	config/config.go:302	Loaded configuration	{"logger.active": true, "logger.level": "info", "logger.encoding": "console", "logger.mode": "stdout", "logger.file.path": "", "logger.file.maxSizeMB": 0, "logger.file.maxBackups": 0, "logger.file.maxAgeDays": 0, "logger.file.compress": false, "dht.idBits": 66, "dht.mode": "private", "dht.deBruijn.degree": 8, "dht.deBruijn.fixInterval": "3s", "dht.deBruijn.fixIntervalMs": 3000, "dht.storage.fixInterval": "20s", "dht.storage.fixIntervalMs": 20000, "dht.faultTolerance.successorListSize": 8, "dht.faultTolerance.stabilizationInterval": "2s", "dht.faultTolerance.stabilizationIntervalMs": 2000, "dht.faultTolerance.failureTimeout": "1s", "dht.faultTolerance.failureTimeoutMs": 1000, "dht.bootstrap.mode": "static", "dht.bootstrap.peers": ["localhost:4000"], "dht.bootstrap.register.hostedZoneId": "", "dht.bootstrap.register.domainSuffix": "", "dht.bootstrap.register.ttl": 0, "dht.bootstrap.register.region": "", "node.id": "", "node.host": "localhost", "node.bind": "0.0.0.0", "node.port": 4029, "telemetry.tracing.enabled": false, "telemetry.tracing.exporter": "", "telemetry.tracing.endpoint": "", "cache.enabled": true, "cache.httpPort": 8109, "cache.capacityMB": 256, "cache.defaultTTL": 3600, "cache.hotspotThreshold": 10, "cache.hotspotDecayRate": 0.65}
2025-11-24T20:59:00.323-0800	[34mINFO[0m	node	node/main.go:103	New Node initializing	{"self": {"addr":"localhost:4029","id":"0x02bb4d72ffe13efe5b"}}
2025-11-24T20:59:00.325-0800	[34mINFO[0m	node	node/main.go:124	initialized web cache	{"self": {"addr":"localhost:4029","id":"0x02bb4d72ffe13efe5b"}, "capacity_mb": 256}
2025-11-24T20:59:00.326-0800	[34mINFO[0m	node	node/main.go:131	initialized hotspot detector	{"self": {"addr":"localhost:4029","id":"0x02bb4d72ffe13efe5b"}, "threshold": 10, "decay_rate": 0.65}
2025-11-24T20:59:00.327-0800	[34mINFO[0m	node	node/main.go:185	Initialized Koorde node	{"self": {"addr":"localhost:4029","id":"0x02bb4d72ffe13efe5b"}}
2025-11-24T20:59:00.328-0800	[34mINFO[0m	node.http-server	server/http.go:93	HTTP cache server starting	{"self": {"addr":"localhost:4029","id":"0x02bb4d72ffe13efe5b"}, "addr": ":8109"}
2025-11-24T20:59:00.328-0800	[34mINFO[0m	node	node/main.go:261	resolved bootstrap peers	{"self": {"addr":"localhost:4029","id":"0x02bb4d72ffe13efe5b"}, "peers": ["localhost:4000"]}
2025-11-24T20:59:00.348-0800	[34mINFO[0m	node	logicnode/node.go:74	join: candidate successor found	{"self": {"addr":"localhost:4029","id":"0x02bb4d72ffe13efe5b"}, "bootstrap": "localhost:4000", "successor": {"addr":"localhost:4021","id":"0x03aca98819949d884c"}}
2025-11-24T20:59:00.351-0800	[34mINFO[0m	node	logicnode/node.go:105	join: successor has predecessor	{"self": {"addr":"localhost:4029","id":"0x02bb4d72ffe13efe5b"}, "predecessor": {"addr":"localhost:4000","id":"0x004f424bb575238275"}}
2025-11-24T20:59:00.356-0800	[34mINFO[0m	node	logicnode/node.go:138	join: completed successfully	{"self": {"addr":"localhost:4029","id":"0x02bb4d72ffe13efe5b"}, "self": {"addr":"localhost:4029","id":"0x02bb4d72ffe13efe5b"}, "successor": {"addr":"localhost:4021","id":"0x03aca98819949d884c"}}
2025-11-24T20:59:00.356-0800	[34mINFO[0m	node	node/main.go:283	node registered successfully	{"self": {"addr":"localhost:4029","id":"0x02bb4d72ffe13efe5b"}}
2025-11-24T20:59:04.629-0800	[34mINFO[0m	node	logicnode/operation.go:541	Notify: predecessor updated	{"self": {"addr":"localhost:4029","id":"0x02bb4d72ffe13efe5b"}, "newPredecessor": {"addr":"localhost:4005","id":"0x016adf1cbc1f56bed2"}, "oldPredecessor": {"addr":"localhost:4000","id":"0x004f424bb575238275"}}
2025-11-24T20:59:09.014-0800	[34mINFO[0m	node	logicnode/operation.go:541	Notify: predecessor updated	{"self": {"addr":"localhost:4029","id":"0x02bb4d72ffe13efe5b"}, "newPredecessor": {"addr":"localhost:4031","id":"0x021203d6676ae77b72"}, "oldPredecessor": {"addr":"localhost:4005","id":"0x016adf1cbc1f56bed2"}}
2025-11-24T20:59:16.197-0800	[34mINFO[0m	node	logicnode/operation.go:541	Notify: predecessor updated	{"self": {"addr":"localhost:4029","id":"0x02bb4d72ffe13efe5b"}, "newPredecessor": {"addr":"localhost:4010","id":"0x0229fa4890cda12a6b"}, "oldPredecessor": {"addr":"localhost:4031","id":"0x021203d6676ae77b72"}}
2025-11-24T20:59:21.360-0800	[34mINFO[0m	node.http-server	server/http.go:173	DHT lookup complete	{"self": {"addr":"localhost:4029","id":"0x02bb4d72ffe13efe5b"}, "url": "https://httpbin.org/base64/VGVzdCBtZXNzYWdl", "hash": "0x034a60e24592c64342", "responsible": {"addr":"localhost:4014","id":"0x03532cc907496db765"}, "lookup_latency_ms": 1}
2025-11-24T20:59:21.361-0800	[34mINFO[0m	node.http-server	server/http.go:349	Forwarding to responsible node	{"self": {"addr":"localhost:4029","id":"0x02bb4d72ffe13efe5b"}, "url": "https://httpbin.org/base64/VGVzdCBtZXNzYWdl", "hash": "0x034a60e24592c64342", "responsible_from_lookup": {"addr":"localhost:4014","id":"0x03532cc907496db765"}, "forward_target": {"addr":"localhost:4014","id":"0x03532cc907496db765"}}
2025-11-24T20:59:21.384-0800	[34mINFO[0m	node.http-server	server/http.go:400	I am responsible, fetching from origin	{"self": {"addr":"localhost:4029","id":"0x02bb4d72ffe13efe5b"}, "url": "https://httpbin.org/bytes/1024"}
2025-11-24T20:59:21.702-0800	[34mINFO[0m	node.http-server	server/http.go:400	I am responsible, fetching from origin	{"self": {"addr":"localhost:4029","id":"0x02bb4d72ffe13efe5b"}, "url": "https://httpbin.org/bytes/1024"}
2025-11-24T20:59:21.724-0800	[34mINFO[0m	node.http-server	server/http.go:660	Origin fetch successful	{"self": {"addr":"localhost:4029","id":"0x02bb4d72ffe13efe5b"}, "url": "https://httpbin.org/bytes/1024", "size_bytes": 1024, "content_type": "application/octet-stream", "status_code": 200}
2025-11-24T20:59:21.725-0800	[34mINFO[0m	node.http-server	server/http.go:420	Content cached successfully	{"self": {"addr":"localhost:4029","id":"0x02bb4d72ffe13efe5b"}, "url": "https://httpbin.org/bytes/1024", "size_bytes": 1024}
2025-11-24T20:59:21.725-0800	[34mINFO[0m	node.http-server	server/http.go:433	Request completed	{"self": {"addr":"localhost:4029","id":"0x02bb4d72ffe13efe5b"}, "url": "https://httpbin.org/bytes/1024", "total_latency_ms": 340, "content_size": 1024}
2025-11-24T20:59:21.850-0800	[34mINFO[0m	node.http-server	server/http.go:361	Cache HIT (local)	{"self": {"addr":"localhost:4029","id":"0x02bb4d72ffe13efe5b"}, "url": "https://httpbin.org/bytes/1024", "size_bytes": 1024, "latency_ms": 0}
2025-11-24T20:59:22.542-0800	[34mINFO[0m	node.http-server	server/http.go:173	DHT lookup complete	{"self": {"addr":"localhost:4029","id":"0x02bb4d72ffe13efe5b"}, "url": "https://httpbin.org/base64/VGVzdCBtZXNzYWdl", "hash": "0x034a60e24592c64342", "responsible": {"addr":"localhost:4014","id":"0x03532cc907496db765"}, "lookup_latency_ms": 2}
2025-11-24T20:59:22.543-0800	[34mINFO[0m	node.http-server	server/http.go:349	Forwarding to responsible node	{"self": {"addr":"localhost:4029","id":"0x02bb4d72ffe13efe5b"}, "url": "https://httpbin.org/base64/VGVzdCBtZXNzYWdl", "hash": "0x034a60e24592c64342", "responsible_from_lookup": {"addr":"localhost:4014","id":"0x03532cc907496db765"}, "forward_target": {"addr":"localhost:4014","id":"0x03532cc907496db765"}}
2025-11-24T20:59:22.545-0800	[34mINFO[0m	node.http-server	server/http.go:617	Request proxied successfully	{"self": {"addr":"localhost:4029","id":"0x02bb4d72ffe13efe5b"}, "url": "https://httpbin.org/base64/VGVzdCBtZXNzYWdl", "target_node": "localhost:4014", "total_latency_ms": 5, "size_bytes": 12}
2025-11-24T20:59:22.582-0800	[34mINFO[0m	node.http-server	server/http.go:617	Request proxied successfully	{"self": {"addr":"localhost:4029","id":"0x02bb4d72ffe13efe5b"}, "url": "https://httpbin.org/base64/VGVzdCBtZXNzYWdl", "target_node": "localhost:4014", "total_latency_ms": 1223, "size_bytes": 12}
2025-11-24T20:59:23.032-0800	[34mINFO[0m	node.http-server	server/http.go:173	DHT lookup complete	{"self": {"addr":"localhost:4029","id":"0x02bb4d72ffe13efe5b"}, "url": "https://httpbin.org/base64/VGVzdCBtZXNzYWdl", "hash": "0x034a60e24592c64342", "responsible": {"addr":"localhost:4014","id":"0x03532cc907496db765"}, "lookup_latency_ms": 2}
2025-11-24T20:59:23.032-0800	[34mINFO[0m	node.http-server	server/http.go:215	Cache HIT (near)	{"self": {"addr":"localhost:4029","id":"0x02bb4d72ffe13efe5b"}, "url": "https://httpbin.org/base64/VGVzdCBtZXNzYWdl", "size_bytes": 12, "latency_ms": 2}
2025-11-24T20:59:23.628-0800	[34mINFO[0m	node.http-server	server/http.go:660	Origin fetch successful	{"self": {"addr":"localhost:4029","id":"0x02bb4d72ffe13efe5b"}, "url": "https://httpbin.org/bytes/1024", "size_bytes": 1024, "content_type": "application/octet-stream", "status_code": 200}
2025-11-24T20:59:23.629-0800	[34mINFO[0m	node.http-server	server/http.go:420	Content cached successfully	{"self": {"addr":"localhost:4029","id":"0x02bb4d72ffe13efe5b"}, "url": "https://httpbin.org/bytes/1024", "size_bytes": 1024}
2025-11-24T20:59:23.630-0800	[34mINFO[0m	node.http-server	server/http.go:433	Request completed	{"self": {"addr":"localhost:4029","id":"0x02bb4d72ffe13efe5b"}, "url": "https://httpbin.org/bytes/1024", "total_latency_ms": 1927, "content_size": 1024}
