2025-11-24T20:58:58.356-0800	[34mINFO[0m	config/config.go:302	Loaded configuration	{"logger.active": true, "logger.level": "info", "logger.encoding": "console", "logger.mode": "stdout", "logger.file.path": "", "logger.file.maxSizeMB": 0, "logger.file.maxBackups": 0, "logger.file.maxAgeDays": 0, "logger.file.compress": false, "dht.idBits": 66, "dht.mode": "private", "dht.deBruijn.degree": 8, "dht.deBruijn.fixInterval": "3s", "dht.deBruijn.fixIntervalMs": 3000, "dht.storage.fixInterval": "20s", "dht.storage.fixIntervalMs": 20000, "dht.faultTolerance.successorListSize": 8, "dht.faultTolerance.stabilizationInterval": "2s", "dht.faultTolerance.stabilizationIntervalMs": 2000, "dht.faultTolerance.failureTimeout": "1s", "dht.faultTolerance.failureTimeoutMs": 1000, "dht.bootstrap.mode": "static", "dht.bootstrap.peers": ["localhost:4000"], "dht.bootstrap.register.hostedZoneId": "", "dht.bootstrap.register.domainSuffix": "", "dht.bootstrap.register.ttl": 0, "dht.bootstrap.register.region": "", "node.id": "", "node.host": "localhost", "node.bind": "0.0.0.0", "node.port": 4023, "telemetry.tracing.enabled": false, "telemetry.tracing.exporter": "", "telemetry.tracing.endpoint": "", "cache.enabled": true, "cache.httpPort": 8103, "cache.capacityMB": 256, "cache.defaultTTL": 3600, "cache.hotspotThreshold": 10, "cache.hotspotDecayRate": 0.65}
2025-11-24T20:58:58.403-0800	[34mINFO[0m	node	node/main.go:103	New Node initializing	{"self": {"addr":"localhost:4023","id":"0x03f247490b64e4d93b"}}
2025-11-24T20:58:58.405-0800	[34mINFO[0m	node	node/main.go:124	initialized web cache	{"self": {"addr":"localhost:4023","id":"0x03f247490b64e4d93b"}, "capacity_mb": 256}
2025-11-24T20:58:58.405-0800	[34mINFO[0m	node	node/main.go:131	initialized hotspot detector	{"self": {"addr":"localhost:4023","id":"0x03f247490b64e4d93b"}, "threshold": 10, "decay_rate": 0.65}
2025-11-24T20:58:58.406-0800	[34mINFO[0m	node	node/main.go:185	Initialized Koorde node	{"self": {"addr":"localhost:4023","id":"0x03f247490b64e4d93b"}}
2025-11-24T20:58:58.407-0800	[34mINFO[0m	node	node/main.go:261	resolved bootstrap peers	{"self": {"addr":"localhost:4023","id":"0x03f247490b64e4d93b"}, "peers": ["localhost:4000"]}
2025-11-24T20:58:58.407-0800	[34mINFO[0m	node.http-server	server/http.go:93	HTTP cache server starting	{"self": {"addr":"localhost:4023","id":"0x03f247490b64e4d93b"}, "addr": ":8103"}
2025-11-24T20:58:58.425-0800	[34mINFO[0m	node	logicnode/node.go:74	join: candidate successor found	{"self": {"addr":"localhost:4023","id":"0x03f247490b64e4d93b"}, "bootstrap": "localhost:4000", "successor": {"addr":"localhost:4007","id":"0x00207adf4852a380ec"}}
2025-11-24T20:58:58.429-0800	[34mINFO[0m	node	logicnode/node.go:105	join: successor has predecessor	{"self": {"addr":"localhost:4023","id":"0x03f247490b64e4d93b"}, "predecessor": {"addr":"localhost:4016","id":"0x03e94e912bcf7bb769"}}
2025-11-24T20:58:58.433-0800	[33mWARN[0m	node	logicnode/operation.go:406	FindSuccessorStep: de Bruijn failed or empty, falling back to successor	{"self": {"addr":"localhost:4023","id":"0x03f247490b64e4d93b"}, "target": "0x02a98019cf843e0faa", "nextHop": {"addr":"localhost:4007","id":"0x00207adf4852a380ec"}}
2025-11-24T20:58:58.440-0800	[34mINFO[0m	node	logicnode/node.go:138	join: completed successfully	{"self": {"addr":"localhost:4023","id":"0x03f247490b64e4d93b"}, "self": {"addr":"localhost:4023","id":"0x03f247490b64e4d93b"}, "successor": {"addr":"localhost:4007","id":"0x00207adf4852a380ec"}}
2025-11-24T20:58:58.441-0800	[34mINFO[0m	node	node/main.go:283	node registered successfully	{"self": {"addr":"localhost:4023","id":"0x03f247490b64e4d93b"}}
2025-11-24T20:59:21.304-0800	[34mINFO[0m	node.http-server	server/http.go:256	Using de Bruijn neighbor as Koorde fallback	{"self": {"addr":"localhost:4023","id":"0x03f247490b64e4d93b"}, "url": "https://httpbin.org/deny", "target": {"addr":"localhost:4010","id":"0x0229fa4890cda12a6b"}}
2025-11-24T20:59:21.305-0800	[34mINFO[0m	node.http-server	server/http.go:349	Forwarding to responsible node	{"self": {"addr":"localhost:4023","id":"0x03f247490b64e4d93b"}, "url": "https://httpbin.org/deny", "hash": "0x01b34e14519259b010", "responsible_from_lookup": {"addr":"localhost:4023","id":"0x03f247490b64e4d93b"}, "forward_target": {"addr":"localhost:4010","id":"0x0229fa4890cda12a6b"}}
2025-11-24T20:59:21.616-0800	[34mINFO[0m	node.http-server	server/http.go:400	I am responsible, fetching from origin	{"self": {"addr":"localhost:4023","id":"0x03f247490b64e4d93b"}, "url": "https://httpbin.org/status/200"}
2025-11-24T20:59:21.757-0800	[34mINFO[0m	node.http-server	server/http.go:400	I am responsible, fetching from origin	{"self": {"addr":"localhost:4023","id":"0x03f247490b64e4d93b"}, "url": "https://httpbin.org/status/200"}
2025-11-24T20:59:21.776-0800	[34mINFO[0m	node.http-server	server/http.go:400	I am responsible, fetching from origin	{"self": {"addr":"localhost:4023","id":"0x03f247490b64e4d93b"}, "url": "https://httpbin.org/status/200"}
2025-11-24T20:59:21.794-0800	[34mINFO[0m	node.http-server	server/http.go:400	I am responsible, fetching from origin	{"self": {"addr":"localhost:4023","id":"0x03f247490b64e4d93b"}, "url": "https://httpbin.org/status/200"}
2025-11-24T20:59:21.842-0800	[34mINFO[0m	node.http-server	server/http.go:400	I am responsible, fetching from origin	{"self": {"addr":"localhost:4023","id":"0x03f247490b64e4d93b"}, "url": "https://httpbin.org/status/200"}
2025-11-24T20:59:21.912-0800	[34mINFO[0m	node.http-server	server/http.go:173	DHT lookup complete	{"self": {"addr":"localhost:4023","id":"0x03f247490b64e4d93b"}, "url": "https://httpbin.org/status/202", "hash": "0x02120134cbb313972e", "responsible": {"addr":"localhost:4031","id":"0x021203d6676ae77b72"}, "lookup_latency_ms": 2}
2025-11-24T20:59:21.913-0800	[34mINFO[0m	node.http-server	server/http.go:349	Forwarding to responsible node	{"self": {"addr":"localhost:4023","id":"0x03f247490b64e4d93b"}, "url": "https://httpbin.org/status/202", "hash": "0x02120134cbb313972e", "responsible_from_lookup": {"addr":"localhost:4031","id":"0x021203d6676ae77b72"}, "forward_target": {"addr":"localhost:4031","id":"0x021203d6676ae77b72"}}
2025-11-24T20:59:21.916-0800	[34mINFO[0m	node.http-server	server/http.go:617	Request proxied successfully	{"self": {"addr":"localhost:4023","id":"0x03f247490b64e4d93b"}, "url": "https://httpbin.org/status/202", "target_node": "localhost:4031", "total_latency_ms": 6, "size_bytes": 0}
2025-11-24T20:59:22.006-0800	[34mINFO[0m	node.http-server	server/http.go:400	I am responsible, fetching from origin	{"self": {"addr":"localhost:4023","id":"0x03f247490b64e4d93b"}, "url": "https://httpbin.org/status/200"}
2025-11-24T20:59:22.129-0800	[34mINFO[0m	node.http-server	server/http.go:660	Origin fetch successful	{"self": {"addr":"localhost:4023","id":"0x03f247490b64e4d93b"}, "url": "https://httpbin.org/status/200", "size_bytes": 0, "content_type": "text/html; charset=utf-8", "status_code": 200}
2025-11-24T20:59:22.130-0800	[34mINFO[0m	node.http-server	server/http.go:420	Content cached successfully	{"self": {"addr":"localhost:4023","id":"0x03f247490b64e4d93b"}, "url": "https://httpbin.org/status/200", "size_bytes": 0}
2025-11-24T20:59:22.130-0800	[34mINFO[0m	node.http-server	server/http.go:433	Request completed	{"self": {"addr":"localhost:4023","id":"0x03f247490b64e4d93b"}, "url": "https://httpbin.org/status/200", "total_latency_ms": 373, "content_size": 0}
2025-11-24T20:59:22.182-0800	[34mINFO[0m	node.http-server	server/http.go:660	Origin fetch successful	{"self": {"addr":"localhost:4023","id":"0x03f247490b64e4d93b"}, "url": "https://httpbin.org/status/200", "size_bytes": 0, "content_type": "text/html; charset=utf-8", "status_code": 200}
2025-11-24T20:59:22.183-0800	[34mINFO[0m	node.http-server	server/http.go:420	Content cached successfully	{"self": {"addr":"localhost:4023","id":"0x03f247490b64e4d93b"}, "url": "https://httpbin.org/status/200", "size_bytes": 0}
2025-11-24T20:59:22.183-0800	[34mINFO[0m	node.http-server	server/http.go:433	Request completed	{"self": {"addr":"localhost:4023","id":"0x03f247490b64e4d93b"}, "url": "https://httpbin.org/status/200", "total_latency_ms": 177, "content_size": 0}
2025-11-24T20:59:22.260-0800	[34mINFO[0m	node.http-server	server/http.go:173	DHT lookup complete	{"self": {"addr":"localhost:4023","id":"0x03f247490b64e4d93b"}, "url": "https://httpbin.org/status/202", "hash": "0x02120134cbb313972e", "responsible": {"addr":"localhost:4031","id":"0x021203d6676ae77b72"}, "lookup_latency_ms": 2}
2025-11-24T20:59:22.261-0800	[34mINFO[0m	node.http-server	server/http.go:215	Cache HIT (near)	{"self": {"addr":"localhost:4023","id":"0x03f247490b64e4d93b"}, "url": "https://httpbin.org/status/202", "size_bytes": 0, "latency_ms": 3}
2025-11-24T20:59:22.576-0800	[34mINFO[0m	node.http-server	server/http.go:660	Origin fetch successful	{"self": {"addr":"localhost:4023","id":"0x03f247490b64e4d93b"}, "url": "https://httpbin.org/status/200", "size_bytes": 0, "content_type": "text/html; charset=utf-8", "status_code": 200}
2025-11-24T20:59:22.577-0800	[34mINFO[0m	node.http-server	server/http.go:420	Content cached successfully	{"self": {"addr":"localhost:4023","id":"0x03f247490b64e4d93b"}, "url": "https://httpbin.org/status/200", "size_bytes": 0}
2025-11-24T20:59:22.578-0800	[34mINFO[0m	node.http-server	server/http.go:433	Request completed	{"self": {"addr":"localhost:4023","id":"0x03f247490b64e4d93b"}, "url": "https://httpbin.org/status/200", "total_latency_ms": 961, "content_size": 0}
2025-11-24T20:59:22.790-0800	[34mINFO[0m	node.http-server	server/http.go:173	DHT lookup complete	{"self": {"addr":"localhost:4023","id":"0x03f247490b64e4d93b"}, "url": "https://httpbin.org/status/202", "hash": "0x02120134cbb313972e", "responsible": {"addr":"localhost:4031","id":"0x021203d6676ae77b72"}, "lookup_latency_ms": 2}
2025-11-24T20:59:22.791-0800	[34mINFO[0m	node.http-server	server/http.go:215	Cache HIT (near)	{"self": {"addr":"localhost:4023","id":"0x03f247490b64e4d93b"}, "url": "https://httpbin.org/status/202", "size_bytes": 0, "latency_ms": 3}
2025-11-24T20:59:22.811-0800	[34mINFO[0m	node.http-server	server/http.go:660	Origin fetch successful	{"self": {"addr":"localhost:4023","id":"0x03f247490b64e4d93b"}, "url": "https://httpbin.org/status/200", "size_bytes": 0, "content_type": "text/html; charset=utf-8", "status_code": 200}
2025-11-24T20:59:22.811-0800	[34mINFO[0m	node.http-server	server/http.go:420	Content cached successfully	{"self": {"addr":"localhost:4023","id":"0x03f247490b64e4d93b"}, "url": "https://httpbin.org/status/200", "size_bytes": 0}
2025-11-24T20:59:22.812-0800	[34mINFO[0m	node.http-server	server/http.go:433	Request completed	{"self": {"addr":"localhost:4023","id":"0x03f247490b64e4d93b"}, "url": "https://httpbin.org/status/200", "total_latency_ms": 1017, "content_size": 0}
2025-11-24T20:59:23.286-0800	[34mINFO[0m	node.http-server	server/http.go:660	Origin fetch successful	{"self": {"addr":"localhost:4023","id":"0x03f247490b64e4d93b"}, "url": "https://httpbin.org/status/200", "size_bytes": 0, "content_type": "text/html; charset=utf-8", "status_code": 200}
2025-11-24T20:59:23.286-0800	[34mINFO[0m	node.http-server	server/http.go:420	Content cached successfully	{"self": {"addr":"localhost:4023","id":"0x03f247490b64e4d93b"}, "url": "https://httpbin.org/status/200", "size_bytes": 0}
2025-11-24T20:59:23.286-0800	[34mINFO[0m	node.http-server	server/http.go:433	Request completed	{"self": {"addr":"localhost:4023","id":"0x03f247490b64e4d93b"}, "url": "https://httpbin.org/status/200", "total_latency_ms": 1444, "content_size": 0}
2025-11-24T20:59:23.346-0800	[34mINFO[0m	node.http-server	server/http.go:660	Origin fetch successful	{"self": {"addr":"localhost:4023","id":"0x03f247490b64e4d93b"}, "url": "https://httpbin.org/status/200", "size_bytes": 0, "content_type": "text/html; charset=utf-8", "status_code": 200}
2025-11-24T20:59:23.346-0800	[34mINFO[0m	node.http-server	server/http.go:420	Content cached successfully	{"self": {"addr":"localhost:4023","id":"0x03f247490b64e4d93b"}, "url": "https://httpbin.org/status/200", "size_bytes": 0}
2025-11-24T20:59:23.346-0800	[34mINFO[0m	node.http-server	server/http.go:433	Request completed	{"self": {"addr":"localhost:4023","id":"0x03f247490b64e4d93b"}, "url": "https://httpbin.org/status/200", "total_latency_ms": 1570, "content_size": 0}
2025-11-24T20:59:28.241-0800	[31mERROR[0m	node.http-server	server/http.go:563	Proxy request failed	{"self": {"addr":"localhost:4023","id":"0x03f247490b64e4d93b"}, "proxy_url": "http://localhost:8090/cache?url=https://httpbin.org/deny", "err": "Get \"http://localhost:8090/cache?url=https://httpbin.org/deny\": context canceled"}
KoordeDHT/internal/node/server.(*HTTPCacheServer).proxyToNode
	D:/CS6650/KoordeDHT-web-cache/internal/node/server/http.go:563
KoordeDHT/internal/node/server.(*HTTPCacheServer).handleCacheRequest
	D:/CS6650/KoordeDHT-web-cache/internal/node/server/http.go:355
net/http.HandlerFunc.ServeHTTP
	C:/Program Files/Go/src/net/http/server.go:2322
net/http.(*ServeMux).ServeHTTP
	C:/Program Files/Go/src/net/http/server.go:2861
net/http.serverHandler.ServeHTTP
	C:/Program Files/Go/src/net/http/server.go:3340
net/http.(*conn).serve
	C:/Program Files/Go/src/net/http/server.go:2109
