2025-11-12T16:09:46.268-0800	[34mINFO[0m	config/config.go:297	Loaded configuration	{"logger.active": true, "logger.level": "info", "logger.encoding": "console", "logger.mode": "stdout", "logger.file.path": "", "logger.file.maxSizeMB": 0, "logger.file.maxBackups": 0, "logger.file.maxAgeDays": 0, "logger.file.compress": false, "dht.idBits": 66, "dht.mode": "private", "dht.deBruijn.degree": 8, "dht.deBruijn.fixInterval": "5s", "dht.deBruijn.fixIntervalMs": 5000, "dht.storage.fixInterval": "20s", "dht.storage.fixIntervalMs": 20000, "dht.faultTolerance.successorListSize": 8, "dht.faultTolerance.stabilizationInterval": "2s", "dht.faultTolerance.stabilizationIntervalMs": 2000, "dht.faultTolerance.failureTimeout": "1s", "dht.faultTolerance.failureTimeoutMs": 1000, "dht.bootstrap.mode": "static", "dht.bootstrap.peers": ["localhost:4000"], "dht.bootstrap.register.hostedZoneId": "", "dht.bootstrap.register.domainSuffix": "", "dht.bootstrap.register.ttl": 0, "dht.bootstrap.register.region": "", "node.id": "", "node.host": "localhost", "node.bind": "0.0.0.0", "node.port": 4048, "telemetry.tracing.enabled": false, "telemetry.tracing.exporter": "", "telemetry.tracing.endpoint": "", "cache.enabled": true, "cache.httpPort": 8128, "cache.capacityMB": 512, "cache.defaultTTL": 3600, "cache.hotspotThreshold": 10, "cache.hotspotDecayRate": 0.65}
2025-11-12T16:09:46.288-0800	[34mINFO[0m	node	node/main.go:101	New Node initializing	{"self": {"addr":"localhost:4048","id":"0x021abbaf1723eea37f"}}
2025/11/12 16:09:46 Tracing disabled
2025-11-12T16:09:46.289-0800	[34mINFO[0m	node	node/main.go:130	initialized web cache	{"self": {"addr":"localhost:4048","id":"0x021abbaf1723eea37f"}, "capacity_mb": 512}
2025-11-12T16:09:46.290-0800	[34mINFO[0m	node	node/main.go:137	initialized hotspot detector	{"self": {"addr":"localhost:4048","id":"0x021abbaf1723eea37f"}, "threshold": 10, "decay_rate": 0.65}
2025-11-12T16:09:46.290-0800	[34mINFO[0m	node	node/main.go:237	resolved bootstrap peers	{"self": {"addr":"localhost:4048","id":"0x021abbaf1723eea37f"}, "peers": ["localhost:4000"]}
2025-11-12T16:09:46.293-0800	[34mINFO[0m	node.http-server	server/http.go:70	HTTP cache server starting	{"self": {"addr":"localhost:4048","id":"0x021abbaf1723eea37f"}, "addr": ":8128"}
2025-11-12T16:09:46.335-0800	[34mINFO[0m	node	logicnode/node.go:72	join: candidate successor found	{"self": {"addr":"localhost:4048","id":"0x021abbaf1723eea37f"}, "bootstrap": "localhost:4000", "successor": {"addr":"localhost:4010","id":"0x0229fa4890cda12a6b"}}
2025-11-12T16:09:46.364-0800	[34mINFO[0m	node	logicnode/node.go:103	join: successor has predecessor	{"self": {"addr":"localhost:4048","id":"0x021abbaf1723eea37f"}, "predecessor": {"addr":"localhost:4031","id":"0x021203d6676ae77b72"}}
2025-11-12T16:09:46.385-0800	[33mWARN[0m	node	logicnode/operation.go:296	FindSuccessorStep: de Bruijn failed or empty, falling back to successor	{"self": {"addr":"localhost:4048","id":"0x021abbaf1723eea37f"}, "target": "0x006ae14adf54f332e5", "nextHop": {"addr":"localhost:4010","id":"0x0229fa4890cda12a6b"}}
2025-11-12T16:09:46.453-0800	[34mINFO[0m	node	logicnode/node.go:135	join: completed successfully	{"self": {"addr":"localhost:4048","id":"0x021abbaf1723eea37f"}, "self": {"addr":"localhost:4048","id":"0x021abbaf1723eea37f"}, "successor": {"addr":"localhost:4010","id":"0x0229fa4890cda12a6b"}}
2025-11-12T16:09:46.454-0800	[34mINFO[0m	node	node/main.go:259	node registered successfully	{"self": {"addr":"localhost:4048","id":"0x021abbaf1723eea37f"}}
2025-11-12T17:09:46.291-0800	[34mINFO[0m	node	node/main.go:148	cleaned expired cache entries	{"self": {"addr":"localhost:4048","id":"0x021abbaf1723eea37f"}, "count": 0}
2025-11-12T17:09:46.316-0800	[34mINFO[0m	node	node/main.go:151	cleaned stale hotspot entries	{"self": {"addr":"localhost:4048","id":"0x021abbaf1723eea37f"}, "count": 0}
2025-11-12T20:45:11.005-0800	[34mINFO[0m	node	node/main.go:148	cleaned expired cache entries	{"self": {"addr":"localhost:4048","id":"0x021abbaf1723eea37f"}, "count": 0}
2025-11-12T20:45:11.006-0800	[34mINFO[0m	node	node/main.go:151	cleaned stale hotspot entries	{"self": {"addr":"localhost:4048","id":"0x021abbaf1723eea37f"}, "count": 0}
2025-11-12T21:45:11.005-0800	[34mINFO[0m	node	node/main.go:148	cleaned expired cache entries	{"self": {"addr":"localhost:4048","id":"0x021abbaf1723eea37f"}, "count": 0}
2025-11-12T21:45:11.006-0800	[34mINFO[0m	node	node/main.go:151	cleaned stale hotspot entries	{"self": {"addr":"localhost:4048","id":"0x021abbaf1723eea37f"}, "count": 0}
2025-11-12T22:45:11.005-0800	[34mINFO[0m	node	node/main.go:148	cleaned expired cache entries	{"self": {"addr":"localhost:4048","id":"0x021abbaf1723eea37f"}, "count": 0}
2025-11-12T22:45:11.006-0800	[34mINFO[0m	node	node/main.go:151	cleaned stale hotspot entries	{"self": {"addr":"localhost:4048","id":"0x021abbaf1723eea37f"}, "count": 0}
2025-11-12T23:45:11.005-0800	[34mINFO[0m	node	node/main.go:148	cleaned expired cache entries	{"self": {"addr":"localhost:4048","id":"0x021abbaf1723eea37f"}, "count": 0}
2025-11-12T23:45:11.006-0800	[34mINFO[0m	node	node/main.go:151	cleaned stale hotspot entries	{"self": {"addr":"localhost:4048","id":"0x021abbaf1723eea37f"}, "count": 0}
2025-11-13T09:11:26.333-0800	[34mINFO[0m	node	node/main.go:148	cleaned expired cache entries	{"self": {"addr":"localhost:4048","id":"0x021abbaf1723eea37f"}, "count": 0}
2025-11-13T09:11:26.334-0800	[34mINFO[0m	node	node/main.go:151	cleaned stale hotspot entries	{"self": {"addr":"localhost:4048","id":"0x021abbaf1723eea37f"}, "count": 0}
2025-11-13T10:11:26.333-0800	[34mINFO[0m	node	node/main.go:148	cleaned expired cache entries	{"self": {"addr":"localhost:4048","id":"0x021abbaf1723eea37f"}, "count": 0}
2025-11-13T10:11:26.333-0800	[34mINFO[0m	node	node/main.go:151	cleaned stale hotspot entries	{"self": {"addr":"localhost:4048","id":"0x021abbaf1723eea37f"}, "count": 0}
2025-11-13T11:11:26.333-0800	[34mINFO[0m	node	node/main.go:148	cleaned expired cache entries	{"self": {"addr":"localhost:4048","id":"0x021abbaf1723eea37f"}, "count": 0}
2025-11-13T11:11:26.333-0800	[34mINFO[0m	node	node/main.go:151	cleaned stale hotspot entries	{"self": {"addr":"localhost:4048","id":"0x021abbaf1723eea37f"}, "count": 0}
2025-11-13T13:44:04.321-0800	[34mINFO[0m	node	node/main.go:148	cleaned expired cache entries	{"self": {"addr":"localhost:4048","id":"0x021abbaf1723eea37f"}, "count": 0}
2025-11-13T13:44:04.321-0800	[34mINFO[0m	node	node/main.go:151	cleaned stale hotspot entries	{"self": {"addr":"localhost:4048","id":"0x021abbaf1723eea37f"}, "count": 0}
2025-11-13T14:45:05.757-0800	[34mINFO[0m	node	node/main.go:148	cleaned expired cache entries	{"self": {"addr":"localhost:4048","id":"0x021abbaf1723eea37f"}, "count": 0}
2025-11-13T14:45:05.758-0800	[34mINFO[0m	node	node/main.go:151	cleaned stale hotspot entries	{"self": {"addr":"localhost:4048","id":"0x021abbaf1723eea37f"}, "count": 0}
2025-11-13T15:45:05.757-0800	[34mINFO[0m	node	node/main.go:148	cleaned expired cache entries	{"self": {"addr":"localhost:4048","id":"0x021abbaf1723eea37f"}, "count": 0}
2025-11-13T15:45:05.758-0800	[34mINFO[0m	node	node/main.go:151	cleaned stale hotspot entries	{"self": {"addr":"localhost:4048","id":"0x021abbaf1723eea37f"}, "count": 0}
2025-11-13T16:48:33.856-0800	[34mINFO[0m	node	node/main.go:148	cleaned expired cache entries	{"self": {"addr":"localhost:4048","id":"0x021abbaf1723eea37f"}, "count": 0}
2025-11-13T16:48:33.857-0800	[34mINFO[0m	node	node/main.go:151	cleaned stale hotspot entries	{"self": {"addr":"localhost:4048","id":"0x021abbaf1723eea37f"}, "count": 0}
