2025-11-12T16:08:24.040-0800	[34mINFO[0m	config/config.go:297	Loaded configuration	{"logger.active": true, "logger.level": "info", "logger.encoding": "console", "logger.mode": "stdout", "logger.file.path": "", "logger.file.maxSizeMB": 0, "logger.file.maxBackups": 0, "logger.file.maxAgeDays": 0, "logger.file.compress": false, "dht.idBits": 66, "dht.mode": "private", "dht.deBruijn.degree": 8, "dht.deBruijn.fixInterval": "5s", "dht.deBruijn.fixIntervalMs": 5000, "dht.storage.fixInterval": "20s", "dht.storage.fixIntervalMs": 20000, "dht.faultTolerance.successorListSize": 8, "dht.faultTolerance.stabilizationInterval": "2s", "dht.faultTolerance.stabilizationIntervalMs": 2000, "dht.faultTolerance.failureTimeout": "1s", "dht.faultTolerance.failureTimeoutMs": 1000, "dht.bootstrap.mode": "static", "dht.bootstrap.peers": ["localhost:4000"], "dht.bootstrap.register.hostedZoneId": "", "dht.bootstrap.register.domainSuffix": "", "dht.bootstrap.register.ttl": 0, "dht.bootstrap.register.region": "", "node.id": "", "node.host": "localhost", "node.bind": "0.0.0.0", "node.port": 4007, "telemetry.tracing.enabled": false, "telemetry.tracing.exporter": "", "telemetry.tracing.endpoint": "", "cache.enabled": true, "cache.httpPort": 8087, "cache.capacityMB": 512, "cache.defaultTTL": 3600, "cache.hotspotThreshold": 10, "cache.hotspotDecayRate": 0.65}
2025-11-12T16:08:24.046-0800	[34mINFO[0m	node	node/main.go:101	New Node initializing	{"self": {"addr":"localhost:4007","id":"0x00207adf4852a380ec"}}
2025/11/12 16:08:24 Tracing disabled
2025-11-12T16:08:24.047-0800	[34mINFO[0m	node	node/main.go:130	initialized web cache	{"self": {"addr":"localhost:4007","id":"0x00207adf4852a380ec"}, "capacity_mb": 512}
2025-11-12T16:08:24.048-0800	[34mINFO[0m	node	node/main.go:137	initialized hotspot detector	{"self": {"addr":"localhost:4007","id":"0x00207adf4852a380ec"}, "threshold": 10, "decay_rate": 0.65}
2025-11-12T16:08:24.048-0800	[34mINFO[0m	node	node/main.go:237	resolved bootstrap peers	{"self": {"addr":"localhost:4007","id":"0x00207adf4852a380ec"}, "peers": ["localhost:4000"]}
2025-11-12T16:08:24.049-0800	[34mINFO[0m	node.http-server	server/http.go:70	HTTP cache server starting	{"self": {"addr":"localhost:4007","id":"0x00207adf4852a380ec"}, "addr": ":8087"}
2025-11-12T16:08:24.082-0800	[34mINFO[0m	node	logicnode/node.go:72	join: candidate successor found	{"self": {"addr":"localhost:4007","id":"0x00207adf4852a380ec"}, "bootstrap": "localhost:4000", "successor": {"addr":"localhost:4004","id":"0x003ce6a18a52608073"}}
2025-11-12T16:08:24.104-0800	[34mINFO[0m	node	logicnode/node.go:103	join: successor has predecessor	{"self": {"addr":"localhost:4007","id":"0x00207adf4852a380ec"}, "predecessor": {"addr":"localhost:4006","id":"0x01943b269be0206d7d"}}
2025-11-12T16:08:24.134-0800	[33mWARN[0m	node	logicnode/operation.go:296	FindSuccessorStep: de Bruijn failed or empty, falling back to successor	{"self": {"addr":"localhost:4007","id":"0x00207adf4852a380ec"}, "target": "0x00592c4f97ea715cb6", "nextHop": {"addr":"localhost:4004","id":"0x003ce6a18a52608073"}}
2025-11-12T16:08:24.170-0800	[34mINFO[0m	node	logicnode/node.go:135	join: completed successfully	{"self": {"addr":"localhost:4007","id":"0x00207adf4852a380ec"}, "self": {"addr":"localhost:4007","id":"0x00207adf4852a380ec"}, "successor": {"addr":"localhost:4004","id":"0x003ce6a18a52608073"}}
2025-11-12T16:08:24.170-0800	[34mINFO[0m	node	node/main.go:259	node registered successfully	{"self": {"addr":"localhost:4007","id":"0x00207adf4852a380ec"}}
2025-11-12T16:08:30.099-0800	[34mINFO[0m	node	logicnode/operation.go:414	Notify: predecessor updated	{"self": {"addr":"localhost:4007","id":"0x00207adf4852a380ec"}, "newPredecessor": {"addr":"localhost:4010","id":"0x0229fa4890cda12a6b"}, "oldPredecessor": {"addr":"localhost:4006","id":"0x01943b269be0206d7d"}}
2025-11-12T16:08:32.198-0800	[34mINFO[0m	node	logicnode/operation.go:414	Notify: predecessor updated	{"self": {"addr":"localhost:4007","id":"0x00207adf4852a380ec"}, "newPredecessor": {"addr":"localhost:4011","id":"0x03b6b99475a18d9035"}, "oldPredecessor": {"addr":"localhost:4010","id":"0x0229fa4890cda12a6b"}}
2025-11-12T16:08:42.163-0800	[34mINFO[0m	node	logicnode/operation.go:414	Notify: predecessor updated	{"self": {"addr":"localhost:4007","id":"0x00207adf4852a380ec"}, "newPredecessor": {"addr":"localhost:4016","id":"0x03e94e912bcf7bb769"}, "oldPredecessor": {"addr":"localhost:4011","id":"0x03b6b99475a18d9035"}}
2025-11-12T16:08:56.172-0800	[34mINFO[0m	node	logicnode/operation.go:414	Notify: predecessor updated	{"self": {"addr":"localhost:4007","id":"0x00207adf4852a380ec"}, "newPredecessor": {"addr":"localhost:4023","id":"0x03f247490b64e4d93b"}, "oldPredecessor": {"addr":"localhost:4016","id":"0x03e94e912bcf7bb769"}}
2025-11-12T16:09:24.201-0800	[31mERROR[0m	node	logicnode/operation.go:286	FindSuccessorStep: lookup interrupted by timeout/cancel	{"self": {"addr":"localhost:4007","id":"0x00207adf4852a380ec"}, "tryIdx": 7, "addr": "localhost:4026", "err": null}
KoordeDHT/internal/node/logicnode.(*Node).FindSuccessorStep
	/mnt/d/CS6650/KoordeDHT-web-cache/internal/node/logicnode/operation.go:286
KoordeDHT/internal/node/server.(*dhtService).FindSuccessor
	/mnt/d/CS6650/KoordeDHT-web-cache/internal/node/server/dht_service.go:115
KoordeDHT/internal/api/dht/v1._DHT_FindSuccessor_Handler
	/mnt/d/CS6650/KoordeDHT-web-cache/internal/api/dht/v1/node_grpc.pb.go:255
google.golang.org/grpc.(*Server).processUnaryRPC
	/home/yuzheng/go/pkg/mod/google.golang.org/grpc@v1.75.1/server.go:1431
google.golang.org/grpc.(*Server).handleStream
	/home/yuzheng/go/pkg/mod/google.golang.org/grpc@v1.75.1/server.go:1842
google.golang.org/grpc.(*Server).serveStreams.func2.1
	/home/yuzheng/go/pkg/mod/google.golang.org/grpc@v1.75.1/server.go:1061
2025-11-12T16:09:24.301-0800	[34mINFO[0m	node	logicnode/operation.go:414	Notify: predecessor updated	{"self": {"addr":"localhost:4007","id":"0x00207adf4852a380ec"}, "newPredecessor": {"addr":"localhost:4037","id":"0x000cfd4813fab5e1d1"}, "oldPredecessor": {"addr":"localhost:4023","id":"0x03f247490b64e4d93b"}}
2025-11-12T16:09:48.393-0800	[31mERROR[0m	node	logicnode/operation.go:286	FindSuccessorStep: lookup interrupted by timeout/cancel	{"self": {"addr":"localhost:4007","id":"0x00207adf4852a380ec"}, "tryIdx": 7, "addr": "localhost:4028", "err": null}
KoordeDHT/internal/node/logicnode.(*Node).FindSuccessorStep
	/mnt/d/CS6650/KoordeDHT-web-cache/internal/node/logicnode/operation.go:286
KoordeDHT/internal/node/server.(*dhtService).FindSuccessor
	/mnt/d/CS6650/KoordeDHT-web-cache/internal/node/server/dht_service.go:115
KoordeDHT/internal/api/dht/v1._DHT_FindSuccessor_Handler
	/mnt/d/CS6650/KoordeDHT-web-cache/internal/api/dht/v1/node_grpc.pb.go:255
google.golang.org/grpc.(*Server).processUnaryRPC
	/home/yuzheng/go/pkg/mod/google.golang.org/grpc@v1.75.1/server.go:1431
google.golang.org/grpc.(*Server).handleStream
	/home/yuzheng/go/pkg/mod/google.golang.org/grpc@v1.75.1/server.go:1842
google.golang.org/grpc.(*Server).serveStreams.func2.1
	/home/yuzheng/go/pkg/mod/google.golang.org/grpc@v1.75.1/server.go:1061
2025-11-12T17:08:24.048-0800	[34mINFO[0m	node	node/main.go:148	cleaned expired cache entries	{"self": {"addr":"localhost:4007","id":"0x00207adf4852a380ec"}, "count": 0}
2025-11-12T17:08:24.049-0800	[34mINFO[0m	node	node/main.go:151	cleaned stale hotspot entries	{"self": {"addr":"localhost:4007","id":"0x00207adf4852a380ec"}, "count": 0}
2025-11-12T20:43:48.763-0800	[34mINFO[0m	node	node/main.go:148	cleaned expired cache entries	{"self": {"addr":"localhost:4007","id":"0x00207adf4852a380ec"}, "count": 0}
2025-11-12T20:43:48.765-0800	[34mINFO[0m	node	node/main.go:151	cleaned stale hotspot entries	{"self": {"addr":"localhost:4007","id":"0x00207adf4852a380ec"}, "count": 0}
2025-11-12T21:43:48.763-0800	[34mINFO[0m	node	node/main.go:148	cleaned expired cache entries	{"self": {"addr":"localhost:4007","id":"0x00207adf4852a380ec"}, "count": 0}
2025-11-12T21:43:48.767-0800	[34mINFO[0m	node	node/main.go:151	cleaned stale hotspot entries	{"self": {"addr":"localhost:4007","id":"0x00207adf4852a380ec"}, "count": 0}
2025-11-12T22:43:48.763-0800	[34mINFO[0m	node	node/main.go:148	cleaned expired cache entries	{"self": {"addr":"localhost:4007","id":"0x00207adf4852a380ec"}, "count": 0}
2025-11-12T22:43:48.764-0800	[34mINFO[0m	node	node/main.go:151	cleaned stale hotspot entries	{"self": {"addr":"localhost:4007","id":"0x00207adf4852a380ec"}, "count": 0}
2025-11-12T23:43:48.763-0800	[34mINFO[0m	node	node/main.go:148	cleaned expired cache entries	{"self": {"addr":"localhost:4007","id":"0x00207adf4852a380ec"}, "count": 0}
2025-11-12T23:43:48.764-0800	[34mINFO[0m	node	node/main.go:151	cleaned stale hotspot entries	{"self": {"addr":"localhost:4007","id":"0x00207adf4852a380ec"}, "count": 0}
2025-11-12T23:56:45.571-0800	[31mERROR[0m	node	logicnode/operation.go:286	FindSuccessorStep: lookup interrupted by timeout/cancel	{"self": {"addr":"localhost:4007","id":"0x00207adf4852a380ec"}, "tryIdx": 7, "addr": "localhost:4028", "err": null}
KoordeDHT/internal/node/logicnode.(*Node).FindSuccessorStep
	/mnt/d/CS6650/KoordeDHT-web-cache/internal/node/logicnode/operation.go:286
KoordeDHT/internal/node/logicnode.(*Node).FindSuccessorInit
	/mnt/d/CS6650/KoordeDHT-web-cache/internal/node/logicnode/operation.go:185
KoordeDHT/internal/node/logicnode.(*Node).fixDeBruijn
	/mnt/d/CS6650/KoordeDHT-web-cache/internal/node/logicnode/worker.go:456
KoordeDHT/internal/node/logicnode.(*Node).StartStabilizers.func2
	/mnt/d/CS6650/KoordeDHT-web-cache/internal/node/logicnode/worker.go:49
2025-11-13T03:15:16.603-0800	[33mWARN[0m	node	logicnode/worker.go:459	fixDeBruijn: could not find successor	{"self": {"addr":"localhost:4007","id":"0x00207adf4852a380ec"}, "target": "0x00592c4f97ea715cb6", "err": "context deadline exceeded"}
2025-11-13T03:15:18.046-0800	[31mERROR[0m	node	logicnode/operation.go:286	FindSuccessorStep: lookup interrupted by timeout/cancel	{"self": {"addr":"localhost:4007","id":"0x00207adf4852a380ec"}, "tryIdx": 7, "addr": "localhost:4028", "err": null}
KoordeDHT/internal/node/logicnode.(*Node).FindSuccessorStep
	/mnt/d/CS6650/KoordeDHT-web-cache/internal/node/logicnode/operation.go:286
KoordeDHT/internal/node/server.(*dhtService).FindSuccessor
	/mnt/d/CS6650/KoordeDHT-web-cache/internal/node/server/dht_service.go:115
KoordeDHT/internal/api/dht/v1._DHT_FindSuccessor_Handler
	/mnt/d/CS6650/KoordeDHT-web-cache/internal/api/dht/v1/node_grpc.pb.go:255
google.golang.org/grpc.(*Server).processUnaryRPC
	/home/yuzheng/go/pkg/mod/google.golang.org/grpc@v1.75.1/server.go:1431
google.golang.org/grpc.(*Server).handleStream
	/home/yuzheng/go/pkg/mod/google.golang.org/grpc@v1.75.1/server.go:1842
google.golang.org/grpc.(*Server).serveStreams.func2.1
	/home/yuzheng/go/pkg/mod/google.golang.org/grpc@v1.75.1/server.go:1061
2025-11-13T03:15:18.044-0800	[31mERROR[0m	node	logicnode/operation.go:286	FindSuccessorStep: lookup interrupted by timeout/cancel	{"self": {"addr":"localhost:4007","id":"0x00207adf4852a380ec"}, "tryIdx": 7, "addr": "localhost:4028", "err": null}
KoordeDHT/internal/node/logicnode.(*Node).FindSuccessorStep
	/mnt/d/CS6650/KoordeDHT-web-cache/internal/node/logicnode/operation.go:286
KoordeDHT/internal/node/server.(*dhtService).FindSuccessor
	/mnt/d/CS6650/KoordeDHT-web-cache/internal/node/server/dht_service.go:115
KoordeDHT/internal/api/dht/v1._DHT_FindSuccessor_Handler
	/mnt/d/CS6650/KoordeDHT-web-cache/internal/api/dht/v1/node_grpc.pb.go:255
google.golang.org/grpc.(*Server).processUnaryRPC
	/home/yuzheng/go/pkg/mod/google.golang.org/grpc@v1.75.1/server.go:1431
google.golang.org/grpc.(*Server).handleStream
	/home/yuzheng/go/pkg/mod/google.golang.org/grpc@v1.75.1/server.go:1842
google.golang.org/grpc.(*Server).serveStreams.func2.1
	/home/yuzheng/go/pkg/mod/google.golang.org/grpc@v1.75.1/server.go:1061
2025-11-13T09:10:04.090-0800	[34mINFO[0m	node	node/main.go:148	cleaned expired cache entries	{"self": {"addr":"localhost:4007","id":"0x00207adf4852a380ec"}, "count": 0}
2025-11-13T09:10:04.091-0800	[34mINFO[0m	node	node/main.go:151	cleaned stale hotspot entries	{"self": {"addr":"localhost:4007","id":"0x00207adf4852a380ec"}, "count": 0}
2025-11-13T10:10:04.090-0800	[34mINFO[0m	node	node/main.go:148	cleaned expired cache entries	{"self": {"addr":"localhost:4007","id":"0x00207adf4852a380ec"}, "count": 0}
2025-11-13T10:10:04.091-0800	[34mINFO[0m	node	node/main.go:151	cleaned stale hotspot entries	{"self": {"addr":"localhost:4007","id":"0x00207adf4852a380ec"}, "count": 0}
2025-11-13T11:10:04.090-0800	[34mINFO[0m	node	node/main.go:148	cleaned expired cache entries	{"self": {"addr":"localhost:4007","id":"0x00207adf4852a380ec"}, "count": 0}
2025-11-13T11:10:04.091-0800	[34mINFO[0m	node	node/main.go:151	cleaned stale hotspot entries	{"self": {"addr":"localhost:4007","id":"0x00207adf4852a380ec"}, "count": 0}
2025-11-13T13:42:42.079-0800	[34mINFO[0m	node	node/main.go:148	cleaned expired cache entries	{"self": {"addr":"localhost:4007","id":"0x00207adf4852a380ec"}, "count": 0}
2025-11-13T13:42:42.079-0800	[34mINFO[0m	node	node/main.go:151	cleaned stale hotspot entries	{"self": {"addr":"localhost:4007","id":"0x00207adf4852a380ec"}, "count": 0}
2025-11-13T14:43:43.514-0800	[34mINFO[0m	node	node/main.go:148	cleaned expired cache entries	{"self": {"addr":"localhost:4007","id":"0x00207adf4852a380ec"}, "count": 0}
2025-11-13T14:43:43.515-0800	[34mINFO[0m	node	node/main.go:151	cleaned stale hotspot entries	{"self": {"addr":"localhost:4007","id":"0x00207adf4852a380ec"}, "count": 0}
2025-11-13T15:43:43.515-0800	[34mINFO[0m	node	node/main.go:148	cleaned expired cache entries	{"self": {"addr":"localhost:4007","id":"0x00207adf4852a380ec"}, "count": 0}
2025-11-13T15:43:43.517-0800	[34mINFO[0m	node	node/main.go:151	cleaned stale hotspot entries	{"self": {"addr":"localhost:4007","id":"0x00207adf4852a380ec"}, "count": 0}
2025-11-13T16:47:11.614-0800	[34mINFO[0m	node	node/main.go:148	cleaned expired cache entries	{"self": {"addr":"localhost:4007","id":"0x00207adf4852a380ec"}, "count": 0}
2025-11-13T16:47:11.615-0800	[34mINFO[0m	node	node/main.go:151	cleaned stale hotspot entries	{"self": {"addr":"localhost:4007","id":"0x00207adf4852a380ec"}, "count": 0}
