2025-11-12T16:09:14.153-0800	[34mINFO[0m	config/config.go:297	Loaded configuration	{"logger.active": true, "logger.level": "info", "logger.encoding": "console", "logger.mode": "stdout", "logger.file.path": "", "logger.file.maxSizeMB": 0, "logger.file.maxBackups": 0, "logger.file.maxAgeDays": 0, "logger.file.compress": false, "dht.idBits": 66, "dht.mode": "private", "dht.deBruijn.degree": 8, "dht.deBruijn.fixInterval": "5s", "dht.deBruijn.fixIntervalMs": 5000, "dht.storage.fixInterval": "20s", "dht.storage.fixIntervalMs": 20000, "dht.faultTolerance.successorListSize": 8, "dht.faultTolerance.stabilizationInterval": "2s", "dht.faultTolerance.stabilizationIntervalMs": 2000, "dht.faultTolerance.failureTimeout": "1s", "dht.faultTolerance.failureTimeoutMs": 1000, "dht.bootstrap.mode": "static", "dht.bootstrap.peers": ["localhost:4000"], "dht.bootstrap.register.hostedZoneId": "", "dht.bootstrap.register.domainSuffix": "", "dht.bootstrap.register.ttl": 0, "dht.bootstrap.register.region": "", "node.id": "", "node.host": "localhost", "node.bind": "0.0.0.0", "node.port": 4032, "telemetry.tracing.enabled": false, "telemetry.tracing.exporter": "", "telemetry.tracing.endpoint": "", "cache.enabled": true, "cache.httpPort": 8112, "cache.capacityMB": 512, "cache.defaultTTL": 3600, "cache.hotspotThreshold": 10, "cache.hotspotDecayRate": 0.65}
2025-11-12T16:09:14.159-0800	[34mINFO[0m	node	node/main.go:101	New Node initializing	{"self": {"addr":"localhost:4032","id":"0x01222c3bb3fcfae16c"}}
2025/11/12 16:09:14 Tracing disabled
2025-11-12T16:09:14.160-0800	[34mINFO[0m	node	node/main.go:130	initialized web cache	{"self": {"addr":"localhost:4032","id":"0x01222c3bb3fcfae16c"}, "capacity_mb": 512}
2025-11-12T16:09:14.161-0800	[34mINFO[0m	node	node/main.go:137	initialized hotspot detector	{"self": {"addr":"localhost:4032","id":"0x01222c3bb3fcfae16c"}, "threshold": 10, "decay_rate": 0.65}
2025-11-12T16:09:14.161-0800	[34mINFO[0m	node	node/main.go:237	resolved bootstrap peers	{"self": {"addr":"localhost:4032","id":"0x01222c3bb3fcfae16c"}, "peers": ["localhost:4000"]}
2025-11-12T16:09:14.161-0800	[34mINFO[0m	node.http-server	server/http.go:70	HTTP cache server starting	{"self": {"addr":"localhost:4032","id":"0x01222c3bb3fcfae16c"}, "addr": ":8112"}
2025-11-12T16:09:14.248-0800	[34mINFO[0m	node	logicnode/node.go:72	join: candidate successor found	{"self": {"addr":"localhost:4032","id":"0x01222c3bb3fcfae16c"}, "bootstrap": "localhost:4000", "successor": {"addr":"localhost:4026","id":"0x015e32d2969d7f6cef"}}
2025-11-12T16:09:14.269-0800	[34mINFO[0m	node	logicnode/node.go:103	join: successor has predecessor	{"self": {"addr":"localhost:4032","id":"0x01222c3bb3fcfae16c"}, "predecessor": {"addr":"localhost:4003","id":"0x011c1f485b12f6f310"}}
2025-11-12T16:09:14.286-0800	[33mWARN[0m	node	logicnode/operation.go:296	FindSuccessorStep: de Bruijn failed or empty, falling back to successor	{"self": {"addr":"localhost:4032","id":"0x01222c3bb3fcfae16c"}, "target": "0x03e434b072baa9de33", "nextHop": {"addr":"localhost:4026","id":"0x015e32d2969d7f6cef"}}
2025-11-12T16:09:14.322-0800	[34mINFO[0m	node	logicnode/node.go:135	join: completed successfully	{"self": {"addr":"localhost:4032","id":"0x01222c3bb3fcfae16c"}, "self": {"addr":"localhost:4032","id":"0x01222c3bb3fcfae16c"}, "successor": {"addr":"localhost:4026","id":"0x015e32d2969d7f6cef"}}
2025-11-12T16:09:14.323-0800	[34mINFO[0m	node	node/main.go:259	node registered successfully	{"self": {"addr":"localhost:4032","id":"0x01222c3bb3fcfae16c"}}
2025-11-12T16:09:24.204-0800	[31mERROR[0m	node	logicnode/operation.go:286	FindSuccessorStep: lookup interrupted by timeout/cancel	{"self": {"addr":"localhost:4032","id":"0x01222c3bb3fcfae16c"}, "tryIdx": 7, "addr": "localhost:4009", "err": null}
KoordeDHT/internal/node/logicnode.(*Node).FindSuccessorStep
	/mnt/d/CS6650/KoordeDHT-web-cache/internal/node/logicnode/operation.go:286
KoordeDHT/internal/node/server.(*dhtService).FindSuccessor
	/mnt/d/CS6650/KoordeDHT-web-cache/internal/node/server/dht_service.go:115
KoordeDHT/internal/api/dht/v1._DHT_FindSuccessor_Handler
	/mnt/d/CS6650/KoordeDHT-web-cache/internal/api/dht/v1/node_grpc.pb.go:255
google.golang.org/grpc.(*Server).processUnaryRPC
	/home/yuzheng/go/pkg/mod/google.golang.org/grpc@v1.75.1/server.go:1431
google.golang.org/grpc.(*Server).handleStream
	/home/yuzheng/go/pkg/mod/google.golang.org/grpc@v1.75.1/server.go:1842
google.golang.org/grpc.(*Server).serveStreams.func2.1
	/home/yuzheng/go/pkg/mod/google.golang.org/grpc@v1.75.1/server.go:1061
2025-11-12T16:09:30.325-0800	[31mERROR[0m	node	logicnode/operation.go:286	FindSuccessorStep: lookup interrupted by timeout/cancel	{"self": {"addr":"localhost:4032","id":"0x01222c3bb3fcfae16c"}, "tryIdx": 7, "addr": "localhost:4009", "err": null}
KoordeDHT/internal/node/logicnode.(*Node).FindSuccessorStep
	/mnt/d/CS6650/KoordeDHT-web-cache/internal/node/logicnode/operation.go:286
KoordeDHT/internal/node/server.(*dhtService).FindSuccessor
	/mnt/d/CS6650/KoordeDHT-web-cache/internal/node/server/dht_service.go:115
KoordeDHT/internal/api/dht/v1._DHT_FindSuccessor_Handler
	/mnt/d/CS6650/KoordeDHT-web-cache/internal/api/dht/v1/node_grpc.pb.go:255
google.golang.org/grpc.(*Server).processUnaryRPC
	/home/yuzheng/go/pkg/mod/google.golang.org/grpc@v1.75.1/server.go:1431
google.golang.org/grpc.(*Server).handleStream
	/home/yuzheng/go/pkg/mod/google.golang.org/grpc@v1.75.1/server.go:1842
google.golang.org/grpc.(*Server).serveStreams.func2.1
	/home/yuzheng/go/pkg/mod/google.golang.org/grpc@v1.75.1/server.go:1061
2025-11-12T17:09:14.162-0800	[34mINFO[0m	node	node/main.go:148	cleaned expired cache entries	{"self": {"addr":"localhost:4032","id":"0x01222c3bb3fcfae16c"}, "count": 0}
2025-11-12T17:09:14.163-0800	[34mINFO[0m	node	node/main.go:151	cleaned stale hotspot entries	{"self": {"addr":"localhost:4032","id":"0x01222c3bb3fcfae16c"}, "count": 0}
2025-11-12T20:44:38.875-0800	[34mINFO[0m	node	node/main.go:148	cleaned expired cache entries	{"self": {"addr":"localhost:4032","id":"0x01222c3bb3fcfae16c"}, "count": 0}
2025-11-12T20:44:38.877-0800	[34mINFO[0m	node	node/main.go:151	cleaned stale hotspot entries	{"self": {"addr":"localhost:4032","id":"0x01222c3bb3fcfae16c"}, "count": 0}
2025-11-12T21:44:38.876-0800	[34mINFO[0m	node	node/main.go:148	cleaned expired cache entries	{"self": {"addr":"localhost:4032","id":"0x01222c3bb3fcfae16c"}, "count": 0}
2025-11-12T21:44:38.877-0800	[34mINFO[0m	node	node/main.go:151	cleaned stale hotspot entries	{"self": {"addr":"localhost:4032","id":"0x01222c3bb3fcfae16c"}, "count": 0}
2025-11-12T22:44:38.876-0800	[34mINFO[0m	node	node/main.go:148	cleaned expired cache entries	{"self": {"addr":"localhost:4032","id":"0x01222c3bb3fcfae16c"}, "count": 0}
2025-11-12T22:44:38.877-0800	[34mINFO[0m	node	node/main.go:151	cleaned stale hotspot entries	{"self": {"addr":"localhost:4032","id":"0x01222c3bb3fcfae16c"}, "count": 0}
2025-11-12T23:44:38.875-0800	[34mINFO[0m	node	node/main.go:148	cleaned expired cache entries	{"self": {"addr":"localhost:4032","id":"0x01222c3bb3fcfae16c"}, "count": 0}
2025-11-12T23:44:38.876-0800	[34mINFO[0m	node	node/main.go:151	cleaned stale hotspot entries	{"self": {"addr":"localhost:4032","id":"0x01222c3bb3fcfae16c"}, "count": 0}
2025-11-12T23:56:47.008-0800	[33mWARN[0m	node	logicnode/worker.go:268	stabilize: notify RPC failed	{"self": {"addr":"localhost:4032","id":"0x01222c3bb3fcfae16c"}, "succ": {"addr":"localhost:4046","id":"0x012d2265a5e2b7a765"}, "err": "client: Notify RPC failed: rpc error: code = DeadlineExceeded desc = context deadline exceeded"}
2025-11-12T23:56:46.010-0800	[31mERROR[0m	node	logicnode/operation.go:286	FindSuccessorStep: lookup interrupted by timeout/cancel	{"self": {"addr":"localhost:4032","id":"0x01222c3bb3fcfae16c"}, "tryIdx": 1, "addr": "localhost:4008", "err": null}
KoordeDHT/internal/node/logicnode.(*Node).FindSuccessorStep
	/mnt/d/CS6650/KoordeDHT-web-cache/internal/node/logicnode/operation.go:286
KoordeDHT/internal/node/logicnode.(*Node).FindSuccessorInit
	/mnt/d/CS6650/KoordeDHT-web-cache/internal/node/logicnode/operation.go:185
KoordeDHT/internal/node/logicnode.(*Node).fixDeBruijn
	/mnt/d/CS6650/KoordeDHT-web-cache/internal/node/logicnode/worker.go:456
KoordeDHT/internal/node/logicnode.(*Node).StartStabilizers.func2
	/mnt/d/CS6650/KoordeDHT-web-cache/internal/node/logicnode/worker.go:49
2025-11-13T03:15:16.604-0800	[33mWARN[0m	node	logicnode/worker.go:459	fixDeBruijn: could not find successor	{"self": {"addr":"localhost:4032","id":"0x01222c3bb3fcfae16c"}, "target": "0x00c44e98ceb389f81c", "err": "context deadline exceeded"}
2025-11-13T03:15:18.050-0800	[31mERROR[0m	node	logicnode/operation.go:286	FindSuccessorStep: lookup interrupted by timeout/cancel	{"self": {"addr":"localhost:4032","id":"0x01222c3bb3fcfae16c"}, "tryIdx": 5, "addr": "localhost:4026", "err": null}
KoordeDHT/internal/node/logicnode.(*Node).FindSuccessorStep
	/mnt/d/CS6650/KoordeDHT-web-cache/internal/node/logicnode/operation.go:286
KoordeDHT/internal/node/server.(*dhtService).FindSuccessor
	/mnt/d/CS6650/KoordeDHT-web-cache/internal/node/server/dht_service.go:115
KoordeDHT/internal/api/dht/v1._DHT_FindSuccessor_Handler
	/mnt/d/CS6650/KoordeDHT-web-cache/internal/api/dht/v1/node_grpc.pb.go:255
google.golang.org/grpc.(*Server).processUnaryRPC
	/home/yuzheng/go/pkg/mod/google.golang.org/grpc@v1.75.1/server.go:1431
google.golang.org/grpc.(*Server).handleStream
	/home/yuzheng/go/pkg/mod/google.golang.org/grpc@v1.75.1/server.go:1842
google.golang.org/grpc.(*Server).serveStreams.func2.1
	/home/yuzheng/go/pkg/mod/google.golang.org/grpc@v1.75.1/server.go:1061
2025-11-13T09:10:54.204-0800	[34mINFO[0m	node	node/main.go:148	cleaned expired cache entries	{"self": {"addr":"localhost:4032","id":"0x01222c3bb3fcfae16c"}, "count": 0}
2025-11-13T09:10:54.204-0800	[34mINFO[0m	node	node/main.go:151	cleaned stale hotspot entries	{"self": {"addr":"localhost:4032","id":"0x01222c3bb3fcfae16c"}, "count": 0}
2025-11-13T10:10:54.203-0800	[34mINFO[0m	node	node/main.go:148	cleaned expired cache entries	{"self": {"addr":"localhost:4032","id":"0x01222c3bb3fcfae16c"}, "count": 0}
2025-11-13T10:10:54.204-0800	[34mINFO[0m	node	node/main.go:151	cleaned stale hotspot entries	{"self": {"addr":"localhost:4032","id":"0x01222c3bb3fcfae16c"}, "count": 0}
2025-11-13T11:10:54.203-0800	[34mINFO[0m	node	node/main.go:148	cleaned expired cache entries	{"self": {"addr":"localhost:4032","id":"0x01222c3bb3fcfae16c"}, "count": 0}
2025-11-13T11:10:54.205-0800	[34mINFO[0m	node	node/main.go:151	cleaned stale hotspot entries	{"self": {"addr":"localhost:4032","id":"0x01222c3bb3fcfae16c"}, "count": 0}
2025-11-13T13:43:32.191-0800	[34mINFO[0m	node	node/main.go:148	cleaned expired cache entries	{"self": {"addr":"localhost:4032","id":"0x01222c3bb3fcfae16c"}, "count": 0}
2025-11-13T13:43:32.193-0800	[34mINFO[0m	node	node/main.go:151	cleaned stale hotspot entries	{"self": {"addr":"localhost:4032","id":"0x01222c3bb3fcfae16c"}, "count": 0}
2025-11-13T14:44:33.628-0800	[34mINFO[0m	node	node/main.go:148	cleaned expired cache entries	{"self": {"addr":"localhost:4032","id":"0x01222c3bb3fcfae16c"}, "count": 0}
2025-11-13T14:44:33.628-0800	[34mINFO[0m	node	node/main.go:151	cleaned stale hotspot entries	{"self": {"addr":"localhost:4032","id":"0x01222c3bb3fcfae16c"}, "count": 0}
2025-11-13T15:44:33.627-0800	[34mINFO[0m	node	node/main.go:148	cleaned expired cache entries	{"self": {"addr":"localhost:4032","id":"0x01222c3bb3fcfae16c"}, "count": 0}
2025-11-13T15:44:33.628-0800	[34mINFO[0m	node	node/main.go:151	cleaned stale hotspot entries	{"self": {"addr":"localhost:4032","id":"0x01222c3bb3fcfae16c"}, "count": 0}
2025-11-13T16:48:01.727-0800	[34mINFO[0m	node	node/main.go:148	cleaned expired cache entries	{"self": {"addr":"localhost:4032","id":"0x01222c3bb3fcfae16c"}, "count": 0}
2025-11-13T16:48:01.729-0800	[34mINFO[0m	node	node/main.go:151	cleaned stale hotspot entries	{"self": {"addr":"localhost:4032","id":"0x01222c3bb3fcfae16c"}, "count": 0}
