2025-11-24T19:47:17.548-0800	[34mINFO[0m	config/config.go:302	Loaded configuration	{"logger.active": true, "logger.level": "info", "logger.encoding": "console", "logger.mode": "stdout", "logger.file.path": "", "logger.file.maxSizeMB": 0, "logger.file.maxBackups": 0, "logger.file.maxAgeDays": 0, "logger.file.compress": false, "dht.idBits": 66, "dht.mode": "private", "dht.deBruijn.degree": 2, "dht.deBruijn.fixInterval": "5s", "dht.deBruijn.fixIntervalMs": 5000, "dht.storage.fixInterval": "20s", "dht.storage.fixIntervalMs": 20000, "dht.faultTolerance.successorListSize": 8, "dht.faultTolerance.stabilizationInterval": "2s", "dht.faultTolerance.stabilizationIntervalMs": 2000, "dht.faultTolerance.failureTimeout": "1s", "dht.faultTolerance.failureTimeoutMs": 1000, "dht.bootstrap.mode": "static", "dht.bootstrap.peers": [], "dht.bootstrap.register.hostedZoneId": "", "dht.bootstrap.register.domainSuffix": "", "dht.bootstrap.register.ttl": 0, "dht.bootstrap.register.region": "", "node.id": "", "node.host": "localhost", "node.bind": "0.0.0.0", "node.port": 4000, "telemetry.tracing.enabled": false, "telemetry.tracing.exporter": "", "telemetry.tracing.endpoint": "", "cache.enabled": true, "cache.httpPort": 8080, "cache.capacityMB": 512, "cache.defaultTTL": 3600, "cache.hotspotThreshold": 10, "cache.hotspotDecayRate": 0.65}
2025-11-24T19:47:17.613-0800	[34mINFO[0m	node	node/main.go:103	New Node initializing	{"self": {"addr":"localhost:4000","id":"0x004f424bb575238275"}}
2025-11-24T19:47:17.616-0800	[34mINFO[0m	node	node/main.go:124	initialized web cache	{"self": {"addr":"localhost:4000","id":"0x004f424bb575238275"}, "capacity_mb": 512}
2025-11-24T19:47:17.616-0800	[34mINFO[0m	node	node/main.go:131	initialized hotspot detector	{"self": {"addr":"localhost:4000","id":"0x004f424bb575238275"}, "threshold": 10, "decay_rate": 0.65}
2025-11-24T19:47:17.616-0800	[34mINFO[0m	node	node/main.go:185	Initialized Koorde node	{"self": {"addr":"localhost:4000","id":"0x004f424bb575238275"}}
2025-11-24T19:47:17.617-0800	[34mINFO[0m	node	node/main.go:261	resolved bootstrap peers	{"self": {"addr":"localhost:4000","id":"0x004f424bb575238275"}, "peers": []}
2025-11-24T19:47:17.617-0800	[34mINFO[0m	node	node/main.go:283	node registered successfully	{"self": {"addr":"localhost:4000","id":"0x004f424bb575238275"}}
2025-11-24T19:47:17.617-0800	[34mINFO[0m	node.http-server	server/http.go:93	HTTP cache server starting	{"self": {"addr":"localhost:4000","id":"0x004f424bb575238275"}, "addr": ":8080"}
2025-11-24T19:47:18.899-0800	[34mINFO[0m	node	logicnode/operation.go:541	Notify: predecessor updated	{"self": {"addr":"localhost:4000","id":"0x004f424bb575238275"}, "newPredecessor": {"addr":"localhost:4001","id":"0x0051ee3541f65b0e86"}, "oldPredecessor": {"addr":"localhost:4000","id":"0x004f424bb575238275"}}
2025-11-24T19:47:20.770-0800	[34mINFO[0m	node	logicnode/operation.go:541	Notify: predecessor updated	{"self": {"addr":"localhost:4000","id":"0x004f424bb575238275"}, "newPredecessor": {"addr":"localhost:4002","id":"0x01908ac16ec9805a32"}, "oldPredecessor": {"addr":"localhost:4001","id":"0x0051ee3541f65b0e86"}}
2025-11-24T20:05:58.107-0800	[34mINFO[0m	node.http-server	server/http.go:173	DHT lookup complete	{"self": {"addr":"localhost:4000","id":"0x004f424bb575238275"}, "url": "https://httpbin.org/json", "hash": "0x039f7419ed1a979997", "responsible": {"addr":"localhost:4000","id":"0x004f424bb575238275"}, "lookup_latency_ms": 2}
2025-11-24T20:05:58.108-0800	[34mINFO[0m	node.http-server	server/http.go:400	I am responsible, fetching from origin	{"self": {"addr":"localhost:4000","id":"0x004f424bb575238275"}, "url": "https://httpbin.org/json"}
2025-11-24T20:05:58.111-0800	[34mINFO[0m	node.http-server	server/http.go:173	DHT lookup complete	{"self": {"addr":"localhost:4000","id":"0x004f424bb575238275"}, "url": "https://httpbin.org/deny", "hash": "0x01b34e14519259b010", "responsible": {"addr":"localhost:4000","id":"0x004f424bb575238275"}, "lookup_latency_ms": 1}
2025-11-24T20:05:58.112-0800	[34mINFO[0m	node.http-server	server/http.go:400	I am responsible, fetching from origin	{"self": {"addr":"localhost:4000","id":"0x004f424bb575238275"}, "url": "https://httpbin.org/deny"}
2025-11-24T20:05:58.131-0800	[34mINFO[0m	node.http-server	server/http.go:173	DHT lookup complete	{"self": {"addr":"localhost:4000","id":"0x004f424bb575238275"}, "url": "https://httpbin.org/json", "hash": "0x039f7419ed1a979997", "responsible": {"addr":"localhost:4000","id":"0x004f424bb575238275"}, "lookup_latency_ms": 2}
2025-11-24T20:05:58.132-0800	[34mINFO[0m	node.http-server	server/http.go:400	I am responsible, fetching from origin	{"self": {"addr":"localhost:4000","id":"0x004f424bb575238275"}, "url": "https://httpbin.org/json"}
2025-11-24T20:05:58.151-0800	[34mINFO[0m	node.http-server	server/http.go:173	DHT lookup complete	{"self": {"addr":"localhost:4000","id":"0x004f424bb575238275"}, "url": "https://httpbin.org/html", "hash": "0x03f8c2be43d945597c", "responsible": {"addr":"localhost:4000","id":"0x004f424bb575238275"}, "lookup_latency_ms": 1}
2025-11-24T20:05:58.153-0800	[34mINFO[0m	node.http-server	server/http.go:400	I am responsible, fetching from origin	{"self": {"addr":"localhost:4000","id":"0x004f424bb575238275"}, "url": "https://httpbin.org/html"}
2025-11-24T20:05:58.170-0800	[34mINFO[0m	node.http-server	server/http.go:173	DHT lookup complete	{"self": {"addr":"localhost:4000","id":"0x004f424bb575238275"}, "url": "https://httpbin.org/robots.txt", "hash": "0x00d5ea21672bd0fb7b", "responsible": {"addr":"localhost:4002","id":"0x01908ac16ec9805a32"}, "lookup_latency_ms": 0}
2025-11-24T20:05:58.171-0800	[34mINFO[0m	node.http-server	server/http.go:349	Forwarding to responsible node	{"self": {"addr":"localhost:4000","id":"0x004f424bb575238275"}, "url": "https://httpbin.org/robots.txt", "hash": "0x00d5ea21672bd0fb7b", "responsible_from_lookup": {"addr":"localhost:4002","id":"0x01908ac16ec9805a32"}, "forward_target": {"addr":"localhost:4002","id":"0x01908ac16ec9805a32"}}
2025-11-24T20:05:58.191-0800	[34mINFO[0m	node.http-server	server/http.go:173	DHT lookup complete	{"self": {"addr":"localhost:4000","id":"0x004f424bb575238275"}, "url": "https://httpbin.org/xml", "hash": "0x020f33a7477ee1c5b8", "responsible": {"addr":"localhost:4000","id":"0x004f424bb575238275"}, "lookup_latency_ms": 1}
2025-11-24T20:05:58.192-0800	[34mINFO[0m	node.http-server	server/http.go:400	I am responsible, fetching from origin	{"self": {"addr":"localhost:4000","id":"0x004f424bb575238275"}, "url": "https://httpbin.org/xml"}
2025-11-24T20:05:58.211-0800	[34mINFO[0m	node.http-server	server/http.go:173	DHT lookup complete	{"self": {"addr":"localhost:4000","id":"0x004f424bb575238275"}, "url": "https://httpbin.org/json", "hash": "0x039f7419ed1a979997", "responsible": {"addr":"localhost:4000","id":"0x004f424bb575238275"}, "lookup_latency_ms": 1}
2025-11-24T20:05:58.212-0800	[34mINFO[0m	node.http-server	server/http.go:400	I am responsible, fetching from origin	{"self": {"addr":"localhost:4000","id":"0x004f424bb575238275"}, "url": "https://httpbin.org/json"}
2025-11-24T20:05:58.231-0800	[34mINFO[0m	node.http-server	server/http.go:173	DHT lookup complete	{"self": {"addr":"localhost:4000","id":"0x004f424bb575238275"}, "url": "https://httpbin.org/status/204", "hash": "0x02fa02ef28daf25063", "responsible": {"addr":"localhost:4000","id":"0x004f424bb575238275"}, "lookup_latency_ms": 1}
2025-11-24T20:05:58.232-0800	[34mINFO[0m	node.http-server	server/http.go:400	I am responsible, fetching from origin	{"self": {"addr":"localhost:4000","id":"0x004f424bb575238275"}, "url": "https://httpbin.org/status/204"}
2025-11-24T20:05:58.252-0800	[34mINFO[0m	node.http-server	server/http.go:173	DHT lookup complete	{"self": {"addr":"localhost:4000","id":"0x004f424bb575238275"}, "url": "https://httpbin.org/html", "hash": "0x03f8c2be43d945597c", "responsible": {"addr":"localhost:4000","id":"0x004f424bb575238275"}, "lookup_latency_ms": 1}
2025-11-24T20:05:58.253-0800	[34mINFO[0m	node.http-server	server/http.go:400	I am responsible, fetching from origin	{"self": {"addr":"localhost:4000","id":"0x004f424bb575238275"}, "url": "https://httpbin.org/html"}
2025-11-24T20:05:58.271-0800	[34mINFO[0m	node.http-server	server/http.go:173	DHT lookup complete	{"self": {"addr":"localhost:4000","id":"0x004f424bb575238275"}, "url": "https://httpbin.org/xml", "hash": "0x020f33a7477ee1c5b8", "responsible": {"addr":"localhost:4000","id":"0x004f424bb575238275"}, "lookup_latency_ms": 1}
2025-11-24T20:05:58.272-0800	[34mINFO[0m	node.http-server	server/http.go:400	I am responsible, fetching from origin	{"self": {"addr":"localhost:4000","id":"0x004f424bb575238275"}, "url": "https://httpbin.org/xml"}
2025-11-24T20:05:58.297-0800	[34mINFO[0m	node.http-server	server/http.go:173	DHT lookup complete	{"self": {"addr":"localhost:4000","id":"0x004f424bb575238275"}, "url": "https://httpbin.org/robots.txt", "hash": "0x00d5ea21672bd0fb7b", "responsible": {"addr":"localhost:4002","id":"0x01908ac16ec9805a32"}, "lookup_latency_ms": 0}
2025-11-24T20:05:58.298-0800	[34mINFO[0m	node.http-server	server/http.go:349	Forwarding to responsible node	{"self": {"addr":"localhost:4000","id":"0x004f424bb575238275"}, "url": "https://httpbin.org/robots.txt", "hash": "0x00d5ea21672bd0fb7b", "responsible_from_lookup": {"addr":"localhost:4002","id":"0x01908ac16ec9805a32"}, "forward_target": {"addr":"localhost:4002","id":"0x01908ac16ec9805a32"}}
2025-11-24T20:05:58.311-0800	[34mINFO[0m	node.http-server	server/http.go:173	DHT lookup complete	{"self": {"addr":"localhost:4000","id":"0x004f424bb575238275"}, "url": "https://httpbin.org/xml", "hash": "0x020f33a7477ee1c5b8", "responsible": {"addr":"localhost:4000","id":"0x004f424bb575238275"}, "lookup_latency_ms": 1}
2025-11-24T20:05:58.312-0800	[34mINFO[0m	node.http-server	server/http.go:400	I am responsible, fetching from origin	{"self": {"addr":"localhost:4000","id":"0x004f424bb575238275"}, "url": "https://httpbin.org/xml"}
2025-11-24T20:05:58.331-0800	[34mINFO[0m	node.http-server	server/http.go:173	DHT lookup complete	{"self": {"addr":"localhost:4000","id":"0x004f424bb575238275"}, "url": "https://httpbin.org/xml", "hash": "0x020f33a7477ee1c5b8", "responsible": {"addr":"localhost:4000","id":"0x004f424bb575238275"}, "lookup_latency_ms": 2}
2025-11-24T20:05:58.332-0800	[34mINFO[0m	node.http-server	server/http.go:400	I am responsible, fetching from origin	{"self": {"addr":"localhost:4000","id":"0x004f424bb575238275"}, "url": "https://httpbin.org/xml"}
2025-11-24T20:05:58.357-0800	[34mINFO[0m	node.http-server	server/http.go:173	DHT lookup complete	{"self": {"addr":"localhost:4000","id":"0x004f424bb575238275"}, "url": "https://httpbin.org/json", "hash": "0x039f7419ed1a979997", "responsible": {"addr":"localhost:4000","id":"0x004f424bb575238275"}, "lookup_latency_ms": 1}
2025-11-24T20:05:58.357-0800	[34mINFO[0m	node.http-server	server/http.go:400	I am responsible, fetching from origin	{"self": {"addr":"localhost:4000","id":"0x004f424bb575238275"}, "url": "https://httpbin.org/json"}
2025-11-24T20:05:58.378-0800	[34mINFO[0m	node.http-server	server/http.go:173	DHT lookup complete	{"self": {"addr":"localhost:4000","id":"0x004f424bb575238275"}, "url": "https://httpbin.org/json", "hash": "0x039f7419ed1a979997", "responsible": {"addr":"localhost:4000","id":"0x004f424bb575238275"}, "lookup_latency_ms": 1}
2025-11-24T20:05:58.379-0800	[34mINFO[0m	node.http-server	server/http.go:400	I am responsible, fetching from origin	{"self": {"addr":"localhost:4000","id":"0x004f424bb575238275"}, "url": "https://httpbin.org/json"}
2025-11-24T20:05:58.392-0800	[34mINFO[0m	node.http-server	server/http.go:173	DHT lookup complete	{"self": {"addr":"localhost:4000","id":"0x004f424bb575238275"}, "url": "https://httpbin.org/robots.txt", "hash": "0x00d5ea21672bd0fb7b", "responsible": {"addr":"localhost:4002","id":"0x01908ac16ec9805a32"}, "lookup_latency_ms": 0}
2025-11-24T20:05:58.392-0800	[34mINFO[0m	node.http-server	server/http.go:349	Forwarding to responsible node	{"self": {"addr":"localhost:4000","id":"0x004f424bb575238275"}, "url": "https://httpbin.org/robots.txt", "hash": "0x00d5ea21672bd0fb7b", "responsible_from_lookup": {"addr":"localhost:4002","id":"0x01908ac16ec9805a32"}, "forward_target": {"addr":"localhost:4002","id":"0x01908ac16ec9805a32"}}
2025-11-24T20:05:58.410-0800	[34mINFO[0m	node.http-server	server/http.go:173	DHT lookup complete	{"self": {"addr":"localhost:4000","id":"0x004f424bb575238275"}, "url": "https://httpbin.org/robots.txt", "hash": "0x00d5ea21672bd0fb7b", "responsible": {"addr":"localhost:4002","id":"0x01908ac16ec9805a32"}, "lookup_latency_ms": 0}
2025-11-24T20:05:58.410-0800	[34mINFO[0m	node.http-server	server/http.go:349	Forwarding to responsible node	{"self": {"addr":"localhost:4000","id":"0x004f424bb575238275"}, "url": "https://httpbin.org/robots.txt", "hash": "0x00d5ea21672bd0fb7b", "responsible_from_lookup": {"addr":"localhost:4002","id":"0x01908ac16ec9805a32"}, "forward_target": {"addr":"localhost:4002","id":"0x01908ac16ec9805a32"}}
2025-11-24T20:05:58.431-0800	[34mINFO[0m	node.http-server	server/http.go:173	DHT lookup complete	{"self": {"addr":"localhost:4000","id":"0x004f424bb575238275"}, "url": "https://httpbin.org/delay/2", "hash": "0x01caf5206045a3cf61", "responsible": {"addr":"localhost:4000","id":"0x004f424bb575238275"}, "lookup_latency_ms": 1}
2025-11-24T20:05:58.432-0800	[34mINFO[0m	node.http-server	server/http.go:400	I am responsible, fetching from origin	{"self": {"addr":"localhost:4000","id":"0x004f424bb575238275"}, "url": "https://httpbin.org/delay/2"}
2025-11-24T20:05:58.453-0800	[34mINFO[0m	node.http-server	server/http.go:173	DHT lookup complete	{"self": {"addr":"localhost:4000","id":"0x004f424bb575238275"}, "url": "https://httpbin.org/json", "hash": "0x039f7419ed1a979997", "responsible": {"addr":"localhost:4000","id":"0x004f424bb575238275"}, "lookup_latency_ms": 2}
2025-11-24T20:05:58.454-0800	[34mINFO[0m	node.http-server	server/http.go:400	I am responsible, fetching from origin	{"self": {"addr":"localhost:4000","id":"0x004f424bb575238275"}, "url": "https://httpbin.org/json"}
2025-11-24T20:05:58.476-0800	[34mINFO[0m	node.http-server	server/http.go:173	DHT lookup complete	{"self": {"addr":"localhost:4000","id":"0x004f424bb575238275"}, "url": "https://httpbin.org/json", "hash": "0x039f7419ed1a979997", "responsible": {"addr":"localhost:4000","id":"0x004f424bb575238275"}, "lookup_latency_ms": 2}
2025-11-24T20:05:58.477-0800	[34mINFO[0m	node.http-server	server/http.go:400	I am responsible, fetching from origin	{"self": {"addr":"localhost:4000","id":"0x004f424bb575238275"}, "url": "https://httpbin.org/json"}
2025-11-24T20:05:58.490-0800	[34mINFO[0m	node.http-server	server/http.go:173	DHT lookup complete	{"self": {"addr":"localhost:4000","id":"0x004f424bb575238275"}, "url": "https://httpbin.org/delay/2", "hash": "0x01caf5206045a3cf61", "responsible": {"addr":"localhost:4000","id":"0x004f424bb575238275"}, "lookup_latency_ms": 1}
2025-11-24T20:05:58.492-0800	[34mINFO[0m	node.http-server	server/http.go:400	I am responsible, fetching from origin	{"self": {"addr":"localhost:4000","id":"0x004f424bb575238275"}, "url": "https://httpbin.org/delay/2"}
2025-11-24T20:05:58.504-0800	[34mINFO[0m	node.http-server	server/http.go:660	Origin fetch successful	{"self": {"addr":"localhost:4000","id":"0x004f424bb575238275"}, "url": "https://httpbin.org/json", "size_bytes": 429, "content_type": "application/json", "status_code": 200}
2025-11-24T20:05:58.504-0800	[34mINFO[0m	node.http-server	server/http.go:420	Content cached successfully	{"self": {"addr":"localhost:4000","id":"0x004f424bb575238275"}, "url": "https://httpbin.org/json", "size_bytes": 429}
2025-11-24T20:05:58.504-0800	[34mINFO[0m	node.http-server	server/http.go:660	Origin fetch successful	{"self": {"addr":"localhost:4000","id":"0x004f424bb575238275"}, "url": "https://httpbin.org/html", "size_bytes": 3741, "content_type": "text/html; charset=utf-8", "status_code": 200}
2025-11-24T20:05:58.504-0800	[34mINFO[0m	node.http-server	server/http.go:660	Origin fetch successful	{"self": {"addr":"localhost:4000","id":"0x004f424bb575238275"}, "url": "https://httpbin.org/status/204", "size_bytes": 0, "content_type": "application/octet-stream", "status_code": 204}
2025-11-24T20:05:58.505-0800	[34mINFO[0m	node.http-server	server/http.go:617	Request proxied successfully	{"self": {"addr":"localhost:4000","id":"0x004f424bb575238275"}, "url": "https://httpbin.org/robots.txt", "target_node": "localhost:4002", "total_latency_ms": 335, "size_bytes": 30}
2025-11-24T20:05:58.505-0800	[34mINFO[0m	node.http-server	server/http.go:433	Request completed	{"self": {"addr":"localhost:4000","id":"0x004f424bb575238275"}, "url": "https://httpbin.org/json", "total_latency_ms": 295, "content_size": 429}
2025-11-24T20:05:58.506-0800	[34mINFO[0m	node.http-server	server/http.go:420	Content cached successfully	{"self": {"addr":"localhost:4000","id":"0x004f424bb575238275"}, "url": "https://httpbin.org/html", "size_bytes": 3741}
2025-11-24T20:05:58.506-0800	[34mINFO[0m	node.http-server	server/http.go:420	Content cached successfully	{"self": {"addr":"localhost:4000","id":"0x004f424bb575238275"}, "url": "https://httpbin.org/status/204", "size_bytes": 0}
2025-11-24T20:05:58.507-0800	[34mINFO[0m	node.http-server	server/http.go:433	Request completed	{"self": {"addr":"localhost:4000","id":"0x004f424bb575238275"}, "url": "https://httpbin.org/html", "total_latency_ms": 356, "content_size": 3741}
2025-11-24T20:05:58.507-0800	[34mINFO[0m	node.http-server	server/http.go:433	Request completed	{"self": {"addr":"localhost:4000","id":"0x004f424bb575238275"}, "url": "https://httpbin.org/status/204", "total_latency_ms": 278, "content_size": 0}
2025-11-24T20:05:58.519-0800	[34mINFO[0m	node.http-server	server/http.go:173	DHT lookup complete	{"self": {"addr":"localhost:4000","id":"0x004f424bb575238275"}, "url": "https://httpbin.org/deny", "hash": "0x01b34e14519259b010", "responsible": {"addr":"localhost:4000","id":"0x004f424bb575238275"}, "lookup_latency_ms": 10}
2025-11-24T20:05:58.520-0800	[34mINFO[0m	node.http-server	server/http.go:400	I am responsible, fetching from origin	{"self": {"addr":"localhost:4000","id":"0x004f424bb575238275"}, "url": "https://httpbin.org/deny"}
2025-11-24T20:05:58.530-0800	[34mINFO[0m	node.http-server	server/http.go:660	Origin fetch successful	{"self": {"addr":"localhost:4000","id":"0x004f424bb575238275"}, "url": "https://httpbin.org/json", "size_bytes": 429, "content_type": "application/json", "status_code": 200}
2025-11-24T20:05:58.530-0800	[34mINFO[0m	node.http-server	server/http.go:660	Origin fetch successful	{"self": {"addr":"localhost:4000","id":"0x004f424bb575238275"}, "url": "https://httpbin.org/json", "size_bytes": 429, "content_type": "application/json", "status_code": 200}
2025-11-24T20:05:58.530-0800	[34mINFO[0m	node.http-server	server/http.go:173	DHT lookup complete	{"self": {"addr":"localhost:4000","id":"0x004f424bb575238275"}, "url": "https://httpbin.org/html", "hash": "0x03f8c2be43d945597c", "responsible": {"addr":"localhost:4000","id":"0x004f424bb575238275"}, "lookup_latency_ms": 2}
2025-11-24T20:05:58.531-0800	[34mINFO[0m	node.http-server	server/http.go:420	Content cached successfully	{"self": {"addr":"localhost:4000","id":"0x004f424bb575238275"}, "url": "https://httpbin.org/json", "size_bytes": 429}
2025-11-24T20:05:58.531-0800	[34mINFO[0m	node.http-server	server/http.go:420	Content cached successfully	{"self": {"addr":"localhost:4000","id":"0x004f424bb575238275"}, "url": "https://httpbin.org/json", "size_bytes": 429}
2025-11-24T20:05:58.531-0800	[34mINFO[0m	node.http-server	server/http.go:361	Cache HIT (local)	{"self": {"addr":"localhost:4000","id":"0x004f424bb575238275"}, "url": "https://httpbin.org/html", "size_bytes": 3741, "latency_ms": 3}
2025-11-24T20:05:58.531-0800	[34mINFO[0m	node.http-server	server/http.go:433	Request completed	{"self": {"addr":"localhost:4000","id":"0x004f424bb575238275"}, "url": "https://httpbin.org/json", "total_latency_ms": 80, "content_size": 429}
2025-11-24T20:05:58.532-0800	[34mINFO[0m	node.http-server	server/http.go:433	Request completed	{"self": {"addr":"localhost:4000","id":"0x004f424bb575238275"}, "url": "https://httpbin.org/json", "total_latency_ms": 427, "content_size": 429}
2025-11-24T20:05:58.552-0800	[34mINFO[0m	node.http-server	server/http.go:173	DHT lookup complete	{"self": {"addr":"localhost:4000","id":"0x004f424bb575238275"}, "url": "https://httpbin.org/status/204", "hash": "0x02fa02ef28daf25063", "responsible": {"addr":"localhost:4000","id":"0x004f424bb575238275"}, "lookup_latency_ms": 1}
2025-11-24T20:05:58.553-0800	[34mINFO[0m	node.http-server	server/http.go:361	Cache HIT (local)	{"self": {"addr":"localhost:4000","id":"0x004f424bb575238275"}, "url": "https://httpbin.org/status/204", "size_bytes": 0, "latency_ms": 2}
2025-11-24T20:05:58.570-0800	[34mINFO[0m	node.http-server	server/http.go:173	DHT lookup complete	{"self": {"addr":"localhost:4000","id":"0x004f424bb575238275"}, "url": "https://httpbin.org/status/204", "hash": "0x02fa02ef28daf25063", "responsible": {"addr":"localhost:4000","id":"0x004f424bb575238275"}, "lookup_latency_ms": 2}
2025-11-24T20:05:58.571-0800	[34mINFO[0m	node.http-server	server/http.go:361	Cache HIT (local)	{"self": {"addr":"localhost:4000","id":"0x004f424bb575238275"}, "url": "https://httpbin.org/status/204", "size_bytes": 0, "latency_ms": 2}
2025-11-24T20:05:58.587-0800	[31mERROR[0m	node.http-server	server/http.go:405	Origin fetch failed	{"self": {"addr":"localhost:4000","id":"0x004f424bb575238275"}, "url": "https://httpbin.org/html", "err": "origin returned status 502"}
KoordeDHT/internal/node/server.(*HTTPCacheServer).handleCacheRequest
	D:/CS6650/KoordeDHT-web-cache/internal/node/server/http.go:405
net/http.HandlerFunc.ServeHTTP
	C:/Program Files/Go/src/net/http/server.go:2322
net/http.(*ServeMux).ServeHTTP
	C:/Program Files/Go/src/net/http/server.go:2861
net/http.serverHandler.ServeHTTP
	C:/Program Files/Go/src/net/http/server.go:3340
net/http.(*conn).serve
	C:/Program Files/Go/src/net/http/server.go:2109
2025-11-24T20:05:58.589-0800	[34mINFO[0m	node.http-server	server/http.go:173	DHT lookup complete	{"self": {"addr":"localhost:4000","id":"0x004f424bb575238275"}, "url": "https://httpbin.org/robots.txt", "hash": "0x00d5ea21672bd0fb7b", "responsible": {"addr":"localhost:4002","id":"0x01908ac16ec9805a32"}, "lookup_latency_ms": 0}
2025-11-24T20:05:58.589-0800	[34mINFO[0m	node.http-server	server/http.go:215	Cache HIT (near)	{"self": {"addr":"localhost:4000","id":"0x004f424bb575238275"}, "url": "https://httpbin.org/robots.txt", "size_bytes": 30, "latency_ms": 1}
2025-11-24T20:05:58.602-0800	[34mINFO[0m	node.http-server	server/http.go:660	Origin fetch successful	{"self": {"addr":"localhost:4000","id":"0x004f424bb575238275"}, "url": "https://httpbin.org/xml", "size_bytes": 522, "content_type": "application/xml", "status_code": 200}
2025-11-24T20:05:58.604-0800	[34mINFO[0m	node.http-server	server/http.go:420	Content cached successfully	{"self": {"addr":"localhost:4000","id":"0x004f424bb575238275"}, "url": "https://httpbin.org/xml", "size_bytes": 522}
2025-11-24T20:05:58.605-0800	[34mINFO[0m	node.http-server	server/http.go:433	Request completed	{"self": {"addr":"localhost:4000","id":"0x004f424bb575238275"}, "url": "https://httpbin.org/xml", "total_latency_ms": 275, "content_size": 522}
2025-11-24T20:05:58.611-0800	[34mINFO[0m	node.http-server	server/http.go:173	DHT lookup complete	{"self": {"addr":"localhost:4000","id":"0x004f424bb575238275"}, "url": "https://httpbin.org/status/204", "hash": "0x02fa02ef28daf25063", "responsible": {"addr":"localhost:4000","id":"0x004f424bb575238275"}, "lookup_latency_ms": 2}
2025-11-24T20:05:58.612-0800	[34mINFO[0m	node.http-server	server/http.go:361	Cache HIT (local)	{"self": {"addr":"localhost:4000","id":"0x004f424bb575238275"}, "url": "https://httpbin.org/status/204", "size_bytes": 0, "latency_ms": 2}
2025-11-24T20:05:58.629-0800	[34mINFO[0m	node.http-server	server/http.go:173	DHT lookup complete	{"self": {"addr":"localhost:4000","id":"0x004f424bb575238275"}, "url": "https://httpbin.org/xml", "hash": "0x020f33a7477ee1c5b8", "responsible": {"addr":"localhost:4000","id":"0x004f424bb575238275"}, "lookup_latency_ms": 1}
2025-11-24T20:05:58.630-0800	[34mINFO[0m	node.http-server	server/http.go:361	Cache HIT (local)	{"self": {"addr":"localhost:4000","id":"0x004f424bb575238275"}, "url": "https://httpbin.org/xml", "size_bytes": 522, "latency_ms": 2}
2025-11-24T20:05:58.652-0800	[34mINFO[0m	node.http-server	server/http.go:173	DHT lookup complete	{"self": {"addr":"localhost:4000","id":"0x004f424bb575238275"}, "url": "https://httpbin.org/html", "hash": "0x03f8c2be43d945597c", "responsible": {"addr":"localhost:4000","id":"0x004f424bb575238275"}, "lookup_latency_ms": 2}
2025-11-24T20:05:58.652-0800	[34mINFO[0m	node.http-server	server/http.go:361	Cache HIT (local)	{"self": {"addr":"localhost:4000","id":"0x004f424bb575238275"}, "url": "https://httpbin.org/html", "size_bytes": 3741, "latency_ms": 3}
2025-11-24T20:05:58.663-0800	[34mINFO[0m	node.http-server	server/http.go:660	Origin fetch successful	{"self": {"addr":"localhost:4000","id":"0x004f424bb575238275"}, "url": "https://httpbin.org/deny", "size_bytes": 239, "content_type": "text/plain", "status_code": 200}
2025-11-24T20:05:58.664-0800	[34mINFO[0m	node.http-server	server/http.go:420	Content cached successfully	{"self": {"addr":"localhost:4000","id":"0x004f424bb575238275"}, "url": "https://httpbin.org/deny", "size_bytes": 239}
2025-11-24T20:05:58.664-0800	[34mINFO[0m	node.http-server	server/http.go:433	Request completed	{"self": {"addr":"localhost:4000","id":"0x004f424bb575238275"}, "url": "https://httpbin.org/deny", "total_latency_ms": 156, "content_size": 239}
2025-11-24T20:05:58.671-0800	[34mINFO[0m	node.http-server	server/http.go:173	DHT lookup complete	{"self": {"addr":"localhost:4000","id":"0x004f424bb575238275"}, "url": "https://httpbin.org/html", "hash": "0x03f8c2be43d945597c", "responsible": {"addr":"localhost:4000","id":"0x004f424bb575238275"}, "lookup_latency_ms": 1}
2025-11-24T20:05:58.672-0800	[34mINFO[0m	node.http-server	server/http.go:361	Cache HIT (local)	{"self": {"addr":"localhost:4000","id":"0x004f424bb575238275"}, "url": "https://httpbin.org/html", "size_bytes": 3741, "latency_ms": 2}
2025-11-24T20:05:58.692-0800	[34mINFO[0m	node.http-server	server/http.go:173	DHT lookup complete	{"self": {"addr":"localhost:4000","id":"0x004f424bb575238275"}, "url": "https://httpbin.org/html", "hash": "0x03f8c2be43d945597c", "responsible": {"addr":"localhost:4000","id":"0x004f424bb575238275"}, "lookup_latency_ms": 2}
2025-11-24T20:05:58.692-0800	[34mINFO[0m	node.http-server	server/http.go:361	Cache HIT (local)	{"self": {"addr":"localhost:4000","id":"0x004f424bb575238275"}, "url": "https://httpbin.org/html", "size_bytes": 3741, "latency_ms": 2}
2025-11-24T20:05:58.709-0800	[34mINFO[0m	node.http-server	server/http.go:173	DHT lookup complete	{"self": {"addr":"localhost:4000","id":"0x004f424bb575238275"}, "url": "https://httpbin.org/status/201", "hash": "0x007cb3c90721631a3c", "responsible": {"addr":"localhost:4002","id":"0x01908ac16ec9805a32"}, "lookup_latency_ms": 0}
2025-11-24T20:05:58.711-0800	[34mINFO[0m	node.http-server	server/http.go:349	Forwarding to responsible node	{"self": {"addr":"localhost:4000","id":"0x004f424bb575238275"}, "url": "https://httpbin.org/status/201", "hash": "0x007cb3c90721631a3c", "responsible_from_lookup": {"addr":"localhost:4002","id":"0x01908ac16ec9805a32"}, "forward_target": {"addr":"localhost:4002","id":"0x01908ac16ec9805a32"}}
2025-11-24T20:05:58.731-0800	[34mINFO[0m	node.http-server	server/http.go:173	DHT lookup complete	{"self": {"addr":"localhost:4000","id":"0x004f424bb575238275"}, "url": "https://httpbin.org/json", "hash": "0x039f7419ed1a979997", "responsible": {"addr":"localhost:4000","id":"0x004f424bb575238275"}, "lookup_latency_ms": 1}
2025-11-24T20:05:58.732-0800	[34mINFO[0m	node.http-server	server/http.go:361	Cache HIT (local)	{"self": {"addr":"localhost:4000","id":"0x004f424bb575238275"}, "url": "https://httpbin.org/json", "size_bytes": 429, "latency_ms": 2}
2025-11-24T20:05:58.739-0800	[34mINFO[0m	node.http-server	server/http.go:660	Origin fetch successful	{"self": {"addr":"localhost:4000","id":"0x004f424bb575238275"}, "url": "https://httpbin.org/json", "size_bytes": 429, "content_type": "application/json", "status_code": 200}
2025-11-24T20:05:58.740-0800	[34mINFO[0m	node.http-server	server/http.go:420	Content cached successfully	{"self": {"addr":"localhost:4000","id":"0x004f424bb575238275"}, "url": "https://httpbin.org/json", "size_bytes": 429}
2025-11-24T20:05:58.740-0800	[34mINFO[0m	node.http-server	server/http.go:433	Request completed	{"self": {"addr":"localhost:4000","id":"0x004f424bb575238275"}, "url": "https://httpbin.org/json", "total_latency_ms": 385, "content_size": 429}
2025-11-24T20:05:58.751-0800	[34mINFO[0m	node.http-server	server/http.go:173	DHT lookup complete	{"self": {"addr":"localhost:4000","id":"0x004f424bb575238275"}, "url": "https://httpbin.org/status/204", "hash": "0x02fa02ef28daf25063", "responsible": {"addr":"localhost:4000","id":"0x004f424bb575238275"}, "lookup_latency_ms": 2}
2025-11-24T20:05:58.752-0800	[34mINFO[0m	node.http-server	server/http.go:361	Cache HIT (local)	{"self": {"addr":"localhost:4000","id":"0x004f424bb575238275"}, "url": "https://httpbin.org/status/204", "size_bytes": 0, "latency_ms": 2}
2025-11-24T20:05:58.770-0800	[34mINFO[0m	node.http-server	server/http.go:173	DHT lookup complete	{"self": {"addr":"localhost:4000","id":"0x004f424bb575238275"}, "url": "https://httpbin.org/xml", "hash": "0x020f33a7477ee1c5b8", "responsible": {"addr":"localhost:4000","id":"0x004f424bb575238275"}, "lookup_latency_ms": 1}
2025-11-24T20:05:58.771-0800	[34mINFO[0m	node.http-server	server/http.go:361	Cache HIT (local)	{"self": {"addr":"localhost:4000","id":"0x004f424bb575238275"}, "url": "https://httpbin.org/xml", "size_bytes": 522, "latency_ms": 2}
2025-11-24T20:05:58.791-0800	[34mINFO[0m	node.http-server	server/http.go:173	DHT lookup complete	{"self": {"addr":"localhost:4000","id":"0x004f424bb575238275"}, "url": "https://httpbin.org/json", "hash": "0x039f7419ed1a979997", "responsible": {"addr":"localhost:4000","id":"0x004f424bb575238275"}, "lookup_latency_ms": 1}
2025-11-24T20:05:58.792-0800	[34mINFO[0m	node.http-server	server/http.go:361	Cache HIT (local)	{"self": {"addr":"localhost:4000","id":"0x004f424bb575238275"}, "url": "https://httpbin.org/json", "size_bytes": 429, "latency_ms": 2}
2025-11-24T20:05:58.796-0800	[34mINFO[0m	node.http-server	server/http.go:617	Request proxied successfully	{"self": {"addr":"localhost:4000","id":"0x004f424bb575238275"}, "url": "https://httpbin.org/robots.txt", "target_node": "localhost:4002", "total_latency_ms": 404, "size_bytes": 30}
2025-11-24T20:05:58.796-0800	[34mINFO[0m	node.http-server	server/http.go:617	Request proxied successfully	{"self": {"addr":"localhost:4000","id":"0x004f424bb575238275"}, "url": "https://httpbin.org/status/201", "target_node": "localhost:4002", "total_latency_ms": 87, "size_bytes": 0}
2025-11-24T20:05:58.810-0800	[34mINFO[0m	node.http-server	server/http.go:173	DHT lookup complete	{"self": {"addr":"localhost:4000","id":"0x004f424bb575238275"}, "url": "https://httpbin.org/html", "hash": "0x03f8c2be43d945597c", "responsible": {"addr":"localhost:4000","id":"0x004f424bb575238275"}, "lookup_latency_ms": 1}
2025-11-24T20:05:58.810-0800	[34mINFO[0m	node.http-server	server/http.go:361	Cache HIT (local)	{"self": {"addr":"localhost:4000","id":"0x004f424bb575238275"}, "url": "https://httpbin.org/html", "size_bytes": 3741, "latency_ms": 2}
2025-11-24T20:05:58.831-0800	[34mINFO[0m	node.http-server	server/http.go:173	DHT lookup complete	{"self": {"addr":"localhost:4000","id":"0x004f424bb575238275"}, "url": "https://httpbin.org/xml", "hash": "0x020f33a7477ee1c5b8", "responsible": {"addr":"localhost:4000","id":"0x004f424bb575238275"}, "lookup_latency_ms": 1}
2025-11-24T20:05:58.832-0800	[34mINFO[0m	node.http-server	server/http.go:361	Cache HIT (local)	{"self": {"addr":"localhost:4000","id":"0x004f424bb575238275"}, "url": "https://httpbin.org/xml", "size_bytes": 522, "latency_ms": 2}
2025-11-24T20:05:58.850-0800	[34mINFO[0m	node.http-server	server/http.go:173	DHT lookup complete	{"self": {"addr":"localhost:4000","id":"0x004f424bb575238275"}, "url": "https://httpbin.org/json", "hash": "0x039f7419ed1a979997", "responsible": {"addr":"localhost:4000","id":"0x004f424bb575238275"}, "lookup_latency_ms": 1}
2025-11-24T20:05:58.852-0800	[34mINFO[0m	node.http-server	server/http.go:361	Cache HIT (local)	{"self": {"addr":"localhost:4000","id":"0x004f424bb575238275"}, "url": "https://httpbin.org/json", "size_bytes": 429, "latency_ms": 2}
2025-11-24T20:05:58.870-0800	[34mINFO[0m	node.http-server	server/http.go:173	DHT lookup complete	{"self": {"addr":"localhost:4000","id":"0x004f424bb575238275"}, "url": "https://httpbin.org/status/201", "hash": "0x007cb3c90721631a3c", "responsible": {"addr":"localhost:4002","id":"0x01908ac16ec9805a32"}, "lookup_latency_ms": 0}
2025-11-24T20:05:58.871-0800	[34mINFO[0m	node.http-server	server/http.go:215	Cache HIT (near)	{"self": {"addr":"localhost:4000","id":"0x004f424bb575238275"}, "url": "https://httpbin.org/status/201", "size_bytes": 0, "latency_ms": 1}
2025-11-24T20:05:58.890-0800	[34mINFO[0m	node.http-server	server/http.go:173	DHT lookup complete	{"self": {"addr":"localhost:4000","id":"0x004f424bb575238275"}, "url": "https://httpbin.org/bytes/4096", "hash": "0x01b7e29f894c7989ac", "responsible": {"addr":"localhost:4000","id":"0x004f424bb575238275"}, "lookup_latency_ms": 1}
2025-11-24T20:05:58.890-0800	[34mINFO[0m	node.http-server	server/http.go:400	I am responsible, fetching from origin	{"self": {"addr":"localhost:4000","id":"0x004f424bb575238275"}, "url": "https://httpbin.org/bytes/4096"}
2025-11-24T20:05:58.898-0800	[34mINFO[0m	node.http-server	server/http.go:660	Origin fetch successful	{"self": {"addr":"localhost:4000","id":"0x004f424bb575238275"}, "url": "https://httpbin.org/xml", "size_bytes": 522, "content_type": "application/xml", "status_code": 200}
2025-11-24T20:05:58.898-0800	[34mINFO[0m	node.http-server	server/http.go:420	Content cached successfully	{"self": {"addr":"localhost:4000","id":"0x004f424bb575238275"}, "url": "https://httpbin.org/xml", "size_bytes": 522}
2025-11-24T20:05:58.898-0800	[34mINFO[0m	node.http-server	server/http.go:433	Request completed	{"self": {"addr":"localhost:4000","id":"0x004f424bb575238275"}, "url": "https://httpbin.org/xml", "total_latency_ms": 629, "content_size": 522}
2025-11-24T20:05:58.911-0800	[34mINFO[0m	node.http-server	server/http.go:173	DHT lookup complete	{"self": {"addr":"localhost:4000","id":"0x004f424bb575238275"}, "url": "https://httpbin.org/html", "hash": "0x03f8c2be43d945597c", "responsible": {"addr":"localhost:4000","id":"0x004f424bb575238275"}, "lookup_latency_ms": 1}
2025-11-24T20:05:58.912-0800	[34mINFO[0m	node.http-server	server/http.go:361	Cache HIT (local)	{"self": {"addr":"localhost:4000","id":"0x004f424bb575238275"}, "url": "https://httpbin.org/html", "size_bytes": 3741, "latency_ms": 2}
2025-11-24T20:05:58.931-0800	[34mINFO[0m	node.http-server	server/http.go:173	DHT lookup complete	{"self": {"addr":"localhost:4000","id":"0x004f424bb575238275"}, "url": "https://httpbin.org/html", "hash": "0x03f8c2be43d945597c", "responsible": {"addr":"localhost:4000","id":"0x004f424bb575238275"}, "lookup_latency_ms": 1}
2025-11-24T20:05:58.932-0800	[34mINFO[0m	node.http-server	server/http.go:361	Cache HIT (local)	{"self": {"addr":"localhost:4000","id":"0x004f424bb575238275"}, "url": "https://httpbin.org/html", "size_bytes": 3741, "latency_ms": 2}
2025-11-24T20:05:58.951-0800	[34mINFO[0m	node.http-server	server/http.go:173	DHT lookup complete	{"self": {"addr":"localhost:4000","id":"0x004f424bb575238275"}, "url": "https://httpbin.org/json", "hash": "0x039f7419ed1a979997", "responsible": {"addr":"localhost:4000","id":"0x004f424bb575238275"}, "lookup_latency_ms": 2}
2025-11-24T20:05:58.952-0800	[34mINFO[0m	node.http-server	server/http.go:361	Cache HIT (local)	{"self": {"addr":"localhost:4000","id":"0x004f424bb575238275"}, "url": "https://httpbin.org/json", "size_bytes": 429, "latency_ms": 2}
2025-11-24T20:05:58.971-0800	[34mINFO[0m	node.http-server	server/http.go:173	DHT lookup complete	{"self": {"addr":"localhost:4000","id":"0x004f424bb575238275"}, "url": "https://httpbin.org/bytes/1024", "hash": "0x02bb4d4f86730c1a6b", "responsible": {"addr":"localhost:4000","id":"0x004f424bb575238275"}, "lookup_latency_ms": 1}
2025-11-24T20:05:58.971-0800	[34mINFO[0m	node.http-server	server/http.go:400	I am responsible, fetching from origin	{"self": {"addr":"localhost:4000","id":"0x004f424bb575238275"}, "url": "https://httpbin.org/bytes/1024"}
2025-11-24T20:05:58.992-0800	[34mINFO[0m	node.http-server	server/http.go:173	DHT lookup complete	{"self": {"addr":"localhost:4000","id":"0x004f424bb575238275"}, "url": "https://httpbin.org/json", "hash": "0x039f7419ed1a979997", "responsible": {"addr":"localhost:4000","id":"0x004f424bb575238275"}, "lookup_latency_ms": 1}
2025-11-24T20:05:58.992-0800	[34mINFO[0m	node.http-server	server/http.go:361	Cache HIT (local)	{"self": {"addr":"localhost:4000","id":"0x004f424bb575238275"}, "url": "https://httpbin.org/json", "size_bytes": 429, "latency_ms": 2}
2025-11-24T20:05:58.996-0800	[34mINFO[0m	node.http-server	server/http.go:660	Origin fetch successful	{"self": {"addr":"localhost:4000","id":"0x004f424bb575238275"}, "url": "https://httpbin.org/bytes/4096", "size_bytes": 4096, "content_type": "application/octet-stream", "status_code": 200}
2025-11-24T20:05:58.997-0800	[34mINFO[0m	node.http-server	server/http.go:420	Content cached successfully	{"self": {"addr":"localhost:4000","id":"0x004f424bb575238275"}, "url": "https://httpbin.org/bytes/4096", "size_bytes": 4096}
2025-11-24T20:05:58.997-0800	[34mINFO[0m	node.http-server	server/http.go:433	Request completed	{"self": {"addr":"localhost:4000","id":"0x004f424bb575238275"}, "url": "https://httpbin.org/bytes/4096", "total_latency_ms": 109, "content_size": 4096}
2025-11-24T20:05:59.011-0800	[34mINFO[0m	node.http-server	server/http.go:173	DHT lookup complete	{"self": {"addr":"localhost:4000","id":"0x004f424bb575238275"}, "url": "https://httpbin.org/status/200", "hash": "0x03e9fd41d8eac92f37", "responsible": {"addr":"localhost:4000","id":"0x004f424bb575238275"}, "lookup_latency_ms": 1}
2025-11-24T20:05:59.011-0800	[34mINFO[0m	node.http-server	server/http.go:400	I am responsible, fetching from origin	{"self": {"addr":"localhost:4000","id":"0x004f424bb575238275"}, "url": "https://httpbin.org/status/200"}
2025-11-24T20:05:59.032-0800	[34mINFO[0m	node.http-server	server/http.go:173	DHT lookup complete	{"self": {"addr":"localhost:4000","id":"0x004f424bb575238275"}, "url": "https://httpbin.org/bytes/2048", "hash": "0x03ccaf23e7b5be37e8", "responsible": {"addr":"localhost:4000","id":"0x004f424bb575238275"}, "lookup_latency_ms": 2}
2025-11-24T20:05:59.032-0800	[34mINFO[0m	node.http-server	server/http.go:400	I am responsible, fetching from origin	{"self": {"addr":"localhost:4000","id":"0x004f424bb575238275"}, "url": "https://httpbin.org/bytes/2048"}
2025-11-24T20:05:59.041-0800	[34mINFO[0m	node.http-server	server/http.go:660	Origin fetch successful	{"self": {"addr":"localhost:4000","id":"0x004f424bb575238275"}, "url": "https://httpbin.org/bytes/1024", "size_bytes": 1024, "content_type": "application/octet-stream", "status_code": 200}
2025-11-24T20:05:59.042-0800	[34mINFO[0m	node.http-server	server/http.go:420	Content cached successfully	{"self": {"addr":"localhost:4000","id":"0x004f424bb575238275"}, "url": "https://httpbin.org/bytes/1024", "size_bytes": 1024}
2025-11-24T20:05:59.042-0800	[34mINFO[0m	node.http-server	server/http.go:433	Request completed	{"self": {"addr":"localhost:4000","id":"0x004f424bb575238275"}, "url": "https://httpbin.org/bytes/1024", "total_latency_ms": 72, "content_size": 1024}
2025-11-24T20:05:59.049-0800	[34mINFO[0m	node.http-server	server/http.go:173	DHT lookup complete	{"self": {"addr":"localhost:4000","id":"0x004f424bb575238275"}, "url": "https://httpbin.org/robots.txt", "hash": "0x00d5ea21672bd0fb7b", "responsible": {"addr":"localhost:4002","id":"0x01908ac16ec9805a32"}, "lookup_latency_ms": 0}
2025-11-24T20:05:59.051-0800	[34mINFO[0m	node.http-server	server/http.go:215	Cache HIT (near)	{"self": {"addr":"localhost:4000","id":"0x004f424bb575238275"}, "url": "https://httpbin.org/robots.txt", "size_bytes": 30, "latency_ms": 1}
2025-11-24T20:05:59.071-0800	[34mINFO[0m	node.http-server	server/http.go:173	DHT lookup complete	{"self": {"addr":"localhost:4000","id":"0x004f424bb575238275"}, "url": "https://httpbin.org/xml", "hash": "0x020f33a7477ee1c5b8", "responsible": {"addr":"localhost:4000","id":"0x004f424bb575238275"}, "lookup_latency_ms": 2}
2025-11-24T20:05:59.072-0800	[34mINFO[0m	node.http-server	server/http.go:361	Cache HIT (local)	{"self": {"addr":"localhost:4000","id":"0x004f424bb575238275"}, "url": "https://httpbin.org/xml", "size_bytes": 522, "latency_ms": 2}
2025-11-24T20:05:59.080-0800	[34mINFO[0m	node.http-server	server/http.go:660	Origin fetch successful	{"self": {"addr":"localhost:4000","id":"0x004f424bb575238275"}, "url": "https://httpbin.org/status/200", "size_bytes": 0, "content_type": "text/html; charset=utf-8", "status_code": 200}
2025-11-24T20:05:59.081-0800	[34mINFO[0m	node.http-server	server/http.go:420	Content cached successfully	{"self": {"addr":"localhost:4000","id":"0x004f424bb575238275"}, "url": "https://httpbin.org/status/200", "size_bytes": 0}
2025-11-24T20:05:59.081-0800	[34mINFO[0m	node.http-server	server/http.go:433	Request completed	{"self": {"addr":"localhost:4000","id":"0x004f424bb575238275"}, "url": "https://httpbin.org/status/200", "total_latency_ms": 72, "content_size": 0}
2025-11-24T20:05:59.089-0800	[34mINFO[0m	node.http-server	server/http.go:173	DHT lookup complete	{"self": {"addr":"localhost:4000","id":"0x004f424bb575238275"}, "url": "https://httpbin.org/json", "hash": "0x039f7419ed1a979997", "responsible": {"addr":"localhost:4000","id":"0x004f424bb575238275"}, "lookup_latency_ms": 1}
2025-11-24T20:05:59.090-0800	[34mINFO[0m	node.http-server	server/http.go:361	Cache HIT (local)	{"self": {"addr":"localhost:4000","id":"0x004f424bb575238275"}, "url": "https://httpbin.org/json", "size_bytes": 429, "latency_ms": 2}
2025-11-24T20:05:59.100-0800	[34mINFO[0m	node.http-server	server/http.go:660	Origin fetch successful	{"self": {"addr":"localhost:4000","id":"0x004f424bb575238275"}, "url": "https://httpbin.org/bytes/2048", "size_bytes": 2048, "content_type": "application/octet-stream", "status_code": 200}
2025-11-24T20:05:59.100-0800	[34mINFO[0m	node.http-server	server/http.go:420	Content cached successfully	{"self": {"addr":"localhost:4000","id":"0x004f424bb575238275"}, "url": "https://httpbin.org/bytes/2048", "size_bytes": 2048}
2025-11-24T20:05:59.100-0800	[34mINFO[0m	node.http-server	server/http.go:433	Request completed	{"self": {"addr":"localhost:4000","id":"0x004f424bb575238275"}, "url": "https://httpbin.org/bytes/2048", "total_latency_ms": 70, "content_size": 2048}
2025-11-24T20:05:59.110-0800	[34mINFO[0m	node.http-server	server/http.go:173	DHT lookup complete	{"self": {"addr":"localhost:4000","id":"0x004f424bb575238275"}, "url": "https://httpbin.org/status/201", "hash": "0x007cb3c90721631a3c", "responsible": {"addr":"localhost:4002","id":"0x01908ac16ec9805a32"}, "lookup_latency_ms": 0}
2025-11-24T20:05:59.110-0800	[34mINFO[0m	node.http-server	server/http.go:215	Cache HIT (near)	{"self": {"addr":"localhost:4000","id":"0x004f424bb575238275"}, "url": "https://httpbin.org/status/201", "size_bytes": 0, "latency_ms": 1}
2025-11-24T20:05:59.130-0800	[34mINFO[0m	node.http-server	server/http.go:173	DHT lookup complete	{"self": {"addr":"localhost:4000","id":"0x004f424bb575238275"}, "url": "https://httpbin.org/bytes/1024", "hash": "0x02bb4d4f86730c1a6b", "responsible": {"addr":"localhost:4000","id":"0x004f424bb575238275"}, "lookup_latency_ms": 2}
2025-11-24T20:05:59.131-0800	[34mINFO[0m	node.http-server	server/http.go:361	Cache HIT (local)	{"self": {"addr":"localhost:4000","id":"0x004f424bb575238275"}, "url": "https://httpbin.org/bytes/1024", "size_bytes": 1024, "latency_ms": 2}
2025-11-24T20:05:59.152-0800	[34mINFO[0m	node.http-server	server/http.go:173	DHT lookup complete	{"self": {"addr":"localhost:4000","id":"0x004f424bb575238275"}, "url": "https://httpbin.org/xml", "hash": "0x020f33a7477ee1c5b8", "responsible": {"addr":"localhost:4000","id":"0x004f424bb575238275"}, "lookup_latency_ms": 2}
2025-11-24T20:05:59.153-0800	[34mINFO[0m	node.http-server	server/http.go:361	Cache HIT (local)	{"self": {"addr":"localhost:4000","id":"0x004f424bb575238275"}, "url": "https://httpbin.org/xml", "size_bytes": 522, "latency_ms": 2}
2025-11-24T20:05:59.175-0800	[34mINFO[0m	node.http-server	server/http.go:660	Origin fetch successful	{"self": {"addr":"localhost:4000","id":"0x004f424bb575238275"}, "url": "https://httpbin.org/json", "size_bytes": 429, "content_type": "application/json", "status_code": 200}
2025-11-24T20:05:59.175-0800	[34mINFO[0m	node.http-server	server/http.go:420	Content cached successfully	{"self": {"addr":"localhost:4000","id":"0x004f424bb575238275"}, "url": "https://httpbin.org/json", "size_bytes": 429}
2025-11-24T20:05:59.176-0800	[34mINFO[0m	node.http-server	server/http.go:173	DHT lookup complete	{"self": {"addr":"localhost:4000","id":"0x004f424bb575238275"}, "url": "https://httpbin.org/json", "hash": "0x039f7419ed1a979997", "responsible": {"addr":"localhost:4000","id":"0x004f424bb575238275"}, "lookup_latency_ms": 6}
2025-11-24T20:05:59.176-0800	[34mINFO[0m	node.http-server	server/http.go:433	Request completed	{"self": {"addr":"localhost:4000","id":"0x004f424bb575238275"}, "url": "https://httpbin.org/json", "total_latency_ms": 702, "content_size": 429}
2025-11-24T20:05:59.177-0800	[34mINFO[0m	node.http-server	server/http.go:361	Cache HIT (local)	{"self": {"addr":"localhost:4000","id":"0x004f424bb575238275"}, "url": "https://httpbin.org/json", "size_bytes": 429, "latency_ms": 7}
2025-11-24T20:05:59.191-0800	[34mINFO[0m	node.http-server	server/http.go:173	DHT lookup complete	{"self": {"addr":"localhost:4000","id":"0x004f424bb575238275"}, "url": "https://httpbin.org/json", "hash": "0x039f7419ed1a979997", "responsible": {"addr":"localhost:4000","id":"0x004f424bb575238275"}, "lookup_latency_ms": 1}
2025-11-24T20:05:59.191-0800	[34mINFO[0m	node.http-server	server/http.go:361	Cache HIT (local)	{"self": {"addr":"localhost:4000","id":"0x004f424bb575238275"}, "url": "https://httpbin.org/json", "size_bytes": 429, "latency_ms": 2}
2025-11-24T20:05:59.211-0800	[34mINFO[0m	node.http-server	server/http.go:173	DHT lookup complete	{"self": {"addr":"localhost:4000","id":"0x004f424bb575238275"}, "url": "https://httpbin.org/bytes/1024", "hash": "0x02bb4d4f86730c1a6b", "responsible": {"addr":"localhost:4000","id":"0x004f424bb575238275"}, "lookup_latency_ms": 1}
2025-11-24T20:05:59.211-0800	[34mINFO[0m	node.http-server	server/http.go:361	Cache HIT (local)	{"self": {"addr":"localhost:4000","id":"0x004f424bb575238275"}, "url": "https://httpbin.org/bytes/1024", "size_bytes": 1024, "latency_ms": 2}
2025-11-24T20:05:59.233-0800	[34mINFO[0m	node.http-server	server/http.go:173	DHT lookup complete	{"self": {"addr":"localhost:4000","id":"0x004f424bb575238275"}, "url": "https://httpbin.org/delay/2", "hash": "0x01caf5206045a3cf61", "responsible": {"addr":"localhost:4000","id":"0x004f424bb575238275"}, "lookup_latency_ms": 1}
2025-11-24T20:05:59.233-0800	[34mINFO[0m	node.http-server	server/http.go:400	I am responsible, fetching from origin	{"self": {"addr":"localhost:4000","id":"0x004f424bb575238275"}, "url": "https://httpbin.org/delay/2"}
2025-11-24T20:05:59.251-0800	[34mINFO[0m	node.http-server	server/http.go:173	DHT lookup complete	{"self": {"addr":"localhost:4000","id":"0x004f424bb575238275"}, "url": "https://httpbin.org/delay/2", "hash": "0x01caf5206045a3cf61", "responsible": {"addr":"localhost:4000","id":"0x004f424bb575238275"}, "lookup_latency_ms": 2}
2025-11-24T20:05:59.251-0800	[34mINFO[0m	node.http-server	server/http.go:400	I am responsible, fetching from origin	{"self": {"addr":"localhost:4000","id":"0x004f424bb575238275"}, "url": "https://httpbin.org/delay/2"}
2025-11-24T20:05:59.271-0800	[34mINFO[0m	node.http-server	server/http.go:173	DHT lookup complete	{"self": {"addr":"localhost:4000","id":"0x004f424bb575238275"}, "url": "https://httpbin.org/json", "hash": "0x039f7419ed1a979997", "responsible": {"addr":"localhost:4000","id":"0x004f424bb575238275"}, "lookup_latency_ms": 2}
2025-11-24T20:05:59.272-0800	[34mINFO[0m	node.http-server	server/http.go:361	Cache HIT (local)	{"self": {"addr":"localhost:4000","id":"0x004f424bb575238275"}, "url": "https://httpbin.org/json", "size_bytes": 429, "latency_ms": 2}
2025-11-24T20:05:59.291-0800	[34mINFO[0m	node.http-server	server/http.go:173	DHT lookup complete	{"self": {"addr":"localhost:4000","id":"0x004f424bb575238275"}, "url": "https://httpbin.org/delay/1", "hash": "0x020224d01ce6b3f21f", "responsible": {"addr":"localhost:4000","id":"0x004f424bb575238275"}, "lookup_latency_ms": 1}
2025-11-24T20:05:59.292-0800	[34mINFO[0m	node.http-server	server/http.go:400	I am responsible, fetching from origin	{"self": {"addr":"localhost:4000","id":"0x004f424bb575238275"}, "url": "https://httpbin.org/delay/1"}
2025-11-24T20:05:59.313-0800	[34mINFO[0m	node.http-server	server/http.go:173	DHT lookup complete	{"self": {"addr":"localhost:4000","id":"0x004f424bb575238275"}, "url": "https://httpbin.org/base64/SFRUUEJJTiBpcyBhd2Vzb21l", "hash": "0x03dc49fba2d867e22c", "responsible": {"addr":"localhost:4000","id":"0x004f424bb575238275"}, "lookup_latency_ms": 2}
2025-11-24T20:05:59.313-0800	[34mINFO[0m	node.http-server	server/http.go:400	I am responsible, fetching from origin	{"self": {"addr":"localhost:4000","id":"0x004f424bb575238275"}, "url": "https://httpbin.org/base64/SFRUUEJJTiBpcyBhd2Vzb21l"}
2025-11-24T20:05:59.331-0800	[34mINFO[0m	node.http-server	server/http.go:173	DHT lookup complete	{"self": {"addr":"localhost:4000","id":"0x004f424bb575238275"}, "url": "https://httpbin.org/xml", "hash": "0x020f33a7477ee1c5b8", "responsible": {"addr":"localhost:4000","id":"0x004f424bb575238275"}, "lookup_latency_ms": 1}
2025-11-24T20:05:59.332-0800	[34mINFO[0m	node.http-server	server/http.go:361	Cache HIT (local)	{"self": {"addr":"localhost:4000","id":"0x004f424bb575238275"}, "url": "https://httpbin.org/xml", "size_bytes": 522, "latency_ms": 2}
2025-11-24T20:05:59.351-0800	[34mINFO[0m	node.http-server	server/http.go:173	DHT lookup complete	{"self": {"addr":"localhost:4000","id":"0x004f424bb575238275"}, "url": "https://httpbin.org/status/204", "hash": "0x02fa02ef28daf25063", "responsible": {"addr":"localhost:4000","id":"0x004f424bb575238275"}, "lookup_latency_ms": 1}
2025-11-24T20:05:59.352-0800	[34mINFO[0m	node.http-server	server/http.go:361	Cache HIT (local)	{"self": {"addr":"localhost:4000","id":"0x004f424bb575238275"}, "url": "https://httpbin.org/status/204", "size_bytes": 0, "latency_ms": 2}
2025-11-24T20:05:59.370-0800	[34mINFO[0m	node.http-server	server/http.go:173	DHT lookup complete	{"self": {"addr":"localhost:4000","id":"0x004f424bb575238275"}, "url": "https://httpbin.org/html", "hash": "0x03f8c2be43d945597c", "responsible": {"addr":"localhost:4000","id":"0x004f424bb575238275"}, "lookup_latency_ms": 1}
2025-11-24T20:05:59.370-0800	[34mINFO[0m	node.http-server	server/http.go:361	Cache HIT (local)	{"self": {"addr":"localhost:4000","id":"0x004f424bb575238275"}, "url": "https://httpbin.org/html", "size_bytes": 3741, "latency_ms": 2}
2025-11-24T20:05:59.391-0800	[34mINFO[0m	node.http-server	server/http.go:173	DHT lookup complete	{"self": {"addr":"localhost:4000","id":"0x004f424bb575238275"}, "url": "https://httpbin.org/xml", "hash": "0x020f33a7477ee1c5b8", "responsible": {"addr":"localhost:4000","id":"0x004f424bb575238275"}, "lookup_latency_ms": 2}
2025-11-24T20:05:59.392-0800	[34mINFO[0m	node.http-server	server/http.go:361	Cache HIT (local)	{"self": {"addr":"localhost:4000","id":"0x004f424bb575238275"}, "url": "https://httpbin.org/xml", "size_bytes": 522, "latency_ms": 2}
2025-11-24T20:05:59.409-0800	[34mINFO[0m	node.http-server	server/http.go:173	DHT lookup complete	{"self": {"addr":"localhost:4000","id":"0x004f424bb575238275"}, "url": "https://httpbin.org/status/201", "hash": "0x007cb3c90721631a3c", "responsible": {"addr":"localhost:4002","id":"0x01908ac16ec9805a32"}, "lookup_latency_ms": 0}
2025-11-24T20:05:59.410-0800	[34mINFO[0m	node.http-server	server/http.go:215	Cache HIT (near)	{"self": {"addr":"localhost:4000","id":"0x004f424bb575238275"}, "url": "https://httpbin.org/status/201", "size_bytes": 0, "latency_ms": 1}
2025-11-24T20:05:59.421-0800	[34mINFO[0m	node.http-server	server/http.go:660	Origin fetch successful	{"self": {"addr":"localhost:4000","id":"0x004f424bb575238275"}, "url": "https://httpbin.org/xml", "size_bytes": 522, "content_type": "application/xml", "status_code": 200}
2025-11-24T20:05:59.422-0800	[34mINFO[0m	node.http-server	server/http.go:420	Content cached successfully	{"self": {"addr":"localhost:4000","id":"0x004f424bb575238275"}, "url": "https://httpbin.org/xml", "size_bytes": 522}
2025-11-24T20:05:59.422-0800	[34mINFO[0m	node.http-server	server/http.go:433	Request completed	{"self": {"addr":"localhost:4000","id":"0x004f424bb575238275"}, "url": "https://httpbin.org/xml", "total_latency_ms": 1112, "content_size": 522}
2025-11-24T20:05:59.431-0800	[34mINFO[0m	node.http-server	server/http.go:173	DHT lookup complete	{"self": {"addr":"localhost:4000","id":"0x004f424bb575238275"}, "url": "https://httpbin.org/delay/2", "hash": "0x01caf5206045a3cf61", "responsible": {"addr":"localhost:4000","id":"0x004f424bb575238275"}, "lookup_latency_ms": 3}
2025-11-24T20:05:59.431-0800	[34mINFO[0m	node.http-server	server/http.go:400	I am responsible, fetching from origin	{"self": {"addr":"localhost:4000","id":"0x004f424bb575238275"}, "url": "https://httpbin.org/delay/2"}
2025-11-24T20:05:59.450-0800	[34mINFO[0m	node.http-server	server/http.go:173	DHT lookup complete	{"self": {"addr":"localhost:4000","id":"0x004f424bb575238275"}, "url": "https://httpbin.org/robots.txt", "hash": "0x00d5ea21672bd0fb7b", "responsible": {"addr":"localhost:4002","id":"0x01908ac16ec9805a32"}, "lookup_latency_ms": 0}
2025-11-24T20:05:59.450-0800	[34mINFO[0m	node.http-server	server/http.go:215	Cache HIT (near)	{"self": {"addr":"localhost:4000","id":"0x004f424bb575238275"}, "url": "https://httpbin.org/robots.txt", "size_bytes": 30, "latency_ms": 1}
2025-11-24T20:05:59.471-0800	[34mINFO[0m	node.http-server	server/http.go:173	DHT lookup complete	{"self": {"addr":"localhost:4000","id":"0x004f424bb575238275"}, "url": "https://httpbin.org/json", "hash": "0x039f7419ed1a979997", "responsible": {"addr":"localhost:4000","id":"0x004f424bb575238275"}, "lookup_latency_ms": 1}
2025-11-24T20:05:59.472-0800	[34mINFO[0m	node.http-server	server/http.go:361	Cache HIT (local)	{"self": {"addr":"localhost:4000","id":"0x004f424bb575238275"}, "url": "https://httpbin.org/json", "size_bytes": 429, "latency_ms": 2}
2025-11-24T20:05:59.491-0800	[34mINFO[0m	node.http-server	server/http.go:173	DHT lookup complete	{"self": {"addr":"localhost:4000","id":"0x004f424bb575238275"}, "url": "https://httpbin.org/json", "hash": "0x039f7419ed1a979997", "responsible": {"addr":"localhost:4000","id":"0x004f424bb575238275"}, "lookup_latency_ms": 2}
2025-11-24T20:05:59.492-0800	[34mINFO[0m	node.http-server	server/http.go:361	Cache HIT (local)	{"self": {"addr":"localhost:4000","id":"0x004f424bb575238275"}, "url": "https://httpbin.org/json", "size_bytes": 429, "latency_ms": 3}
2025-11-24T20:05:59.511-0800	[34mINFO[0m	node.http-server	server/http.go:173	DHT lookup complete	{"self": {"addr":"localhost:4000","id":"0x004f424bb575238275"}, "url": "https://httpbin.org/json", "hash": "0x039f7419ed1a979997", "responsible": {"addr":"localhost:4000","id":"0x004f424bb575238275"}, "lookup_latency_ms": 1}
2025-11-24T20:05:59.511-0800	[34mINFO[0m	node.http-server	server/http.go:361	Cache HIT (local)	{"self": {"addr":"localhost:4000","id":"0x004f424bb575238275"}, "url": "https://httpbin.org/json", "size_bytes": 429, "latency_ms": 2}
2025-11-24T20:05:59.531-0800	[34mINFO[0m	node.http-server	server/http.go:173	DHT lookup complete	{"self": {"addr":"localhost:4000","id":"0x004f424bb575238275"}, "url": "https://httpbin.org/json", "hash": "0x039f7419ed1a979997", "responsible": {"addr":"localhost:4000","id":"0x004f424bb575238275"}, "lookup_latency_ms": 1}
2025-11-24T20:05:59.532-0800	[34mINFO[0m	node.http-server	server/http.go:361	Cache HIT (local)	{"self": {"addr":"localhost:4000","id":"0x004f424bb575238275"}, "url": "https://httpbin.org/json", "size_bytes": 429, "latency_ms": 2}
2025-11-24T20:05:59.533-0800	[34mINFO[0m	node.http-server	server/http.go:617	Request proxied successfully	{"self": {"addr":"localhost:4000","id":"0x004f424bb575238275"}, "url": "https://httpbin.org/robots.txt", "target_node": "localhost:4002", "total_latency_ms": 1236, "size_bytes": 30}
2025-11-24T20:05:59.545-0800	[34mINFO[0m	node.http-server	server/http.go:660	Origin fetch successful	{"self": {"addr":"localhost:4000","id":"0x004f424bb575238275"}, "url": "https://httpbin.org/xml", "size_bytes": 522, "content_type": "application/xml", "status_code": 200}
2025-11-24T20:05:59.545-0800	[34mINFO[0m	node.http-server	server/http.go:420	Content cached successfully	{"self": {"addr":"localhost:4000","id":"0x004f424bb575238275"}, "url": "https://httpbin.org/xml", "size_bytes": 522}
2025-11-24T20:05:59.545-0800	[34mINFO[0m	node.http-server	server/http.go:433	Request completed	{"self": {"addr":"localhost:4000","id":"0x004f424bb575238275"}, "url": "https://httpbin.org/xml", "total_latency_ms": 1356, "content_size": 522}
2025-11-24T20:05:59.551-0800	[34mINFO[0m	node.http-server	server/http.go:173	DHT lookup complete	{"self": {"addr":"localhost:4000","id":"0x004f424bb575238275"}, "url": "https://httpbin.org/json", "hash": "0x039f7419ed1a979997", "responsible": {"addr":"localhost:4000","id":"0x004f424bb575238275"}, "lookup_latency_ms": 1}
2025-11-24T20:05:59.551-0800	[34mINFO[0m	node.http-server	server/http.go:361	Cache HIT (local)	{"self": {"addr":"localhost:4000","id":"0x004f424bb575238275"}, "url": "https://httpbin.org/json", "size_bytes": 429, "latency_ms": 2}
2025-11-24T20:05:59.571-0800	[34mINFO[0m	node.http-server	server/http.go:173	DHT lookup complete	{"self": {"addr":"localhost:4000","id":"0x004f424bb575238275"}, "url": "https://httpbin.org/json", "hash": "0x039f7419ed1a979997", "responsible": {"addr":"localhost:4000","id":"0x004f424bb575238275"}, "lookup_latency_ms": 1}
2025-11-24T20:05:59.571-0800	[34mINFO[0m	node.http-server	server/http.go:361	Cache HIT (local)	{"self": {"addr":"localhost:4000","id":"0x004f424bb575238275"}, "url": "https://httpbin.org/json", "size_bytes": 429, "latency_ms": 2}
2025-11-24T20:05:59.591-0800	[34mINFO[0m	node.http-server	server/http.go:173	DHT lookup complete	{"self": {"addr":"localhost:4000","id":"0x004f424bb575238275"}, "url": "https://httpbin.org/bytes/2048", "hash": "0x03ccaf23e7b5be37e8", "responsible": {"addr":"localhost:4000","id":"0x004f424bb575238275"}, "lookup_latency_ms": 2}
2025-11-24T20:05:59.592-0800	[34mINFO[0m	node.http-server	server/http.go:361	Cache HIT (local)	{"self": {"addr":"localhost:4000","id":"0x004f424bb575238275"}, "url": "https://httpbin.org/bytes/2048", "size_bytes": 2048, "latency_ms": 2}
2025-11-24T20:05:59.610-0800	[34mINFO[0m	node.http-server	server/http.go:173	DHT lookup complete	{"self": {"addr":"localhost:4000","id":"0x004f424bb575238275"}, "url": "https://httpbin.org/base64/SFRUUEJJTiBpcyBhd2Vzb21l", "hash": "0x03dc49fba2d867e22c", "responsible": {"addr":"localhost:4000","id":"0x004f424bb575238275"}, "lookup_latency_ms": 1}
2025-11-24T20:05:59.611-0800	[34mINFO[0m	node.http-server	server/http.go:400	I am responsible, fetching from origin	{"self": {"addr":"localhost:4000","id":"0x004f424bb575238275"}, "url": "https://httpbin.org/base64/SFRUUEJJTiBpcyBhd2Vzb21l"}
2025-11-24T20:05:59.630-0800	[34mINFO[0m	node.http-server	server/http.go:173	DHT lookup complete	{"self": {"addr":"localhost:4000","id":"0x004f424bb575238275"}, "url": "https://httpbin.org/status/201", "hash": "0x007cb3c90721631a3c", "responsible": {"addr":"localhost:4002","id":"0x01908ac16ec9805a32"}, "lookup_latency_ms": 0}
2025-11-24T20:05:59.630-0800	[34mINFO[0m	node.http-server	server/http.go:215	Cache HIT (near)	{"self": {"addr":"localhost:4000","id":"0x004f424bb575238275"}, "url": "https://httpbin.org/status/201", "size_bytes": 0, "latency_ms": 1}
2025-11-24T20:05:59.650-0800	[34mINFO[0m	node.http-server	server/http.go:173	DHT lookup complete	{"self": {"addr":"localhost:4000","id":"0x004f424bb575238275"}, "url": "https://httpbin.org/html", "hash": "0x03f8c2be43d945597c", "responsible": {"addr":"localhost:4000","id":"0x004f424bb575238275"}, "lookup_latency_ms": 1}
2025-11-24T20:05:59.651-0800	[34mINFO[0m	node.http-server	server/http.go:361	Cache HIT (local)	{"self": {"addr":"localhost:4000","id":"0x004f424bb575238275"}, "url": "https://httpbin.org/html", "size_bytes": 3741, "latency_ms": 2}
2025-11-24T20:05:59.672-0800	[34mINFO[0m	node.http-server	server/http.go:173	DHT lookup complete	{"self": {"addr":"localhost:4000","id":"0x004f424bb575238275"}, "url": "https://httpbin.org/status/201", "hash": "0x007cb3c90721631a3c", "responsible": {"addr":"localhost:4002","id":"0x01908ac16ec9805a32"}, "lookup_latency_ms": 0}
2025-11-24T20:05:59.673-0800	[34mINFO[0m	node.http-server	server/http.go:215	Cache HIT (near)	{"self": {"addr":"localhost:4000","id":"0x004f424bb575238275"}, "url": "https://httpbin.org/status/201", "size_bytes": 0, "latency_ms": 1}
2025-11-24T20:05:59.682-0800	[34mINFO[0m	node.http-server	server/http.go:660	Origin fetch successful	{"self": {"addr":"localhost:4000","id":"0x004f424bb575238275"}, "url": "https://httpbin.org/base64/SFRUUEJJTiBpcyBhd2Vzb21l", "size_bytes": 18, "content_type": "text/html; charset=utf-8", "status_code": 200}
2025-11-24T20:05:59.682-0800	[34mINFO[0m	node.http-server	server/http.go:420	Content cached successfully	{"self": {"addr":"localhost:4000","id":"0x004f424bb575238275"}, "url": "https://httpbin.org/base64/SFRUUEJJTiBpcyBhd2Vzb21l", "size_bytes": 18}
2025-11-24T20:05:59.682-0800	[34mINFO[0m	node.http-server	server/http.go:433	Request completed	{"self": {"addr":"localhost:4000","id":"0x004f424bb575238275"}, "url": "https://httpbin.org/base64/SFRUUEJJTiBpcyBhd2Vzb21l", "total_latency_ms": 73, "content_size": 18}
2025-11-24T20:05:59.690-0800	[34mINFO[0m	node.http-server	server/http.go:173	DHT lookup complete	{"self": {"addr":"localhost:4000","id":"0x004f424bb575238275"}, "url": "https://httpbin.org/html", "hash": "0x03f8c2be43d945597c", "responsible": {"addr":"localhost:4000","id":"0x004f424bb575238275"}, "lookup_latency_ms": 1}
2025-11-24T20:05:59.690-0800	[34mINFO[0m	node.http-server	server/http.go:361	Cache HIT (local)	{"self": {"addr":"localhost:4000","id":"0x004f424bb575238275"}, "url": "https://httpbin.org/html", "size_bytes": 3741, "latency_ms": 2}
2025-11-24T20:05:59.702-0800	[34mINFO[0m	node.http-server	server/http.go:660	Origin fetch successful	{"self": {"addr":"localhost:4000","id":"0x004f424bb575238275"}, "url": "https://httpbin.org/base64/SFRUUEJJTiBpcyBhd2Vzb21l", "size_bytes": 18, "content_type": "text/html; charset=utf-8", "status_code": 200}
2025-11-24T20:05:59.703-0800	[34mINFO[0m	node.http-server	server/http.go:420	Content cached successfully	{"self": {"addr":"localhost:4000","id":"0x004f424bb575238275"}, "url": "https://httpbin.org/base64/SFRUUEJJTiBpcyBhd2Vzb21l", "size_bytes": 18}
2025-11-24T20:05:59.704-0800	[34mINFO[0m	node.http-server	server/http.go:433	Request completed	{"self": {"addr":"localhost:4000","id":"0x004f424bb575238275"}, "url": "https://httpbin.org/base64/SFRUUEJJTiBpcyBhd2Vzb21l", "total_latency_ms": 393, "content_size": 18}
2025-11-24T20:05:59.711-0800	[34mINFO[0m	node.http-server	server/http.go:173	DHT lookup complete	{"self": {"addr":"localhost:4000","id":"0x004f424bb575238275"}, "url": "https://httpbin.org/html", "hash": "0x03f8c2be43d945597c", "responsible": {"addr":"localhost:4000","id":"0x004f424bb575238275"}, "lookup_latency_ms": 1}
2025-11-24T20:05:59.711-0800	[34mINFO[0m	node.http-server	server/http.go:361	Cache HIT (local)	{"self": {"addr":"localhost:4000","id":"0x004f424bb575238275"}, "url": "https://httpbin.org/html", "size_bytes": 3741, "latency_ms": 2}
2025-11-24T20:05:59.725-0800	[34mINFO[0m	node.http-server	server/http.go:617	Request proxied successfully	{"self": {"addr":"localhost:4000","id":"0x004f424bb575238275"}, "url": "https://httpbin.org/robots.txt", "target_node": "localhost:4002", "total_latency_ms": 1315, "size_bytes": 30}
2025-11-24T20:05:59.731-0800	[34mINFO[0m	node.http-server	server/http.go:173	DHT lookup complete	{"self": {"addr":"localhost:4000","id":"0x004f424bb575238275"}, "url": "https://httpbin.org/base64/SFRUUEJJTiBpcyBhd2Vzb21l", "hash": "0x03dc49fba2d867e22c", "responsible": {"addr":"localhost:4000","id":"0x004f424bb575238275"}, "lookup_latency_ms": 1}
2025-11-24T20:05:59.731-0800	[34mINFO[0m	node.http-server	server/http.go:361	Cache HIT (local)	{"self": {"addr":"localhost:4000","id":"0x004f424bb575238275"}, "url": "https://httpbin.org/base64/SFRUUEJJTiBpcyBhd2Vzb21l", "size_bytes": 18, "latency_ms": 2}
2025-11-24T20:05:59.751-0800	[34mINFO[0m	node.http-server	server/http.go:173	DHT lookup complete	{"self": {"addr":"localhost:4000","id":"0x004f424bb575238275"}, "url": "https://httpbin.org/html", "hash": "0x03f8c2be43d945597c", "responsible": {"addr":"localhost:4000","id":"0x004f424bb575238275"}, "lookup_latency_ms": 1}
2025-11-24T20:05:59.751-0800	[34mINFO[0m	node.http-server	server/http.go:361	Cache HIT (local)	{"self": {"addr":"localhost:4000","id":"0x004f424bb575238275"}, "url": "https://httpbin.org/html", "size_bytes": 3741, "latency_ms": 2}
2025-11-24T20:05:59.771-0800	[34mINFO[0m	node.http-server	server/http.go:173	DHT lookup complete	{"self": {"addr":"localhost:4000","id":"0x004f424bb575238275"}, "url": "https://httpbin.org/json", "hash": "0x039f7419ed1a979997", "responsible": {"addr":"localhost:4000","id":"0x004f424bb575238275"}, "lookup_latency_ms": 1}
2025-11-24T20:05:59.771-0800	[34mINFO[0m	node.http-server	server/http.go:361	Cache HIT (local)	{"self": {"addr":"localhost:4000","id":"0x004f424bb575238275"}, "url": "https://httpbin.org/json", "size_bytes": 429, "latency_ms": 2}
2025-11-24T20:05:59.792-0800	[34mINFO[0m	node.http-server	server/http.go:173	DHT lookup complete	{"self": {"addr":"localhost:4000","id":"0x004f424bb575238275"}, "url": "https://httpbin.org/json", "hash": "0x039f7419ed1a979997", "responsible": {"addr":"localhost:4000","id":"0x004f424bb575238275"}, "lookup_latency_ms": 2}
2025-11-24T20:05:59.792-0800	[34mINFO[0m	node.http-server	server/http.go:361	Cache HIT (local)	{"self": {"addr":"localhost:4000","id":"0x004f424bb575238275"}, "url": "https://httpbin.org/json", "size_bytes": 429, "latency_ms": 2}
2025-11-24T20:05:59.811-0800	[34mINFO[0m	node.http-server	server/http.go:173	DHT lookup complete	{"self": {"addr":"localhost:4000","id":"0x004f424bb575238275"}, "url": "https://httpbin.org/delay/1", "hash": "0x020224d01ce6b3f21f", "responsible": {"addr":"localhost:4000","id":"0x004f424bb575238275"}, "lookup_latency_ms": 1}
2025-11-24T20:05:59.811-0800	[34mINFO[0m	node.http-server	server/http.go:400	I am responsible, fetching from origin	{"self": {"addr":"localhost:4000","id":"0x004f424bb575238275"}, "url": "https://httpbin.org/delay/1"}
2025-11-24T20:05:59.831-0800	[34mINFO[0m	node.http-server	server/http.go:173	DHT lookup complete	{"self": {"addr":"localhost:4000","id":"0x004f424bb575238275"}, "url": "https://httpbin.org/json", "hash": "0x039f7419ed1a979997", "responsible": {"addr":"localhost:4000","id":"0x004f424bb575238275"}, "lookup_latency_ms": 1}
2025-11-24T20:05:59.831-0800	[34mINFO[0m	node.http-server	server/http.go:361	Cache HIT (local)	{"self": {"addr":"localhost:4000","id":"0x004f424bb575238275"}, "url": "https://httpbin.org/json", "size_bytes": 429, "latency_ms": 2}
2025-11-24T20:05:59.851-0800	[34mINFO[0m	node.http-server	server/http.go:173	DHT lookup complete	{"self": {"addr":"localhost:4000","id":"0x004f424bb575238275"}, "url": "https://httpbin.org/xml", "hash": "0x020f33a7477ee1c5b8", "responsible": {"addr":"localhost:4000","id":"0x004f424bb575238275"}, "lookup_latency_ms": 2}
2025-11-24T20:05:59.852-0800	[34mINFO[0m	node.http-server	server/http.go:361	Cache HIT (local)	{"self": {"addr":"localhost:4000","id":"0x004f424bb575238275"}, "url": "https://httpbin.org/xml", "size_bytes": 522, "latency_ms": 2}
2025-11-24T20:05:59.871-0800	[34mINFO[0m	node.http-server	server/http.go:173	DHT lookup complete	{"self": {"addr":"localhost:4000","id":"0x004f424bb575238275"}, "url": "https://httpbin.org/status/200", "hash": "0x03e9fd41d8eac92f37", "responsible": {"addr":"localhost:4000","id":"0x004f424bb575238275"}, "lookup_latency_ms": 1}
2025-11-24T20:05:59.871-0800	[34mINFO[0m	node.http-server	server/http.go:361	Cache HIT (local)	{"self": {"addr":"localhost:4000","id":"0x004f424bb575238275"}, "url": "https://httpbin.org/status/200", "size_bytes": 0, "latency_ms": 2}
2025-11-24T20:05:59.889-0800	[34mINFO[0m	node.http-server	server/http.go:173	DHT lookup complete	{"self": {"addr":"localhost:4000","id":"0x004f424bb575238275"}, "url": "https://httpbin.org/robots.txt", "hash": "0x00d5ea21672bd0fb7b", "responsible": {"addr":"localhost:4002","id":"0x01908ac16ec9805a32"}, "lookup_latency_ms": 0}
2025-11-24T20:05:59.889-0800	[34mINFO[0m	node.http-server	server/http.go:215	Cache HIT (near)	{"self": {"addr":"localhost:4000","id":"0x004f424bb575238275"}, "url": "https://httpbin.org/robots.txt", "size_bytes": 30, "latency_ms": 1}
2025-11-24T20:05:59.910-0800	[34mINFO[0m	node.http-server	server/http.go:173	DHT lookup complete	{"self": {"addr":"localhost:4000","id":"0x004f424bb575238275"}, "url": "https://httpbin.org/robots.txt", "hash": "0x00d5ea21672bd0fb7b", "responsible": {"addr":"localhost:4002","id":"0x01908ac16ec9805a32"}, "lookup_latency_ms": 0}
2025-11-24T20:05:59.910-0800	[34mINFO[0m	node.http-server	server/http.go:215	Cache HIT (near)	{"self": {"addr":"localhost:4000","id":"0x004f424bb575238275"}, "url": "https://httpbin.org/robots.txt", "size_bytes": 30, "latency_ms": 1}
2025-11-24T20:05:59.924-0800	[34mINFO[0m	node.http-server	server/http.go:660	Origin fetch successful	{"self": {"addr":"localhost:4000","id":"0x004f424bb575238275"}, "url": "https://httpbin.org/json", "size_bytes": 429, "content_type": "application/json", "status_code": 200}
2025-11-24T20:05:59.924-0800	[34mINFO[0m	node.http-server	server/http.go:420	Content cached successfully	{"self": {"addr":"localhost:4000","id":"0x004f424bb575238275"}, "url": "https://httpbin.org/json", "size_bytes": 429}
2025-11-24T20:05:59.925-0800	[34mINFO[0m	node.http-server	server/http.go:433	Request completed	{"self": {"addr":"localhost:4000","id":"0x004f424bb575238275"}, "url": "https://httpbin.org/json", "total_latency_ms": 1549, "content_size": 429}
2025-11-24T20:05:59.932-0800	[34mINFO[0m	node.http-server	server/http.go:173	DHT lookup complete	{"self": {"addr":"localhost:4000","id":"0x004f424bb575238275"}, "url": "https://httpbin.org/bytes/1024", "hash": "0x02bb4d4f86730c1a6b", "responsible": {"addr":"localhost:4000","id":"0x004f424bb575238275"}, "lookup_latency_ms": 1}
2025-11-24T20:05:59.932-0800	[34mINFO[0m	node.http-server	server/http.go:361	Cache HIT (local)	{"self": {"addr":"localhost:4000","id":"0x004f424bb575238275"}, "url": "https://httpbin.org/bytes/1024", "size_bytes": 1024, "latency_ms": 1}
2025-11-24T20:05:59.951-0800	[34mINFO[0m	node.http-server	server/http.go:173	DHT lookup complete	{"self": {"addr":"localhost:4000","id":"0x004f424bb575238275"}, "url": "https://httpbin.org/html", "hash": "0x03f8c2be43d945597c", "responsible": {"addr":"localhost:4000","id":"0x004f424bb575238275"}, "lookup_latency_ms": 1}
2025-11-24T20:05:59.951-0800	[34mINFO[0m	node.http-server	server/http.go:361	Cache HIT (local)	{"self": {"addr":"localhost:4000","id":"0x004f424bb575238275"}, "url": "https://httpbin.org/html", "size_bytes": 3741, "latency_ms": 2}
2025-11-24T20:05:59.971-0800	[34mINFO[0m	node.http-server	server/http.go:173	DHT lookup complete	{"self": {"addr":"localhost:4000","id":"0x004f424bb575238275"}, "url": "https://httpbin.org/html", "hash": "0x03f8c2be43d945597c", "responsible": {"addr":"localhost:4000","id":"0x004f424bb575238275"}, "lookup_latency_ms": 1}
2025-11-24T20:05:59.972-0800	[34mINFO[0m	node.http-server	server/http.go:361	Cache HIT (local)	{"self": {"addr":"localhost:4000","id":"0x004f424bb575238275"}, "url": "https://httpbin.org/html", "size_bytes": 3741, "latency_ms": 2}
2025-11-24T20:05:59.991-0800	[34mINFO[0m	node.http-server	server/http.go:173	DHT lookup complete	{"self": {"addr":"localhost:4000","id":"0x004f424bb575238275"}, "url": "https://httpbin.org/json", "hash": "0x039f7419ed1a979997", "responsible": {"addr":"localhost:4000","id":"0x004f424bb575238275"}, "lookup_latency_ms": 1}
2025-11-24T20:05:59.991-0800	[34mINFO[0m	node.http-server	server/http.go:361	Cache HIT (local)	{"self": {"addr":"localhost:4000","id":"0x004f424bb575238275"}, "url": "https://httpbin.org/json", "size_bytes": 429, "latency_ms": 2}
2025-11-24T20:06:00.011-0800	[34mINFO[0m	node.http-server	server/http.go:173	DHT lookup complete	{"self": {"addr":"localhost:4000","id":"0x004f424bb575238275"}, "url": "https://httpbin.org/json", "hash": "0x039f7419ed1a979997", "responsible": {"addr":"localhost:4000","id":"0x004f424bb575238275"}, "lookup_latency_ms": 1}
2025-11-24T20:06:00.012-0800	[34mINFO[0m	node.http-server	server/http.go:361	Cache HIT (local)	{"self": {"addr":"localhost:4000","id":"0x004f424bb575238275"}, "url": "https://httpbin.org/json", "size_bytes": 429, "latency_ms": 2}
2025-11-24T20:06:00.032-0800	[34mINFO[0m	node.http-server	server/http.go:173	DHT lookup complete	{"self": {"addr":"localhost:4000","id":"0x004f424bb575238275"}, "url": "https://httpbin.org/json", "hash": "0x039f7419ed1a979997", "responsible": {"addr":"localhost:4000","id":"0x004f424bb575238275"}, "lookup_latency_ms": 1}
2025-11-24T20:06:00.032-0800	[34mINFO[0m	node.http-server	server/http.go:361	Cache HIT (local)	{"self": {"addr":"localhost:4000","id":"0x004f424bb575238275"}, "url": "https://httpbin.org/json", "size_bytes": 429, "latency_ms": 2}
2025-11-24T20:06:00.051-0800	[34mINFO[0m	node.http-server	server/http.go:173	DHT lookup complete	{"self": {"addr":"localhost:4000","id":"0x004f424bb575238275"}, "url": "https://httpbin.org/html", "hash": "0x03f8c2be43d945597c", "responsible": {"addr":"localhost:4000","id":"0x004f424bb575238275"}, "lookup_latency_ms": 1}
2025-11-24T20:06:00.052-0800	[34mINFO[0m	node.http-server	server/http.go:361	Cache HIT (local)	{"self": {"addr":"localhost:4000","id":"0x004f424bb575238275"}, "url": "https://httpbin.org/html", "size_bytes": 3741, "latency_ms": 2}
2025-11-24T20:06:00.071-0800	[34mINFO[0m	node.http-server	server/http.go:173	DHT lookup complete	{"self": {"addr":"localhost:4000","id":"0x004f424bb575238275"}, "url": "https://httpbin.org/json", "hash": "0x039f7419ed1a979997", "responsible": {"addr":"localhost:4000","id":"0x004f424bb575238275"}, "lookup_latency_ms": 1}
2025-11-24T20:06:00.071-0800	[34mINFO[0m	node.http-server	server/http.go:361	Cache HIT (local)	{"self": {"addr":"localhost:4000","id":"0x004f424bb575238275"}, "url": "https://httpbin.org/json", "size_bytes": 429, "latency_ms": 2}
2025-11-24T20:06:00.382-0800	[34mINFO[0m	node.http-server	server/http.go:660	Origin fetch successful	{"self": {"addr":"localhost:4000","id":"0x004f424bb575238275"}, "url": "https://httpbin.org/delay/1", "size_bytes": 322, "content_type": "application/json", "status_code": 200}
2025-11-24T20:06:00.384-0800	[34mINFO[0m	node.http-server	server/http.go:420	Content cached successfully	{"self": {"addr":"localhost:4000","id":"0x004f424bb575238275"}, "url": "https://httpbin.org/delay/1", "size_bytes": 322}
2025-11-24T20:06:00.385-0800	[34mINFO[0m	node.http-server	server/http.go:433	Request completed	{"self": {"addr":"localhost:4000","id":"0x004f424bb575238275"}, "url": "https://httpbin.org/delay/1", "total_latency_ms": 1095, "content_size": 322}
2025-11-24T20:06:00.625-0800	[34mINFO[0m	node.http-server	server/http.go:660	Origin fetch successful	{"self": {"addr":"localhost:4000","id":"0x004f424bb575238275"}, "url": "https://httpbin.org/deny", "size_bytes": 239, "content_type": "text/plain", "status_code": 200}
2025-11-24T20:06:00.626-0800	[34mINFO[0m	node.http-server	server/http.go:420	Content cached successfully	{"self": {"addr":"localhost:4000","id":"0x004f424bb575238275"}, "url": "https://httpbin.org/deny", "size_bytes": 239}
2025-11-24T20:06:00.626-0800	[34mINFO[0m	node.http-server	server/http.go:433	Request completed	{"self": {"addr":"localhost:4000","id":"0x004f424bb575238275"}, "url": "https://httpbin.org/deny", "total_latency_ms": 2517, "content_size": 239}
2025-11-24T20:06:01.136-0800	[34mINFO[0m	node.http-server	server/http.go:660	Origin fetch successful	{"self": {"addr":"localhost:4000","id":"0x004f424bb575238275"}, "url": "https://httpbin.org/delay/2", "size_bytes": 322, "content_type": "application/json", "status_code": 200}
2025-11-24T20:06:01.137-0800	[34mINFO[0m	node.http-server	server/http.go:420	Content cached successfully	{"self": {"addr":"localhost:4000","id":"0x004f424bb575238275"}, "url": "https://httpbin.org/delay/2", "size_bytes": 322}
2025-11-24T20:06:01.138-0800	[34mINFO[0m	node.http-server	server/http.go:433	Request completed	{"self": {"addr":"localhost:4000","id":"0x004f424bb575238275"}, "url": "https://httpbin.org/delay/2", "total_latency_ms": 2649, "content_size": 322}
2025-11-24T20:06:01.176-0800	[34mINFO[0m	node.http-server	server/http.go:660	Origin fetch successful	{"self": {"addr":"localhost:4000","id":"0x004f424bb575238275"}, "url": "https://httpbin.org/delay/2", "size_bytes": 322, "content_type": "application/json", "status_code": 200}
2025-11-24T20:06:01.177-0800	[34mINFO[0m	node.http-server	server/http.go:420	Content cached successfully	{"self": {"addr":"localhost:4000","id":"0x004f424bb575238275"}, "url": "https://httpbin.org/delay/2", "size_bytes": 322}
2025-11-24T20:06:01.177-0800	[34mINFO[0m	node.http-server	server/http.go:433	Request completed	{"self": {"addr":"localhost:4000","id":"0x004f424bb575238275"}, "url": "https://httpbin.org/delay/2", "total_latency_ms": 2747, "content_size": 322}
2025-11-24T20:06:01.422-0800	[34mINFO[0m	node.http-server	server/http.go:660	Origin fetch successful	{"self": {"addr":"localhost:4000","id":"0x004f424bb575238275"}, "url": "https://httpbin.org/delay/2", "size_bytes": 322, "content_type": "application/json", "status_code": 200}
2025-11-24T20:06:01.422-0800	[34mINFO[0m	node.http-server	server/http.go:420	Content cached successfully	{"self": {"addr":"localhost:4000","id":"0x004f424bb575238275"}, "url": "https://httpbin.org/delay/2", "size_bytes": 322}
2025-11-24T20:06:01.422-0800	[34mINFO[0m	node.http-server	server/http.go:433	Request completed	{"self": {"addr":"localhost:4000","id":"0x004f424bb575238275"}, "url": "https://httpbin.org/delay/2", "total_latency_ms": 2173, "content_size": 322}
2025-11-24T20:06:01.814-0800	[34mINFO[0m	node.http-server	server/http.go:660	Origin fetch successful	{"self": {"addr":"localhost:4000","id":"0x004f424bb575238275"}, "url": "https://httpbin.org/delay/2", "size_bytes": 322, "content_type": "application/json", "status_code": 200}
2025-11-24T20:06:01.816-0800	[34mINFO[0m	node.http-server	server/http.go:420	Content cached successfully	{"self": {"addr":"localhost:4000","id":"0x004f424bb575238275"}, "url": "https://httpbin.org/delay/2", "size_bytes": 322}
2025-11-24T20:06:01.817-0800	[34mINFO[0m	node.http-server	server/http.go:433	Request completed	{"self": {"addr":"localhost:4000","id":"0x004f424bb575238275"}, "url": "https://httpbin.org/delay/2", "total_latency_ms": 2585, "content_size": 322}
2025-11-24T20:06:02.815-0800	[34mINFO[0m	node.http-server	server/http.go:660	Origin fetch successful	{"self": {"addr":"localhost:4000","id":"0x004f424bb575238275"}, "url": "https://httpbin.org/delay/1", "size_bytes": 322, "content_type": "application/json", "status_code": 200}
2025-11-24T20:06:02.816-0800	[34mINFO[0m	node.http-server	server/http.go:420	Content cached successfully	{"self": {"addr":"localhost:4000","id":"0x004f424bb575238275"}, "url": "https://httpbin.org/delay/1", "size_bytes": 322}
2025-11-24T20:06:02.817-0800	[34mINFO[0m	node.http-server	server/http.go:433	Request completed	{"self": {"addr":"localhost:4000","id":"0x004f424bb575238275"}, "url": "https://httpbin.org/delay/1", "total_latency_ms": 3007, "content_size": 322}
2025-11-24T20:06:02.852-0800	[34mINFO[0m	node.http-server	server/http.go:660	Origin fetch successful	{"self": {"addr":"localhost:4000","id":"0x004f424bb575238275"}, "url": "https://httpbin.org/delay/2", "size_bytes": 322, "content_type": "application/json", "status_code": 200}
2025-11-24T20:06:02.853-0800	[34mINFO[0m	node.http-server	server/http.go:420	Content cached successfully	{"self": {"addr":"localhost:4000","id":"0x004f424bb575238275"}, "url": "https://httpbin.org/delay/2", "size_bytes": 322}
2025-11-24T20:06:02.853-0800	[34mINFO[0m	node.http-server	server/http.go:433	Request completed	{"self": {"addr":"localhost:4000","id":"0x004f424bb575238275"}, "url": "https://httpbin.org/delay/2", "total_latency_ms": 3425, "content_size": 322}
2025-11-24T20:06:03.020-0800	[34mINFO[0m	node.http-server	server/http.go:660	Origin fetch successful	{"self": {"addr":"localhost:4000","id":"0x004f424bb575238275"}, "url": "https://httpbin.org/json", "size_bytes": 429, "content_type": "application/json", "status_code": 200}
2025-11-24T20:06:03.020-0800	[34mINFO[0m	node.http-server	server/http.go:420	Content cached successfully	{"self": {"addr":"localhost:4000","id":"0x004f424bb575238275"}, "url": "https://httpbin.org/json", "size_bytes": 429}
2025-11-24T20:06:03.021-0800	[34mINFO[0m	node.http-server	server/http.go:433	Request completed	{"self": {"addr":"localhost:4000","id":"0x004f424bb575238275"}, "url": "https://httpbin.org/json", "total_latency_ms": 4891, "content_size": 429}
