2025-11-12T16:08:10.146-0800	[34mINFO[0m	config/config.go:297	Loaded configuration	{"logger.active": true, "logger.level": "info", "logger.encoding": "console", "logger.mode": "stdout", "logger.file.path": "", "logger.file.maxSizeMB": 0, "logger.file.maxBackups": 0, "logger.file.maxAgeDays": 0, "logger.file.compress": false, "dht.idBits": 66, "dht.mode": "private", "dht.deBruijn.degree": 8, "dht.deBruijn.fixInterval": "5s", "dht.deBruijn.fixIntervalMs": 5000, "dht.storage.fixInterval": "20s", "dht.storage.fixIntervalMs": 20000, "dht.faultTolerance.successorListSize": 8, "dht.faultTolerance.stabilizationInterval": "2s", "dht.faultTolerance.stabilizationIntervalMs": 2000, "dht.faultTolerance.failureTimeout": "1s", "dht.faultTolerance.failureTimeoutMs": 1000, "dht.bootstrap.mode": "static", "dht.bootstrap.peers": [], "dht.bootstrap.register.hostedZoneId": "", "dht.bootstrap.register.domainSuffix": "", "dht.bootstrap.register.ttl": 0, "dht.bootstrap.register.region": "", "node.id": "", "node.host": "localhost", "node.bind": "0.0.0.0", "node.port": 4000, "telemetry.tracing.enabled": false, "telemetry.tracing.exporter": "", "telemetry.tracing.endpoint": "", "cache.enabled": true, "cache.httpPort": 8080, "cache.capacityMB": 512, "cache.defaultTTL": 3600, "cache.hotspotThreshold": 10, "cache.hotspotDecayRate": 0.65}
2025-11-12T16:08:10.230-0800	[34mINFO[0m	node	node/main.go:101	New Node initializing	{"self": {"addr":"localhost:4000","id":"0x004f424bb575238275"}}
2025/11/12 16:08:10 Tracing disabled
2025-11-12T16:08:10.232-0800	[34mINFO[0m	node	node/main.go:130	initialized web cache	{"self": {"addr":"localhost:4000","id":"0x004f424bb575238275"}, "capacity_mb": 512}
2025-11-12T16:08:10.232-0800	[34mINFO[0m	node	node/main.go:137	initialized hotspot detector	{"self": {"addr":"localhost:4000","id":"0x004f424bb575238275"}, "threshold": 10, "decay_rate": 0.65}
2025-11-12T16:08:10.233-0800	[34mINFO[0m	node	node/main.go:237	resolved bootstrap peers	{"self": {"addr":"localhost:4000","id":"0x004f424bb575238275"}, "peers": []}
2025-11-12T16:08:10.233-0800	[34mINFO[0m	node	node/main.go:259	node registered successfully	{"self": {"addr":"localhost:4000","id":"0x004f424bb575238275"}}
2025-11-12T16:08:10.233-0800	[34mINFO[0m	node.http-server	server/http.go:70	HTTP cache server starting	{"self": {"addr":"localhost:4000","id":"0x004f424bb575238275"}, "addr": ":8080"}
2025-11-12T16:08:12.122-0800	[34mINFO[0m	node	logicnode/operation.go:414	Notify: predecessor updated	{"self": {"addr":"localhost:4000","id":"0x004f424bb575238275"}, "newPredecessor": {"addr":"localhost:4001","id":"0x0051ee3541f65b0e86"}, "oldPredecessor": {"addr":"localhost:4000","id":"0x004f424bb575238275"}}
2025-11-12T16:08:14.084-0800	[34mINFO[0m	node	logicnode/operation.go:414	Notify: predecessor updated	{"self": {"addr":"localhost:4000","id":"0x004f424bb575238275"}, "newPredecessor": {"addr":"localhost:4002","id":"0x01908ac16ec9805a32"}, "oldPredecessor": {"addr":"localhost:4001","id":"0x0051ee3541f65b0e86"}}
2025-11-12T16:08:18.083-0800	[34mINFO[0m	node	logicnode/operation.go:414	Notify: predecessor updated	{"self": {"addr":"localhost:4000","id":"0x004f424bb575238275"}, "newPredecessor": {"addr":"localhost:4004","id":"0x003ce6a18a52608073"}, "oldPredecessor": {"addr":"localhost:4002","id":"0x01908ac16ec9805a32"}}
2025-11-12T16:08:44.236-0800	[33mWARN[0m	node	logicnode/worker.go:185	stabilize: could not get predecessor from successor	{"self": {"addr":"localhost:4000","id":"0x004f424bb575238275"}, "succ": {"addr":"localhost:4001","id":"0x0051ee3541f65b0e86"}, "err": "client: remote node has no predecessor"}
2025-11-12T16:08:44.236-0800	[33mWARN[0m	node	logicnode/worker.go:194	stabilize: successor unresponsive, attempting promotion	{"self": {"addr":"localhost:4000","id":"0x004f424bb575238275"}, "old_successor": {"addr":"localhost:4001","id":"0x0051ee3541f65b0e86"}}
2025-11-12T16:10:06.213-0800	[34mINFO[0m	node.http-server	server/http.go:151	DHT lookup complete	{"self": {"addr":"localhost:4000","id":"0x004f424bb575238275"}, "url": "https://httpbin.org/json", "hash": "0x039f7419ed1a979997", "responsible": {"addr":"localhost:4021","id":"0x03aca98819949d884c"}, "lookup_latency_ms": 5}
2025-11-12T16:10:06.214-0800	[34mINFO[0m	node.http-server	server/http.go:209	Forwarding to responsible node	{"self": {"addr":"localhost:4000","id":"0x004f424bb575238275"}, "url": "https://httpbin.org/json", "hash": "0x039f7419ed1a979997", "responsible_from_lookup": {"addr":"localhost:4021","id":"0x03aca98819949d884c"}, "forward_target": {"addr":"localhost:4021","id":"0x03aca98819949d884c"}}
2025-11-12T16:10:09.625-0800	[34mINFO[0m	node.http-server	server/http.go:436	Request proxied successfully	{"self": {"addr":"localhost:4000","id":"0x004f424bb575238275"}, "url": "https://httpbin.org/json", "target_node": "localhost:4021", "total_latency_ms": 3416, "size_bytes": 429}
2025-11-12T16:10:09.708-0800	[34mINFO[0m	node.http-server	server/http.go:151	DHT lookup complete	{"self": {"addr":"localhost:4000","id":"0x004f424bb575238275"}, "url": "https://httpbin.org/json", "hash": "0x039f7419ed1a979997", "responsible": {"addr":"localhost:4021","id":"0x03aca98819949d884c"}, "lookup_latency_ms": 8}
2025-11-12T16:10:09.708-0800	[34mINFO[0m	node.http-server	server/http.go:209	Forwarding to responsible node	{"self": {"addr":"localhost:4000","id":"0x004f424bb575238275"}, "url": "https://httpbin.org/json", "hash": "0x039f7419ed1a979997", "responsible_from_lookup": {"addr":"localhost:4021","id":"0x03aca98819949d884c"}, "forward_target": {"addr":"localhost:4021","id":"0x03aca98819949d884c"}}
2025-11-12T16:10:09.710-0800	[34mINFO[0m	node.http-server	server/http.go:436	Request proxied successfully	{"self": {"addr":"localhost:4000","id":"0x004f424bb575238275"}, "url": "https://httpbin.org/json", "target_node": "localhost:4021", "total_latency_ms": 11, "size_bytes": 429}
2025-11-12T17:08:10.234-0800	[34mINFO[0m	node	node/main.go:148	cleaned expired cache entries	{"self": {"addr":"localhost:4000","id":"0x004f424bb575238275"}, "count": 0}
2025-11-12T17:08:10.240-0800	[34mINFO[0m	node	node/main.go:151	cleaned stale hotspot entries	{"self": {"addr":"localhost:4000","id":"0x004f424bb575238275"}, "count": 0}
2025-11-12T20:43:34.948-0800	[34mINFO[0m	node	node/main.go:148	cleaned expired cache entries	{"self": {"addr":"localhost:4000","id":"0x004f424bb575238275"}, "count": 0}
2025-11-12T20:43:34.952-0800	[34mINFO[0m	node	node/main.go:151	cleaned stale hotspot entries	{"self": {"addr":"localhost:4000","id":"0x004f424bb575238275"}, "count": 0}
2025-11-12T21:43:34.947-0800	[34mINFO[0m	node	node/main.go:148	cleaned expired cache entries	{"self": {"addr":"localhost:4000","id":"0x004f424bb575238275"}, "count": 0}
2025-11-12T21:43:34.977-0800	[34mINFO[0m	node	node/main.go:151	cleaned stale hotspot entries	{"self": {"addr":"localhost:4000","id":"0x004f424bb575238275"}, "count": 0}
2025-11-12T22:43:34.947-0800	[34mINFO[0m	node	node/main.go:148	cleaned expired cache entries	{"self": {"addr":"localhost:4000","id":"0x004f424bb575238275"}, "count": 0}
2025-11-12T22:43:34.949-0800	[34mINFO[0m	node	node/main.go:151	cleaned stale hotspot entries	{"self": {"addr":"localhost:4000","id":"0x004f424bb575238275"}, "count": 0}
2025-11-12T23:43:34.948-0800	[34mINFO[0m	node	node/main.go:148	cleaned expired cache entries	{"self": {"addr":"localhost:4000","id":"0x004f424bb575238275"}, "count": 0}
2025-11-12T23:43:34.951-0800	[34mINFO[0m	node	node/main.go:151	cleaned stale hotspot entries	{"self": {"addr":"localhost:4000","id":"0x004f424bb575238275"}, "count": 0}
2025-11-13T09:09:50.284-0800	[34mINFO[0m	node	node/main.go:148	cleaned expired cache entries	{"self": {"addr":"localhost:4000","id":"0x004f424bb575238275"}, "count": 0}
2025-11-13T09:09:50.292-0800	[34mINFO[0m	node	node/main.go:151	cleaned stale hotspot entries	{"self": {"addr":"localhost:4000","id":"0x004f424bb575238275"}, "count": 0}
2025-11-13T10:09:50.275-0800	[34mINFO[0m	node	node/main.go:148	cleaned expired cache entries	{"self": {"addr":"localhost:4000","id":"0x004f424bb575238275"}, "count": 0}
2025-11-13T10:09:50.277-0800	[34mINFO[0m	node	node/main.go:151	cleaned stale hotspot entries	{"self": {"addr":"localhost:4000","id":"0x004f424bb575238275"}, "count": 0}
2025-11-13T11:09:50.274-0800	[34mINFO[0m	node	node/main.go:148	cleaned expired cache entries	{"self": {"addr":"localhost:4000","id":"0x004f424bb575238275"}, "count": 0}
2025-11-13T11:09:50.276-0800	[34mINFO[0m	node	node/main.go:151	cleaned stale hotspot entries	{"self": {"addr":"localhost:4000","id":"0x004f424bb575238275"}, "count": 0}
2025-11-13T13:42:28.263-0800	[34mINFO[0m	node	node/main.go:148	cleaned expired cache entries	{"self": {"addr":"localhost:4000","id":"0x004f424bb575238275"}, "count": 0}
2025-11-13T13:42:28.269-0800	[34mINFO[0m	node	node/main.go:151	cleaned stale hotspot entries	{"self": {"addr":"localhost:4000","id":"0x004f424bb575238275"}, "count": 0}
2025-11-13T14:43:29.700-0800	[34mINFO[0m	node	node/main.go:148	cleaned expired cache entries	{"self": {"addr":"localhost:4000","id":"0x004f424bb575238275"}, "count": 0}
2025-11-13T14:43:29.708-0800	[34mINFO[0m	node	node/main.go:151	cleaned stale hotspot entries	{"self": {"addr":"localhost:4000","id":"0x004f424bb575238275"}, "count": 0}
2025-11-13T15:43:29.702-0800	[34mINFO[0m	node	node/main.go:148	cleaned expired cache entries	{"self": {"addr":"localhost:4000","id":"0x004f424bb575238275"}, "count": 0}
2025-11-13T15:43:29.717-0800	[34mINFO[0m	node	node/main.go:151	cleaned stale hotspot entries	{"self": {"addr":"localhost:4000","id":"0x004f424bb575238275"}, "count": 0}
2025-11-13T16:46:57.801-0800	[34mINFO[0m	node	node/main.go:148	cleaned expired cache entries	{"self": {"addr":"localhost:4000","id":"0x004f424bb575238275"}, "count": 0}
2025-11-13T16:46:57.813-0800	[34mINFO[0m	node	node/main.go:151	cleaned stale hotspot entries	{"self": {"addr":"localhost:4000","id":"0x004f424bb575238275"}, "count": 0}
