2025-11-12T16:09:12.149-0800	[34mINFO[0m	config/config.go:297	Loaded configuration	{"logger.active": true, "logger.level": "info", "logger.encoding": "console", "logger.mode": "stdout", "logger.file.path": "", "logger.file.maxSizeMB": 0, "logger.file.maxBackups": 0, "logger.file.maxAgeDays": 0, "logger.file.compress": false, "dht.idBits": 66, "dht.mode": "private", "dht.deBruijn.degree": 8, "dht.deBruijn.fixInterval": "5s", "dht.deBruijn.fixIntervalMs": 5000, "dht.storage.fixInterval": "20s", "dht.storage.fixIntervalMs": 20000, "dht.faultTolerance.successorListSize": 8, "dht.faultTolerance.stabilizationInterval": "2s", "dht.faultTolerance.stabilizationIntervalMs": 2000, "dht.faultTolerance.failureTimeout": "1s", "dht.faultTolerance.failureTimeoutMs": 1000, "dht.bootstrap.mode": "static", "dht.bootstrap.peers": ["localhost:4000"], "dht.bootstrap.register.hostedZoneId": "", "dht.bootstrap.register.domainSuffix": "", "dht.bootstrap.register.ttl": 0, "dht.bootstrap.register.region": "", "node.id": "", "node.host": "localhost", "node.bind": "0.0.0.0", "node.port": 4031, "telemetry.tracing.enabled": false, "telemetry.tracing.exporter": "", "telemetry.tracing.endpoint": "", "cache.enabled": true, "cache.httpPort": 8111, "cache.capacityMB": 512, "cache.defaultTTL": 3600, "cache.hotspotThreshold": 10, "cache.hotspotDecayRate": 0.65}
2025-11-12T16:09:12.160-0800	[34mINFO[0m	node	node/main.go:101	New Node initializing	{"self": {"addr":"localhost:4031","id":"0x021203d6676ae77b72"}}
2025/11/12 16:09:12 Tracing disabled
2025-11-12T16:09:12.161-0800	[34mINFO[0m	node	node/main.go:130	initialized web cache	{"self": {"addr":"localhost:4031","id":"0x021203d6676ae77b72"}, "capacity_mb": 512}
2025-11-12T16:09:12.161-0800	[34mINFO[0m	node	node/main.go:137	initialized hotspot detector	{"self": {"addr":"localhost:4031","id":"0x021203d6676ae77b72"}, "threshold": 10, "decay_rate": 0.65}
2025-11-12T16:09:12.162-0800	[34mINFO[0m	node	node/main.go:237	resolved bootstrap peers	{"self": {"addr":"localhost:4031","id":"0x021203d6676ae77b72"}, "peers": ["localhost:4000"]}
2025-11-12T16:09:12.162-0800	[34mINFO[0m	node.http-server	server/http.go:70	HTTP cache server starting	{"self": {"addr":"localhost:4031","id":"0x021203d6676ae77b72"}, "addr": ":8111"}
2025-11-12T16:09:12.185-0800	[34mINFO[0m	node	logicnode/node.go:72	join: candidate successor found	{"self": {"addr":"localhost:4031","id":"0x021203d6676ae77b72"}, "bootstrap": "localhost:4000", "successor": {"addr":"localhost:4010","id":"0x0229fa4890cda12a6b"}}
2025-11-12T16:09:12.204-0800	[34mINFO[0m	node	logicnode/node.go:103	join: successor has predecessor	{"self": {"addr":"localhost:4031","id":"0x021203d6676ae77b72"}, "predecessor": {"addr":"localhost:4019","id":"0x01fd766c6b6d184fa5"}}
2025-11-12T16:09:12.224-0800	[33mWARN[0m	node	logicnode/operation.go:296	FindSuccessorStep: de Bruijn failed or empty, falling back to successor	{"self": {"addr":"localhost:4031","id":"0x021203d6676ae77b72"}, "target": "0x03fdd58ea90e174947", "nextHop": {"addr":"localhost:4010","id":"0x0229fa4890cda12a6b"}}
2025-11-12T16:09:12.269-0800	[34mINFO[0m	node	logicnode/node.go:135	join: completed successfully	{"self": {"addr":"localhost:4031","id":"0x021203d6676ae77b72"}, "self": {"addr":"localhost:4031","id":"0x021203d6676ae77b72"}, "successor": {"addr":"localhost:4010","id":"0x0229fa4890cda12a6b"}}
2025-11-12T16:09:12.270-0800	[34mINFO[0m	node	node/main.go:259	node registered successfully	{"self": {"addr":"localhost:4031","id":"0x021203d6676ae77b72"}}
2025-11-12T16:09:37.278-0800	[33mWARN[0m	node	logicnode/operation.go:290	FindSuccessorStep: de Bruijn hop failed, trying previous candidate	{"self": {"addr":"localhost:4031","id":"0x021203d6676ae77b72"}, "tryIdx": 7, "failedNode": {"addr":"localhost:4015","id":"0x0096b81747ee4d20a7"}, "err": null}
2025-11-12T16:15:23.810-0800	[34mINFO[0m	node.http-server	server/http.go:254	I am responsible, fetching from origin	{"self": {"addr":"localhost:4031","id":"0x021203d6676ae77b72"}, "url": "https://www.youtube.com"}
2025-11-12T16:15:24.219-0800	[34mINFO[0m	node.http-server	server/http.go:478	Origin fetch successful	{"self": {"addr":"localhost:4031","id":"0x021203d6676ae77b72"}, "url": "https://www.youtube.com", "size_bytes": 712967, "content_type": "text/html; charset=utf-8"}
2025-11-12T16:15:24.220-0800	[34mINFO[0m	node.http-server	server/http.go:274	Content cached successfully	{"self": {"addr":"localhost:4031","id":"0x021203d6676ae77b72"}, "url": "https://www.youtube.com", "size_bytes": 712967}
2025-11-12T16:15:24.222-0800	[34mINFO[0m	node.http-server	server/http.go:286	Request completed	{"self": {"addr":"localhost:4031","id":"0x021203d6676ae77b72"}, "url": "https://www.youtube.com", "total_latency_ms": 412, "content_size": 712967}
2025-11-12T17:09:12.162-0800	[34mINFO[0m	node	node/main.go:148	cleaned expired cache entries	{"self": {"addr":"localhost:4031","id":"0x021203d6676ae77b72"}, "count": 0}
2025-11-12T17:09:12.164-0800	[34mINFO[0m	node	node/main.go:151	cleaned stale hotspot entries	{"self": {"addr":"localhost:4031","id":"0x021203d6676ae77b72"}, "count": 0}
2025-11-12T20:44:36.876-0800	[34mINFO[0m	node	node/main.go:148	cleaned expired cache entries	{"self": {"addr":"localhost:4031","id":"0x021203d6676ae77b72"}, "count": 1}
2025-11-12T20:44:36.878-0800	[34mINFO[0m	node	node/main.go:151	cleaned stale hotspot entries	{"self": {"addr":"localhost:4031","id":"0x021203d6676ae77b72"}, "count": 0}
2025-11-12T21:44:36.876-0800	[34mINFO[0m	node	node/main.go:148	cleaned expired cache entries	{"self": {"addr":"localhost:4031","id":"0x021203d6676ae77b72"}, "count": 0}
2025-11-12T21:44:36.878-0800	[34mINFO[0m	node	node/main.go:151	cleaned stale hotspot entries	{"self": {"addr":"localhost:4031","id":"0x021203d6676ae77b72"}, "count": 0}
2025-11-12T22:44:36.876-0800	[34mINFO[0m	node	node/main.go:148	cleaned expired cache entries	{"self": {"addr":"localhost:4031","id":"0x021203d6676ae77b72"}, "count": 0}
2025-11-12T22:44:36.878-0800	[34mINFO[0m	node	node/main.go:151	cleaned stale hotspot entries	{"self": {"addr":"localhost:4031","id":"0x021203d6676ae77b72"}, "count": 0}
2025-11-12T23:44:36.876-0800	[34mINFO[0m	node	node/main.go:148	cleaned expired cache entries	{"self": {"addr":"localhost:4031","id":"0x021203d6676ae77b72"}, "count": 0}
2025-11-12T23:44:36.877-0800	[34mINFO[0m	node	node/main.go:151	cleaned stale hotspot entries	{"self": {"addr":"localhost:4031","id":"0x021203d6676ae77b72"}, "count": 0}
2025-11-13T03:15:17.022-0800	[31mERROR[0m	node	logicnode/operation.go:286	FindSuccessorStep: lookup interrupted by timeout/cancel	{"self": {"addr":"localhost:4031","id":"0x021203d6676ae77b72"}, "tryIdx": 6, "addr": "localhost:4035", "err": null}
KoordeDHT/internal/node/logicnode.(*Node).FindSuccessorStep
	/mnt/d/CS6650/KoordeDHT-web-cache/internal/node/logicnode/operation.go:286
KoordeDHT/internal/node/server.(*dhtService).FindSuccessor
	/mnt/d/CS6650/KoordeDHT-web-cache/internal/node/server/dht_service.go:115
KoordeDHT/internal/api/dht/v1._DHT_FindSuccessor_Handler
	/mnt/d/CS6650/KoordeDHT-web-cache/internal/api/dht/v1/node_grpc.pb.go:255
google.golang.org/grpc.(*Server).processUnaryRPC
	/home/yuzheng/go/pkg/mod/google.golang.org/grpc@v1.75.1/server.go:1431
google.golang.org/grpc.(*Server).handleStream
	/home/yuzheng/go/pkg/mod/google.golang.org/grpc@v1.75.1/server.go:1842
google.golang.org/grpc.(*Server).serveStreams.func2.1
	/home/yuzheng/go/pkg/mod/google.golang.org/grpc@v1.75.1/server.go:1061
2025-11-13T03:15:17.046-0800	[31mERROR[0m	node	logicnode/operation.go:286	FindSuccessorStep: lookup interrupted by timeout/cancel	{"self": {"addr":"localhost:4031","id":"0x021203d6676ae77b72"}, "tryIdx": 2, "addr": "localhost:4009", "err": null}
KoordeDHT/internal/node/logicnode.(*Node).FindSuccessorStep
	/mnt/d/CS6650/KoordeDHT-web-cache/internal/node/logicnode/operation.go:286
KoordeDHT/internal/node/logicnode.(*Node).FindSuccessorInit
	/mnt/d/CS6650/KoordeDHT-web-cache/internal/node/logicnode/operation.go:185
KoordeDHT/internal/node/logicnode.(*Node).fixDeBruijn
	/mnt/d/CS6650/KoordeDHT-web-cache/internal/node/logicnode/worker.go:456
KoordeDHT/internal/node/logicnode.(*Node).StartStabilizers.func2
	/mnt/d/CS6650/KoordeDHT-web-cache/internal/node/logicnode/worker.go:49
2025-11-13T03:15:17.148-0800	[33mWARN[0m	node	logicnode/worker.go:459	fixDeBruijn: could not find successor	{"self": {"addr":"localhost:4031","id":"0x021203d6676ae77b72"}, "target": "0x0052dadefe13679e4d", "err": "context deadline exceeded"}
2025-11-13T09:10:52.203-0800	[34mINFO[0m	node	node/main.go:148	cleaned expired cache entries	{"self": {"addr":"localhost:4031","id":"0x021203d6676ae77b72"}, "count": 0}
2025-11-13T09:10:52.204-0800	[34mINFO[0m	node	node/main.go:151	cleaned stale hotspot entries	{"self": {"addr":"localhost:4031","id":"0x021203d6676ae77b72"}, "count": 0}
2025-11-13T10:10:52.204-0800	[34mINFO[0m	node	node/main.go:148	cleaned expired cache entries	{"self": {"addr":"localhost:4031","id":"0x021203d6676ae77b72"}, "count": 0}
2025-11-13T10:10:52.205-0800	[34mINFO[0m	node	node/main.go:151	cleaned stale hotspot entries	{"self": {"addr":"localhost:4031","id":"0x021203d6676ae77b72"}, "count": 0}
2025-11-13T11:10:52.204-0800	[34mINFO[0m	node	node/main.go:148	cleaned expired cache entries	{"self": {"addr":"localhost:4031","id":"0x021203d6676ae77b72"}, "count": 0}
2025-11-13T11:10:52.207-0800	[34mINFO[0m	node	node/main.go:151	cleaned stale hotspot entries	{"self": {"addr":"localhost:4031","id":"0x021203d6676ae77b72"}, "count": 0}
2025-11-13T13:43:30.191-0800	[34mINFO[0m	node	node/main.go:148	cleaned expired cache entries	{"self": {"addr":"localhost:4031","id":"0x021203d6676ae77b72"}, "count": 0}
2025-11-13T13:43:30.192-0800	[34mINFO[0m	node	node/main.go:151	cleaned stale hotspot entries	{"self": {"addr":"localhost:4031","id":"0x021203d6676ae77b72"}, "count": 0}
2025-11-13T14:44:31.628-0800	[34mINFO[0m	node	node/main.go:148	cleaned expired cache entries	{"self": {"addr":"localhost:4031","id":"0x021203d6676ae77b72"}, "count": 0}
2025-11-13T14:44:31.629-0800	[34mINFO[0m	node	node/main.go:151	cleaned stale hotspot entries	{"self": {"addr":"localhost:4031","id":"0x021203d6676ae77b72"}, "count": 0}
2025-11-13T15:44:31.628-0800	[34mINFO[0m	node	node/main.go:148	cleaned expired cache entries	{"self": {"addr":"localhost:4031","id":"0x021203d6676ae77b72"}, "count": 0}
2025-11-13T15:44:31.629-0800	[34mINFO[0m	node	node/main.go:151	cleaned stale hotspot entries	{"self": {"addr":"localhost:4031","id":"0x021203d6676ae77b72"}, "count": 0}
2025-11-13T16:47:59.728-0800	[34mINFO[0m	node	node/main.go:148	cleaned expired cache entries	{"self": {"addr":"localhost:4031","id":"0x021203d6676ae77b72"}, "count": 0}
2025-11-13T16:47:59.729-0800	[34mINFO[0m	node	node/main.go:151	cleaned stale hotspot entries	{"self": {"addr":"localhost:4031","id":"0x021203d6676ae77b72"}, "count": 1}
