2025-11-12T16:09:04.158-0800	[34mINFO[0m	config/config.go:297	Loaded configuration	{"logger.active": true, "logger.level": "info", "logger.encoding": "console", "logger.mode": "stdout", "logger.file.path": "", "logger.file.maxSizeMB": 0, "logger.file.maxBackups": 0, "logger.file.maxAgeDays": 0, "logger.file.compress": false, "dht.idBits": 66, "dht.mode": "private", "dht.deBruijn.degree": 8, "dht.deBruijn.fixInterval": "5s", "dht.deBruijn.fixIntervalMs": 5000, "dht.storage.fixInterval": "20s", "dht.storage.fixIntervalMs": 20000, "dht.faultTolerance.successorListSize": 8, "dht.faultTolerance.stabilizationInterval": "2s", "dht.faultTolerance.stabilizationIntervalMs": 2000, "dht.faultTolerance.failureTimeout": "1s", "dht.faultTolerance.failureTimeoutMs": 1000, "dht.bootstrap.mode": "static", "dht.bootstrap.peers": ["localhost:4000"], "dht.bootstrap.register.hostedZoneId": "", "dht.bootstrap.register.domainSuffix": "", "dht.bootstrap.register.ttl": 0, "dht.bootstrap.register.region": "", "node.id": "", "node.host": "localhost", "node.bind": "0.0.0.0", "node.port": 4027, "telemetry.tracing.enabled": false, "telemetry.tracing.exporter": "", "telemetry.tracing.endpoint": "", "cache.enabled": true, "cache.httpPort": 8107, "cache.capacityMB": 512, "cache.defaultTTL": 3600, "cache.hotspotThreshold": 10, "cache.hotspotDecayRate": 0.65}
2025-11-12T16:09:04.176-0800	[34mINFO[0m	node	node/main.go:101	New Node initializing	{"self": {"addr":"localhost:4027","id":"0x030d749da34ae2d592"}}
2025/11/12 16:09:04 Tracing disabled
2025-11-12T16:09:04.182-0800	[34mINFO[0m	node	node/main.go:130	initialized web cache	{"self": {"addr":"localhost:4027","id":"0x030d749da34ae2d592"}, "capacity_mb": 512}
2025-11-12T16:09:04.183-0800	[34mINFO[0m	node	node/main.go:137	initialized hotspot detector	{"self": {"addr":"localhost:4027","id":"0x030d749da34ae2d592"}, "threshold": 10, "decay_rate": 0.65}
2025-11-12T16:09:04.184-0800	[34mINFO[0m	node	node/main.go:237	resolved bootstrap peers	{"self": {"addr":"localhost:4027","id":"0x030d749da34ae2d592"}, "peers": ["localhost:4000"]}
2025-11-12T16:09:04.184-0800	[34mINFO[0m	node.http-server	server/http.go:70	HTTP cache server starting	{"self": {"addr":"localhost:4027","id":"0x030d749da34ae2d592"}, "addr": ":8107"}
2025-11-12T16:09:04.210-0800	[34mINFO[0m	node	logicnode/node.go:72	join: candidate successor found	{"self": {"addr":"localhost:4027","id":"0x030d749da34ae2d592"}, "bootstrap": "localhost:4000", "successor": {"addr":"localhost:4012","id":"0x031fc8d8bfb65680aa"}}
2025-11-12T16:09:04.243-0800	[34mINFO[0m	node	logicnode/node.go:103	join: successor has predecessor	{"self": {"addr":"localhost:4027","id":"0x030d749da34ae2d592"}, "predecessor": {"addr":"localhost:4013","id":"0x02f656bce70902cd6d"}}
2025-11-12T16:09:04.293-0800	[33mWARN[0m	node	logicnode/operation.go:296	FindSuccessorStep: de Bruijn failed or empty, falling back to successor	{"self": {"addr":"localhost:4027","id":"0x030d749da34ae2d592"}, "target": "0x03fbef661efea6f70a", "nextHop": {"addr":"localhost:4012","id":"0x031fc8d8bfb65680aa"}}
2025-11-12T16:09:04.336-0800	[34mINFO[0m	node	logicnode/node.go:135	join: completed successfully	{"self": {"addr":"localhost:4027","id":"0x030d749da34ae2d592"}, "self": {"addr":"localhost:4027","id":"0x030d749da34ae2d592"}, "successor": {"addr":"localhost:4012","id":"0x031fc8d8bfb65680aa"}}
2025-11-12T16:09:04.337-0800	[34mINFO[0m	node	node/main.go:259	node registered successfully	{"self": {"addr":"localhost:4027","id":"0x030d749da34ae2d592"}}
2025-11-12T16:09:24.206-0800	[31mERROR[0m	node	logicnode/operation.go:286	FindSuccessorStep: lookup interrupted by timeout/cancel	{"self": {"addr":"localhost:4027","id":"0x030d749da34ae2d592"}, "tryIdx": 6, "addr": "localhost:4015", "err": null}
KoordeDHT/internal/node/logicnode.(*Node).FindSuccessorStep
	/mnt/d/CS6650/KoordeDHT-web-cache/internal/node/logicnode/operation.go:286
KoordeDHT/internal/node/server.(*dhtService).FindSuccessor
	/mnt/d/CS6650/KoordeDHT-web-cache/internal/node/server/dht_service.go:115
KoordeDHT/internal/api/dht/v1._DHT_FindSuccessor_Handler
	/mnt/d/CS6650/KoordeDHT-web-cache/internal/api/dht/v1/node_grpc.pb.go:255
google.golang.org/grpc.(*Server).processUnaryRPC
	/home/yuzheng/go/pkg/mod/google.golang.org/grpc@v1.75.1/server.go:1431
google.golang.org/grpc.(*Server).handleStream
	/home/yuzheng/go/pkg/mod/google.golang.org/grpc@v1.75.1/server.go:1842
google.golang.org/grpc.(*Server).serveStreams.func2.1
	/home/yuzheng/go/pkg/mod/google.golang.org/grpc@v1.75.1/server.go:1061
2025-11-12T17:09:04.184-0800	[34mINFO[0m	node	node/main.go:148	cleaned expired cache entries	{"self": {"addr":"localhost:4027","id":"0x030d749da34ae2d592"}, "count": 0}
2025-11-12T17:09:04.185-0800	[34mINFO[0m	node	node/main.go:151	cleaned stale hotspot entries	{"self": {"addr":"localhost:4027","id":"0x030d749da34ae2d592"}, "count": 0}
2025-11-12T20:44:28.898-0800	[34mINFO[0m	node	node/main.go:148	cleaned expired cache entries	{"self": {"addr":"localhost:4027","id":"0x030d749da34ae2d592"}, "count": 0}
2025-11-12T20:44:28.901-0800	[34mINFO[0m	node	node/main.go:151	cleaned stale hotspot entries	{"self": {"addr":"localhost:4027","id":"0x030d749da34ae2d592"}, "count": 0}
2025-11-12T21:44:28.898-0800	[34mINFO[0m	node	node/main.go:148	cleaned expired cache entries	{"self": {"addr":"localhost:4027","id":"0x030d749da34ae2d592"}, "count": 0}
2025-11-12T21:44:28.900-0800	[34mINFO[0m	node	node/main.go:151	cleaned stale hotspot entries	{"self": {"addr":"localhost:4027","id":"0x030d749da34ae2d592"}, "count": 0}
2025-11-12T22:44:28.898-0800	[34mINFO[0m	node	node/main.go:148	cleaned expired cache entries	{"self": {"addr":"localhost:4027","id":"0x030d749da34ae2d592"}, "count": 0}
2025-11-12T22:44:28.898-0800	[34mINFO[0m	node	node/main.go:151	cleaned stale hotspot entries	{"self": {"addr":"localhost:4027","id":"0x030d749da34ae2d592"}, "count": 0}
2025-11-12T23:44:28.898-0800	[34mINFO[0m	node	node/main.go:148	cleaned expired cache entries	{"self": {"addr":"localhost:4027","id":"0x030d749da34ae2d592"}, "count": 0}
2025-11-12T23:44:28.899-0800	[34mINFO[0m	node	node/main.go:151	cleaned stale hotspot entries	{"self": {"addr":"localhost:4027","id":"0x030d749da34ae2d592"}, "count": 0}
2025-11-13T03:15:18.055-0800	[31mERROR[0m	node	logicnode/operation.go:286	FindSuccessorStep: lookup interrupted by timeout/cancel	{"self": {"addr":"localhost:4027","id":"0x030d749da34ae2d592"}, "tryIdx": 7, "addr": "localhost:4009", "err": null}
KoordeDHT/internal/node/logicnode.(*Node).FindSuccessorStep
	/mnt/d/CS6650/KoordeDHT-web-cache/internal/node/logicnode/operation.go:286
KoordeDHT/internal/node/server.(*dhtService).FindSuccessor
	/mnt/d/CS6650/KoordeDHT-web-cache/internal/node/server/dht_service.go:115
KoordeDHT/internal/api/dht/v1._DHT_FindSuccessor_Handler
	/mnt/d/CS6650/KoordeDHT-web-cache/internal/api/dht/v1/node_grpc.pb.go:255
google.golang.org/grpc.(*Server).processUnaryRPC
	/home/yuzheng/go/pkg/mod/google.golang.org/grpc@v1.75.1/server.go:1431
google.golang.org/grpc.(*Server).handleStream
	/home/yuzheng/go/pkg/mod/google.golang.org/grpc@v1.75.1/server.go:1842
google.golang.org/grpc.(*Server).serveStreams.func2.1
	/home/yuzheng/go/pkg/mod/google.golang.org/grpc@v1.75.1/server.go:1061
2025-11-13T09:10:44.226-0800	[34mINFO[0m	node	node/main.go:148	cleaned expired cache entries	{"self": {"addr":"localhost:4027","id":"0x030d749da34ae2d592"}, "count": 0}
2025-11-13T09:10:44.227-0800	[34mINFO[0m	node	node/main.go:151	cleaned stale hotspot entries	{"self": {"addr":"localhost:4027","id":"0x030d749da34ae2d592"}, "count": 0}
2025-11-13T10:10:44.226-0800	[34mINFO[0m	node	node/main.go:148	cleaned expired cache entries	{"self": {"addr":"localhost:4027","id":"0x030d749da34ae2d592"}, "count": 0}
2025-11-13T10:10:44.226-0800	[34mINFO[0m	node	node/main.go:151	cleaned stale hotspot entries	{"self": {"addr":"localhost:4027","id":"0x030d749da34ae2d592"}, "count": 0}
2025-11-13T11:10:44.226-0800	[34mINFO[0m	node	node/main.go:148	cleaned expired cache entries	{"self": {"addr":"localhost:4027","id":"0x030d749da34ae2d592"}, "count": 0}
2025-11-13T11:10:44.226-0800	[34mINFO[0m	node	node/main.go:151	cleaned stale hotspot entries	{"self": {"addr":"localhost:4027","id":"0x030d749da34ae2d592"}, "count": 0}
2025-11-13T13:43:22.214-0800	[34mINFO[0m	node	node/main.go:148	cleaned expired cache entries	{"self": {"addr":"localhost:4027","id":"0x030d749da34ae2d592"}, "count": 0}
2025-11-13T13:43:22.215-0800	[34mINFO[0m	node	node/main.go:151	cleaned stale hotspot entries	{"self": {"addr":"localhost:4027","id":"0x030d749da34ae2d592"}, "count": 0}
2025-11-13T14:44:23.650-0800	[34mINFO[0m	node	node/main.go:148	cleaned expired cache entries	{"self": {"addr":"localhost:4027","id":"0x030d749da34ae2d592"}, "count": 0}
2025-11-13T14:44:23.650-0800	[34mINFO[0m	node	node/main.go:151	cleaned stale hotspot entries	{"self": {"addr":"localhost:4027","id":"0x030d749da34ae2d592"}, "count": 0}
2025-11-13T15:44:23.651-0800	[34mINFO[0m	node	node/main.go:148	cleaned expired cache entries	{"self": {"addr":"localhost:4027","id":"0x030d749da34ae2d592"}, "count": 0}
2025-11-13T15:44:23.654-0800	[34mINFO[0m	node	node/main.go:151	cleaned stale hotspot entries	{"self": {"addr":"localhost:4027","id":"0x030d749da34ae2d592"}, "count": 0}
2025-11-13T16:47:51.749-0800	[34mINFO[0m	node	node/main.go:148	cleaned expired cache entries	{"self": {"addr":"localhost:4027","id":"0x030d749da34ae2d592"}, "count": 0}
2025-11-13T16:47:51.750-0800	[34mINFO[0m	node	node/main.go:151	cleaned stale hotspot entries	{"self": {"addr":"localhost:4027","id":"0x030d749da34ae2d592"}, "count": 0}
