2025-11-12T16:08:44.084-0800	[34mINFO[0m	config/config.go:297	Loaded configuration	{"logger.active": true, "logger.level": "info", "logger.encoding": "console", "logger.mode": "stdout", "logger.file.path": "", "logger.file.maxSizeMB": 0, "logger.file.maxBackups": 0, "logger.file.maxAgeDays": 0, "logger.file.compress": false, "dht.idBits": 66, "dht.mode": "private", "dht.deBruijn.degree": 8, "dht.deBruijn.fixInterval": "5s", "dht.deBruijn.fixIntervalMs": 5000, "dht.storage.fixInterval": "20s", "dht.storage.fixIntervalMs": 20000, "dht.faultTolerance.successorListSize": 8, "dht.faultTolerance.stabilizationInterval": "2s", "dht.faultTolerance.stabilizationIntervalMs": 2000, "dht.faultTolerance.failureTimeout": "1s", "dht.faultTolerance.failureTimeoutMs": 1000, "dht.bootstrap.mode": "static", "dht.bootstrap.peers": ["localhost:4000"], "dht.bootstrap.register.hostedZoneId": "", "dht.bootstrap.register.domainSuffix": "", "dht.bootstrap.register.ttl": 0, "dht.bootstrap.register.region": "", "node.id": "", "node.host": "localhost", "node.bind": "0.0.0.0", "node.port": 4017, "telemetry.tracing.enabled": false, "telemetry.tracing.exporter": "", "telemetry.tracing.endpoint": "", "cache.enabled": true, "cache.httpPort": 8097, "cache.capacityMB": 512, "cache.defaultTTL": 3600, "cache.hotspotThreshold": 10, "cache.hotspotDecayRate": 0.65}
2025-11-12T16:08:44.091-0800	[34mINFO[0m	node	node/main.go:101	New Node initializing	{"self": {"addr":"localhost:4017","id":"0x03912fc65e29c48a34"}}
2025/11/12 16:08:44 Tracing disabled
2025-11-12T16:08:44.092-0800	[34mINFO[0m	node	node/main.go:130	initialized web cache	{"self": {"addr":"localhost:4017","id":"0x03912fc65e29c48a34"}, "capacity_mb": 512}
2025-11-12T16:08:44.092-0800	[34mINFO[0m	node	node/main.go:137	initialized hotspot detector	{"self": {"addr":"localhost:4017","id":"0x03912fc65e29c48a34"}, "threshold": 10, "decay_rate": 0.65}
2025-11-12T16:08:44.092-0800	[34mINFO[0m	node	node/main.go:237	resolved bootstrap peers	{"self": {"addr":"localhost:4017","id":"0x03912fc65e29c48a34"}, "peers": ["localhost:4000"]}
2025-11-12T16:08:44.093-0800	[34mINFO[0m	node.http-server	server/http.go:70	HTTP cache server starting	{"self": {"addr":"localhost:4017","id":"0x03912fc65e29c48a34"}, "addr": ":8097"}
2025-11-12T16:08:44.181-0800	[34mINFO[0m	node	logicnode/node.go:72	join: candidate successor found	{"self": {"addr":"localhost:4017","id":"0x03912fc65e29c48a34"}, "bootstrap": "localhost:4000", "successor": {"addr":"localhost:4011","id":"0x03b6b99475a18d9035"}}
2025-11-12T16:08:44.196-0800	[34mINFO[0m	node	logicnode/node.go:103	join: successor has predecessor	{"self": {"addr":"localhost:4017","id":"0x03912fc65e29c48a34"}, "predecessor": {"addr":"localhost:4014","id":"0x03532cc907496db765"}}
2025-11-12T16:08:44.216-0800	[33mWARN[0m	node	logicnode/operation.go:296	FindSuccessorStep: de Bruijn failed or empty, falling back to successor	{"self": {"addr":"localhost:4017","id":"0x03912fc65e29c48a34"}, "target": "0x03cbdd0389024a3eaa", "nextHop": {"addr":"localhost:4011","id":"0x03b6b99475a18d9035"}}
2025-11-12T16:08:44.232-0800	[34mINFO[0m	node	logicnode/node.go:135	join: completed successfully	{"self": {"addr":"localhost:4017","id":"0x03912fc65e29c48a34"}, "self": {"addr":"localhost:4017","id":"0x03912fc65e29c48a34"}, "successor": {"addr":"localhost:4011","id":"0x03b6b99475a18d9035"}}
2025-11-12T16:08:44.233-0800	[34mINFO[0m	node	node/main.go:259	node registered successfully	{"self": {"addr":"localhost:4017","id":"0x03912fc65e29c48a34"}}
2025-11-12T16:09:38.302-0800	[34mINFO[0m	node	logicnode/operation.go:414	Notify: predecessor updated	{"self": {"addr":"localhost:4017","id":"0x03912fc65e29c48a34"}, "newPredecessor": {"addr":"localhost:4044","id":"0x038b796555c4eea950"}, "oldPredecessor": {"addr":"localhost:4014","id":"0x03532cc907496db765"}}
2025-11-12T17:08:44.093-0800	[34mINFO[0m	node	node/main.go:148	cleaned expired cache entries	{"self": {"addr":"localhost:4017","id":"0x03912fc65e29c48a34"}, "count": 0}
2025-11-12T17:08:44.096-0800	[34mINFO[0m	node	node/main.go:151	cleaned stale hotspot entries	{"self": {"addr":"localhost:4017","id":"0x03912fc65e29c48a34"}, "count": 0}
2025-11-12T20:44:08.807-0800	[34mINFO[0m	node	node/main.go:148	cleaned expired cache entries	{"self": {"addr":"localhost:4017","id":"0x03912fc65e29c48a34"}, "count": 0}
2025-11-12T20:44:08.809-0800	[34mINFO[0m	node	node/main.go:151	cleaned stale hotspot entries	{"self": {"addr":"localhost:4017","id":"0x03912fc65e29c48a34"}, "count": 0}
2025-11-12T21:44:08.807-0800	[34mINFO[0m	node	node/main.go:148	cleaned expired cache entries	{"self": {"addr":"localhost:4017","id":"0x03912fc65e29c48a34"}, "count": 0}
2025-11-12T21:44:08.809-0800	[34mINFO[0m	node	node/main.go:151	cleaned stale hotspot entries	{"self": {"addr":"localhost:4017","id":"0x03912fc65e29c48a34"}, "count": 0}
2025-11-12T22:44:08.807-0800	[34mINFO[0m	node	node/main.go:148	cleaned expired cache entries	{"self": {"addr":"localhost:4017","id":"0x03912fc65e29c48a34"}, "count": 0}
2025-11-12T22:44:08.807-0800	[34mINFO[0m	node	node/main.go:151	cleaned stale hotspot entries	{"self": {"addr":"localhost:4017","id":"0x03912fc65e29c48a34"}, "count": 0}
2025-11-12T23:44:08.807-0800	[34mINFO[0m	node	node/main.go:148	cleaned expired cache entries	{"self": {"addr":"localhost:4017","id":"0x03912fc65e29c48a34"}, "count": 0}
2025-11-12T23:44:08.807-0800	[34mINFO[0m	node	node/main.go:151	cleaned stale hotspot entries	{"self": {"addr":"localhost:4017","id":"0x03912fc65e29c48a34"}, "count": 0}
2025-11-12T23:56:46.969-0800	[31mERROR[0m	node	logicnode/operation.go:286	FindSuccessorStep: lookup interrupted by timeout/cancel	{"self": {"addr":"localhost:4017","id":"0x03912fc65e29c48a34"}, "tryIdx": 7, "addr": "localhost:4000", "err": null}
KoordeDHT/internal/node/logicnode.(*Node).FindSuccessorStep
	/mnt/d/CS6650/KoordeDHT-web-cache/internal/node/logicnode/operation.go:286
KoordeDHT/internal/node/logicnode.(*Node).FindSuccessorInit
	/mnt/d/CS6650/KoordeDHT-web-cache/internal/node/logicnode/operation.go:185
KoordeDHT/internal/node/logicnode.(*Node).fixDeBruijn
	/mnt/d/CS6650/KoordeDHT-web-cache/internal/node/logicnode/worker.go:456
KoordeDHT/internal/node/logicnode.(*Node).StartStabilizers.func2
	/mnt/d/CS6650/KoordeDHT-web-cache/internal/node/logicnode/worker.go:49
2025-11-13T03:15:16.596-0800	[33mWARN[0m	node	logicnode/worker.go:459	fixDeBruijn: could not find successor	{"self": {"addr":"localhost:4017","id":"0x03912fc65e29c48a34"}, "target": "0x03e3705c74c3c37439", "err": "context deadline exceeded"}
2025-11-12T23:56:47.276-0800	[31mERROR[0m	node	logicnode/operation.go:286	FindSuccessorStep: lookup interrupted by timeout/cancel	{"self": {"addr":"localhost:4017","id":"0x03912fc65e29c48a34"}, "tryIdx": 7, "addr": "localhost:4000", "err": null}
KoordeDHT/internal/node/logicnode.(*Node).FindSuccessorStep
	/mnt/d/CS6650/KoordeDHT-web-cache/internal/node/logicnode/operation.go:286
KoordeDHT/internal/node/server.(*dhtService).FindSuccessor
	/mnt/d/CS6650/KoordeDHT-web-cache/internal/node/server/dht_service.go:115
KoordeDHT/internal/api/dht/v1._DHT_FindSuccessor_Handler
	/mnt/d/CS6650/KoordeDHT-web-cache/internal/api/dht/v1/node_grpc.pb.go:255
google.golang.org/grpc.(*Server).processUnaryRPC
	/home/yuzheng/go/pkg/mod/google.golang.org/grpc@v1.75.1/server.go:1431
google.golang.org/grpc.(*Server).handleStream
	/home/yuzheng/go/pkg/mod/google.golang.org/grpc@v1.75.1/server.go:1842
google.golang.org/grpc.(*Server).serveStreams.func2.1
	/home/yuzheng/go/pkg/mod/google.golang.org/grpc@v1.75.1/server.go:1061
2025-11-13T09:10:24.135-0800	[34mINFO[0m	node	node/main.go:148	cleaned expired cache entries	{"self": {"addr":"localhost:4017","id":"0x03912fc65e29c48a34"}, "count": 0}
2025-11-13T09:10:24.136-0800	[34mINFO[0m	node	node/main.go:151	cleaned stale hotspot entries	{"self": {"addr":"localhost:4017","id":"0x03912fc65e29c48a34"}, "count": 0}
2025-11-13T10:10:24.135-0800	[34mINFO[0m	node	node/main.go:148	cleaned expired cache entries	{"self": {"addr":"localhost:4017","id":"0x03912fc65e29c48a34"}, "count": 0}
2025-11-13T10:10:24.135-0800	[34mINFO[0m	node	node/main.go:151	cleaned stale hotspot entries	{"self": {"addr":"localhost:4017","id":"0x03912fc65e29c48a34"}, "count": 0}
2025-11-13T11:10:24.134-0800	[34mINFO[0m	node	node/main.go:148	cleaned expired cache entries	{"self": {"addr":"localhost:4017","id":"0x03912fc65e29c48a34"}, "count": 0}
2025-11-13T11:10:24.135-0800	[34mINFO[0m	node	node/main.go:151	cleaned stale hotspot entries	{"self": {"addr":"localhost:4017","id":"0x03912fc65e29c48a34"}, "count": 0}
2025-11-13T13:43:02.123-0800	[34mINFO[0m	node	node/main.go:148	cleaned expired cache entries	{"self": {"addr":"localhost:4017","id":"0x03912fc65e29c48a34"}, "count": 0}
2025-11-13T13:43:02.124-0800	[34mINFO[0m	node	node/main.go:151	cleaned stale hotspot entries	{"self": {"addr":"localhost:4017","id":"0x03912fc65e29c48a34"}, "count": 0}
2025-11-13T14:44:03.558-0800	[34mINFO[0m	node	node/main.go:148	cleaned expired cache entries	{"self": {"addr":"localhost:4017","id":"0x03912fc65e29c48a34"}, "count": 0}
2025-11-13T14:44:03.559-0800	[34mINFO[0m	node	node/main.go:151	cleaned stale hotspot entries	{"self": {"addr":"localhost:4017","id":"0x03912fc65e29c48a34"}, "count": 0}
2025-11-13T15:44:03.559-0800	[34mINFO[0m	node	node/main.go:148	cleaned expired cache entries	{"self": {"addr":"localhost:4017","id":"0x03912fc65e29c48a34"}, "count": 0}
2025-11-13T15:44:03.559-0800	[34mINFO[0m	node	node/main.go:151	cleaned stale hotspot entries	{"self": {"addr":"localhost:4017","id":"0x03912fc65e29c48a34"}, "count": 0}
2025-11-13T16:47:31.658-0800	[34mINFO[0m	node	node/main.go:148	cleaned expired cache entries	{"self": {"addr":"localhost:4017","id":"0x03912fc65e29c48a34"}, "count": 0}
2025-11-13T16:47:31.660-0800	[34mINFO[0m	node	node/main.go:151	cleaned stale hotspot entries	{"self": {"addr":"localhost:4017","id":"0x03912fc65e29c48a34"}, "count": 0}
