2025-11-12T16:09:18.165-0800	[34mINFO[0m	config/config.go:297	Loaded configuration	{"logger.active": true, "logger.level": "info", "logger.encoding": "console", "logger.mode": "stdout", "logger.file.path": "", "logger.file.maxSizeMB": 0, "logger.file.maxBackups": 0, "logger.file.maxAgeDays": 0, "logger.file.compress": false, "dht.idBits": 66, "dht.mode": "private", "dht.deBruijn.degree": 8, "dht.deBruijn.fixInterval": "5s", "dht.deBruijn.fixIntervalMs": 5000, "dht.storage.fixInterval": "20s", "dht.storage.fixIntervalMs": 20000, "dht.faultTolerance.successorListSize": 8, "dht.faultTolerance.stabilizationInterval": "2s", "dht.faultTolerance.stabilizationIntervalMs": 2000, "dht.faultTolerance.failureTimeout": "1s", "dht.faultTolerance.failureTimeoutMs": 1000, "dht.bootstrap.mode": "static", "dht.bootstrap.peers": ["localhost:4000"], "dht.bootstrap.register.hostedZoneId": "", "dht.bootstrap.register.domainSuffix": "", "dht.bootstrap.register.ttl": 0, "dht.bootstrap.register.region": "", "node.id": "", "node.host": "localhost", "node.bind": "0.0.0.0", "node.port": 4034, "telemetry.tracing.enabled": false, "telemetry.tracing.exporter": "", "telemetry.tracing.endpoint": "", "cache.enabled": true, "cache.httpPort": 8114, "cache.capacityMB": 512, "cache.defaultTTL": 3600, "cache.hotspotThreshold": 10, "cache.hotspotDecayRate": 0.65}
2025-11-12T16:09:18.172-0800	[34mINFO[0m	node	node/main.go:101	New Node initializing	{"self": {"addr":"localhost:4034","id":"0x02a03dddee357bfb83"}}
2025/11/12 16:09:18 Tracing disabled
2025-11-12T16:09:18.174-0800	[34mINFO[0m	node	node/main.go:130	initialized web cache	{"self": {"addr":"localhost:4034","id":"0x02a03dddee357bfb83"}, "capacity_mb": 512}
2025-11-12T16:09:18.174-0800	[34mINFO[0m	node	node/main.go:137	initialized hotspot detector	{"self": {"addr":"localhost:4034","id":"0x02a03dddee357bfb83"}, "threshold": 10, "decay_rate": 0.65}
2025-11-12T16:09:18.175-0800	[34mINFO[0m	node	node/main.go:237	resolved bootstrap peers	{"self": {"addr":"localhost:4034","id":"0x02a03dddee357bfb83"}, "peers": ["localhost:4000"]}
2025-11-12T16:09:18.176-0800	[34mINFO[0m	node.http-server	server/http.go:70	HTTP cache server starting	{"self": {"addr":"localhost:4034","id":"0x02a03dddee357bfb83"}, "addr": ":8114"}
2025-11-12T16:09:18.241-0800	[34mINFO[0m	node	logicnode/node.go:72	join: candidate successor found	{"self": {"addr":"localhost:4034","id":"0x02a03dddee357bfb83"}, "bootstrap": "localhost:4000", "successor": {"addr":"localhost:4029","id":"0x02bb4d72ffe13efe5b"}}
2025-11-12T16:09:18.265-0800	[34mINFO[0m	node	logicnode/node.go:103	join: successor has predecessor	{"self": {"addr":"localhost:4034","id":"0x02a03dddee357bfb83"}, "predecessor": {"addr":"localhost:4033","id":"0x026fb2d94d43e618ae"}}
2025-11-12T16:09:18.298-0800	[33mWARN[0m	node	logicnode/operation.go:296	FindSuccessorStep: de Bruijn failed or empty, falling back to successor	{"self": {"addr":"localhost:4034","id":"0x02a03dddee357bfb83"}, "target": "0x005be118f5217efeb1", "nextHop": {"addr":"localhost:4029","id":"0x02bb4d72ffe13efe5b"}}
2025-11-12T16:09:18.352-0800	[34mINFO[0m	node	logicnode/node.go:135	join: completed successfully	{"self": {"addr":"localhost:4034","id":"0x02a03dddee357bfb83"}, "self": {"addr":"localhost:4034","id":"0x02a03dddee357bfb83"}, "successor": {"addr":"localhost:4029","id":"0x02bb4d72ffe13efe5b"}}
2025-11-12T16:09:18.353-0800	[34mINFO[0m	node	node/main.go:259	node registered successfully	{"self": {"addr":"localhost:4034","id":"0x02a03dddee357bfb83"}}
2025-11-12T16:09:26.270-0800	[34mINFO[0m	node	logicnode/operation.go:414	Notify: predecessor updated	{"self": {"addr":"localhost:4034","id":"0x02a03dddee357bfb83"}, "newPredecessor": {"addr":"localhost:4038","id":"0x02771455b977873ee0"}, "oldPredecessor": {"addr":"localhost:4033","id":"0x026fb2d94d43e618ae"}}
2025-11-12T16:09:28.271-0800	[34mINFO[0m	node	logicnode/operation.go:414	Notify: predecessor updated	{"self": {"addr":"localhost:4034","id":"0x02a03dddee357bfb83"}, "newPredecessor": {"addr":"localhost:4039","id":"0x027b6fb3a5978ed856"}, "oldPredecessor": {"addr":"localhost:4038","id":"0x02771455b977873ee0"}}
2025-11-12T17:09:18.175-0800	[34mINFO[0m	node	node/main.go:148	cleaned expired cache entries	{"self": {"addr":"localhost:4034","id":"0x02a03dddee357bfb83"}, "count": 0}
2025-11-12T17:09:18.176-0800	[34mINFO[0m	node	node/main.go:151	cleaned stale hotspot entries	{"self": {"addr":"localhost:4034","id":"0x02a03dddee357bfb83"}, "count": 0}
2025-11-12T20:44:42.889-0800	[34mINFO[0m	node	node/main.go:148	cleaned expired cache entries	{"self": {"addr":"localhost:4034","id":"0x02a03dddee357bfb83"}, "count": 0}
2025-11-12T20:44:42.891-0800	[34mINFO[0m	node	node/main.go:151	cleaned stale hotspot entries	{"self": {"addr":"localhost:4034","id":"0x02a03dddee357bfb83"}, "count": 0}
2025-11-12T21:44:42.889-0800	[34mINFO[0m	node	node/main.go:148	cleaned expired cache entries	{"self": {"addr":"localhost:4034","id":"0x02a03dddee357bfb83"}, "count": 0}
2025-11-12T21:44:42.895-0800	[34mINFO[0m	node	node/main.go:151	cleaned stale hotspot entries	{"self": {"addr":"localhost:4034","id":"0x02a03dddee357bfb83"}, "count": 0}
2025-11-12T22:44:42.889-0800	[34mINFO[0m	node	node/main.go:148	cleaned expired cache entries	{"self": {"addr":"localhost:4034","id":"0x02a03dddee357bfb83"}, "count": 0}
2025-11-12T22:44:42.890-0800	[34mINFO[0m	node	node/main.go:151	cleaned stale hotspot entries	{"self": {"addr":"localhost:4034","id":"0x02a03dddee357bfb83"}, "count": 0}
2025-11-12T23:44:42.889-0800	[34mINFO[0m	node	node/main.go:148	cleaned expired cache entries	{"self": {"addr":"localhost:4034","id":"0x02a03dddee357bfb83"}, "count": 0}
2025-11-12T23:44:42.890-0800	[34mINFO[0m	node	node/main.go:151	cleaned stale hotspot entries	{"self": {"addr":"localhost:4034","id":"0x02a03dddee357bfb83"}, "count": 0}
2025-11-13T03:15:18.088-0800	[31mERROR[0m	node	logicnode/operation.go:286	FindSuccessorStep: lookup interrupted by timeout/cancel	{"self": {"addr":"localhost:4034","id":"0x02a03dddee357bfb83"}, "tryIdx": 7, "addr": "localhost:4028", "err": null}
KoordeDHT/internal/node/logicnode.(*Node).FindSuccessorStep
	/mnt/d/CS6650/KoordeDHT-web-cache/internal/node/logicnode/operation.go:286
KoordeDHT/internal/node/logicnode.(*Node).FindSuccessorInit
	/mnt/d/CS6650/KoordeDHT-web-cache/internal/node/logicnode/operation.go:185
KoordeDHT/internal/node/logicnode.(*Node).fixDeBruijn
	/mnt/d/CS6650/KoordeDHT-web-cache/internal/node/logicnode/worker.go:456
KoordeDHT/internal/node/logicnode.(*Node).StartStabilizers.func2
	/mnt/d/CS6650/KoordeDHT-web-cache/internal/node/logicnode/worker.go:49
2025-11-13T03:15:18.098-0800	[33mWARN[0m	node	logicnode/worker.go:459	fixDeBruijn: could not find successor	{"self": {"addr":"localhost:4034","id":"0x02a03dddee357bfb83"}, "target": "0x005be118f5217efeb1", "err": "context deadline exceeded"}
2025-11-13T09:10:58.216-0800	[34mINFO[0m	node	node/main.go:148	cleaned expired cache entries	{"self": {"addr":"localhost:4034","id":"0x02a03dddee357bfb83"}, "count": 0}
2025-11-13T09:10:58.218-0800	[34mINFO[0m	node	node/main.go:151	cleaned stale hotspot entries	{"self": {"addr":"localhost:4034","id":"0x02a03dddee357bfb83"}, "count": 0}
2025-11-13T10:10:58.217-0800	[34mINFO[0m	node	node/main.go:148	cleaned expired cache entries	{"self": {"addr":"localhost:4034","id":"0x02a03dddee357bfb83"}, "count": 0}
2025-11-13T10:10:58.217-0800	[34mINFO[0m	node	node/main.go:151	cleaned stale hotspot entries	{"self": {"addr":"localhost:4034","id":"0x02a03dddee357bfb83"}, "count": 0}
2025-11-13T11:10:58.217-0800	[34mINFO[0m	node	node/main.go:148	cleaned expired cache entries	{"self": {"addr":"localhost:4034","id":"0x02a03dddee357bfb83"}, "count": 0}
2025-11-13T11:10:58.217-0800	[34mINFO[0m	node	node/main.go:151	cleaned stale hotspot entries	{"self": {"addr":"localhost:4034","id":"0x02a03dddee357bfb83"}, "count": 0}
2025-11-13T13:43:36.205-0800	[34mINFO[0m	node	node/main.go:148	cleaned expired cache entries	{"self": {"addr":"localhost:4034","id":"0x02a03dddee357bfb83"}, "count": 0}
2025-11-13T13:43:36.206-0800	[34mINFO[0m	node	node/main.go:151	cleaned stale hotspot entries	{"self": {"addr":"localhost:4034","id":"0x02a03dddee357bfb83"}, "count": 0}
2025-11-13T14:44:37.642-0800	[34mINFO[0m	node	node/main.go:148	cleaned expired cache entries	{"self": {"addr":"localhost:4034","id":"0x02a03dddee357bfb83"}, "count": 0}
2025-11-13T14:44:37.642-0800	[34mINFO[0m	node	node/main.go:151	cleaned stale hotspot entries	{"self": {"addr":"localhost:4034","id":"0x02a03dddee357bfb83"}, "count": 0}
2025-11-13T15:44:37.642-0800	[34mINFO[0m	node	node/main.go:148	cleaned expired cache entries	{"self": {"addr":"localhost:4034","id":"0x02a03dddee357bfb83"}, "count": 0}
2025-11-13T15:44:37.642-0800	[34mINFO[0m	node	node/main.go:151	cleaned stale hotspot entries	{"self": {"addr":"localhost:4034","id":"0x02a03dddee357bfb83"}, "count": 0}
2025-11-13T16:48:05.741-0800	[34mINFO[0m	node	node/main.go:148	cleaned expired cache entries	{"self": {"addr":"localhost:4034","id":"0x02a03dddee357bfb83"}, "count": 0}
2025-11-13T16:48:05.741-0800	[34mINFO[0m	node	node/main.go:151	cleaned stale hotspot entries	{"self": {"addr":"localhost:4034","id":"0x02a03dddee357bfb83"}, "count": 0}
