2025-11-12T16:08:32.058-0800	[34mINFO[0m	config/config.go:297	Loaded configuration	{"logger.active": true, "logger.level": "info", "logger.encoding": "console", "logger.mode": "stdout", "logger.file.path": "", "logger.file.maxSizeMB": 0, "logger.file.maxBackups": 0, "logger.file.maxAgeDays": 0, "logger.file.compress": false, "dht.idBits": 66, "dht.mode": "private", "dht.deBruijn.degree": 8, "dht.deBruijn.fixInterval": "5s", "dht.deBruijn.fixIntervalMs": 5000, "dht.storage.fixInterval": "20s", "dht.storage.fixIntervalMs": 20000, "dht.faultTolerance.successorListSize": 8, "dht.faultTolerance.stabilizationInterval": "2s", "dht.faultTolerance.stabilizationIntervalMs": 2000, "dht.faultTolerance.failureTimeout": "1s", "dht.faultTolerance.failureTimeoutMs": 1000, "dht.bootstrap.mode": "static", "dht.bootstrap.peers": ["localhost:4000"], "dht.bootstrap.register.hostedZoneId": "", "dht.bootstrap.register.domainSuffix": "", "dht.bootstrap.register.ttl": 0, "dht.bootstrap.register.region": "", "node.id": "", "node.host": "localhost", "node.bind": "0.0.0.0", "node.port": 4011, "telemetry.tracing.enabled": false, "telemetry.tracing.exporter": "", "telemetry.tracing.endpoint": "", "cache.enabled": true, "cache.httpPort": 8091, "cache.capacityMB": 512, "cache.defaultTTL": 3600, "cache.hotspotThreshold": 10, "cache.hotspotDecayRate": 0.65}
2025-11-12T16:08:32.064-0800	[34mINFO[0m	node	node/main.go:101	New Node initializing	{"self": {"addr":"localhost:4011","id":"0x03b6b99475a18d9035"}}
2025/11/12 16:08:32 Tracing disabled
2025-11-12T16:08:32.065-0800	[34mINFO[0m	node	node/main.go:130	initialized web cache	{"self": {"addr":"localhost:4011","id":"0x03b6b99475a18d9035"}, "capacity_mb": 512}
2025-11-12T16:08:32.066-0800	[34mINFO[0m	node	node/main.go:137	initialized hotspot detector	{"self": {"addr":"localhost:4011","id":"0x03b6b99475a18d9035"}, "threshold": 10, "decay_rate": 0.65}
2025-11-12T16:08:32.066-0800	[34mINFO[0m	node	node/main.go:237	resolved bootstrap peers	{"self": {"addr":"localhost:4011","id":"0x03b6b99475a18d9035"}, "peers": ["localhost:4000"]}
2025-11-12T16:08:32.066-0800	[34mINFO[0m	node.http-server	server/http.go:70	HTTP cache server starting	{"self": {"addr":"localhost:4011","id":"0x03b6b99475a18d9035"}, "addr": ":8091"}
2025-11-12T16:08:32.161-0800	[34mINFO[0m	node	logicnode/node.go:72	join: candidate successor found	{"self": {"addr":"localhost:4011","id":"0x03b6b99475a18d9035"}, "bootstrap": "localhost:4000", "successor": {"addr":"localhost:4007","id":"0x00207adf4852a380ec"}}
2025-11-12T16:08:32.196-0800	[34mINFO[0m	node	logicnode/node.go:103	join: successor has predecessor	{"self": {"addr":"localhost:4011","id":"0x03b6b99475a18d9035"}, "predecessor": {"addr":"localhost:4010","id":"0x0229fa4890cda12a6b"}}
2025-11-12T16:08:32.223-0800	[34mINFO[0m	node	logicnode/node.go:135	join: completed successfully	{"self": {"addr":"localhost:4011","id":"0x03b6b99475a18d9035"}, "self": {"addr":"localhost:4011","id":"0x03b6b99475a18d9035"}, "successor": {"addr":"localhost:4007","id":"0x00207adf4852a380ec"}}
2025-11-12T16:08:32.223-0800	[34mINFO[0m	node	node/main.go:259	node registered successfully	{"self": {"addr":"localhost:4011","id":"0x03b6b99475a18d9035"}}
2025-11-12T16:08:36.149-0800	[34mINFO[0m	node	logicnode/operation.go:414	Notify: predecessor updated	{"self": {"addr":"localhost:4011","id":"0x03b6b99475a18d9035"}, "newPredecessor": {"addr":"localhost:4012","id":"0x031fc8d8bfb65680aa"}, "oldPredecessor": {"addr":"localhost:4010","id":"0x0229fa4890cda12a6b"}}
2025-11-12T16:08:38.152-0800	[34mINFO[0m	node	logicnode/operation.go:414	Notify: predecessor updated	{"self": {"addr":"localhost:4011","id":"0x03b6b99475a18d9035"}, "newPredecessor": {"addr":"localhost:4014","id":"0x03532cc907496db765"}, "oldPredecessor": {"addr":"localhost:4012","id":"0x031fc8d8bfb65680aa"}}
2025-11-12T16:08:44.198-0800	[34mINFO[0m	node	logicnode/operation.go:414	Notify: predecessor updated	{"self": {"addr":"localhost:4011","id":"0x03b6b99475a18d9035"}, "newPredecessor": {"addr":"localhost:4017","id":"0x03912fc65e29c48a34"}, "oldPredecessor": {"addr":"localhost:4014","id":"0x03532cc907496db765"}}
2025-11-12T16:08:52.322-0800	[34mINFO[0m	node	logicnode/operation.go:414	Notify: predecessor updated	{"self": {"addr":"localhost:4011","id":"0x03b6b99475a18d9035"}, "newPredecessor": {"addr":"localhost:4021","id":"0x03aca98819949d884c"}, "oldPredecessor": {"addr":"localhost:4017","id":"0x03912fc65e29c48a34"}}
2025-11-12T16:09:07.281-0800	[33mWARN[0m	node	logicnode/operation.go:290	FindSuccessorStep: de Bruijn hop failed, trying previous candidate	{"self": {"addr":"localhost:4011","id":"0x03b6b99475a18d9035"}, "tryIdx": 7, "failedNode": {"addr":"localhost:4006","id":"0x01943b269be0206d7d"}, "err": null}
2025-11-12T16:09:07.282-0800	[33mWARN[0m	node	logicnode/operation.go:274	FindSuccessorStep: failed to get connection from pool	{"self": {"addr":"localhost:4011","id":"0x03b6b99475a18d9035"}, "tryIdx": 6, "addr": "localhost:4002", "err": "clientpool: no connection in pool"}
2025-11-12T16:09:10.217-0800	[31mERROR[0m	node	logicnode/operation.go:286	FindSuccessorStep: lookup interrupted by timeout/cancel	{"self": {"addr":"localhost:4011","id":"0x03b6b99475a18d9035"}, "tryIdx": 7, "addr": "localhost:4022", "err": null}
KoordeDHT/internal/node/logicnode.(*Node).FindSuccessorStep
	/mnt/d/CS6650/KoordeDHT-web-cache/internal/node/logicnode/operation.go:286
KoordeDHT/internal/node/server.(*dhtService).FindSuccessor
	/mnt/d/CS6650/KoordeDHT-web-cache/internal/node/server/dht_service.go:115
KoordeDHT/internal/api/dht/v1._DHT_FindSuccessor_Handler
	/mnt/d/CS6650/KoordeDHT-web-cache/internal/api/dht/v1/node_grpc.pb.go:255
google.golang.org/grpc.(*Server).processUnaryRPC
	/home/yuzheng/go/pkg/mod/google.golang.org/grpc@v1.75.1/server.go:1431
google.golang.org/grpc.(*Server).handleStream
	/home/yuzheng/go/pkg/mod/google.golang.org/grpc@v1.75.1/server.go:1842
google.golang.org/grpc.(*Server).serveStreams.func2.1
	/home/yuzheng/go/pkg/mod/google.golang.org/grpc@v1.75.1/server.go:1061
2025-11-12T16:09:10.285-0800	[34mINFO[0m	node	logicnode/operation.go:414	Notify: predecessor updated	{"self": {"addr":"localhost:4011","id":"0x03b6b99475a18d9035"}, "newPredecessor": {"addr":"localhost:4030","id":"0x03b085e8e9cbfe3c7b"}, "oldPredecessor": {"addr":"localhost:4021","id":"0x03aca98819949d884c"}}
2025-11-12T16:09:37.288-0800	[31mERROR[0m	node	logicnode/operation.go:286	FindSuccessorStep: lookup interrupted by timeout/cancel	{"self": {"addr":"localhost:4011","id":"0x03b6b99475a18d9035"}, "tryIdx": 7, "addr": "localhost:4018", "err": null}
KoordeDHT/internal/node/logicnode.(*Node).FindSuccessorStep
	/mnt/d/CS6650/KoordeDHT-web-cache/internal/node/logicnode/operation.go:286
KoordeDHT/internal/node/server.(*dhtService).FindSuccessor
	/mnt/d/CS6650/KoordeDHT-web-cache/internal/node/server/dht_service.go:115
KoordeDHT/internal/api/dht/v1._DHT_FindSuccessor_Handler
	/mnt/d/CS6650/KoordeDHT-web-cache/internal/api/dht/v1/node_grpc.pb.go:255
google.golang.org/grpc.(*Server).processUnaryRPC
	/home/yuzheng/go/pkg/mod/google.golang.org/grpc@v1.75.1/server.go:1431
google.golang.org/grpc.(*Server).handleStream
	/home/yuzheng/go/pkg/mod/google.golang.org/grpc@v1.75.1/server.go:1842
google.golang.org/grpc.(*Server).serveStreams.func2.1
	/home/yuzheng/go/pkg/mod/google.golang.org/grpc@v1.75.1/server.go:1061
2025-11-12T17:08:32.067-0800	[34mINFO[0m	node	node/main.go:148	cleaned expired cache entries	{"self": {"addr":"localhost:4011","id":"0x03b6b99475a18d9035"}, "count": 0}
2025-11-12T17:08:32.068-0800	[34mINFO[0m	node	node/main.go:151	cleaned stale hotspot entries	{"self": {"addr":"localhost:4011","id":"0x03b6b99475a18d9035"}, "count": 0}
2025-11-12T20:43:56.781-0800	[34mINFO[0m	node	node/main.go:148	cleaned expired cache entries	{"self": {"addr":"localhost:4011","id":"0x03b6b99475a18d9035"}, "count": 0}
2025-11-12T20:43:56.782-0800	[34mINFO[0m	node	node/main.go:151	cleaned stale hotspot entries	{"self": {"addr":"localhost:4011","id":"0x03b6b99475a18d9035"}, "count": 0}
2025-11-12T21:43:56.780-0800	[34mINFO[0m	node	node/main.go:148	cleaned expired cache entries	{"self": {"addr":"localhost:4011","id":"0x03b6b99475a18d9035"}, "count": 0}
2025-11-12T21:43:56.781-0800	[34mINFO[0m	node	node/main.go:151	cleaned stale hotspot entries	{"self": {"addr":"localhost:4011","id":"0x03b6b99475a18d9035"}, "count": 0}
2025-11-12T22:43:56.780-0800	[34mINFO[0m	node	node/main.go:148	cleaned expired cache entries	{"self": {"addr":"localhost:4011","id":"0x03b6b99475a18d9035"}, "count": 0}
2025-11-12T22:43:56.781-0800	[34mINFO[0m	node	node/main.go:151	cleaned stale hotspot entries	{"self": {"addr":"localhost:4011","id":"0x03b6b99475a18d9035"}, "count": 0}
2025-11-12T23:43:56.780-0800	[34mINFO[0m	node	node/main.go:148	cleaned expired cache entries	{"self": {"addr":"localhost:4011","id":"0x03b6b99475a18d9035"}, "count": 0}
2025-11-12T23:43:56.781-0800	[34mINFO[0m	node	node/main.go:151	cleaned stale hotspot entries	{"self": {"addr":"localhost:4011","id":"0x03b6b99475a18d9035"}, "count": 0}
2025-11-13T03:15:18.046-0800	[31mERROR[0m	node	logicnode/operation.go:286	FindSuccessorStep: lookup interrupted by timeout/cancel	{"self": {"addr":"localhost:4011","id":"0x03b6b99475a18d9035"}, "tryIdx": 5, "addr": "localhost:4020", "err": null}
KoordeDHT/internal/node/logicnode.(*Node).FindSuccessorStep
	/mnt/d/CS6650/KoordeDHT-web-cache/internal/node/logicnode/operation.go:286
KoordeDHT/internal/node/server.(*dhtService).FindSuccessor
	/mnt/d/CS6650/KoordeDHT-web-cache/internal/node/server/dht_service.go:115
KoordeDHT/internal/api/dht/v1._DHT_FindSuccessor_Handler
	/mnt/d/CS6650/KoordeDHT-web-cache/internal/api/dht/v1/node_grpc.pb.go:255
google.golang.org/grpc.(*Server).processUnaryRPC
	/home/yuzheng/go/pkg/mod/google.golang.org/grpc@v1.75.1/server.go:1431
google.golang.org/grpc.(*Server).handleStream
	/home/yuzheng/go/pkg/mod/google.golang.org/grpc@v1.75.1/server.go:1842
google.golang.org/grpc.(*Server).serveStreams.func2.1
	/home/yuzheng/go/pkg/mod/google.golang.org/grpc@v1.75.1/server.go:1061
2025-11-13T09:10:12.108-0800	[34mINFO[0m	node	node/main.go:148	cleaned expired cache entries	{"self": {"addr":"localhost:4011","id":"0x03b6b99475a18d9035"}, "count": 0}
2025-11-13T09:10:12.109-0800	[34mINFO[0m	node	node/main.go:151	cleaned stale hotspot entries	{"self": {"addr":"localhost:4011","id":"0x03b6b99475a18d9035"}, "count": 0}
2025-11-13T10:10:12.108-0800	[34mINFO[0m	node	node/main.go:148	cleaned expired cache entries	{"self": {"addr":"localhost:4011","id":"0x03b6b99475a18d9035"}, "count": 0}
2025-11-13T10:10:12.109-0800	[34mINFO[0m	node	node/main.go:151	cleaned stale hotspot entries	{"self": {"addr":"localhost:4011","id":"0x03b6b99475a18d9035"}, "count": 0}
2025-11-13T11:10:12.109-0800	[34mINFO[0m	node	node/main.go:148	cleaned expired cache entries	{"self": {"addr":"localhost:4011","id":"0x03b6b99475a18d9035"}, "count": 0}
2025-11-13T11:10:12.110-0800	[34mINFO[0m	node	node/main.go:151	cleaned stale hotspot entries	{"self": {"addr":"localhost:4011","id":"0x03b6b99475a18d9035"}, "count": 0}
2025-11-13T13:42:50.097-0800	[34mINFO[0m	node	node/main.go:148	cleaned expired cache entries	{"self": {"addr":"localhost:4011","id":"0x03b6b99475a18d9035"}, "count": 0}
2025-11-13T13:42:50.098-0800	[34mINFO[0m	node	node/main.go:151	cleaned stale hotspot entries	{"self": {"addr":"localhost:4011","id":"0x03b6b99475a18d9035"}, "count": 0}
2025-11-13T14:43:51.532-0800	[34mINFO[0m	node	node/main.go:148	cleaned expired cache entries	{"self": {"addr":"localhost:4011","id":"0x03b6b99475a18d9035"}, "count": 0}
2025-11-13T14:43:51.533-0800	[34mINFO[0m	node	node/main.go:151	cleaned stale hotspot entries	{"self": {"addr":"localhost:4011","id":"0x03b6b99475a18d9035"}, "count": 0}
2025-11-13T15:43:51.533-0800	[34mINFO[0m	node	node/main.go:148	cleaned expired cache entries	{"self": {"addr":"localhost:4011","id":"0x03b6b99475a18d9035"}, "count": 0}
2025-11-13T15:43:51.534-0800	[34mINFO[0m	node	node/main.go:151	cleaned stale hotspot entries	{"self": {"addr":"localhost:4011","id":"0x03b6b99475a18d9035"}, "count": 0}
2025-11-13T16:47:19.632-0800	[34mINFO[0m	node	node/main.go:148	cleaned expired cache entries	{"self": {"addr":"localhost:4011","id":"0x03b6b99475a18d9035"}, "count": 0}
2025-11-13T16:47:19.633-0800	[34mINFO[0m	node	node/main.go:151	cleaned stale hotspot entries	{"self": {"addr":"localhost:4011","id":"0x03b6b99475a18d9035"}, "count": 0}
