2025-11-12T16:08:40.077-0800	[34mINFO[0m	config/config.go:297	Loaded configuration	{"logger.active": true, "logger.level": "info", "logger.encoding": "console", "logger.mode": "stdout", "logger.file.path": "", "logger.file.maxSizeMB": 0, "logger.file.maxBackups": 0, "logger.file.maxAgeDays": 0, "logger.file.compress": false, "dht.idBits": 66, "dht.mode": "private", "dht.deBruijn.degree": 8, "dht.deBruijn.fixInterval": "5s", "dht.deBruijn.fixIntervalMs": 5000, "dht.storage.fixInterval": "20s", "dht.storage.fixIntervalMs": 20000, "dht.faultTolerance.successorListSize": 8, "dht.faultTolerance.stabilizationInterval": "2s", "dht.faultTolerance.stabilizationIntervalMs": 2000, "dht.faultTolerance.failureTimeout": "1s", "dht.faultTolerance.failureTimeoutMs": 1000, "dht.bootstrap.mode": "static", "dht.bootstrap.peers": ["localhost:4000"], "dht.bootstrap.register.hostedZoneId": "", "dht.bootstrap.register.domainSuffix": "", "dht.bootstrap.register.ttl": 0, "dht.bootstrap.register.region": "", "node.id": "", "node.host": "localhost", "node.bind": "0.0.0.0", "node.port": 4015, "telemetry.tracing.enabled": false, "telemetry.tracing.exporter": "", "telemetry.tracing.endpoint": "", "cache.enabled": true, "cache.httpPort": 8095, "cache.capacityMB": 512, "cache.defaultTTL": 3600, "cache.hotspotThreshold": 10, "cache.hotspotDecayRate": 0.65}
2025-11-12T16:08:40.084-0800	[34mINFO[0m	node	node/main.go:101	New Node initializing	{"self": {"addr":"localhost:4015","id":"0x0096b81747ee4d20a7"}}
2025/11/12 16:08:40 Tracing disabled
2025-11-12T16:08:40.085-0800	[34mINFO[0m	node	node/main.go:130	initialized web cache	{"self": {"addr":"localhost:4015","id":"0x0096b81747ee4d20a7"}, "capacity_mb": 512}
2025-11-12T16:08:40.086-0800	[34mINFO[0m	node	node/main.go:137	initialized hotspot detector	{"self": {"addr":"localhost:4015","id":"0x0096b81747ee4d20a7"}, "threshold": 10, "decay_rate": 0.65}
2025-11-12T16:08:40.087-0800	[34mINFO[0m	node	node/main.go:237	resolved bootstrap peers	{"self": {"addr":"localhost:4015","id":"0x0096b81747ee4d20a7"}, "peers": ["localhost:4000"]}
2025-11-12T16:08:40.087-0800	[34mINFO[0m	node.http-server	server/http.go:70	HTTP cache server starting	{"self": {"addr":"localhost:4015","id":"0x0096b81747ee4d20a7"}, "addr": ":8095"}
2025-11-12T16:08:40.136-0800	[34mINFO[0m	node	logicnode/node.go:72	join: candidate successor found	{"self": {"addr":"localhost:4015","id":"0x0096b81747ee4d20a7"}, "bootstrap": "localhost:4000", "successor": {"addr":"localhost:4008","id":"0x00cba93ac8da0c0474"}}
2025-11-12T16:08:40.153-0800	[34mINFO[0m	node	logicnode/node.go:103	join: successor has predecessor	{"self": {"addr":"localhost:4015","id":"0x0096b81747ee4d20a7"}, "predecessor": {"addr":"localhost:4009","id":"0x008bc4b21729c9fe0b"}}
2025-11-12T16:08:40.174-0800	[33mWARN[0m	node	logicnode/operation.go:296	FindSuccessorStep: de Bruijn failed or empty, falling back to successor	{"self": {"addr":"localhost:4015","id":"0x0096b81747ee4d20a7"}, "target": "0x03a84776e121917103", "nextHop": {"addr":"localhost:4008","id":"0x00cba93ac8da0c0474"}}
2025-11-12T16:08:40.225-0800	[34mINFO[0m	node	logicnode/node.go:135	join: completed successfully	{"self": {"addr":"localhost:4015","id":"0x0096b81747ee4d20a7"}, "self": {"addr":"localhost:4015","id":"0x0096b81747ee4d20a7"}, "successor": {"addr":"localhost:4008","id":"0x00cba93ac8da0c0474"}}
2025-11-12T16:08:40.226-0800	[34mINFO[0m	node	node/main.go:259	node registered successfully	{"self": {"addr":"localhost:4015","id":"0x0096b81747ee4d20a7"}}
2025-11-12T16:08:52.256-0800	[31mERROR[0m	node	logicnode/operation.go:286	FindSuccessorStep: lookup interrupted by timeout/cancel	{"self": {"addr":"localhost:4015","id":"0x0096b81747ee4d20a7"}, "tryIdx": 7, "addr": "localhost:4009", "err": null}
KoordeDHT/internal/node/logicnode.(*Node).FindSuccessorStep
	/mnt/d/CS6650/KoordeDHT-web-cache/internal/node/logicnode/operation.go:286
KoordeDHT/internal/node/server.(*dhtService).FindSuccessor
	/mnt/d/CS6650/KoordeDHT-web-cache/internal/node/server/dht_service.go:115
KoordeDHT/internal/api/dht/v1._DHT_FindSuccessor_Handler
	/mnt/d/CS6650/KoordeDHT-web-cache/internal/api/dht/v1/node_grpc.pb.go:255
google.golang.org/grpc.(*Server).processUnaryRPC
	/home/yuzheng/go/pkg/mod/google.golang.org/grpc@v1.75.1/server.go:1431
google.golang.org/grpc.(*Server).handleStream
	/home/yuzheng/go/pkg/mod/google.golang.org/grpc@v1.75.1/server.go:1842
google.golang.org/grpc.(*Server).serveStreams.func2.1
	/home/yuzheng/go/pkg/mod/google.golang.org/grpc@v1.75.1/server.go:1061
2025-11-12T16:09:24.206-0800	[31mERROR[0m	node	logicnode/operation.go:286	FindSuccessorStep: lookup interrupted by timeout/cancel	{"self": {"addr":"localhost:4015","id":"0x0096b81747ee4d20a7"}, "tryIdx": 7, "addr": "localhost:4028", "err": null}
KoordeDHT/internal/node/logicnode.(*Node).FindSuccessorStep
	/mnt/d/CS6650/KoordeDHT-web-cache/internal/node/logicnode/operation.go:286
KoordeDHT/internal/node/server.(*dhtService).FindSuccessor
	/mnt/d/CS6650/KoordeDHT-web-cache/internal/node/server/dht_service.go:115
KoordeDHT/internal/api/dht/v1._DHT_FindSuccessor_Handler
	/mnt/d/CS6650/KoordeDHT-web-cache/internal/api/dht/v1/node_grpc.pb.go:255
google.golang.org/grpc.(*Server).processUnaryRPC
	/home/yuzheng/go/pkg/mod/google.golang.org/grpc@v1.75.1/server.go:1431
google.golang.org/grpc.(*Server).handleStream
	/home/yuzheng/go/pkg/mod/google.golang.org/grpc@v1.75.1/server.go:1842
google.golang.org/grpc.(*Server).serveStreams.func2.1
	/home/yuzheng/go/pkg/mod/google.golang.org/grpc@v1.75.1/server.go:1061
2025-11-12T17:08:40.088-0800	[34mINFO[0m	node	node/main.go:148	cleaned expired cache entries	{"self": {"addr":"localhost:4015","id":"0x0096b81747ee4d20a7"}, "count": 0}
2025-11-12T17:08:40.088-0800	[34mINFO[0m	node	node/main.go:151	cleaned stale hotspot entries	{"self": {"addr":"localhost:4015","id":"0x0096b81747ee4d20a7"}, "count": 0}
2025-11-12T20:44:04.800-0800	[34mINFO[0m	node	node/main.go:148	cleaned expired cache entries	{"self": {"addr":"localhost:4015","id":"0x0096b81747ee4d20a7"}, "count": 0}
2025-11-12T20:44:04.803-0800	[34mINFO[0m	node	node/main.go:151	cleaned stale hotspot entries	{"self": {"addr":"localhost:4015","id":"0x0096b81747ee4d20a7"}, "count": 0}
2025-11-12T21:44:04.801-0800	[34mINFO[0m	node	node/main.go:148	cleaned expired cache entries	{"self": {"addr":"localhost:4015","id":"0x0096b81747ee4d20a7"}, "count": 0}
2025-11-12T21:44:04.802-0800	[34mINFO[0m	node	node/main.go:151	cleaned stale hotspot entries	{"self": {"addr":"localhost:4015","id":"0x0096b81747ee4d20a7"}, "count": 0}
2025-11-12T22:44:04.800-0800	[34mINFO[0m	node	node/main.go:148	cleaned expired cache entries	{"self": {"addr":"localhost:4015","id":"0x0096b81747ee4d20a7"}, "count": 0}
2025-11-12T22:44:04.801-0800	[34mINFO[0m	node	node/main.go:151	cleaned stale hotspot entries	{"self": {"addr":"localhost:4015","id":"0x0096b81747ee4d20a7"}, "count": 0}
2025-11-12T23:44:04.801-0800	[34mINFO[0m	node	node/main.go:148	cleaned expired cache entries	{"self": {"addr":"localhost:4015","id":"0x0096b81747ee4d20a7"}, "count": 0}
2025-11-12T23:44:04.802-0800	[34mINFO[0m	node	node/main.go:151	cleaned stale hotspot entries	{"self": {"addr":"localhost:4015","id":"0x0096b81747ee4d20a7"}, "count": 0}
2025-11-13T03:15:18.057-0800	[31mERROR[0m	node	logicnode/operation.go:286	FindSuccessorStep: lookup interrupted by timeout/cancel	{"self": {"addr":"localhost:4015","id":"0x0096b81747ee4d20a7"}, "tryIdx": 7, "addr": "localhost:4028", "err": null}
KoordeDHT/internal/node/logicnode.(*Node).FindSuccessorStep
	/mnt/d/CS6650/KoordeDHT-web-cache/internal/node/logicnode/operation.go:286
KoordeDHT/internal/node/server.(*dhtService).FindSuccessor
	/mnt/d/CS6650/KoordeDHT-web-cache/internal/node/server/dht_service.go:115
KoordeDHT/internal/api/dht/v1._DHT_FindSuccessor_Handler
	/mnt/d/CS6650/KoordeDHT-web-cache/internal/api/dht/v1/node_grpc.pb.go:255
google.golang.org/grpc.(*Server).processUnaryRPC
	/home/yuzheng/go/pkg/mod/google.golang.org/grpc@v1.75.1/server.go:1431
google.golang.org/grpc.(*Server).handleStream
	/home/yuzheng/go/pkg/mod/google.golang.org/grpc@v1.75.1/server.go:1842
google.golang.org/grpc.(*Server).serveStreams.func2.1
	/home/yuzheng/go/pkg/mod/google.golang.org/grpc@v1.75.1/server.go:1061
2025-11-13T09:10:20.129-0800	[34mINFO[0m	node	node/main.go:148	cleaned expired cache entries	{"self": {"addr":"localhost:4015","id":"0x0096b81747ee4d20a7"}, "count": 0}
2025-11-13T09:10:20.131-0800	[34mINFO[0m	node	node/main.go:151	cleaned stale hotspot entries	{"self": {"addr":"localhost:4015","id":"0x0096b81747ee4d20a7"}, "count": 0}
2025-11-13T10:10:20.128-0800	[34mINFO[0m	node	node/main.go:148	cleaned expired cache entries	{"self": {"addr":"localhost:4015","id":"0x0096b81747ee4d20a7"}, "count": 0}
2025-11-13T10:10:20.131-0800	[34mINFO[0m	node	node/main.go:151	cleaned stale hotspot entries	{"self": {"addr":"localhost:4015","id":"0x0096b81747ee4d20a7"}, "count": 0}
2025-11-13T11:10:20.129-0800	[34mINFO[0m	node	node/main.go:148	cleaned expired cache entries	{"self": {"addr":"localhost:4015","id":"0x0096b81747ee4d20a7"}, "count": 0}
2025-11-13T11:10:20.130-0800	[34mINFO[0m	node	node/main.go:151	cleaned stale hotspot entries	{"self": {"addr":"localhost:4015","id":"0x0096b81747ee4d20a7"}, "count": 0}
2025-11-13T13:42:58.117-0800	[34mINFO[0m	node	node/main.go:148	cleaned expired cache entries	{"self": {"addr":"localhost:4015","id":"0x0096b81747ee4d20a7"}, "count": 0}
2025-11-13T13:42:58.118-0800	[34mINFO[0m	node	node/main.go:151	cleaned stale hotspot entries	{"self": {"addr":"localhost:4015","id":"0x0096b81747ee4d20a7"}, "count": 0}
2025-11-13T14:43:59.553-0800	[34mINFO[0m	node	node/main.go:148	cleaned expired cache entries	{"self": {"addr":"localhost:4015","id":"0x0096b81747ee4d20a7"}, "count": 0}
2025-11-13T14:43:59.554-0800	[34mINFO[0m	node	node/main.go:151	cleaned stale hotspot entries	{"self": {"addr":"localhost:4015","id":"0x0096b81747ee4d20a7"}, "count": 0}
2025-11-13T15:43:59.553-0800	[34mINFO[0m	node	node/main.go:148	cleaned expired cache entries	{"self": {"addr":"localhost:4015","id":"0x0096b81747ee4d20a7"}, "count": 0}
2025-11-13T15:43:59.554-0800	[34mINFO[0m	node	node/main.go:151	cleaned stale hotspot entries	{"self": {"addr":"localhost:4015","id":"0x0096b81747ee4d20a7"}, "count": 0}
2025-11-13T16:47:27.652-0800	[34mINFO[0m	node	node/main.go:148	cleaned expired cache entries	{"self": {"addr":"localhost:4015","id":"0x0096b81747ee4d20a7"}, "count": 0}
2025-11-13T16:47:27.654-0800	[34mINFO[0m	node	node/main.go:151	cleaned stale hotspot entries	{"self": {"addr":"localhost:4015","id":"0x0096b81747ee4d20a7"}, "count": 0}
