2025-11-12T16:09:38.213-0800	[34mINFO[0m	config/config.go:297	Loaded configuration	{"logger.active": true, "logger.level": "info", "logger.encoding": "console", "logger.mode": "stdout", "logger.file.path": "", "logger.file.maxSizeMB": 0, "logger.file.maxBackups": 0, "logger.file.maxAgeDays": 0, "logger.file.compress": false, "dht.idBits": 66, "dht.mode": "private", "dht.deBruijn.degree": 8, "dht.deBruijn.fixInterval": "5s", "dht.deBruijn.fixIntervalMs": 5000, "dht.storage.fixInterval": "20s", "dht.storage.fixIntervalMs": 20000, "dht.faultTolerance.successorListSize": 8, "dht.faultTolerance.stabilizationInterval": "2s", "dht.faultTolerance.stabilizationIntervalMs": 2000, "dht.faultTolerance.failureTimeout": "1s", "dht.faultTolerance.failureTimeoutMs": 1000, "dht.bootstrap.mode": "static", "dht.bootstrap.peers": ["localhost:4000"], "dht.bootstrap.register.hostedZoneId": "", "dht.bootstrap.register.domainSuffix": "", "dht.bootstrap.register.ttl": 0, "dht.bootstrap.register.region": "", "node.id": "", "node.host": "localhost", "node.bind": "0.0.0.0", "node.port": 4044, "telemetry.tracing.enabled": false, "telemetry.tracing.exporter": "", "telemetry.tracing.endpoint": "", "cache.enabled": true, "cache.httpPort": 8124, "cache.capacityMB": 512, "cache.defaultTTL": 3600, "cache.hotspotThreshold": 10, "cache.hotspotDecayRate": 0.65}
2025-11-12T16:09:38.223-0800	[34mINFO[0m	node	node/main.go:101	New Node initializing	{"self": {"addr":"localhost:4044","id":"0x038b796555c4eea950"}}
2025/11/12 16:09:38 Tracing disabled
2025-11-12T16:09:38.224-0800	[34mINFO[0m	node	node/main.go:130	initialized web cache	{"self": {"addr":"localhost:4044","id":"0x038b796555c4eea950"}, "capacity_mb": 512}
2025-11-12T16:09:38.224-0800	[34mINFO[0m	node	node/main.go:137	initialized hotspot detector	{"self": {"addr":"localhost:4044","id":"0x038b796555c4eea950"}, "threshold": 10, "decay_rate": 0.65}
2025-11-12T16:09:38.224-0800	[34mINFO[0m	node	node/main.go:237	resolved bootstrap peers	{"self": {"addr":"localhost:4044","id":"0x038b796555c4eea950"}, "peers": ["localhost:4000"]}
2025-11-12T16:09:38.226-0800	[34mINFO[0m	node.http-server	server/http.go:70	HTTP cache server starting	{"self": {"addr":"localhost:4044","id":"0x038b796555c4eea950"}, "addr": ":8124"}
2025-11-12T16:09:38.280-0800	[34mINFO[0m	node	logicnode/node.go:72	join: candidate successor found	{"self": {"addr":"localhost:4044","id":"0x038b796555c4eea950"}, "bootstrap": "localhost:4000", "successor": {"addr":"localhost:4017","id":"0x03912fc65e29c48a34"}}
2025-11-12T16:09:38.300-0800	[34mINFO[0m	node	logicnode/node.go:103	join: successor has predecessor	{"self": {"addr":"localhost:4044","id":"0x038b796555c4eea950"}, "predecessor": {"addr":"localhost:4014","id":"0x03532cc907496db765"}}
2025-11-12T16:09:38.323-0800	[33mWARN[0m	node	logicnode/operation.go:296	FindSuccessorStep: de Bruijn failed or empty, falling back to successor	{"self": {"addr":"localhost:4044","id":"0x038b796555c4eea950"}, "target": "0x002e073bd7a105bcea", "nextHop": {"addr":"localhost:4017","id":"0x03912fc65e29c48a34"}}
2025-11-12T16:09:38.367-0800	[34mINFO[0m	node	logicnode/node.go:135	join: completed successfully	{"self": {"addr":"localhost:4044","id":"0x038b796555c4eea950"}, "self": {"addr":"localhost:4044","id":"0x038b796555c4eea950"}, "successor": {"addr":"localhost:4017","id":"0x03912fc65e29c48a34"}}
2025-11-12T16:09:38.368-0800	[34mINFO[0m	node	node/main.go:259	node registered successfully	{"self": {"addr":"localhost:4044","id":"0x038b796555c4eea950"}}
2025-11-12T17:09:38.226-0800	[34mINFO[0m	node	node/main.go:148	cleaned expired cache entries	{"self": {"addr":"localhost:4044","id":"0x038b796555c4eea950"}, "count": 0}
2025-11-12T17:09:38.227-0800	[34mINFO[0m	node	node/main.go:151	cleaned stale hotspot entries	{"self": {"addr":"localhost:4044","id":"0x038b796555c4eea950"}, "count": 0}
2025-11-12T20:45:02.940-0800	[34mINFO[0m	node	node/main.go:148	cleaned expired cache entries	{"self": {"addr":"localhost:4044","id":"0x038b796555c4eea950"}, "count": 0}
2025-11-12T20:45:02.941-0800	[34mINFO[0m	node	node/main.go:151	cleaned stale hotspot entries	{"self": {"addr":"localhost:4044","id":"0x038b796555c4eea950"}, "count": 0}
2025-11-12T21:45:02.940-0800	[34mINFO[0m	node	node/main.go:148	cleaned expired cache entries	{"self": {"addr":"localhost:4044","id":"0x038b796555c4eea950"}, "count": 0}
2025-11-12T21:45:02.946-0800	[34mINFO[0m	node	node/main.go:151	cleaned stale hotspot entries	{"self": {"addr":"localhost:4044","id":"0x038b796555c4eea950"}, "count": 0}
2025-11-12T22:45:02.939-0800	[34mINFO[0m	node	node/main.go:148	cleaned expired cache entries	{"self": {"addr":"localhost:4044","id":"0x038b796555c4eea950"}, "count": 0}
2025-11-12T22:45:02.941-0800	[34mINFO[0m	node	node/main.go:151	cleaned stale hotspot entries	{"self": {"addr":"localhost:4044","id":"0x038b796555c4eea950"}, "count": 0}
2025-11-12T23:45:02.939-0800	[34mINFO[0m	node	node/main.go:148	cleaned expired cache entries	{"self": {"addr":"localhost:4044","id":"0x038b796555c4eea950"}, "count": 0}
2025-11-12T23:45:02.942-0800	[34mINFO[0m	node	node/main.go:151	cleaned stale hotspot entries	{"self": {"addr":"localhost:4044","id":"0x038b796555c4eea950"}, "count": 0}
2025-11-12T23:56:47.018-0800	[33mWARN[0m	node	logicnode/worker.go:185	stabilize: could not get predecessor from successor	{"self": {"addr":"localhost:4044","id":"0x038b796555c4eea950"}, "succ": {"addr":"localhost:4017","id":"0x03912fc65e29c48a34"}, "err": "client: GetPredecessor RPC failed: rpc error: code = DeadlineExceeded desc = context deadline exceeded"}
2025-11-13T03:15:16.601-0800	[33mWARN[0m	node	logicnode/worker.go:194	stabilize: successor unresponsive, attempting promotion	{"self": {"addr":"localhost:4044","id":"0x038b796555c4eea950"}, "old_successor": {"addr":"localhost:4017","id":"0x03912fc65e29c48a34"}}
2025-11-12T23:56:47.274-0800	[31mERROR[0m	node	logicnode/operation.go:286	FindSuccessorStep: lookup interrupted by timeout/cancel	{"self": {"addr":"localhost:4044","id":"0x038b796555c4eea950"}, "tryIdx": 4, "addr": "localhost:4040", "err": null}
KoordeDHT/internal/node/logicnode.(*Node).FindSuccessorStep
	/mnt/d/CS6650/KoordeDHT-web-cache/internal/node/logicnode/operation.go:286
KoordeDHT/internal/node/server.(*dhtService).FindSuccessor
	/mnt/d/CS6650/KoordeDHT-web-cache/internal/node/server/dht_service.go:115
KoordeDHT/internal/api/dht/v1._DHT_FindSuccessor_Handler
	/mnt/d/CS6650/KoordeDHT-web-cache/internal/api/dht/v1/node_grpc.pb.go:255
google.golang.org/grpc.(*Server).processUnaryRPC
	/home/yuzheng/go/pkg/mod/google.golang.org/grpc@v1.75.1/server.go:1431
google.golang.org/grpc.(*Server).handleStream
	/home/yuzheng/go/pkg/mod/google.golang.org/grpc@v1.75.1/server.go:1842
google.golang.org/grpc.(*Server).serveStreams.func2.1
	/home/yuzheng/go/pkg/mod/google.golang.org/grpc@v1.75.1/server.go:1061
2025-11-13T09:11:18.267-0800	[34mINFO[0m	node	node/main.go:148	cleaned expired cache entries	{"self": {"addr":"localhost:4044","id":"0x038b796555c4eea950"}, "count": 0}
2025-11-13T09:11:18.271-0800	[34mINFO[0m	node	node/main.go:151	cleaned stale hotspot entries	{"self": {"addr":"localhost:4044","id":"0x038b796555c4eea950"}, "count": 0}
2025-11-13T10:11:18.267-0800	[34mINFO[0m	node	node/main.go:148	cleaned expired cache entries	{"self": {"addr":"localhost:4044","id":"0x038b796555c4eea950"}, "count": 0}
2025-11-13T10:11:18.269-0800	[34mINFO[0m	node	node/main.go:151	cleaned stale hotspot entries	{"self": {"addr":"localhost:4044","id":"0x038b796555c4eea950"}, "count": 0}
2025-11-13T11:11:18.267-0800	[34mINFO[0m	node	node/main.go:148	cleaned expired cache entries	{"self": {"addr":"localhost:4044","id":"0x038b796555c4eea950"}, "count": 0}
2025-11-13T11:11:18.272-0800	[34mINFO[0m	node	node/main.go:151	cleaned stale hotspot entries	{"self": {"addr":"localhost:4044","id":"0x038b796555c4eea950"}, "count": 0}
2025-11-13T13:43:56.255-0800	[34mINFO[0m	node	node/main.go:148	cleaned expired cache entries	{"self": {"addr":"localhost:4044","id":"0x038b796555c4eea950"}, "count": 0}
2025-11-13T13:43:56.258-0800	[34mINFO[0m	node	node/main.go:151	cleaned stale hotspot entries	{"self": {"addr":"localhost:4044","id":"0x038b796555c4eea950"}, "count": 0}
2025-11-13T14:44:57.691-0800	[34mINFO[0m	node	node/main.go:148	cleaned expired cache entries	{"self": {"addr":"localhost:4044","id":"0x038b796555c4eea950"}, "count": 0}
2025-11-13T14:44:57.696-0800	[34mINFO[0m	node	node/main.go:151	cleaned stale hotspot entries	{"self": {"addr":"localhost:4044","id":"0x038b796555c4eea950"}, "count": 0}
2025-11-13T15:44:57.691-0800	[34mINFO[0m	node	node/main.go:148	cleaned expired cache entries	{"self": {"addr":"localhost:4044","id":"0x038b796555c4eea950"}, "count": 0}
2025-11-13T15:44:57.692-0800	[34mINFO[0m	node	node/main.go:151	cleaned stale hotspot entries	{"self": {"addr":"localhost:4044","id":"0x038b796555c4eea950"}, "count": 0}
2025-11-13T16:48:25.791-0800	[34mINFO[0m	node	node/main.go:148	cleaned expired cache entries	{"self": {"addr":"localhost:4044","id":"0x038b796555c4eea950"}, "count": 0}
2025-11-13T16:48:25.800-0800	[34mINFO[0m	node	node/main.go:151	cleaned stale hotspot entries	{"self": {"addr":"localhost:4044","id":"0x038b796555c4eea950"}, "count": 0}
