2025-11-12T16:09:10.151-0800	[34mINFO[0m	config/config.go:297	Loaded configuration	{"logger.active": true, "logger.level": "info", "logger.encoding": "console", "logger.mode": "stdout", "logger.file.path": "", "logger.file.maxSizeMB": 0, "logger.file.maxBackups": 0, "logger.file.maxAgeDays": 0, "logger.file.compress": false, "dht.idBits": 66, "dht.mode": "private", "dht.deBruijn.degree": 8, "dht.deBruijn.fixInterval": "5s", "dht.deBruijn.fixIntervalMs": 5000, "dht.storage.fixInterval": "20s", "dht.storage.fixIntervalMs": 20000, "dht.faultTolerance.successorListSize": 8, "dht.faultTolerance.stabilizationInterval": "2s", "dht.faultTolerance.stabilizationIntervalMs": 2000, "dht.faultTolerance.failureTimeout": "1s", "dht.faultTolerance.failureTimeoutMs": 1000, "dht.bootstrap.mode": "static", "dht.bootstrap.peers": ["localhost:4000"], "dht.bootstrap.register.hostedZoneId": "", "dht.bootstrap.register.domainSuffix": "", "dht.bootstrap.register.ttl": 0, "dht.bootstrap.register.region": "", "node.id": "", "node.host": "localhost", "node.bind": "0.0.0.0", "node.port": 4030, "telemetry.tracing.enabled": false, "telemetry.tracing.exporter": "", "telemetry.tracing.endpoint": "", "cache.enabled": true, "cache.httpPort": 8110, "cache.capacityMB": 512, "cache.defaultTTL": 3600, "cache.hotspotThreshold": 10, "cache.hotspotDecayRate": 0.65}
2025-11-12T16:09:10.158-0800	[34mINFO[0m	node	node/main.go:101	New Node initializing	{"self": {"addr":"localhost:4030","id":"0x03b085e8e9cbfe3c7b"}}
2025/11/12 16:09:10 Tracing disabled
2025-11-12T16:09:10.159-0800	[34mINFO[0m	node	node/main.go:130	initialized web cache	{"self": {"addr":"localhost:4030","id":"0x03b085e8e9cbfe3c7b"}, "capacity_mb": 512}
2025-11-12T16:09:10.159-0800	[34mINFO[0m	node	node/main.go:137	initialized hotspot detector	{"self": {"addr":"localhost:4030","id":"0x03b085e8e9cbfe3c7b"}, "threshold": 10, "decay_rate": 0.65}
2025-11-12T16:09:10.159-0800	[34mINFO[0m	node	node/main.go:237	resolved bootstrap peers	{"self": {"addr":"localhost:4030","id":"0x03b085e8e9cbfe3c7b"}, "peers": ["localhost:4000"]}
2025-11-12T16:09:10.160-0800	[34mINFO[0m	node.http-server	server/http.go:70	HTTP cache server starting	{"self": {"addr":"localhost:4030","id":"0x03b085e8e9cbfe3c7b"}, "addr": ":8110"}
2025-11-12T16:09:10.268-0800	[34mINFO[0m	node	logicnode/node.go:72	join: candidate successor found	{"self": {"addr":"localhost:4030","id":"0x03b085e8e9cbfe3c7b"}, "bootstrap": "localhost:4000", "successor": {"addr":"localhost:4011","id":"0x03b6b99475a18d9035"}}
2025-11-12T16:09:10.283-0800	[34mINFO[0m	node	logicnode/node.go:103	join: successor has predecessor	{"self": {"addr":"localhost:4030","id":"0x03b085e8e9cbfe3c7b"}, "predecessor": {"addr":"localhost:4021","id":"0x03aca98819949d884c"}}
2025-11-12T16:09:10.300-0800	[33mWARN[0m	node	logicnode/operation.go:296	FindSuccessorStep: de Bruijn failed or empty, falling back to successor	{"self": {"addr":"localhost:4030","id":"0x03b085e8e9cbfe3c7b"}, "target": "0x0152894433ffc03dd5", "nextHop": {"addr":"localhost:4011","id":"0x03b6b99475a18d9035"}}
2025-11-12T16:09:10.338-0800	[34mINFO[0m	node	logicnode/node.go:135	join: completed successfully	{"self": {"addr":"localhost:4030","id":"0x03b085e8e9cbfe3c7b"}, "self": {"addr":"localhost:4030","id":"0x03b085e8e9cbfe3c7b"}, "successor": {"addr":"localhost:4011","id":"0x03b6b99475a18d9035"}}
2025-11-12T16:09:10.339-0800	[34mINFO[0m	node	node/main.go:259	node registered successfully	{"self": {"addr":"localhost:4030","id":"0x03b085e8e9cbfe3c7b"}}
2025-11-12T17:09:10.160-0800	[34mINFO[0m	node	node/main.go:148	cleaned expired cache entries	{"self": {"addr":"localhost:4030","id":"0x03b085e8e9cbfe3c7b"}, "count": 0}
2025-11-12T17:09:10.161-0800	[34mINFO[0m	node	node/main.go:151	cleaned stale hotspot entries	{"self": {"addr":"localhost:4030","id":"0x03b085e8e9cbfe3c7b"}, "count": 0}
2025-11-12T20:44:34.873-0800	[34mINFO[0m	node	node/main.go:148	cleaned expired cache entries	{"self": {"addr":"localhost:4030","id":"0x03b085e8e9cbfe3c7b"}, "count": 0}
2025-11-12T20:44:34.874-0800	[34mINFO[0m	node	node/main.go:151	cleaned stale hotspot entries	{"self": {"addr":"localhost:4030","id":"0x03b085e8e9cbfe3c7b"}, "count": 0}
2025-11-12T21:44:34.874-0800	[34mINFO[0m	node	node/main.go:148	cleaned expired cache entries	{"self": {"addr":"localhost:4030","id":"0x03b085e8e9cbfe3c7b"}, "count": 0}
2025-11-12T21:44:34.875-0800	[34mINFO[0m	node	node/main.go:151	cleaned stale hotspot entries	{"self": {"addr":"localhost:4030","id":"0x03b085e8e9cbfe3c7b"}, "count": 0}
2025-11-12T22:44:34.874-0800	[34mINFO[0m	node	node/main.go:148	cleaned expired cache entries	{"self": {"addr":"localhost:4030","id":"0x03b085e8e9cbfe3c7b"}, "count": 0}
2025-11-12T22:44:34.874-0800	[34mINFO[0m	node	node/main.go:151	cleaned stale hotspot entries	{"self": {"addr":"localhost:4030","id":"0x03b085e8e9cbfe3c7b"}, "count": 0}
2025-11-12T23:44:34.873-0800	[34mINFO[0m	node	node/main.go:148	cleaned expired cache entries	{"self": {"addr":"localhost:4030","id":"0x03b085e8e9cbfe3c7b"}, "count": 0}
2025-11-12T23:44:34.874-0800	[34mINFO[0m	node	node/main.go:151	cleaned stale hotspot entries	{"self": {"addr":"localhost:4030","id":"0x03b085e8e9cbfe3c7b"}, "count": 0}
2025-11-13T09:10:50.202-0800	[34mINFO[0m	node	node/main.go:148	cleaned expired cache entries	{"self": {"addr":"localhost:4030","id":"0x03b085e8e9cbfe3c7b"}, "count": 0}
2025-11-13T09:10:50.203-0800	[34mINFO[0m	node	node/main.go:151	cleaned stale hotspot entries	{"self": {"addr":"localhost:4030","id":"0x03b085e8e9cbfe3c7b"}, "count": 0}
2025-11-13T10:10:50.201-0800	[34mINFO[0m	node	node/main.go:148	cleaned expired cache entries	{"self": {"addr":"localhost:4030","id":"0x03b085e8e9cbfe3c7b"}, "count": 0}
2025-11-13T10:10:50.202-0800	[34mINFO[0m	node	node/main.go:151	cleaned stale hotspot entries	{"self": {"addr":"localhost:4030","id":"0x03b085e8e9cbfe3c7b"}, "count": 0}
2025-11-13T11:10:50.202-0800	[34mINFO[0m	node	node/main.go:148	cleaned expired cache entries	{"self": {"addr":"localhost:4030","id":"0x03b085e8e9cbfe3c7b"}, "count": 0}
2025-11-13T11:10:50.203-0800	[34mINFO[0m	node	node/main.go:151	cleaned stale hotspot entries	{"self": {"addr":"localhost:4030","id":"0x03b085e8e9cbfe3c7b"}, "count": 0}
2025-11-13T13:43:28.189-0800	[34mINFO[0m	node	node/main.go:148	cleaned expired cache entries	{"self": {"addr":"localhost:4030","id":"0x03b085e8e9cbfe3c7b"}, "count": 0}
2025-11-13T13:43:28.190-0800	[34mINFO[0m	node	node/main.go:151	cleaned stale hotspot entries	{"self": {"addr":"localhost:4030","id":"0x03b085e8e9cbfe3c7b"}, "count": 0}
2025-11-13T14:44:29.626-0800	[34mINFO[0m	node	node/main.go:148	cleaned expired cache entries	{"self": {"addr":"localhost:4030","id":"0x03b085e8e9cbfe3c7b"}, "count": 0}
2025-11-13T14:44:29.627-0800	[34mINFO[0m	node	node/main.go:151	cleaned stale hotspot entries	{"self": {"addr":"localhost:4030","id":"0x03b085e8e9cbfe3c7b"}, "count": 0}
2025-11-13T15:44:29.625-0800	[34mINFO[0m	node	node/main.go:148	cleaned expired cache entries	{"self": {"addr":"localhost:4030","id":"0x03b085e8e9cbfe3c7b"}, "count": 0}
2025-11-13T15:44:29.626-0800	[34mINFO[0m	node	node/main.go:151	cleaned stale hotspot entries	{"self": {"addr":"localhost:4030","id":"0x03b085e8e9cbfe3c7b"}, "count": 0}
2025-11-13T16:47:57.726-0800	[34mINFO[0m	node	node/main.go:148	cleaned expired cache entries	{"self": {"addr":"localhost:4030","id":"0x03b085e8e9cbfe3c7b"}, "count": 0}
2025-11-13T16:47:57.726-0800	[34mINFO[0m	node	node/main.go:151	cleaned stale hotspot entries	{"self": {"addr":"localhost:4030","id":"0x03b085e8e9cbfe3c7b"}, "count": 0}
