2025-11-12T16:08:38.077-0800	[34mINFO[0m	config/config.go:297	Loaded configuration	{"logger.active": true, "logger.level": "info", "logger.encoding": "console", "logger.mode": "stdout", "logger.file.path": "", "logger.file.maxSizeMB": 0, "logger.file.maxBackups": 0, "logger.file.maxAgeDays": 0, "logger.file.compress": false, "dht.idBits": 66, "dht.mode": "private", "dht.deBruijn.degree": 8, "dht.deBruijn.fixInterval": "5s", "dht.deBruijn.fixIntervalMs": 5000, "dht.storage.fixInterval": "20s", "dht.storage.fixIntervalMs": 20000, "dht.faultTolerance.successorListSize": 8, "dht.faultTolerance.stabilizationInterval": "2s", "dht.faultTolerance.stabilizationIntervalMs": 2000, "dht.faultTolerance.failureTimeout": "1s", "dht.faultTolerance.failureTimeoutMs": 1000, "dht.bootstrap.mode": "static", "dht.bootstrap.peers": ["localhost:4000"], "dht.bootstrap.register.hostedZoneId": "", "dht.bootstrap.register.domainSuffix": "", "dht.bootstrap.register.ttl": 0, "dht.bootstrap.register.region": "", "node.id": "", "node.host": "localhost", "node.bind": "0.0.0.0", "node.port": 4014, "telemetry.tracing.enabled": false, "telemetry.tracing.exporter": "", "telemetry.tracing.endpoint": "", "cache.enabled": true, "cache.httpPort": 8094, "cache.capacityMB": 512, "cache.defaultTTL": 3600, "cache.hotspotThreshold": 10, "cache.hotspotDecayRate": 0.65}
2025-11-12T16:08:38.085-0800	[34mINFO[0m	node	node/main.go:101	New Node initializing	{"self": {"addr":"localhost:4014","id":"0x03532cc907496db765"}}
2025/11/12 16:08:38 Tracing disabled
2025-11-12T16:08:38.086-0800	[34mINFO[0m	node	node/main.go:130	initialized web cache	{"self": {"addr":"localhost:4014","id":"0x03532cc907496db765"}, "capacity_mb": 512}
2025-11-12T16:08:38.086-0800	[34mINFO[0m	node	node/main.go:137	initialized hotspot detector	{"self": {"addr":"localhost:4014","id":"0x03532cc907496db765"}, "threshold": 10, "decay_rate": 0.65}
2025-11-12T16:08:38.087-0800	[34mINFO[0m	node	node/main.go:237	resolved bootstrap peers	{"self": {"addr":"localhost:4014","id":"0x03532cc907496db765"}, "peers": ["localhost:4000"]}
2025-11-12T16:08:38.087-0800	[34mINFO[0m	node.http-server	server/http.go:70	HTTP cache server starting	{"self": {"addr":"localhost:4014","id":"0x03532cc907496db765"}, "addr": ":8094"}
2025-11-12T16:08:38.129-0800	[34mINFO[0m	node	logicnode/node.go:72	join: candidate successor found	{"self": {"addr":"localhost:4014","id":"0x03532cc907496db765"}, "bootstrap": "localhost:4000", "successor": {"addr":"localhost:4011","id":"0x03b6b99475a18d9035"}}
2025-11-12T16:08:38.151-0800	[34mINFO[0m	node	logicnode/node.go:103	join: successor has predecessor	{"self": {"addr":"localhost:4014","id":"0x03532cc907496db765"}, "predecessor": {"addr":"localhost:4012","id":"0x031fc8d8bfb65680aa"}}
2025-11-12T16:08:38.166-0800	[33mWARN[0m	node	logicnode/operation.go:296	FindSuccessorStep: de Bruijn failed or empty, falling back to successor	{"self": {"addr":"localhost:4014","id":"0x03532cc907496db765"}, "target": "0x00ffccaea0b1d4218f", "nextHop": {"addr":"localhost:4011","id":"0x03b6b99475a18d9035"}}
2025-11-12T16:08:38.210-0800	[34mINFO[0m	node	logicnode/node.go:135	join: completed successfully	{"self": {"addr":"localhost:4014","id":"0x03532cc907496db765"}, "self": {"addr":"localhost:4014","id":"0x03532cc907496db765"}, "successor": {"addr":"localhost:4011","id":"0x03b6b99475a18d9035"}}
2025-11-12T16:08:38.211-0800	[34mINFO[0m	node	node/main.go:259	node registered successfully	{"self": {"addr":"localhost:4014","id":"0x03532cc907496db765"}}
2025-11-12T16:09:00.276-0800	[31mERROR[0m	node	logicnode/operation.go:286	FindSuccessorStep: lookup interrupted by timeout/cancel	{"self": {"addr":"localhost:4014","id":"0x03532cc907496db765"}, "tryIdx": 7, "addr": "localhost:4010", "err": null}
KoordeDHT/internal/node/logicnode.(*Node).FindSuccessorStep
	/mnt/d/CS6650/KoordeDHT-web-cache/internal/node/logicnode/operation.go:286
KoordeDHT/internal/node/server.(*dhtService).FindSuccessor
	/mnt/d/CS6650/KoordeDHT-web-cache/internal/node/server/dht_service.go:115
KoordeDHT/internal/api/dht/v1._DHT_FindSuccessor_Handler
	/mnt/d/CS6650/KoordeDHT-web-cache/internal/api/dht/v1/node_grpc.pb.go:255
google.golang.org/grpc.(*Server).processUnaryRPC
	/home/yuzheng/go/pkg/mod/google.golang.org/grpc@v1.75.1/server.go:1431
google.golang.org/grpc.(*Server).handleStream
	/home/yuzheng/go/pkg/mod/google.golang.org/grpc@v1.75.1/server.go:1842
google.golang.org/grpc.(*Server).serveStreams.func2.1
	/home/yuzheng/go/pkg/mod/google.golang.org/grpc@v1.75.1/server.go:1061
2025-11-12T16:09:12.277-0800	[33mWARN[0m	node	logicnode/operation.go:290	FindSuccessorStep: de Bruijn hop failed, trying previous candidate	{"self": {"addr":"localhost:4014","id":"0x03532cc907496db765"}, "tryIdx": 7, "failedNode": {"addr":"localhost:4020","id":"0x019b3cb3107724c73a"}, "err": null}
2025-11-12T16:09:32.388-0800	[34mINFO[0m	node	logicnode/operation.go:414	Notify: predecessor updated	{"self": {"addr":"localhost:4014","id":"0x03532cc907496db765"}, "newPredecessor": {"addr":"localhost:4041","id":"0x0330f4c92418764b3d"}, "oldPredecessor": {"addr":"localhost:4012","id":"0x031fc8d8bfb65680aa"}}
2025-11-12T16:09:48.276-0800	[33mWARN[0m	node	logicnode/operation.go:290	FindSuccessorStep: de Bruijn hop failed, trying previous candidate	{"self": {"addr":"localhost:4014","id":"0x03532cc907496db765"}, "tryIdx": 7, "failedNode": {"addr":"localhost:4043","id":"0x01de56284f769cf553"}, "err": null}
2025-11-12T16:09:48.279-0800	[31mERROR[0m	node	logicnode/operation.go:286	FindSuccessorStep: lookup interrupted by timeout/cancel	{"self": {"addr":"localhost:4014","id":"0x03532cc907496db765"}, "tryIdx": 6, "addr": "localhost:4025", "err": null}
KoordeDHT/internal/node/logicnode.(*Node).FindSuccessorStep
	/mnt/d/CS6650/KoordeDHT-web-cache/internal/node/logicnode/operation.go:286
KoordeDHT/internal/node/server.(*dhtService).FindSuccessor
	/mnt/d/CS6650/KoordeDHT-web-cache/internal/node/server/dht_service.go:115
KoordeDHT/internal/api/dht/v1._DHT_FindSuccessor_Handler
	/mnt/d/CS6650/KoordeDHT-web-cache/internal/api/dht/v1/node_grpc.pb.go:255
google.golang.org/grpc.(*Server).processUnaryRPC
	/home/yuzheng/go/pkg/mod/google.golang.org/grpc@v1.75.1/server.go:1431
google.golang.org/grpc.(*Server).handleStream
	/home/yuzheng/go/pkg/mod/google.golang.org/grpc@v1.75.1/server.go:1842
google.golang.org/grpc.(*Server).serveStreams.func2.1
	/home/yuzheng/go/pkg/mod/google.golang.org/grpc@v1.75.1/server.go:1061
2025-11-12T16:09:48.396-0800	[31mERROR[0m	node	logicnode/operation.go:286	FindSuccessorStep: lookup interrupted by timeout/cancel	{"self": {"addr":"localhost:4014","id":"0x03532cc907496db765"}, "tryIdx": 7, "addr": "localhost:4043", "err": null}
KoordeDHT/internal/node/logicnode.(*Node).FindSuccessorStep
	/mnt/d/CS6650/KoordeDHT-web-cache/internal/node/logicnode/operation.go:286
KoordeDHT/internal/node/server.(*dhtService).FindSuccessor
	/mnt/d/CS6650/KoordeDHT-web-cache/internal/node/server/dht_service.go:115
KoordeDHT/internal/api/dht/v1._DHT_FindSuccessor_Handler
	/mnt/d/CS6650/KoordeDHT-web-cache/internal/api/dht/v1/node_grpc.pb.go:255
google.golang.org/grpc.(*Server).processUnaryRPC
	/home/yuzheng/go/pkg/mod/google.golang.org/grpc@v1.75.1/server.go:1431
google.golang.org/grpc.(*Server).handleStream
	/home/yuzheng/go/pkg/mod/google.golang.org/grpc@v1.75.1/server.go:1842
google.golang.org/grpc.(*Server).serveStreams.func2.1
	/home/yuzheng/go/pkg/mod/google.golang.org/grpc@v1.75.1/server.go:1061
2025-11-12T17:08:38.087-0800	[34mINFO[0m	node	node/main.go:148	cleaned expired cache entries	{"self": {"addr":"localhost:4014","id":"0x03532cc907496db765"}, "count": 0}
2025-11-12T17:08:38.089-0800	[34mINFO[0m	node	node/main.go:151	cleaned stale hotspot entries	{"self": {"addr":"localhost:4014","id":"0x03532cc907496db765"}, "count": 0}
2025-11-12T20:44:02.801-0800	[34mINFO[0m	node	node/main.go:148	cleaned expired cache entries	{"self": {"addr":"localhost:4014","id":"0x03532cc907496db765"}, "count": 0}
2025-11-12T20:44:02.803-0800	[34mINFO[0m	node	node/main.go:151	cleaned stale hotspot entries	{"self": {"addr":"localhost:4014","id":"0x03532cc907496db765"}, "count": 0}
2025-11-12T21:44:02.801-0800	[34mINFO[0m	node	node/main.go:148	cleaned expired cache entries	{"self": {"addr":"localhost:4014","id":"0x03532cc907496db765"}, "count": 0}
2025-11-12T21:44:02.804-0800	[34mINFO[0m	node	node/main.go:151	cleaned stale hotspot entries	{"self": {"addr":"localhost:4014","id":"0x03532cc907496db765"}, "count": 0}
2025-11-12T22:44:02.801-0800	[34mINFO[0m	node	node/main.go:148	cleaned expired cache entries	{"self": {"addr":"localhost:4014","id":"0x03532cc907496db765"}, "count": 0}
2025-11-12T22:44:02.802-0800	[34mINFO[0m	node	node/main.go:151	cleaned stale hotspot entries	{"self": {"addr":"localhost:4014","id":"0x03532cc907496db765"}, "count": 0}
2025-11-12T23:44:02.801-0800	[34mINFO[0m	node	node/main.go:148	cleaned expired cache entries	{"self": {"addr":"localhost:4014","id":"0x03532cc907496db765"}, "count": 0}
2025-11-12T23:44:02.802-0800	[34mINFO[0m	node	node/main.go:151	cleaned stale hotspot entries	{"self": {"addr":"localhost:4014","id":"0x03532cc907496db765"}, "count": 0}
2025-11-12T23:56:47.158-0800	[33mWARN[0m	node	logicnode/worker.go:185	stabilize: could not get predecessor from successor	{"self": {"addr":"localhost:4014","id":"0x03532cc907496db765"}, "succ": {"addr":"localhost:4044","id":"0x038b796555c4eea950"}, "err": "client: GetPredecessor RPC failed: rpc error: code = DeadlineExceeded desc = context deadline exceeded"}
2025-11-13T03:15:16.612-0800	[33mWARN[0m	node	logicnode/worker.go:194	stabilize: successor unresponsive, attempting promotion	{"self": {"addr":"localhost:4014","id":"0x03532cc907496db765"}, "old_successor": {"addr":"localhost:4044","id":"0x038b796555c4eea950"}}
2025-11-13T03:15:16.942-0800	[33mWARN[0m	node	logicnode/operation.go:290	FindSuccessorStep: de Bruijn hop failed, trying previous candidate	{"self": {"addr":"localhost:4014","id":"0x03532cc907496db765"}, "tryIdx": 7, "failedNode": {"addr":"localhost:4043","id":"0x01de56284f769cf553"}, "err": null}
2025-11-13T03:15:16.975-0800	[33mWARN[0m	node	logicnode/operation.go:290	FindSuccessorStep: de Bruijn hop failed, trying previous candidate	{"self": {"addr":"localhost:4014","id":"0x03532cc907496db765"}, "tryIdx": 7, "failedNode": {"addr":"localhost:4043","id":"0x01de56284f769cf553"}, "err": null}
2025-11-13T03:15:16.950-0800	[33mWARN[0m	node	logicnode/operation.go:290	FindSuccessorStep: de Bruijn hop failed, trying previous candidate	{"self": {"addr":"localhost:4014","id":"0x03532cc907496db765"}, "tryIdx": 7, "failedNode": {"addr":"localhost:4043","id":"0x01de56284f769cf553"}, "err": null}
2025-11-13T03:15:17.106-0800	[31mERROR[0m	node	logicnode/operation.go:286	FindSuccessorStep: lookup interrupted by timeout/cancel	{"self": {"addr":"localhost:4014","id":"0x03532cc907496db765"}, "tryIdx": 6, "addr": "localhost:4025", "err": null}
KoordeDHT/internal/node/logicnode.(*Node).FindSuccessorStep
	/mnt/d/CS6650/KoordeDHT-web-cache/internal/node/logicnode/operation.go:286
KoordeDHT/internal/node/server.(*dhtService).FindSuccessor
	/mnt/d/CS6650/KoordeDHT-web-cache/internal/node/server/dht_service.go:115
KoordeDHT/internal/api/dht/v1._DHT_FindSuccessor_Handler
	/mnt/d/CS6650/KoordeDHT-web-cache/internal/api/dht/v1/node_grpc.pb.go:255
google.golang.org/grpc.(*Server).processUnaryRPC
	/home/yuzheng/go/pkg/mod/google.golang.org/grpc@v1.75.1/server.go:1431
google.golang.org/grpc.(*Server).handleStream
	/home/yuzheng/go/pkg/mod/google.golang.org/grpc@v1.75.1/server.go:1842
google.golang.org/grpc.(*Server).serveStreams.func2.1
	/home/yuzheng/go/pkg/mod/google.golang.org/grpc@v1.75.1/server.go:1061
2025-11-13T03:15:17.074-0800	[31mERROR[0m	node	logicnode/operation.go:286	FindSuccessorStep: lookup interrupted by timeout/cancel	{"self": {"addr":"localhost:4014","id":"0x03532cc907496db765"}, "tryIdx": 6, "addr": "localhost:4025", "err": null}
KoordeDHT/internal/node/logicnode.(*Node).FindSuccessorStep
	/mnt/d/CS6650/KoordeDHT-web-cache/internal/node/logicnode/operation.go:286
KoordeDHT/internal/node/server.(*dhtService).FindSuccessor
	/mnt/d/CS6650/KoordeDHT-web-cache/internal/node/server/dht_service.go:115
KoordeDHT/internal/api/dht/v1._DHT_FindSuccessor_Handler
	/mnt/d/CS6650/KoordeDHT-web-cache/internal/api/dht/v1/node_grpc.pb.go:255
google.golang.org/grpc.(*Server).processUnaryRPC
	/home/yuzheng/go/pkg/mod/google.golang.org/grpc@v1.75.1/server.go:1431
google.golang.org/grpc.(*Server).handleStream
	/home/yuzheng/go/pkg/mod/google.golang.org/grpc@v1.75.1/server.go:1842
google.golang.org/grpc.(*Server).serveStreams.func2.1
	/home/yuzheng/go/pkg/mod/google.golang.org/grpc@v1.75.1/server.go:1061
2025-11-13T03:15:17.150-0800	[31mERROR[0m	node	logicnode/operation.go:286	FindSuccessorStep: lookup interrupted by timeout/cancel	{"self": {"addr":"localhost:4014","id":"0x03532cc907496db765"}, "tryIdx": 6, "addr": "localhost:4025", "err": null}
KoordeDHT/internal/node/logicnode.(*Node).FindSuccessorStep
	/mnt/d/CS6650/KoordeDHT-web-cache/internal/node/logicnode/operation.go:286
KoordeDHT/internal/node/server.(*dhtService).FindSuccessor
	/mnt/d/CS6650/KoordeDHT-web-cache/internal/node/server/dht_service.go:115
KoordeDHT/internal/api/dht/v1._DHT_FindSuccessor_Handler
	/mnt/d/CS6650/KoordeDHT-web-cache/internal/api/dht/v1/node_grpc.pb.go:255
google.golang.org/grpc.(*Server).processUnaryRPC
	/home/yuzheng/go/pkg/mod/google.golang.org/grpc@v1.75.1/server.go:1431
google.golang.org/grpc.(*Server).handleStream
	/home/yuzheng/go/pkg/mod/google.golang.org/grpc@v1.75.1/server.go:1842
google.golang.org/grpc.(*Server).serveStreams.func2.1
	/home/yuzheng/go/pkg/mod/google.golang.org/grpc@v1.75.1/server.go:1061
2025-11-13T03:15:17.463-0800	[33mWARN[0m	node	logicnode/operation.go:290	FindSuccessorStep: de Bruijn hop failed, trying previous candidate	{"self": {"addr":"localhost:4014","id":"0x03532cc907496db765"}, "tryIdx": 7, "failedNode": {"addr":"localhost:4043","id":"0x01de56284f769cf553"}, "err": null}
2025-11-13T03:15:17.933-0800	[33mWARN[0m	node	logicnode/operation.go:290	FindSuccessorStep: de Bruijn hop failed, trying previous candidate	{"self": {"addr":"localhost:4014","id":"0x03532cc907496db765"}, "tryIdx": 7, "failedNode": {"addr":"localhost:4043","id":"0x01de56284f769cf553"}, "err": null}
2025-11-13T03:15:17.945-0800	[33mWARN[0m	node	logicnode/operation.go:274	FindSuccessorStep: failed to get connection from pool	{"self": {"addr":"localhost:4014","id":"0x03532cc907496db765"}, "tryIdx": 6, "addr": "localhost:4025", "err": "clientpool: no connection in pool"}
2025-11-13T03:15:17.988-0800	[33mWARN[0m	node	logicnode/operation.go:274	FindSuccessorStep: failed to get connection from pool	{"self": {"addr":"localhost:4014","id":"0x03532cc907496db765"}, "tryIdx": 5, "addr": "localhost:4020", "err": "clientpool: no connection in pool"}
2025-11-13T03:15:18.050-0800	[31mERROR[0m	node	logicnode/operation.go:286	FindSuccessorStep: lookup interrupted by timeout/cancel	{"self": {"addr":"localhost:4014","id":"0x03532cc907496db765"}, "tryIdx": 4, "addr": "localhost:4006", "err": null}
KoordeDHT/internal/node/logicnode.(*Node).FindSuccessorStep
	/mnt/d/CS6650/KoordeDHT-web-cache/internal/node/logicnode/operation.go:286
KoordeDHT/internal/node/server.(*dhtService).FindSuccessor
	/mnt/d/CS6650/KoordeDHT-web-cache/internal/node/server/dht_service.go:115
KoordeDHT/internal/api/dht/v1._DHT_FindSuccessor_Handler
	/mnt/d/CS6650/KoordeDHT-web-cache/internal/api/dht/v1/node_grpc.pb.go:255
google.golang.org/grpc.(*Server).processUnaryRPC
	/home/yuzheng/go/pkg/mod/google.golang.org/grpc@v1.75.1/server.go:1431
google.golang.org/grpc.(*Server).handleStream
	/home/yuzheng/go/pkg/mod/google.golang.org/grpc@v1.75.1/server.go:1842
google.golang.org/grpc.(*Server).serveStreams.func2.1
	/home/yuzheng/go/pkg/mod/google.golang.org/grpc@v1.75.1/server.go:1061
2025-11-13T09:10:18.129-0800	[34mINFO[0m	node	node/main.go:148	cleaned expired cache entries	{"self": {"addr":"localhost:4014","id":"0x03532cc907496db765"}, "count": 0}
2025-11-13T09:10:18.130-0800	[34mINFO[0m	node	node/main.go:151	cleaned stale hotspot entries	{"self": {"addr":"localhost:4014","id":"0x03532cc907496db765"}, "count": 0}
2025-11-13T10:10:18.129-0800	[34mINFO[0m	node	node/main.go:148	cleaned expired cache entries	{"self": {"addr":"localhost:4014","id":"0x03532cc907496db765"}, "count": 0}
2025-11-13T10:10:18.130-0800	[34mINFO[0m	node	node/main.go:151	cleaned stale hotspot entries	{"self": {"addr":"localhost:4014","id":"0x03532cc907496db765"}, "count": 0}
2025-11-13T11:10:18.129-0800	[34mINFO[0m	node	node/main.go:148	cleaned expired cache entries	{"self": {"addr":"localhost:4014","id":"0x03532cc907496db765"}, "count": 0}
2025-11-13T11:10:18.129-0800	[34mINFO[0m	node	node/main.go:151	cleaned stale hotspot entries	{"self": {"addr":"localhost:4014","id":"0x03532cc907496db765"}, "count": 0}
2025-11-13T13:42:56.117-0800	[34mINFO[0m	node	node/main.go:148	cleaned expired cache entries	{"self": {"addr":"localhost:4014","id":"0x03532cc907496db765"}, "count": 0}
2025-11-13T13:42:56.123-0800	[34mINFO[0m	node	node/main.go:151	cleaned stale hotspot entries	{"self": {"addr":"localhost:4014","id":"0x03532cc907496db765"}, "count": 0}
2025-11-13T14:43:57.553-0800	[34mINFO[0m	node	node/main.go:148	cleaned expired cache entries	{"self": {"addr":"localhost:4014","id":"0x03532cc907496db765"}, "count": 0}
2025-11-13T14:43:57.554-0800	[34mINFO[0m	node	node/main.go:151	cleaned stale hotspot entries	{"self": {"addr":"localhost:4014","id":"0x03532cc907496db765"}, "count": 0}
2025-11-13T15:43:57.553-0800	[34mINFO[0m	node	node/main.go:148	cleaned expired cache entries	{"self": {"addr":"localhost:4014","id":"0x03532cc907496db765"}, "count": 0}
2025-11-13T15:43:57.555-0800	[34mINFO[0m	node	node/main.go:151	cleaned stale hotspot entries	{"self": {"addr":"localhost:4014","id":"0x03532cc907496db765"}, "count": 0}
2025-11-13T16:31:39.959-0800	[31mERROR[0m	node	logicnode/operation.go:286	FindSuccessorStep: lookup interrupted by timeout/cancel	{"self": {"addr":"localhost:4014","id":"0x03532cc907496db765"}, "tryIdx": 7, "addr": "localhost:4043", "err": null}
KoordeDHT/internal/node/logicnode.(*Node).FindSuccessorStep
	/mnt/d/CS6650/KoordeDHT-web-cache/internal/node/logicnode/operation.go:286
KoordeDHT/internal/node/server.(*dhtService).FindSuccessor
	/mnt/d/CS6650/KoordeDHT-web-cache/internal/node/server/dht_service.go:115
KoordeDHT/internal/api/dht/v1._DHT_FindSuccessor_Handler
	/mnt/d/CS6650/KoordeDHT-web-cache/internal/api/dht/v1/node_grpc.pb.go:255
google.golang.org/grpc.(*Server).processUnaryRPC
	/home/yuzheng/go/pkg/mod/google.golang.org/grpc@v1.75.1/server.go:1431
google.golang.org/grpc.(*Server).handleStream
	/home/yuzheng/go/pkg/mod/google.golang.org/grpc@v1.75.1/server.go:1842
google.golang.org/grpc.(*Server).serveStreams.func2.1
	/home/yuzheng/go/pkg/mod/google.golang.org/grpc@v1.75.1/server.go:1061
2025-11-13T16:47:25.653-0800	[34mINFO[0m	node	node/main.go:148	cleaned expired cache entries	{"self": {"addr":"localhost:4014","id":"0x03532cc907496db765"}, "count": 0}
2025-11-13T16:47:25.654-0800	[34mINFO[0m	node	node/main.go:151	cleaned stale hotspot entries	{"self": {"addr":"localhost:4014","id":"0x03532cc907496db765"}, "count": 0}
