2025-11-11T16:16:30.053-0800	[34mINFO[0m	config/config.go:297	Loaded configuration	{"logger.active": true, "logger.level": "info", "logger.encoding": "console", "logger.mode": "stdout", "logger.file.path": "", "logger.file.maxSizeMB": 0, "logger.file.maxBackups": 0, "logger.file.maxAgeDays": 0, "logger.file.compress": false, "dht.idBits": 66, "dht.mode": "private", "dht.deBruijn.degree": 8, "dht.deBruijn.fixInterval": "5s", "dht.deBruijn.fixIntervalMs": 5000, "dht.storage.fixInterval": "20s", "dht.storage.fixIntervalMs": 20000, "dht.faultTolerance.successorListSize": 8, "dht.faultTolerance.stabilizationInterval": "2s", "dht.faultTolerance.stabilizationIntervalMs": 2000, "dht.faultTolerance.failureTimeout": "1s", "dht.faultTolerance.failureTimeoutMs": 1000, "dht.bootstrap.mode": "static", "dht.bootstrap.peers": ["localhost:4000"], "dht.bootstrap.register.hostedZoneId": "", "dht.bootstrap.register.domainSuffix": "", "dht.bootstrap.register.ttl": 0, "dht.bootstrap.register.region": "", "node.id": "", "node.host": "localhost", "node.bind": "0.0.0.0", "node.port": 4003, "telemetry.tracing.enabled": false, "telemetry.tracing.exporter": "", "telemetry.tracing.endpoint": "", "cache.enabled": true, "cache.httpPort": 8083, "cache.capacityMB": 512, "cache.defaultTTL": 3600, "cache.hotspotThreshold": 100, "cache.hotspotDecayRate": 0.65}
2025-11-11T16:16:30.099-0800	[34mINFO[0m	node	node/main.go:101	New Node initializing	{"self": {"addr":"localhost:4003","id":"0x011c1f485b12f6f310"}}
2025/11/11 16:16:30 Tracing disabled
2025-11-11T16:16:30.099-0800	[34mINFO[0m	node	node/main.go:130	initialized web cache	{"self": {"addr":"localhost:4003","id":"0x011c1f485b12f6f310"}, "capacity_mb": 512}
2025-11-11T16:16:30.099-0800	[34mINFO[0m	node	node/main.go:137	initialized hotspot detector	{"self": {"addr":"localhost:4003","id":"0x011c1f485b12f6f310"}, "threshold": 100, "decay_rate": 0.65}
2025-11-11T16:16:30.099-0800	[34mINFO[0m	node	node/main.go:237	resolved bootstrap peers	{"self": {"addr":"localhost:4003","id":"0x011c1f485b12f6f310"}, "peers": ["localhost:4000"]}
2025-11-11T16:16:30.099-0800	[34mINFO[0m	node.http-server	server/http.go:70	HTTP cache server starting	{"self": {"addr":"localhost:4003","id":"0x011c1f485b12f6f310"}, "addr": ":8083"}
2025-11-11T16:16:30.122-0800	[34mINFO[0m	node	logicnode/node.go:72	join: candidate successor found	{"self": {"addr":"localhost:4003","id":"0x011c1f485b12f6f310"}, "bootstrap": "localhost:4000", "successor": {"addr":"localhost:4002","id":"0x01908ac16ec9805a32"}}
2025-11-11T16:16:30.124-0800	[34mINFO[0m	node	logicnode/node.go:103	join: successor has predecessor	{"self": {"addr":"localhost:4003","id":"0x011c1f485b12f6f310"}, "predecessor": {"addr":"localhost:4001","id":"0x0051ee3541f65b0e86"}}
2025-11-11T16:16:30.128-0800	[33mWARN[0m	node	logicnode/operation.go:296	FindSuccessorStep: de Bruijn failed or empty, falling back to successor	{"self": {"addr":"localhost:4003","id":"0x011c1f485b12f6f310"}, "target": "0x02e0fa42d897b79880", "nextHop": {"addr":"localhost:4002","id":"0x01908ac16ec9805a32"}}
2025-11-11T16:16:30.130-0800	[34mINFO[0m	node	logicnode/node.go:135	join: completed successfully	{"self": {"addr":"localhost:4003","id":"0x011c1f485b12f6f310"}, "self": {"addr":"localhost:4003","id":"0x011c1f485b12f6f310"}, "successor": {"addr":"localhost:4002","id":"0x01908ac16ec9805a32"}}
2025-11-11T16:16:30.130-0800	[34mINFO[0m	node	node/main.go:259	node registered successfully	{"self": {"addr":"localhost:4003","id":"0x011c1f485b12f6f310"}}
2025-11-11T16:17:16.318-0800	[34mINFO[0m	node.http-server	server/http.go:254	I am responsible, fetching from origin	{"self": {"addr":"localhost:4003","id":"0x011c1f485b12f6f310"}, "url": "https://www.twitch.tv"}
2025-11-11T16:17:16.416-0800	[34mINFO[0m	node.http-server	server/http.go:478	Origin fetch successful	{"self": {"addr":"localhost:4003","id":"0x011c1f485b12f6f310"}, "url": "https://www.twitch.tv", "size_bytes": 175071, "content_type": "text/html"}
2025-11-11T16:17:16.416-0800	[34mINFO[0m	node.http-server	server/http.go:274	Content cached successfully	{"self": {"addr":"localhost:4003","id":"0x011c1f485b12f6f310"}, "url": "https://www.twitch.tv", "size_bytes": 175071}
2025-11-11T16:17:16.417-0800	[34mINFO[0m	node.http-server	server/http.go:286	Request completed	{"self": {"addr":"localhost:4003","id":"0x011c1f485b12f6f310"}, "url": "https://www.twitch.tv", "total_latency_ms": 99, "content_size": 175071}
2025-11-11T16:17:28.062-0800	[34mINFO[0m	node.http-server	server/http.go:221	Cache HIT (local)	{"self": {"addr":"localhost:4003","id":"0x011c1f485b12f6f310"}, "url": "https://www.twitch.tv", "size_bytes": 175071, "latency_ms": 0}
2025-11-11T16:17:41.595-0800	[34mINFO[0m	node.http-server	server/http.go:151	DHT lookup complete	{"self": {"addr":"localhost:4003","id":"0x011c1f485b12f6f310"}, "url": "https://www.twitch.tv", "hash": "0x0106d893c3c48483eb", "responsible": {"addr":"localhost:4003","id":"0x011c1f485b12f6f310"}, "lookup_latency_ms": 0}
2025-11-11T16:17:41.595-0800	[34mINFO[0m	node.http-server	server/http.go:221	Cache HIT (local)	{"self": {"addr":"localhost:4003","id":"0x011c1f485b12f6f310"}, "url": "https://www.twitch.tv", "size_bytes": 175071, "latency_ms": 0}
2025-11-11T16:17:48.918-0800	[34mINFO[0m	node.http-server	server/http.go:221	Cache HIT (local)	{"self": {"addr":"localhost:4003","id":"0x011c1f485b12f6f310"}, "url": "https://www.twitch.tv", "size_bytes": 175071, "latency_ms": 0}
2025-11-11T16:18:44.891-0800	[34mINFO[0m	node.http-server	server/http.go:221	Cache HIT (local)	{"self": {"addr":"localhost:4003","id":"0x011c1f485b12f6f310"}, "url": "https://www.twitch.tv", "size_bytes": 175071, "latency_ms": 0}
2025-11-11T16:18:59.863-0800	[34mINFO[0m	node.http-server	server/http.go:221	Cache HIT (local)	{"self": {"addr":"localhost:4003","id":"0x011c1f485b12f6f310"}, "url": "https://www.twitch.tv", "size_bytes": 175071, "latency_ms": 0}
2025-11-11T16:32:54.095-0800	[34mINFO[0m	node.http-server	server/http.go:151	DHT lookup complete	{"self": {"addr":"localhost:4003","id":"0x011c1f485b12f6f310"}, "url": "https://www.youtube.com", "hash": "0x0206e9ee62e004b84a", "responsible": {"addr":"localhost:4004","id":"0x003ce6a18a52608073"}, "lookup_latency_ms": 1}
2025-11-11T16:32:54.095-0800	[34mINFO[0m	node.http-server	server/http.go:209	Forwarding to responsible node	{"self": {"addr":"localhost:4003","id":"0x011c1f485b12f6f310"}, "url": "https://www.youtube.com", "hash": "0x0206e9ee62e004b84a", "responsible_from_lookup": {"addr":"localhost:4004","id":"0x003ce6a18a52608073"}, "forward_target": {"addr":"localhost:4004","id":"0x003ce6a18a52608073"}}
2025-11-11T16:32:54.108-0800	[34mINFO[0m	node.http-server	server/http.go:436	Request proxied successfully	{"self": {"addr":"localhost:4003","id":"0x011c1f485b12f6f310"}, "url": "https://www.youtube.com", "target_node": "localhost:4004", "total_latency_ms": 14, "size_bytes": 720103}
2025-11-11T16:35:27.368-0800	[34mINFO[0m	node.http-server	server/http.go:254	I am responsible, fetching from origin	{"self": {"addr":"localhost:4003","id":"0x011c1f485b12f6f310"}, "url": "https://httpbin.org/uuid"}
2025-11-11T16:35:27.717-0800	[34mINFO[0m	node.http-server	server/http.go:478	Origin fetch successful	{"self": {"addr":"localhost:4003","id":"0x011c1f485b12f6f310"}, "url": "https://httpbin.org/uuid", "size_bytes": 53, "content_type": "application/json"}
2025-11-11T16:35:27.717-0800	[34mINFO[0m	node.http-server	server/http.go:274	Content cached successfully	{"self": {"addr":"localhost:4003","id":"0x011c1f485b12f6f310"}, "url": "https://httpbin.org/uuid", "size_bytes": 53}
2025-11-11T16:35:27.717-0800	[34mINFO[0m	node.http-server	server/http.go:286	Request completed	{"self": {"addr":"localhost:4003","id":"0x011c1f485b12f6f310"}, "url": "https://httpbin.org/uuid", "total_latency_ms": 348, "content_size": 53}
2025-11-11T16:35:54.653-0800	[34mINFO[0m	node.http-server	server/http.go:221	Cache HIT (local)	{"self": {"addr":"localhost:4003","id":"0x011c1f485b12f6f310"}, "url": "https://httpbin.org/uuid", "size_bytes": 53, "latency_ms": 0}
2025-11-11T17:02:17.368-0800	[34mINFO[0m	node.http-server	server/http.go:221	Cache HIT (local)	{"self": {"addr":"localhost:4003","id":"0x011c1f485b12f6f310"}, "url": "https://www.twitch.tv", "size_bytes": 175071, "latency_ms": 0}
2025-11-11T17:16:30.099-0800	[34mINFO[0m	node	node/main.go:148	cleaned expired cache entries	{"self": {"addr":"localhost:4003","id":"0x011c1f485b12f6f310"}, "count": 0}
2025-11-11T17:16:30.099-0800	[34mINFO[0m	node	node/main.go:151	cleaned stale hotspot entries	{"self": {"addr":"localhost:4003","id":"0x011c1f485b12f6f310"}, "count": 0}
2025-11-11T17:20:39.490-0800	[34mINFO[0m	node.http-server	server/http.go:254	I am responsible, fetching from origin	{"self": {"addr":"localhost:4003","id":"0x011c1f485b12f6f310"}, "url": "https://www.twitch.tv"}
2025-11-11T17:20:39.907-0800	[34mINFO[0m	node.http-server	server/http.go:478	Origin fetch successful	{"self": {"addr":"localhost:4003","id":"0x011c1f485b12f6f310"}, "url": "https://www.twitch.tv", "size_bytes": 175071, "content_type": "text/html"}
2025-11-11T17:20:39.907-0800	[34mINFO[0m	node.http-server	server/http.go:274	Content cached successfully	{"self": {"addr":"localhost:4003","id":"0x011c1f485b12f6f310"}, "url": "https://www.twitch.tv", "size_bytes": 175071}
2025-11-11T17:20:39.907-0800	[34mINFO[0m	node.http-server	server/http.go:286	Request completed	{"self": {"addr":"localhost:4003","id":"0x011c1f485b12f6f310"}, "url": "https://www.twitch.tv", "total_latency_ms": 416, "content_size": 175071}
2025-11-11T18:16:30.099-0800	[34mINFO[0m	node	node/main.go:148	cleaned expired cache entries	{"self": {"addr":"localhost:4003","id":"0x011c1f485b12f6f310"}, "count": 1}
2025-11-11T18:16:30.099-0800	[34mINFO[0m	node	node/main.go:151	cleaned stale hotspot entries	{"self": {"addr":"localhost:4003","id":"0x011c1f485b12f6f310"}, "count": 0}
2025-11-11T20:46:43.022-0800	[34mINFO[0m	node	node/main.go:148	cleaned expired cache entries	{"self": {"addr":"localhost:4003","id":"0x011c1f485b12f6f310"}, "count": 1}
2025-11-11T20:46:43.023-0800	[34mINFO[0m	node	node/main.go:151	cleaned stale hotspot entries	{"self": {"addr":"localhost:4003","id":"0x011c1f485b12f6f310"}, "count": 0}
2025-11-11T20:46:44.058-0800	[31mERROR[0m	node	logicnode/operation.go:286	FindSuccessorStep: lookup interrupted by timeout/cancel	{"self": {"addr":"localhost:4003","id":"0x011c1f485b12f6f310"}, "tryIdx": 3, "addr": "localhost:4001", "err": null}
KoordeDHT/internal/node/logicnode.(*Node).FindSuccessorStep
	D:/CS6650/KoordeDHT-web-cache/internal/node/logicnode/operation.go:286
KoordeDHT/internal/node/logicnode.(*Node).FindSuccessorInit
	D:/CS6650/KoordeDHT-web-cache/internal/node/logicnode/operation.go:185
KoordeDHT/internal/node/logicnode.(*Node).fixDeBruijn
	D:/CS6650/KoordeDHT-web-cache/internal/node/logicnode/worker.go:456
KoordeDHT/internal/node/logicnode.(*Node).StartStabilizers.func2
	D:/CS6650/KoordeDHT-web-cache/internal/node/logicnode/worker.go:49
2025-11-11T20:46:44.058-0800	[33mWARN[0m	node	logicnode/worker.go:459	fixDeBruijn: could not find successor	{"self": {"addr":"localhost:4003","id":"0x011c1f485b12f6f310"}, "target": "0x02e0fa42d897b79880", "err": "context deadline exceeded"}
2025-11-11T20:46:44.059-0800	[33mWARN[0m	node	logicnode/worker.go:185	stabilize: could not get predecessor from successor	{"self": {"addr":"localhost:4003","id":"0x011c1f485b12f6f310"}, "succ": {"addr":"localhost:4002","id":"0x01908ac16ec9805a32"}, "err": "client: GetPredecessor RPC failed: rpc error: code = DeadlineExceeded desc = context deadline exceeded while waiting for connections to become ready"}
2025-11-11T20:46:44.141-0800	[33mWARN[0m	node	logicnode/worker.go:194	stabilize: successor unresponsive, attempting promotion	{"self": {"addr":"localhost:4003","id":"0x011c1f485b12f6f310"}, "old_successor": {"addr":"localhost:4002","id":"0x01908ac16ec9805a32"}}
2025-11-11T20:46:45.150-0800	[33mWARN[0m	node	logicnode/worker.go:268	stabilize: notify RPC failed	{"self": {"addr":"localhost:4003","id":"0x011c1f485b12f6f310"}, "succ": {"addr":"localhost:4004","id":"0x003ce6a18a52608073"}, "err": "client: Notify RPC failed: rpc error: code = DeadlineExceeded desc = context deadline exceeded"}
