2025-11-12T16:09:22.177-0800	[34mINFO[0m	config/config.go:297	Loaded configuration	{"logger.active": true, "logger.level": "info", "logger.encoding": "console", "logger.mode": "stdout", "logger.file.path": "", "logger.file.maxSizeMB": 0, "logger.file.maxBackups": 0, "logger.file.maxAgeDays": 0, "logger.file.compress": false, "dht.idBits": 66, "dht.mode": "private", "dht.deBruijn.degree": 8, "dht.deBruijn.fixInterval": "5s", "dht.deBruijn.fixIntervalMs": 5000, "dht.storage.fixInterval": "20s", "dht.storage.fixIntervalMs": 20000, "dht.faultTolerance.successorListSize": 8, "dht.faultTolerance.stabilizationInterval": "2s", "dht.faultTolerance.stabilizationIntervalMs": 2000, "dht.faultTolerance.failureTimeout": "1s", "dht.faultTolerance.failureTimeoutMs": 1000, "dht.bootstrap.mode": "static", "dht.bootstrap.peers": ["localhost:4000"], "dht.bootstrap.register.hostedZoneId": "", "dht.bootstrap.register.domainSuffix": "", "dht.bootstrap.register.ttl": 0, "dht.bootstrap.register.region": "", "node.id": "", "node.host": "localhost", "node.bind": "0.0.0.0", "node.port": 4036, "telemetry.tracing.enabled": false, "telemetry.tracing.exporter": "", "telemetry.tracing.endpoint": "", "cache.enabled": true, "cache.httpPort": 8116, "cache.capacityMB": 512, "cache.defaultTTL": 3600, "cache.hotspotThreshold": 10, "cache.hotspotDecayRate": 0.65}
2025-11-12T16:09:22.187-0800	[34mINFO[0m	node	node/main.go:101	New Node initializing	{"self": {"addr":"localhost:4036","id":"0x023b95f96fa88e4f64"}}
2025/11/12 16:09:22 Tracing disabled
2025-11-12T16:09:22.187-0800	[34mINFO[0m	node	node/main.go:130	initialized web cache	{"self": {"addr":"localhost:4036","id":"0x023b95f96fa88e4f64"}, "capacity_mb": 512}
2025-11-12T16:09:22.188-0800	[34mINFO[0m	node	node/main.go:137	initialized hotspot detector	{"self": {"addr":"localhost:4036","id":"0x023b95f96fa88e4f64"}, "threshold": 10, "decay_rate": 0.65}
2025-11-12T16:09:22.188-0800	[34mINFO[0m	node	node/main.go:237	resolved bootstrap peers	{"self": {"addr":"localhost:4036","id":"0x023b95f96fa88e4f64"}, "peers": ["localhost:4000"]}
2025-11-12T16:09:22.189-0800	[34mINFO[0m	node.http-server	server/http.go:70	HTTP cache server starting	{"self": {"addr":"localhost:4036","id":"0x023b95f96fa88e4f64"}, "addr": ":8116"}
2025-11-12T16:09:22.273-0800	[34mINFO[0m	node	logicnode/node.go:72	join: candidate successor found	{"self": {"addr":"localhost:4036","id":"0x023b95f96fa88e4f64"}, "bootstrap": "localhost:4000", "successor": {"addr":"localhost:4033","id":"0x026fb2d94d43e618ae"}}
2025-11-12T16:09:22.290-0800	[34mINFO[0m	node	logicnode/node.go:103	join: successor has predecessor	{"self": {"addr":"localhost:4036","id":"0x023b95f96fa88e4f64"}, "predecessor": {"addr":"localhost:4010","id":"0x0229fa4890cda12a6b"}}
2025-11-12T16:09:22.315-0800	[33mWARN[0m	node	logicnode/operation.go:296	FindSuccessorStep: de Bruijn failed or empty, falling back to successor	{"self": {"addr":"localhost:4036","id":"0x023b95f96fa88e4f64"}, "target": "0x00cf36881ef39ae6eb", "nextHop": {"addr":"localhost:4033","id":"0x026fb2d94d43e618ae"}}
2025-11-12T16:09:22.378-0800	[34mINFO[0m	node	logicnode/node.go:135	join: completed successfully	{"self": {"addr":"localhost:4036","id":"0x023b95f96fa88e4f64"}, "self": {"addr":"localhost:4036","id":"0x023b95f96fa88e4f64"}, "successor": {"addr":"localhost:4033","id":"0x026fb2d94d43e618ae"}}
2025-11-12T16:09:22.379-0800	[34mINFO[0m	node	node/main.go:259	node registered successfully	{"self": {"addr":"localhost:4036","id":"0x023b95f96fa88e4f64"}}
2025-11-12T16:09:37.284-0800	[31mERROR[0m	node	logicnode/operation.go:286	FindSuccessorStep: lookup interrupted by timeout/cancel	{"self": {"addr":"localhost:4036","id":"0x023b95f96fa88e4f64"}, "tryIdx": 7, "addr": "localhost:4002", "err": null}
KoordeDHT/internal/node/logicnode.(*Node).FindSuccessorStep
	/mnt/d/CS6650/KoordeDHT-web-cache/internal/node/logicnode/operation.go:286
KoordeDHT/internal/node/server.(*dhtService).FindSuccessor
	/mnt/d/CS6650/KoordeDHT-web-cache/internal/node/server/dht_service.go:115
KoordeDHT/internal/api/dht/v1._DHT_FindSuccessor_Handler
	/mnt/d/CS6650/KoordeDHT-web-cache/internal/api/dht/v1/node_grpc.pb.go:255
google.golang.org/grpc.(*Server).processUnaryRPC
	/home/yuzheng/go/pkg/mod/google.golang.org/grpc@v1.75.1/server.go:1431
google.golang.org/grpc.(*Server).handleStream
	/home/yuzheng/go/pkg/mod/google.golang.org/grpc@v1.75.1/server.go:1842
google.golang.org/grpc.(*Server).serveStreams.func2.1
	/home/yuzheng/go/pkg/mod/google.golang.org/grpc@v1.75.1/server.go:1061
2025-11-12T17:09:22.189-0800	[34mINFO[0m	node	node/main.go:148	cleaned expired cache entries	{"self": {"addr":"localhost:4036","id":"0x023b95f96fa88e4f64"}, "count": 0}
2025-11-12T17:09:22.190-0800	[34mINFO[0m	node	node/main.go:151	cleaned stale hotspot entries	{"self": {"addr":"localhost:4036","id":"0x023b95f96fa88e4f64"}, "count": 0}
2025-11-12T20:44:46.903-0800	[34mINFO[0m	node	node/main.go:148	cleaned expired cache entries	{"self": {"addr":"localhost:4036","id":"0x023b95f96fa88e4f64"}, "count": 0}
2025-11-12T20:44:46.904-0800	[34mINFO[0m	node	node/main.go:151	cleaned stale hotspot entries	{"self": {"addr":"localhost:4036","id":"0x023b95f96fa88e4f64"}, "count": 0}
2025-11-12T21:44:46.902-0800	[34mINFO[0m	node	node/main.go:148	cleaned expired cache entries	{"self": {"addr":"localhost:4036","id":"0x023b95f96fa88e4f64"}, "count": 0}
2025-11-12T21:44:46.904-0800	[34mINFO[0m	node	node/main.go:151	cleaned stale hotspot entries	{"self": {"addr":"localhost:4036","id":"0x023b95f96fa88e4f64"}, "count": 0}
2025-11-12T22:44:46.903-0800	[34mINFO[0m	node	node/main.go:148	cleaned expired cache entries	{"self": {"addr":"localhost:4036","id":"0x023b95f96fa88e4f64"}, "count": 0}
2025-11-12T22:44:46.904-0800	[34mINFO[0m	node	node/main.go:151	cleaned stale hotspot entries	{"self": {"addr":"localhost:4036","id":"0x023b95f96fa88e4f64"}, "count": 0}
2025-11-12T23:44:46.902-0800	[34mINFO[0m	node	node/main.go:148	cleaned expired cache entries	{"self": {"addr":"localhost:4036","id":"0x023b95f96fa88e4f64"}, "count": 0}
2025-11-12T23:44:46.903-0800	[34mINFO[0m	node	node/main.go:151	cleaned stale hotspot entries	{"self": {"addr":"localhost:4036","id":"0x023b95f96fa88e4f64"}, "count": 0}
2025-11-12T23:56:47.029-0800	[33mWARN[0m	node	logicnode/worker.go:185	stabilize: could not get predecessor from successor	{"self": {"addr":"localhost:4036","id":"0x023b95f96fa88e4f64"}, "succ": {"addr":"localhost:4033","id":"0x026fb2d94d43e618ae"}, "err": "client: GetPredecessor RPC failed: rpc error: code = DeadlineExceeded desc = context deadline exceeded"}
2025-11-13T03:15:16.600-0800	[33mWARN[0m	node	logicnode/worker.go:194	stabilize: successor unresponsive, attempting promotion	{"self": {"addr":"localhost:4036","id":"0x023b95f96fa88e4f64"}, "old_successor": {"addr":"localhost:4033","id":"0x026fb2d94d43e618ae"}}
2025-11-13T03:15:16.908-0800	[33mWARN[0m	node	logicnode/operation.go:290	FindSuccessorStep: de Bruijn hop failed, trying previous candidate	{"self": {"addr":"localhost:4036","id":"0x023b95f96fa88e4f64"}, "tryIdx": 7, "failedNode": {"addr":"localhost:4022","id":"0x017fcd87d9da7e1a9e"}, "err": null}
2025-11-13T03:15:16.921-0800	[33mWARN[0m	node	logicnode/operation.go:290	FindSuccessorStep: de Bruijn hop failed, trying previous candidate	{"self": {"addr":"localhost:4036","id":"0x023b95f96fa88e4f64"}, "tryIdx": 7, "failedNode": {"addr":"localhost:4022","id":"0x017fcd87d9da7e1a9e"}, "err": null}
2025-11-13T03:15:16.923-0800	[33mWARN[0m	node	logicnode/operation.go:290	FindSuccessorStep: de Bruijn hop failed, trying previous candidate	{"self": {"addr":"localhost:4036","id":"0x023b95f96fa88e4f64"}, "tryIdx": 7, "failedNode": {"addr":"localhost:4022","id":"0x017fcd87d9da7e1a9e"}, "err": null}
2025-11-13T03:15:17.032-0800	[31mERROR[0m	node	logicnode/operation.go:286	FindSuccessorStep: lookup interrupted by timeout/cancel	{"self": {"addr":"localhost:4036","id":"0x023b95f96fa88e4f64"}, "tryIdx": 7, "addr": "localhost:4022", "err": null}
KoordeDHT/internal/node/logicnode.(*Node).FindSuccessorStep
	/mnt/d/CS6650/KoordeDHT-web-cache/internal/node/logicnode/operation.go:286
KoordeDHT/internal/node/server.(*dhtService).FindSuccessor
	/mnt/d/CS6650/KoordeDHT-web-cache/internal/node/server/dht_service.go:115
KoordeDHT/internal/api/dht/v1._DHT_FindSuccessor_Handler
	/mnt/d/CS6650/KoordeDHT-web-cache/internal/api/dht/v1/node_grpc.pb.go:255
google.golang.org/grpc.(*Server).processUnaryRPC
	/home/yuzheng/go/pkg/mod/google.golang.org/grpc@v1.75.1/server.go:1431
google.golang.org/grpc.(*Server).handleStream
	/home/yuzheng/go/pkg/mod/google.golang.org/grpc@v1.75.1/server.go:1842
google.golang.org/grpc.(*Server).serveStreams.func2.1
	/home/yuzheng/go/pkg/mod/google.golang.org/grpc@v1.75.1/server.go:1061
2025-11-13T03:15:17.058-0800	[31mERROR[0m	node	logicnode/operation.go:286	FindSuccessorStep: lookup interrupted by timeout/cancel	{"self": {"addr":"localhost:4036","id":"0x023b95f96fa88e4f64"}, "tryIdx": 6, "addr": "localhost:4005", "err": null}
KoordeDHT/internal/node/logicnode.(*Node).FindSuccessorStep
	/mnt/d/CS6650/KoordeDHT-web-cache/internal/node/logicnode/operation.go:286
KoordeDHT/internal/node/server.(*dhtService).FindSuccessor
	/mnt/d/CS6650/KoordeDHT-web-cache/internal/node/server/dht_service.go:115
KoordeDHT/internal/api/dht/v1._DHT_FindSuccessor_Handler
	/mnt/d/CS6650/KoordeDHT-web-cache/internal/api/dht/v1/node_grpc.pb.go:255
google.golang.org/grpc.(*Server).processUnaryRPC
	/home/yuzheng/go/pkg/mod/google.golang.org/grpc@v1.75.1/server.go:1431
google.golang.org/grpc.(*Server).handleStream
	/home/yuzheng/go/pkg/mod/google.golang.org/grpc@v1.75.1/server.go:1842
google.golang.org/grpc.(*Server).serveStreams.func2.1
	/home/yuzheng/go/pkg/mod/google.golang.org/grpc@v1.75.1/server.go:1061
2025-11-13T03:15:17.058-0800	[31mERROR[0m	node	logicnode/operation.go:286	FindSuccessorStep: lookup interrupted by timeout/cancel	{"self": {"addr":"localhost:4036","id":"0x023b95f96fa88e4f64"}, "tryIdx": 6, "addr": "localhost:4005", "err": null}
KoordeDHT/internal/node/logicnode.(*Node).FindSuccessorStep
	/mnt/d/CS6650/KoordeDHT-web-cache/internal/node/logicnode/operation.go:286
KoordeDHT/internal/node/server.(*dhtService).FindSuccessor
	/mnt/d/CS6650/KoordeDHT-web-cache/internal/node/server/dht_service.go:115
KoordeDHT/internal/api/dht/v1._DHT_FindSuccessor_Handler
	/mnt/d/CS6650/KoordeDHT-web-cache/internal/api/dht/v1/node_grpc.pb.go:255
google.golang.org/grpc.(*Server).processUnaryRPC
	/home/yuzheng/go/pkg/mod/google.golang.org/grpc@v1.75.1/server.go:1431
google.golang.org/grpc.(*Server).handleStream
	/home/yuzheng/go/pkg/mod/google.golang.org/grpc@v1.75.1/server.go:1842
google.golang.org/grpc.(*Server).serveStreams.func2.1
	/home/yuzheng/go/pkg/mod/google.golang.org/grpc@v1.75.1/server.go:1061
2025-11-13T03:15:17.119-0800	[31mERROR[0m	node	logicnode/operation.go:286	FindSuccessorStep: lookup interrupted by timeout/cancel	{"self": {"addr":"localhost:4036","id":"0x023b95f96fa88e4f64"}, "tryIdx": 6, "addr": "localhost:4005", "err": null}
KoordeDHT/internal/node/logicnode.(*Node).FindSuccessorStep
	/mnt/d/CS6650/KoordeDHT-web-cache/internal/node/logicnode/operation.go:286
KoordeDHT/internal/node/logicnode.(*Node).FindSuccessorInit
	/mnt/d/CS6650/KoordeDHT-web-cache/internal/node/logicnode/operation.go:185
KoordeDHT/internal/node/logicnode.(*Node).fixDeBruijn
	/mnt/d/CS6650/KoordeDHT-web-cache/internal/node/logicnode/worker.go:456
KoordeDHT/internal/node/logicnode.(*Node).StartStabilizers.func2
	/mnt/d/CS6650/KoordeDHT-web-cache/internal/node/logicnode/worker.go:49
2025-11-13T03:15:17.130-0800	[33mWARN[0m	node	logicnode/worker.go:459	fixDeBruijn: could not find successor	{"self": {"addr":"localhost:4036","id":"0x023b95f96fa88e4f64"}, "target": "0x00cf36881ef39ae6eb", "err": "context deadline exceeded"}
2025-11-13T03:15:18.072-0800	[31mERROR[0m	node	logicnode/operation.go:286	FindSuccessorStep: lookup interrupted by timeout/cancel	{"self": {"addr":"localhost:4036","id":"0x023b95f96fa88e4f64"}, "tryIdx": 7, "addr": "localhost:4022", "err": null}
KoordeDHT/internal/node/logicnode.(*Node).FindSuccessorStep
	/mnt/d/CS6650/KoordeDHT-web-cache/internal/node/logicnode/operation.go:286
KoordeDHT/internal/node/server.(*dhtService).FindSuccessor
	/mnt/d/CS6650/KoordeDHT-web-cache/internal/node/server/dht_service.go:115
KoordeDHT/internal/api/dht/v1._DHT_FindSuccessor_Handler
	/mnt/d/CS6650/KoordeDHT-web-cache/internal/api/dht/v1/node_grpc.pb.go:255
google.golang.org/grpc.(*Server).processUnaryRPC
	/home/yuzheng/go/pkg/mod/google.golang.org/grpc@v1.75.1/server.go:1431
google.golang.org/grpc.(*Server).handleStream
	/home/yuzheng/go/pkg/mod/google.golang.org/grpc@v1.75.1/server.go:1842
google.golang.org/grpc.(*Server).serveStreams.func2.1
	/home/yuzheng/go/pkg/mod/google.golang.org/grpc@v1.75.1/server.go:1061
2025-11-13T09:11:02.230-0800	[34mINFO[0m	node	node/main.go:148	cleaned expired cache entries	{"self": {"addr":"localhost:4036","id":"0x023b95f96fa88e4f64"}, "count": 0}
2025-11-13T09:11:02.233-0800	[34mINFO[0m	node	node/main.go:151	cleaned stale hotspot entries	{"self": {"addr":"localhost:4036","id":"0x023b95f96fa88e4f64"}, "count": 0}
2025-11-13T10:11:02.231-0800	[34mINFO[0m	node	node/main.go:148	cleaned expired cache entries	{"self": {"addr":"localhost:4036","id":"0x023b95f96fa88e4f64"}, "count": 0}
2025-11-13T10:11:02.232-0800	[34mINFO[0m	node	node/main.go:151	cleaned stale hotspot entries	{"self": {"addr":"localhost:4036","id":"0x023b95f96fa88e4f64"}, "count": 0}
2025-11-13T11:11:02.230-0800	[34mINFO[0m	node	node/main.go:148	cleaned expired cache entries	{"self": {"addr":"localhost:4036","id":"0x023b95f96fa88e4f64"}, "count": 0}
2025-11-13T11:11:02.231-0800	[34mINFO[0m	node	node/main.go:151	cleaned stale hotspot entries	{"self": {"addr":"localhost:4036","id":"0x023b95f96fa88e4f64"}, "count": 0}
2025-11-13T13:43:40.219-0800	[34mINFO[0m	node	node/main.go:148	cleaned expired cache entries	{"self": {"addr":"localhost:4036","id":"0x023b95f96fa88e4f64"}, "count": 0}
2025-11-13T13:43:40.220-0800	[34mINFO[0m	node	node/main.go:151	cleaned stale hotspot entries	{"self": {"addr":"localhost:4036","id":"0x023b95f96fa88e4f64"}, "count": 0}
2025-11-13T14:44:41.654-0800	[34mINFO[0m	node	node/main.go:148	cleaned expired cache entries	{"self": {"addr":"localhost:4036","id":"0x023b95f96fa88e4f64"}, "count": 0}
2025-11-13T14:44:41.655-0800	[34mINFO[0m	node	node/main.go:151	cleaned stale hotspot entries	{"self": {"addr":"localhost:4036","id":"0x023b95f96fa88e4f64"}, "count": 0}
2025-11-13T15:44:41.654-0800	[34mINFO[0m	node	node/main.go:148	cleaned expired cache entries	{"self": {"addr":"localhost:4036","id":"0x023b95f96fa88e4f64"}, "count": 0}
2025-11-13T15:44:41.655-0800	[34mINFO[0m	node	node/main.go:151	cleaned stale hotspot entries	{"self": {"addr":"localhost:4036","id":"0x023b95f96fa88e4f64"}, "count": 0}
2025-11-13T16:31:39.875-0800	[31mERROR[0m	node	logicnode/operation.go:286	FindSuccessorStep: lookup interrupted by timeout/cancel	{"self": {"addr":"localhost:4036","id":"0x023b95f96fa88e4f64"}, "tryIdx": 7, "addr": "localhost:4022", "err": null}
KoordeDHT/internal/node/logicnode.(*Node).FindSuccessorStep
	/mnt/d/CS6650/KoordeDHT-web-cache/internal/node/logicnode/operation.go:286
KoordeDHT/internal/node/logicnode.(*Node).FindSuccessorInit
	/mnt/d/CS6650/KoordeDHT-web-cache/internal/node/logicnode/operation.go:185
KoordeDHT/internal/node/logicnode.(*Node).fixDeBruijn
	/mnt/d/CS6650/KoordeDHT-web-cache/internal/node/logicnode/worker.go:456
KoordeDHT/internal/node/logicnode.(*Node).StartStabilizers.func2
	/mnt/d/CS6650/KoordeDHT-web-cache/internal/node/logicnode/worker.go:49
2025-11-13T16:31:39.930-0800	[33mWARN[0m	node	logicnode/worker.go:459	fixDeBruijn: could not find successor	{"self": {"addr":"localhost:4036","id":"0x023b95f96fa88e4f64"}, "target": "0x00cf36881ef39ae6eb", "err": "context deadline exceeded"}
2025-11-13T16:48:09.754-0800	[34mINFO[0m	node	node/main.go:148	cleaned expired cache entries	{"self": {"addr":"localhost:4036","id":"0x023b95f96fa88e4f64"}, "count": 0}
2025-11-13T16:48:09.755-0800	[34mINFO[0m	node	node/main.go:151	cleaned stale hotspot entries	{"self": {"addr":"localhost:4036","id":"0x023b95f96fa88e4f64"}, "count": 0}
