2025-11-12T16:09:36.208-0800	[34mINFO[0m	config/config.go:297	Loaded configuration	{"logger.active": true, "logger.level": "info", "logger.encoding": "console", "logger.mode": "stdout", "logger.file.path": "", "logger.file.maxSizeMB": 0, "logger.file.maxBackups": 0, "logger.file.maxAgeDays": 0, "logger.file.compress": false, "dht.idBits": 66, "dht.mode": "private", "dht.deBruijn.degree": 8, "dht.deBruijn.fixInterval": "5s", "dht.deBruijn.fixIntervalMs": 5000, "dht.storage.fixInterval": "20s", "dht.storage.fixIntervalMs": 20000, "dht.faultTolerance.successorListSize": 8, "dht.faultTolerance.stabilizationInterval": "2s", "dht.faultTolerance.stabilizationIntervalMs": 2000, "dht.faultTolerance.failureTimeout": "1s", "dht.faultTolerance.failureTimeoutMs": 1000, "dht.bootstrap.mode": "static", "dht.bootstrap.peers": ["localhost:4000"], "dht.bootstrap.register.hostedZoneId": "", "dht.bootstrap.register.domainSuffix": "", "dht.bootstrap.register.ttl": 0, "dht.bootstrap.register.region": "", "node.id": "", "node.host": "localhost", "node.bind": "0.0.0.0", "node.port": 4043, "telemetry.tracing.enabled": false, "telemetry.tracing.exporter": "", "telemetry.tracing.endpoint": "", "cache.enabled": true, "cache.httpPort": 8123, "cache.capacityMB": 512, "cache.defaultTTL": 3600, "cache.hotspotThreshold": 10, "cache.hotspotDecayRate": 0.65}
2025-11-12T16:09:36.215-0800	[34mINFO[0m	node	node/main.go:101	New Node initializing	{"self": {"addr":"localhost:4043","id":"0x01de56284f769cf553"}}
2025/11/12 16:09:36 Tracing disabled
2025-11-12T16:09:36.216-0800	[34mINFO[0m	node	node/main.go:130	initialized web cache	{"self": {"addr":"localhost:4043","id":"0x01de56284f769cf553"}, "capacity_mb": 512}
2025-11-12T16:09:36.216-0800	[34mINFO[0m	node	node/main.go:137	initialized hotspot detector	{"self": {"addr":"localhost:4043","id":"0x01de56284f769cf553"}, "threshold": 10, "decay_rate": 0.65}
2025-11-12T16:09:36.217-0800	[34mINFO[0m	node	node/main.go:237	resolved bootstrap peers	{"self": {"addr":"localhost:4043","id":"0x01de56284f769cf553"}, "peers": ["localhost:4000"]}
2025-11-12T16:09:36.217-0800	[34mINFO[0m	node.http-server	server/http.go:70	HTTP cache server starting	{"self": {"addr":"localhost:4043","id":"0x01de56284f769cf553"}, "addr": ":8123"}
2025-11-12T16:09:36.309-0800	[34mINFO[0m	node	logicnode/node.go:72	join: candidate successor found	{"self": {"addr":"localhost:4043","id":"0x01de56284f769cf553"}, "bootstrap": "localhost:4000", "successor": {"addr":"localhost:4019","id":"0x01fd766c6b6d184fa5"}}
2025-11-12T16:09:36.336-0800	[34mINFO[0m	node	logicnode/node.go:103	join: successor has predecessor	{"self": {"addr":"localhost:4043","id":"0x01de56284f769cf553"}, "predecessor": {"addr":"localhost:4025","id":"0x01dbb7a1d63cedf3bd"}}
2025-11-12T16:09:36.359-0800	[33mWARN[0m	node	logicnode/operation.go:296	FindSuccessorStep: de Bruijn failed or empty, falling back to successor	{"self": {"addr":"localhost:4043","id":"0x01de56284f769cf553"}, "target": "0x0232b1427bb4e7aa98", "nextHop": {"addr":"localhost:4019","id":"0x01fd766c6b6d184fa5"}}
2025-11-12T16:09:36.359-0800	[33mWARN[0m	node	logicnode/operation.go:296	FindSuccessorStep: de Bruijn failed or empty, falling back to successor	{"self": {"addr":"localhost:4043","id":"0x01de56284f769cf553"}, "target": "0x0395c6a0b93753052a", "nextHop": {"addr":"localhost:4019","id":"0x01fd766c6b6d184fa5"}}
2025-11-12T16:09:36.401-0800	[34mINFO[0m	node	logicnode/node.go:135	join: completed successfully	{"self": {"addr":"localhost:4043","id":"0x01de56284f769cf553"}, "self": {"addr":"localhost:4043","id":"0x01de56284f769cf553"}, "successor": {"addr":"localhost:4019","id":"0x01fd766c6b6d184fa5"}}
2025-11-12T16:09:36.401-0800	[34mINFO[0m	node	node/main.go:259	node registered successfully	{"self": {"addr":"localhost:4043","id":"0x01de56284f769cf553"}}
2025-11-12T17:09:36.217-0800	[34mINFO[0m	node	node/main.go:148	cleaned expired cache entries	{"self": {"addr":"localhost:4043","id":"0x01de56284f769cf553"}, "count": 0}
2025-11-12T17:09:36.218-0800	[34mINFO[0m	node	node/main.go:151	cleaned stale hotspot entries	{"self": {"addr":"localhost:4043","id":"0x01de56284f769cf553"}, "count": 0}
2025-11-12T20:45:00.931-0800	[34mINFO[0m	node	node/main.go:148	cleaned expired cache entries	{"self": {"addr":"localhost:4043","id":"0x01de56284f769cf553"}, "count": 0}
2025-11-12T20:45:00.933-0800	[34mINFO[0m	node	node/main.go:151	cleaned stale hotspot entries	{"self": {"addr":"localhost:4043","id":"0x01de56284f769cf553"}, "count": 0}
2025-11-12T21:45:00.931-0800	[34mINFO[0m	node	node/main.go:148	cleaned expired cache entries	{"self": {"addr":"localhost:4043","id":"0x01de56284f769cf553"}, "count": 0}
2025-11-12T21:45:00.932-0800	[34mINFO[0m	node	node/main.go:151	cleaned stale hotspot entries	{"self": {"addr":"localhost:4043","id":"0x01de56284f769cf553"}, "count": 0}
2025-11-12T22:45:00.931-0800	[34mINFO[0m	node	node/main.go:148	cleaned expired cache entries	{"self": {"addr":"localhost:4043","id":"0x01de56284f769cf553"}, "count": 0}
2025-11-12T22:45:00.932-0800	[34mINFO[0m	node	node/main.go:151	cleaned stale hotspot entries	{"self": {"addr":"localhost:4043","id":"0x01de56284f769cf553"}, "count": 0}
2025-11-12T23:45:00.931-0800	[34mINFO[0m	node	node/main.go:148	cleaned expired cache entries	{"self": {"addr":"localhost:4043","id":"0x01de56284f769cf553"}, "count": 0}
2025-11-12T23:45:00.932-0800	[34mINFO[0m	node	node/main.go:151	cleaned stale hotspot entries	{"self": {"addr":"localhost:4043","id":"0x01de56284f769cf553"}, "count": 0}
2025-11-12T23:56:47.003-0800	[31mERROR[0m	node	logicnode/operation.go:286	FindSuccessorStep: lookup interrupted by timeout/cancel	{"self": {"addr":"localhost:4043","id":"0x01de56284f769cf553"}, "tryIdx": 7, "addr": "localhost:4013", "err": null}
KoordeDHT/internal/node/logicnode.(*Node).FindSuccessorStep
	/mnt/d/CS6650/KoordeDHT-web-cache/internal/node/logicnode/operation.go:286
KoordeDHT/internal/node/server.(*dhtService).FindSuccessor
	/mnt/d/CS6650/KoordeDHT-web-cache/internal/node/server/dht_service.go:115
KoordeDHT/internal/api/dht/v1._DHT_FindSuccessor_Handler
	/mnt/d/CS6650/KoordeDHT-web-cache/internal/api/dht/v1/node_grpc.pb.go:255
google.golang.org/grpc.(*Server).processUnaryRPC
	/home/yuzheng/go/pkg/mod/google.golang.org/grpc@v1.75.1/server.go:1431
google.golang.org/grpc.(*Server).handleStream
	/home/yuzheng/go/pkg/mod/google.golang.org/grpc@v1.75.1/server.go:1842
google.golang.org/grpc.(*Server).serveStreams.func2.1
	/home/yuzheng/go/pkg/mod/google.golang.org/grpc@v1.75.1/server.go:1061
2025-11-12T23:56:47.009-0800	[33mWARN[0m	node	logicnode/worker.go:185	stabilize: could not get predecessor from successor	{"self": {"addr":"localhost:4043","id":"0x01de56284f769cf553"}, "succ": {"addr":"localhost:4019","id":"0x01fd766c6b6d184fa5"}, "err": "client: GetPredecessor RPC failed: rpc error: code = DeadlineExceeded desc = context deadline exceeded"}
2025-11-13T03:15:16.622-0800	[33mWARN[0m	node	logicnode/worker.go:194	stabilize: successor unresponsive, attempting promotion	{"self": {"addr":"localhost:4043","id":"0x01de56284f769cf553"}, "old_successor": {"addr":"localhost:4019","id":"0x01fd766c6b6d184fa5"}}
2025-11-13T03:15:17.131-0800	[31mERROR[0m	node	logicnode/operation.go:286	FindSuccessorStep: lookup interrupted by timeout/cancel	{"self": {"addr":"localhost:4043","id":"0x01de56284f769cf553"}, "tryIdx": 7, "addr": "localhost:4013", "err": null}
KoordeDHT/internal/node/logicnode.(*Node).FindSuccessorStep
	/mnt/d/CS6650/KoordeDHT-web-cache/internal/node/logicnode/operation.go:286
KoordeDHT/internal/node/server.(*dhtService).FindSuccessor
	/mnt/d/CS6650/KoordeDHT-web-cache/internal/node/server/dht_service.go:115
KoordeDHT/internal/api/dht/v1._DHT_FindSuccessor_Handler
	/mnt/d/CS6650/KoordeDHT-web-cache/internal/api/dht/v1/node_grpc.pb.go:255
google.golang.org/grpc.(*Server).processUnaryRPC
	/home/yuzheng/go/pkg/mod/google.golang.org/grpc@v1.75.1/server.go:1431
google.golang.org/grpc.(*Server).handleStream
	/home/yuzheng/go/pkg/mod/google.golang.org/grpc@v1.75.1/server.go:1842
google.golang.org/grpc.(*Server).serveStreams.func2.1
	/home/yuzheng/go/pkg/mod/google.golang.org/grpc@v1.75.1/server.go:1061
2025-11-13T09:11:16.259-0800	[34mINFO[0m	node	node/main.go:148	cleaned expired cache entries	{"self": {"addr":"localhost:4043","id":"0x01de56284f769cf553"}, "count": 0}
2025-11-13T09:11:16.262-0800	[34mINFO[0m	node	node/main.go:151	cleaned stale hotspot entries	{"self": {"addr":"localhost:4043","id":"0x01de56284f769cf553"}, "count": 0}
2025-11-13T10:11:16.259-0800	[34mINFO[0m	node	node/main.go:148	cleaned expired cache entries	{"self": {"addr":"localhost:4043","id":"0x01de56284f769cf553"}, "count": 0}
2025-11-13T10:11:16.260-0800	[34mINFO[0m	node	node/main.go:151	cleaned stale hotspot entries	{"self": {"addr":"localhost:4043","id":"0x01de56284f769cf553"}, "count": 0}
2025-11-13T11:11:16.259-0800	[34mINFO[0m	node	node/main.go:148	cleaned expired cache entries	{"self": {"addr":"localhost:4043","id":"0x01de56284f769cf553"}, "count": 0}
2025-11-13T11:11:16.259-0800	[34mINFO[0m	node	node/main.go:151	cleaned stale hotspot entries	{"self": {"addr":"localhost:4043","id":"0x01de56284f769cf553"}, "count": 0}
2025-11-13T13:43:54.247-0800	[34mINFO[0m	node	node/main.go:148	cleaned expired cache entries	{"self": {"addr":"localhost:4043","id":"0x01de56284f769cf553"}, "count": 0}
2025-11-13T13:43:54.248-0800	[34mINFO[0m	node	node/main.go:151	cleaned stale hotspot entries	{"self": {"addr":"localhost:4043","id":"0x01de56284f769cf553"}, "count": 0}
2025-11-13T14:44:55.683-0800	[34mINFO[0m	node	node/main.go:148	cleaned expired cache entries	{"self": {"addr":"localhost:4043","id":"0x01de56284f769cf553"}, "count": 0}
2025-11-13T14:44:55.684-0800	[34mINFO[0m	node	node/main.go:151	cleaned stale hotspot entries	{"self": {"addr":"localhost:4043","id":"0x01de56284f769cf553"}, "count": 0}
2025-11-13T15:44:55.683-0800	[34mINFO[0m	node	node/main.go:148	cleaned expired cache entries	{"self": {"addr":"localhost:4043","id":"0x01de56284f769cf553"}, "count": 0}
2025-11-13T15:44:55.684-0800	[34mINFO[0m	node	node/main.go:151	cleaned stale hotspot entries	{"self": {"addr":"localhost:4043","id":"0x01de56284f769cf553"}, "count": 0}
2025-11-13T16:48:23.783-0800	[34mINFO[0m	node	node/main.go:148	cleaned expired cache entries	{"self": {"addr":"localhost:4043","id":"0x01de56284f769cf553"}, "count": 0}
2025-11-13T16:48:23.784-0800	[34mINFO[0m	node	node/main.go:151	cleaned stale hotspot entries	{"self": {"addr":"localhost:4043","id":"0x01de56284f769cf553"}, "count": 0}
