2025-11-11T16:16:32.127-0800	[34mINFO[0m	config/config.go:297	Loaded configuration	{"logger.active": true, "logger.level": "info", "logger.encoding": "console", "logger.mode": "stdout", "logger.file.path": "", "logger.file.maxSizeMB": 0, "logger.file.maxBackups": 0, "logger.file.maxAgeDays": 0, "logger.file.compress": false, "dht.idBits": 66, "dht.mode": "private", "dht.deBruijn.degree": 8, "dht.deBruijn.fixInterval": "5s", "dht.deBruijn.fixIntervalMs": 5000, "dht.storage.fixInterval": "20s", "dht.storage.fixIntervalMs": 20000, "dht.faultTolerance.successorListSize": 8, "dht.faultTolerance.stabilizationInterval": "2s", "dht.faultTolerance.stabilizationIntervalMs": 2000, "dht.faultTolerance.failureTimeout": "1s", "dht.faultTolerance.failureTimeoutMs": 1000, "dht.bootstrap.mode": "static", "dht.bootstrap.peers": ["localhost:4000"], "dht.bootstrap.register.hostedZoneId": "", "dht.bootstrap.register.domainSuffix": "", "dht.bootstrap.register.ttl": 0, "dht.bootstrap.register.region": "", "node.id": "", "node.host": "localhost", "node.bind": "0.0.0.0", "node.port": 4004, "telemetry.tracing.enabled": false, "telemetry.tracing.exporter": "", "telemetry.tracing.endpoint": "", "cache.enabled": true, "cache.httpPort": 8084, "cache.capacityMB": 512, "cache.defaultTTL": 3600, "cache.hotspotThreshold": 100, "cache.hotspotDecayRate": 0.65}
2025-11-11T16:16:32.171-0800	[34mINFO[0m	node	node/main.go:101	New Node initializing	{"self": {"addr":"localhost:4004","id":"0x003ce6a18a52608073"}}
2025/11/11 16:16:32 Tracing disabled
2025-11-11T16:16:32.172-0800	[34mINFO[0m	node	node/main.go:130	initialized web cache	{"self": {"addr":"localhost:4004","id":"0x003ce6a18a52608073"}, "capacity_mb": 512}
2025-11-11T16:16:32.172-0800	[34mINFO[0m	node	node/main.go:137	initialized hotspot detector	{"self": {"addr":"localhost:4004","id":"0x003ce6a18a52608073"}, "threshold": 100, "decay_rate": 0.65}
2025-11-11T16:16:32.172-0800	[34mINFO[0m	node	node/main.go:237	resolved bootstrap peers	{"self": {"addr":"localhost:4004","id":"0x003ce6a18a52608073"}, "peers": ["localhost:4000"]}
2025-11-11T16:16:32.172-0800	[34mINFO[0m	node.http-server	server/http.go:70	HTTP cache server starting	{"self": {"addr":"localhost:4004","id":"0x003ce6a18a52608073"}, "addr": ":8084"}
2025-11-11T16:16:32.195-0800	[34mINFO[0m	node	logicnode/node.go:72	join: candidate successor found	{"self": {"addr":"localhost:4004","id":"0x003ce6a18a52608073"}, "bootstrap": "localhost:4000", "successor": {"addr":"localhost:4000","id":"0x004f424bb575238275"}}
2025-11-11T16:16:32.198-0800	[34mINFO[0m	node	logicnode/node.go:103	join: successor has predecessor	{"self": {"addr":"localhost:4004","id":"0x003ce6a18a52608073"}, "predecessor": {"addr":"localhost:4002","id":"0x01908ac16ec9805a32"}}
2025-11-11T16:16:32.201-0800	[33mWARN[0m	node	logicnode/operation.go:296	FindSuccessorStep: de Bruijn failed or empty, falling back to successor	{"self": {"addr":"localhost:4004","id":"0x003ce6a18a52608073"}, "target": "0x01777f85573a944e12", "nextHop": {"addr":"localhost:4000","id":"0x004f424bb575238275"}}
2025-11-11T16:16:32.207-0800	[34mINFO[0m	node	logicnode/node.go:135	join: completed successfully	{"self": {"addr":"localhost:4004","id":"0x003ce6a18a52608073"}, "self": {"addr":"localhost:4004","id":"0x003ce6a18a52608073"}, "successor": {"addr":"localhost:4000","id":"0x004f424bb575238275"}}
2025-11-11T16:16:32.207-0800	[34mINFO[0m	node	node/main.go:259	node registered successfully	{"self": {"addr":"localhost:4004","id":"0x003ce6a18a52608073"}}
2025-11-11T16:16:49.972-0800	[34mINFO[0m	node.http-server	server/http.go:254	I am responsible, fetching from origin	{"self": {"addr":"localhost:4004","id":"0x003ce6a18a52608073"}, "url": "https://httpbin.org/json"}
2025-11-11T16:16:50.914-0800	[34mINFO[0m	node.http-server	server/http.go:478	Origin fetch successful	{"self": {"addr":"localhost:4004","id":"0x003ce6a18a52608073"}, "url": "https://httpbin.org/json", "size_bytes": 429, "content_type": "application/json"}
2025-11-11T16:16:50.914-0800	[34mINFO[0m	node.http-server	server/http.go:274	Content cached successfully	{"self": {"addr":"localhost:4004","id":"0x003ce6a18a52608073"}, "url": "https://httpbin.org/json", "size_bytes": 429}
2025-11-11T16:16:50.914-0800	[34mINFO[0m	node.http-server	server/http.go:286	Request completed	{"self": {"addr":"localhost:4004","id":"0x003ce6a18a52608073"}, "url": "https://httpbin.org/json", "total_latency_ms": 941, "content_size": 429}
2025-11-11T16:16:51.053-0800	[34mINFO[0m	node.http-server	server/http.go:221	Cache HIT (local)	{"self": {"addr":"localhost:4004","id":"0x003ce6a18a52608073"}, "url": "https://httpbin.org/json", "size_bytes": 429, "latency_ms": 0}
2025-11-11T16:17:16.309-0800	[34mINFO[0m	node.http-server	server/http.go:151	DHT lookup complete	{"self": {"addr":"localhost:4004","id":"0x003ce6a18a52608073"}, "url": "https://www.twitch.tv", "hash": "0x0106d893c3c48483eb", "responsible": {"addr":"localhost:4003","id":"0x011c1f485b12f6f310"}, "lookup_latency_ms": 1}
2025-11-11T16:17:16.309-0800	[34mINFO[0m	node.http-server	server/http.go:209	Forwarding to responsible node	{"self": {"addr":"localhost:4004","id":"0x003ce6a18a52608073"}, "url": "https://www.twitch.tv", "hash": "0x0106d893c3c48483eb", "responsible_from_lookup": {"addr":"localhost:4003","id":"0x011c1f485b12f6f310"}, "forward_target": {"addr":"localhost:4003","id":"0x011c1f485b12f6f310"}}
2025-11-11T16:17:16.419-0800	[34mINFO[0m	node.http-server	server/http.go:436	Request proxied successfully	{"self": {"addr":"localhost:4004","id":"0x003ce6a18a52608073"}, "url": "https://www.twitch.tv", "target_node": "localhost:4003", "total_latency_ms": 110, "size_bytes": 175071}
2025-11-11T16:17:28.061-0800	[34mINFO[0m	node.http-server	server/http.go:151	DHT lookup complete	{"self": {"addr":"localhost:4004","id":"0x003ce6a18a52608073"}, "url": "https://www.twitch.tv", "hash": "0x0106d893c3c48483eb", "responsible": {"addr":"localhost:4003","id":"0x011c1f485b12f6f310"}, "lookup_latency_ms": 1}
2025-11-11T16:17:28.061-0800	[34mINFO[0m	node.http-server	server/http.go:209	Forwarding to responsible node	{"self": {"addr":"localhost:4004","id":"0x003ce6a18a52608073"}, "url": "https://www.twitch.tv", "hash": "0x0106d893c3c48483eb", "responsible_from_lookup": {"addr":"localhost:4003","id":"0x011c1f485b12f6f310"}, "forward_target": {"addr":"localhost:4003","id":"0x011c1f485b12f6f310"}}
2025-11-11T16:17:28.063-0800	[34mINFO[0m	node.http-server	server/http.go:436	Request proxied successfully	{"self": {"addr":"localhost:4004","id":"0x003ce6a18a52608073"}, "url": "https://www.twitch.tv", "target_node": "localhost:4003", "total_latency_ms": 3, "size_bytes": 175071}
2025-11-11T16:19:47.614-0800	[34mINFO[0m	node.http-server	server/http.go:254	I am responsible, fetching from origin	{"self": {"addr":"localhost:4004","id":"0x003ce6a18a52608073"}, "url": "https://www.example.com"}
2025-11-11T16:19:47.675-0800	[34mINFO[0m	node.http-server	server/http.go:478	Origin fetch successful	{"self": {"addr":"localhost:4004","id":"0x003ce6a18a52608073"}, "url": "https://www.example.com", "size_bytes": 513, "content_type": "text/html"}
2025-11-11T16:19:47.676-0800	[34mINFO[0m	node.http-server	server/http.go:274	Content cached successfully	{"self": {"addr":"localhost:4004","id":"0x003ce6a18a52608073"}, "url": "https://www.example.com", "size_bytes": 513}
2025-11-11T16:19:47.676-0800	[34mINFO[0m	node.http-server	server/http.go:286	Request completed	{"self": {"addr":"localhost:4004","id":"0x003ce6a18a52608073"}, "url": "https://www.example.com", "total_latency_ms": 62, "content_size": 513}
2025-11-11T16:20:03.476-0800	[34mINFO[0m	node.http-server	server/http.go:151	DHT lookup complete	{"self": {"addr":"localhost:4004","id":"0x003ce6a18a52608073"}, "url": "https://www.example.com", "hash": "0x000e7397907c0b0040", "responsible": {"addr":"localhost:4004","id":"0x003ce6a18a52608073"}, "lookup_latency_ms": 0}
2025-11-11T16:20:03.476-0800	[34mINFO[0m	node.http-server	server/http.go:221	Cache HIT (local)	{"self": {"addr":"localhost:4004","id":"0x003ce6a18a52608073"}, "url": "https://www.example.com", "size_bytes": 513, "latency_ms": 0}
2025-11-11T16:32:26.532-0800	[34mINFO[0m	node.http-server	server/http.go:151	DHT lookup complete	{"self": {"addr":"localhost:4004","id":"0x003ce6a18a52608073"}, "url": "https://www.youtube.com", "hash": "0x0206e9ee62e004b84a", "responsible": {"addr":"localhost:4004","id":"0x003ce6a18a52608073"}, "lookup_latency_ms": 1}
2025-11-11T16:32:26.532-0800	[34mINFO[0m	node.http-server	server/http.go:254	I am responsible, fetching from origin	{"self": {"addr":"localhost:4004","id":"0x003ce6a18a52608073"}, "url": "https://www.youtube.com"}
2025-11-11T16:32:26.955-0800	[34mINFO[0m	node.http-server	server/http.go:478	Origin fetch successful	{"self": {"addr":"localhost:4004","id":"0x003ce6a18a52608073"}, "url": "https://www.youtube.com", "size_bytes": 720103, "content_type": "text/html; charset=utf-8"}
2025-11-11T16:32:26.955-0800	[34mINFO[0m	node.http-server	server/http.go:274	Content cached successfully	{"self": {"addr":"localhost:4004","id":"0x003ce6a18a52608073"}, "url": "https://www.youtube.com", "size_bytes": 720103}
2025-11-11T16:32:26.956-0800	[34mINFO[0m	node.http-server	server/http.go:286	Request completed	{"self": {"addr":"localhost:4004","id":"0x003ce6a18a52608073"}, "url": "https://www.youtube.com", "total_latency_ms": 425, "content_size": 720103}
2025-11-11T16:32:54.104-0800	[34mINFO[0m	node.http-server	server/http.go:221	Cache HIT (local)	{"self": {"addr":"localhost:4004","id":"0x003ce6a18a52608073"}, "url": "https://www.youtube.com", "size_bytes": 720103, "latency_ms": 0}
2025-11-11T16:35:33.787-0800	[34mINFO[0m	node.http-server	server/http.go:254	I am responsible, fetching from origin	{"self": {"addr":"localhost:4004","id":"0x003ce6a18a52608073"}, "url": "https://httpbin.org"}
2025-11-11T16:35:34.311-0800	[34mINFO[0m	node.http-server	server/http.go:478	Origin fetch successful	{"self": {"addr":"localhost:4004","id":"0x003ce6a18a52608073"}, "url": "https://httpbin.org", "size_bytes": 9593, "content_type": "text/html; charset=utf-8"}
2025-11-11T16:35:34.311-0800	[34mINFO[0m	node.http-server	server/http.go:274	Content cached successfully	{"self": {"addr":"localhost:4004","id":"0x003ce6a18a52608073"}, "url": "https://httpbin.org", "size_bytes": 9593}
2025-11-11T16:35:34.312-0800	[34mINFO[0m	node.http-server	server/http.go:286	Request completed	{"self": {"addr":"localhost:4004","id":"0x003ce6a18a52608073"}, "url": "https://httpbin.org", "total_latency_ms": 525, "content_size": 9593}
2025-11-11T16:36:09.826-0800	[34mINFO[0m	node.http-server	server/http.go:221	Cache HIT (local)	{"self": {"addr":"localhost:4004","id":"0x003ce6a18a52608073"}, "url": "https://httpbin.org", "size_bytes": 9593, "latency_ms": 0}
2025-11-11T16:37:38.813-0800	[34mINFO[0m	node.http-server	server/http.go:254	I am responsible, fetching from origin	{"self": {"addr":"localhost:4004","id":"0x003ce6a18a52608073"}, "url": "https://https://kennethreitz.org/"}
2025-11-11T16:37:41.542-0800	[31mERROR[0m	node.http-server	server/http.go:259	Origin fetch failed	{"self": {"addr":"localhost:4004","id":"0x003ce6a18a52608073"}, "url": "https://https://kennethreitz.org/", "err": "origin request failed: Get \"https://https//kennethreitz.org/\": dial tcp: lookup https: no such host"}
KoordeDHT/internal/node/server.(*HTTPCacheServer).handleCacheRequest
	D:/CS6650/KoordeDHT-web-cache/internal/node/server/http.go:259
net/http.HandlerFunc.ServeHTTP
	C:/Program Files/Go/src/net/http/server.go:2322
net/http.(*ServeMux).ServeHTTP
	C:/Program Files/Go/src/net/http/server.go:2861
net/http.serverHandler.ServeHTTP
	C:/Program Files/Go/src/net/http/server.go:3340
net/http.(*conn).serve
	C:/Program Files/Go/src/net/http/server.go:2109
2025-11-11T16:37:51.463-0800	[34mINFO[0m	node.http-server	server/http.go:254	I am responsible, fetching from origin	{"self": {"addr":"localhost:4004","id":"0x003ce6a18a52608073"}, "url": "https://https://kennethreitz.org"}
2025-11-11T16:37:54.174-0800	[31mERROR[0m	node.http-server	server/http.go:259	Origin fetch failed	{"self": {"addr":"localhost:4004","id":"0x003ce6a18a52608073"}, "url": "https://https://kennethreitz.org", "err": "origin request failed: Get \"https://https//kennethreitz.org\": dial tcp: lookup https: no such host"}
KoordeDHT/internal/node/server.(*HTTPCacheServer).handleCacheRequest
	D:/CS6650/KoordeDHT-web-cache/internal/node/server/http.go:259
net/http.HandlerFunc.ServeHTTP
	C:/Program Files/Go/src/net/http/server.go:2322
net/http.(*ServeMux).ServeHTTP
	C:/Program Files/Go/src/net/http/server.go:2861
net/http.serverHandler.ServeHTTP
	C:/Program Files/Go/src/net/http/server.go:3340
net/http.(*conn).serve
	C:/Program Files/Go/src/net/http/server.go:2109
2025-11-11T16:38:03.821-0800	[34mINFO[0m	node.http-server	server/http.go:254	I am responsible, fetching from origin	{"self": {"addr":"localhost:4004","id":"0x003ce6a18a52608073"}, "url": "https://kennethreitz.org"}
2025-11-11T16:38:04.007-0800	[34mINFO[0m	node.http-server	server/http.go:478	Origin fetch successful	{"self": {"addr":"localhost:4004","id":"0x003ce6a18a52608073"}, "url": "https://kennethreitz.org", "size_bytes": 62348, "content_type": "text/html; charset=utf-8"}
2025-11-11T16:38:04.007-0800	[34mINFO[0m	node.http-server	server/http.go:274	Content cached successfully	{"self": {"addr":"localhost:4004","id":"0x003ce6a18a52608073"}, "url": "https://kennethreitz.org", "size_bytes": 62348}
2025-11-11T16:38:04.007-0800	[34mINFO[0m	node.http-server	server/http.go:286	Request completed	{"self": {"addr":"localhost:4004","id":"0x003ce6a18a52608073"}, "url": "https://kennethreitz.org", "total_latency_ms": 186, "content_size": 62348}
2025-11-11T16:49:03.039-0800	[34mINFO[0m	node.http-server	server/http.go:221	Cache HIT (local)	{"self": {"addr":"localhost:4004","id":"0x003ce6a18a52608073"}, "url": "https://kennethreitz.org", "size_bytes": 62348, "latency_ms": 0}
2025-11-11T17:01:51.065-0800	[34mINFO[0m	node.http-server	server/http.go:151	DHT lookup complete	{"self": {"addr":"localhost:4004","id":"0x003ce6a18a52608073"}, "url": "https://www.youtube.com", "hash": "0x0206e9ee62e004b84a", "responsible": {"addr":"localhost:4004","id":"0x003ce6a18a52608073"}, "lookup_latency_ms": 0}
2025-11-11T17:01:51.066-0800	[34mINFO[0m	node.http-server	server/http.go:221	Cache HIT (local)	{"self": {"addr":"localhost:4004","id":"0x003ce6a18a52608073"}, "url": "https://www.youtube.com", "size_bytes": 720103, "latency_ms": 1}
2025-11-11T17:02:17.361-0800	[34mINFO[0m	node.http-server	server/http.go:151	DHT lookup complete	{"self": {"addr":"localhost:4004","id":"0x003ce6a18a52608073"}, "url": "https://www.twitch.tv", "hash": "0x0106d893c3c48483eb", "responsible": {"addr":"localhost:4003","id":"0x011c1f485b12f6f310"}, "lookup_latency_ms": 1}
2025-11-11T17:02:17.361-0800	[34mINFO[0m	node.http-server	server/http.go:209	Forwarding to responsible node	{"self": {"addr":"localhost:4004","id":"0x003ce6a18a52608073"}, "url": "https://www.twitch.tv", "hash": "0x0106d893c3c48483eb", "responsible_from_lookup": {"addr":"localhost:4003","id":"0x011c1f485b12f6f310"}, "forward_target": {"addr":"localhost:4003","id":"0x011c1f485b12f6f310"}}
2025-11-11T17:02:17.369-0800	[34mINFO[0m	node.http-server	server/http.go:436	Request proxied successfully	{"self": {"addr":"localhost:4004","id":"0x003ce6a18a52608073"}, "url": "https://www.twitch.tv", "target_node": "localhost:4003", "total_latency_ms": 9, "size_bytes": 175071}
2025-11-11T17:16:32.172-0800	[34mINFO[0m	node	node/main.go:148	cleaned expired cache entries	{"self": {"addr":"localhost:4004","id":"0x003ce6a18a52608073"}, "count": 0}
2025-11-11T17:16:32.172-0800	[34mINFO[0m	node	node/main.go:151	cleaned stale hotspot entries	{"self": {"addr":"localhost:4004","id":"0x003ce6a18a52608073"}, "count": 0}
2025-11-11T17:20:39.479-0800	[34mINFO[0m	node.http-server	server/http.go:151	DHT lookup complete	{"self": {"addr":"localhost:4004","id":"0x003ce6a18a52608073"}, "url": "https://www.twitch.tv", "hash": "0x0106d893c3c48483eb", "responsible": {"addr":"localhost:4003","id":"0x011c1f485b12f6f310"}, "lookup_latency_ms": 2}
2025-11-11T17:20:39.479-0800	[34mINFO[0m	node.http-server	server/http.go:209	Forwarding to responsible node	{"self": {"addr":"localhost:4004","id":"0x003ce6a18a52608073"}, "url": "https://www.twitch.tv", "hash": "0x0106d893c3c48483eb", "responsible_from_lookup": {"addr":"localhost:4003","id":"0x011c1f485b12f6f310"}, "forward_target": {"addr":"localhost:4003","id":"0x011c1f485b12f6f310"}}
2025-11-11T17:20:39.910-0800	[34mINFO[0m	node.http-server	server/http.go:436	Request proxied successfully	{"self": {"addr":"localhost:4004","id":"0x003ce6a18a52608073"}, "url": "https://www.twitch.tv", "target_node": "localhost:4003", "total_latency_ms": 433, "size_bytes": 175071}
2025-11-11T17:21:19.869-0800	[34mINFO[0m	node.http-server	server/http.go:151	DHT lookup complete	{"self": {"addr":"localhost:4004","id":"0x003ce6a18a52608073"}, "url": "https://www.google.com", "hash": "0x037efc9839c3ee036f", "responsible": {"addr":"localhost:4004","id":"0x003ce6a18a52608073"}, "lookup_latency_ms": 0}
2025-11-11T17:21:19.869-0800	[34mINFO[0m	node.http-server	server/http.go:254	I am responsible, fetching from origin	{"self": {"addr":"localhost:4004","id":"0x003ce6a18a52608073"}, "url": "https://www.google.com"}
2025-11-11T17:21:19.965-0800	[34mINFO[0m	node.http-server	server/http.go:478	Origin fetch successful	{"self": {"addr":"localhost:4004","id":"0x003ce6a18a52608073"}, "url": "https://www.google.com", "size_bytes": 18107, "content_type": "text/html; charset=ISO-8859-1"}
2025-11-11T17:21:19.965-0800	[34mINFO[0m	node.http-server	server/http.go:274	Content cached successfully	{"self": {"addr":"localhost:4004","id":"0x003ce6a18a52608073"}, "url": "https://www.google.com", "size_bytes": 18107}
2025-11-11T17:21:19.965-0800	[34mINFO[0m	node.http-server	server/http.go:286	Request completed	{"self": {"addr":"localhost:4004","id":"0x003ce6a18a52608073"}, "url": "https://www.google.com", "total_latency_ms": 96, "content_size": 18107}
2025-11-11T17:22:35.928-0800	[34mINFO[0m	node.http-server	server/http.go:254	I am responsible, fetching from origin	{"self": {"addr":"localhost:4004","id":"0x003ce6a18a52608073"}, "url": "https://twitch.tv"}
2025-11-11T17:22:36.094-0800	[34mINFO[0m	node.http-server	server/http.go:478	Origin fetch successful	{"self": {"addr":"localhost:4004","id":"0x003ce6a18a52608073"}, "url": "https://twitch.tv", "size_bytes": 175071, "content_type": "text/html"}
2025-11-11T17:22:36.094-0800	[34mINFO[0m	node.http-server	server/http.go:274	Content cached successfully	{"self": {"addr":"localhost:4004","id":"0x003ce6a18a52608073"}, "url": "https://twitch.tv", "size_bytes": 175071}
2025-11-11T17:22:36.094-0800	[34mINFO[0m	node.http-server	server/http.go:286	Request completed	{"self": {"addr":"localhost:4004","id":"0x003ce6a18a52608073"}, "url": "https://twitch.tv", "total_latency_ms": 166, "content_size": 175071}
2025-11-11T18:16:32.172-0800	[34mINFO[0m	node	node/main.go:148	cleaned expired cache entries	{"self": {"addr":"localhost:4004","id":"0x003ce6a18a52608073"}, "count": 5}
2025-11-11T18:16:32.173-0800	[34mINFO[0m	node	node/main.go:151	cleaned stale hotspot entries	{"self": {"addr":"localhost:4004","id":"0x003ce6a18a52608073"}, "count": 0}
2025-11-11T20:46:42.735-0800	[34mINFO[0m	node	node/main.go:148	cleaned expired cache entries	{"self": {"addr":"localhost:4004","id":"0x003ce6a18a52608073"}, "count": 2}
2025-11-11T20:46:42.736-0800	[34mINFO[0m	node	node/main.go:151	cleaned stale hotspot entries	{"self": {"addr":"localhost:4004","id":"0x003ce6a18a52608073"}, "count": 0}
2025-11-11T20:46:44.042-0800	[31mERROR[0m	node	logicnode/operation.go:286	FindSuccessorStep: lookup interrupted by timeout/cancel	{"self": {"addr":"localhost:4004","id":"0x003ce6a18a52608073"}, "tryIdx": 1, "addr": "localhost:4002", "err": null}
KoordeDHT/internal/node/logicnode.(*Node).FindSuccessorStep
	D:/CS6650/KoordeDHT-web-cache/internal/node/logicnode/operation.go:286
KoordeDHT/internal/node/logicnode.(*Node).FindSuccessorInit
	D:/CS6650/KoordeDHT-web-cache/internal/node/logicnode/operation.go:185
KoordeDHT/internal/node/logicnode.(*Node).fixDeBruijn
	D:/CS6650/KoordeDHT-web-cache/internal/node/logicnode/worker.go:456
KoordeDHT/internal/node/logicnode.(*Node).StartStabilizers.func2
	D:/CS6650/KoordeDHT-web-cache/internal/node/logicnode/worker.go:49
2025-11-11T20:46:44.042-0800	[33mWARN[0m	node	logicnode/worker.go:459	fixDeBruijn: could not find successor	{"self": {"addr":"localhost:4004","id":"0x003ce6a18a52608073"}, "target": "0x01777f85573a944e12", "err": "context deadline exceeded"}
2025-11-11T20:57:59.906-0800	[34mINFO[0m	node.http-server	server/http.go:151	DHT lookup complete	{"self": {"addr":"localhost:4004","id":"0x003ce6a18a52608073"}, "url": "https://www.google.com", "hash": "0x037efc9839c3ee036f", "responsible": {"addr":"localhost:4004","id":"0x003ce6a18a52608073"}, "lookup_latency_ms": 0}
2025-11-11T20:57:59.910-0800	[34mINFO[0m	node.http-server	server/http.go:254	I am responsible, fetching from origin	{"self": {"addr":"localhost:4004","id":"0x003ce6a18a52608073"}, "url": "https://www.google.com"}
2025-11-11T20:58:00.040-0800	[34mINFO[0m	node.http-server	server/http.go:478	Origin fetch successful	{"self": {"addr":"localhost:4004","id":"0x003ce6a18a52608073"}, "url": "https://www.google.com", "size_bytes": 17996, "content_type": "text/html; charset=ISO-8859-1"}
2025-11-11T20:58:00.040-0800	[34mINFO[0m	node.http-server	server/http.go:274	Content cached successfully	{"self": {"addr":"localhost:4004","id":"0x003ce6a18a52608073"}, "url": "https://www.google.com", "size_bytes": 17996}
2025-11-11T20:58:00.040-0800	[34mINFO[0m	node.http-server	server/http.go:286	Request completed	{"self": {"addr":"localhost:4004","id":"0x003ce6a18a52608073"}, "url": "https://www.google.com", "total_latency_ms": 134, "content_size": 17996}
