2025-11-12T16:08:30.052-0800	[34mINFO[0m	config/config.go:297	Loaded configuration	{"logger.active": true, "logger.level": "info", "logger.encoding": "console", "logger.mode": "stdout", "logger.file.path": "", "logger.file.maxSizeMB": 0, "logger.file.maxBackups": 0, "logger.file.maxAgeDays": 0, "logger.file.compress": false, "dht.idBits": 66, "dht.mode": "private", "dht.deBruijn.degree": 8, "dht.deBruijn.fixInterval": "5s", "dht.deBruijn.fixIntervalMs": 5000, "dht.storage.fixInterval": "20s", "dht.storage.fixIntervalMs": 20000, "dht.faultTolerance.successorListSize": 8, "dht.faultTolerance.stabilizationInterval": "2s", "dht.faultTolerance.stabilizationIntervalMs": 2000, "dht.faultTolerance.failureTimeout": "1s", "dht.faultTolerance.failureTimeoutMs": 1000, "dht.bootstrap.mode": "static", "dht.bootstrap.peers": ["localhost:4000"], "dht.bootstrap.register.hostedZoneId": "", "dht.bootstrap.register.domainSuffix": "", "dht.bootstrap.register.ttl": 0, "dht.bootstrap.register.region": "", "node.id": "", "node.host": "localhost", "node.bind": "0.0.0.0", "node.port": 4010, "telemetry.tracing.enabled": false, "telemetry.tracing.exporter": "", "telemetry.tracing.endpoint": "", "cache.enabled": true, "cache.httpPort": 8090, "cache.capacityMB": 512, "cache.defaultTTL": 3600, "cache.hotspotThreshold": 10, "cache.hotspotDecayRate": 0.65}
2025-11-12T16:08:30.058-0800	[34mINFO[0m	node	node/main.go:101	New Node initializing	{"self": {"addr":"localhost:4010","id":"0x0229fa4890cda12a6b"}}
2025/11/12 16:08:30 Tracing disabled
2025-11-12T16:08:30.059-0800	[34mINFO[0m	node	node/main.go:130	initialized web cache	{"self": {"addr":"localhost:4010","id":"0x0229fa4890cda12a6b"}, "capacity_mb": 512}
2025-11-12T16:08:30.060-0800	[34mINFO[0m	node	node/main.go:137	initialized hotspot detector	{"self": {"addr":"localhost:4010","id":"0x0229fa4890cda12a6b"}, "threshold": 10, "decay_rate": 0.65}
2025-11-12T16:08:30.060-0800	[34mINFO[0m	node	node/main.go:237	resolved bootstrap peers	{"self": {"addr":"localhost:4010","id":"0x0229fa4890cda12a6b"}, "peers": ["localhost:4000"]}
2025-11-12T16:08:30.060-0800	[34mINFO[0m	node.http-server	server/http.go:70	HTTP cache server starting	{"self": {"addr":"localhost:4010","id":"0x0229fa4890cda12a6b"}, "addr": ":8090"}
2025-11-12T16:08:30.080-0800	[34mINFO[0m	node	logicnode/node.go:72	join: candidate successor found	{"self": {"addr":"localhost:4010","id":"0x0229fa4890cda12a6b"}, "bootstrap": "localhost:4000", "successor": {"addr":"localhost:4007","id":"0x00207adf4852a380ec"}}
2025-11-12T16:08:30.098-0800	[34mINFO[0m	node	logicnode/node.go:103	join: successor has predecessor	{"self": {"addr":"localhost:4010","id":"0x0229fa4890cda12a6b"}, "predecessor": {"addr":"localhost:4006","id":"0x01943b269be0206d7d"}}
2025-11-12T16:08:30.119-0800	[33mWARN[0m	node	logicnode/operation.go:296	FindSuccessorStep: de Bruijn failed or empty, falling back to successor	{"self": {"addr":"localhost:4010","id":"0x0229fa4890cda12a6b"}, "target": "0x014fd244866d095358", "nextHop": {"addr":"localhost:4007","id":"0x00207adf4852a380ec"}}
2025-11-12T16:08:30.158-0800	[34mINFO[0m	node	logicnode/node.go:135	join: completed successfully	{"self": {"addr":"localhost:4010","id":"0x0229fa4890cda12a6b"}, "self": {"addr":"localhost:4010","id":"0x0229fa4890cda12a6b"}, "successor": {"addr":"localhost:4007","id":"0x00207adf4852a380ec"}}
2025-11-12T16:08:30.196-0800	[34mINFO[0m	node	node/main.go:259	node registered successfully	{"self": {"addr":"localhost:4010","id":"0x0229fa4890cda12a6b"}}
2025-11-12T16:08:48.215-0800	[34mINFO[0m	node	logicnode/operation.go:414	Notify: predecessor updated	{"self": {"addr":"localhost:4010","id":"0x0229fa4890cda12a6b"}, "newPredecessor": {"addr":"localhost:4019","id":"0x01fd766c6b6d184fa5"}, "oldPredecessor": {"addr":"localhost:4006","id":"0x01943b269be0206d7d"}}
2025-11-12T16:08:52.259-0800	[31mERROR[0m	node	logicnode/operation.go:286	FindSuccessorStep: lookup interrupted by timeout/cancel	{"self": {"addr":"localhost:4010","id":"0x0229fa4890cda12a6b"}, "tryIdx": 1, "addr": "localhost:4013", "err": null}
KoordeDHT/internal/node/logicnode.(*Node).FindSuccessorStep
	/mnt/d/CS6650/KoordeDHT-web-cache/internal/node/logicnode/operation.go:286
KoordeDHT/internal/node/server.(*dhtService).FindSuccessor
	/mnt/d/CS6650/KoordeDHT-web-cache/internal/node/server/dht_service.go:115
KoordeDHT/internal/api/dht/v1._DHT_FindSuccessor_Handler
	/mnt/d/CS6650/KoordeDHT-web-cache/internal/api/dht/v1/node_grpc.pb.go:255
google.golang.org/grpc.(*Server).processUnaryRPC
	/home/yuzheng/go/pkg/mod/google.golang.org/grpc@v1.75.1/server.go:1431
google.golang.org/grpc.(*Server).handleStream
	/home/yuzheng/go/pkg/mod/google.golang.org/grpc@v1.75.1/server.go:1842
google.golang.org/grpc.(*Server).serveStreams.func2.1
	/home/yuzheng/go/pkg/mod/google.golang.org/grpc@v1.75.1/server.go:1061
2025-11-12T16:09:07.282-0800	[31mERROR[0m	node	logicnode/operation.go:286	FindSuccessorStep: lookup interrupted by timeout/cancel	{"self": {"addr":"localhost:4010","id":"0x0229fa4890cda12a6b"}, "tryIdx": 2, "addr": "localhost:4012", "err": null}
KoordeDHT/internal/node/logicnode.(*Node).FindSuccessorStep
	/mnt/d/CS6650/KoordeDHT-web-cache/internal/node/logicnode/operation.go:286
KoordeDHT/internal/node/server.(*dhtService).FindSuccessor
	/mnt/d/CS6650/KoordeDHT-web-cache/internal/node/server/dht_service.go:115
KoordeDHT/internal/api/dht/v1._DHT_FindSuccessor_Handler
	/mnt/d/CS6650/KoordeDHT-web-cache/internal/api/dht/v1/node_grpc.pb.go:255
google.golang.org/grpc.(*Server).processUnaryRPC
	/home/yuzheng/go/pkg/mod/google.golang.org/grpc@v1.75.1/server.go:1431
google.golang.org/grpc.(*Server).handleStream
	/home/yuzheng/go/pkg/mod/google.golang.org/grpc@v1.75.1/server.go:1842
google.golang.org/grpc.(*Server).serveStreams.func2.1
	/home/yuzheng/go/pkg/mod/google.golang.org/grpc@v1.75.1/server.go:1061
2025-11-12T16:09:07.286-0800	[31mERROR[0m	node	logicnode/operation.go:286	FindSuccessorStep: lookup interrupted by timeout/cancel	{"self": {"addr":"localhost:4010","id":"0x0229fa4890cda12a6b"}, "tryIdx": 2, "addr": "localhost:4012", "err": null}
KoordeDHT/internal/node/logicnode.(*Node).FindSuccessorStep
	/mnt/d/CS6650/KoordeDHT-web-cache/internal/node/logicnode/operation.go:286
KoordeDHT/internal/node/server.(*dhtService).FindSuccessor
	/mnt/d/CS6650/KoordeDHT-web-cache/internal/node/server/dht_service.go:115
KoordeDHT/internal/api/dht/v1._DHT_FindSuccessor_Handler
	/mnt/d/CS6650/KoordeDHT-web-cache/internal/api/dht/v1/node_grpc.pb.go:255
google.golang.org/grpc.(*Server).processUnaryRPC
	/home/yuzheng/go/pkg/mod/google.golang.org/grpc@v1.75.1/server.go:1431
google.golang.org/grpc.(*Server).handleStream
	/home/yuzheng/go/pkg/mod/google.golang.org/grpc@v1.75.1/server.go:1842
google.golang.org/grpc.(*Server).serveStreams.func2.1
	/home/yuzheng/go/pkg/mod/google.golang.org/grpc@v1.75.1/server.go:1061
2025-11-12T16:09:10.217-0800	[33mWARN[0m	node	logicnode/operation.go:290	FindSuccessorStep: de Bruijn hop failed, trying previous candidate	{"self": {"addr":"localhost:4010","id":"0x0229fa4890cda12a6b"}, "tryIdx": 7, "failedNode": {"addr":"localhost:4016","id":"0x03e94e912bcf7bb769"}, "err": null}
2025-11-12T16:09:10.217-0800	[33mWARN[0m	node	logicnode/operation.go:290	FindSuccessorStep: de Bruijn hop failed, trying previous candidate	{"self": {"addr":"localhost:4010","id":"0x0229fa4890cda12a6b"}, "tryIdx": 7, "failedNode": {"addr":"localhost:4016","id":"0x03e94e912bcf7bb769"}, "err": null}
2025-11-12T16:09:10.221-0800	[31mERROR[0m	node	logicnode/operation.go:286	FindSuccessorStep: lookup interrupted by timeout/cancel	{"self": {"addr":"localhost:4010","id":"0x0229fa4890cda12a6b"}, "tryIdx": 6, "addr": "localhost:4011", "err": null}
KoordeDHT/internal/node/logicnode.(*Node).FindSuccessorStep
	/mnt/d/CS6650/KoordeDHT-web-cache/internal/node/logicnode/operation.go:286
KoordeDHT/internal/node/server.(*dhtService).FindSuccessor
	/mnt/d/CS6650/KoordeDHT-web-cache/internal/node/server/dht_service.go:115
KoordeDHT/internal/api/dht/v1._DHT_FindSuccessor_Handler
	/mnt/d/CS6650/KoordeDHT-web-cache/internal/api/dht/v1/node_grpc.pb.go:255
google.golang.org/grpc.(*Server).processUnaryRPC
	/home/yuzheng/go/pkg/mod/google.golang.org/grpc@v1.75.1/server.go:1431
google.golang.org/grpc.(*Server).handleStream
	/home/yuzheng/go/pkg/mod/google.golang.org/grpc@v1.75.1/server.go:1842
google.golang.org/grpc.(*Server).serveStreams.func2.1
	/home/yuzheng/go/pkg/mod/google.golang.org/grpc@v1.75.1/server.go:1061
2025-11-12T16:09:12.206-0800	[34mINFO[0m	node	logicnode/operation.go:414	Notify: predecessor updated	{"self": {"addr":"localhost:4010","id":"0x0229fa4890cda12a6b"}, "newPredecessor": {"addr":"localhost:4031","id":"0x021203d6676ae77b72"}, "oldPredecessor": {"addr":"localhost:4019","id":"0x01fd766c6b6d184fa5"}}
2025-11-12T16:09:12.276-0800	[31mERROR[0m	node	logicnode/operation.go:286	FindSuccessorStep: lookup interrupted by timeout/cancel	{"self": {"addr":"localhost:4010","id":"0x0229fa4890cda12a6b"}, "tryIdx": 7, "addr": "localhost:4011", "err": null}
KoordeDHT/internal/node/logicnode.(*Node).FindSuccessorStep
	/mnt/d/CS6650/KoordeDHT-web-cache/internal/node/logicnode/operation.go:286
KoordeDHT/internal/node/server.(*dhtService).FindSuccessor
	/mnt/d/CS6650/KoordeDHT-web-cache/internal/node/server/dht_service.go:115
KoordeDHT/internal/api/dht/v1._DHT_FindSuccessor_Handler
	/mnt/d/CS6650/KoordeDHT-web-cache/internal/api/dht/v1/node_grpc.pb.go:255
google.golang.org/grpc.(*Server).processUnaryRPC
	/home/yuzheng/go/pkg/mod/google.golang.org/grpc@v1.75.1/server.go:1431
google.golang.org/grpc.(*Server).handleStream
	/home/yuzheng/go/pkg/mod/google.golang.org/grpc@v1.75.1/server.go:1842
google.golang.org/grpc.(*Server).serveStreams.func2.1
	/home/yuzheng/go/pkg/mod/google.golang.org/grpc@v1.75.1/server.go:1061
2025-11-12T16:09:46.365-0800	[34mINFO[0m	node	logicnode/operation.go:414	Notify: predecessor updated	{"self": {"addr":"localhost:4010","id":"0x0229fa4890cda12a6b"}, "newPredecessor": {"addr":"localhost:4048","id":"0x021abbaf1723eea37f"}, "oldPredecessor": {"addr":"localhost:4031","id":"0x021203d6676ae77b72"}}
2025-11-12T17:08:30.061-0800	[34mINFO[0m	node	node/main.go:148	cleaned expired cache entries	{"self": {"addr":"localhost:4010","id":"0x0229fa4890cda12a6b"}, "count": 0}
2025-11-12T17:08:30.062-0800	[34mINFO[0m	node	node/main.go:151	cleaned stale hotspot entries	{"self": {"addr":"localhost:4010","id":"0x0229fa4890cda12a6b"}, "count": 0}
2025-11-12T20:43:54.775-0800	[34mINFO[0m	node	node/main.go:148	cleaned expired cache entries	{"self": {"addr":"localhost:4010","id":"0x0229fa4890cda12a6b"}, "count": 0}
2025-11-12T20:43:54.776-0800	[34mINFO[0m	node	node/main.go:151	cleaned stale hotspot entries	{"self": {"addr":"localhost:4010","id":"0x0229fa4890cda12a6b"}, "count": 0}
2025-11-12T21:43:54.775-0800	[34mINFO[0m	node	node/main.go:148	cleaned expired cache entries	{"self": {"addr":"localhost:4010","id":"0x0229fa4890cda12a6b"}, "count": 0}
2025-11-12T21:43:54.776-0800	[34mINFO[0m	node	node/main.go:151	cleaned stale hotspot entries	{"self": {"addr":"localhost:4010","id":"0x0229fa4890cda12a6b"}, "count": 0}
2025-11-12T22:43:54.774-0800	[34mINFO[0m	node	node/main.go:148	cleaned expired cache entries	{"self": {"addr":"localhost:4010","id":"0x0229fa4890cda12a6b"}, "count": 0}
2025-11-12T22:43:54.775-0800	[34mINFO[0m	node	node/main.go:151	cleaned stale hotspot entries	{"self": {"addr":"localhost:4010","id":"0x0229fa4890cda12a6b"}, "count": 0}
2025-11-12T23:43:54.775-0800	[34mINFO[0m	node	node/main.go:148	cleaned expired cache entries	{"self": {"addr":"localhost:4010","id":"0x0229fa4890cda12a6b"}, "count": 0}
2025-11-12T23:43:54.778-0800	[34mINFO[0m	node	node/main.go:151	cleaned stale hotspot entries	{"self": {"addr":"localhost:4010","id":"0x0229fa4890cda12a6b"}, "count": 0}
2025-11-12T23:56:47.078-0800	[31mERROR[0m	node	logicnode/operation.go:286	FindSuccessorStep: lookup interrupted by timeout/cancel	{"self": {"addr":"localhost:4010","id":"0x0229fa4890cda12a6b"}, "tryIdx": 3, "addr": "localhost:4046", "err": null}
KoordeDHT/internal/node/logicnode.(*Node).FindSuccessorStep
	/mnt/d/CS6650/KoordeDHT-web-cache/internal/node/logicnode/operation.go:286
KoordeDHT/internal/node/logicnode.(*Node).FindSuccessorInit
	/mnt/d/CS6650/KoordeDHT-web-cache/internal/node/logicnode/operation.go:185
KoordeDHT/internal/node/logicnode.(*Node).fixDeBruijn
	/mnt/d/CS6650/KoordeDHT-web-cache/internal/node/logicnode/worker.go:456
KoordeDHT/internal/node/logicnode.(*Node).StartStabilizers.func2
	/mnt/d/CS6650/KoordeDHT-web-cache/internal/node/logicnode/worker.go:49
2025-11-13T03:15:16.602-0800	[33mWARN[0m	node	logicnode/worker.go:459	fixDeBruijn: could not find successor	{"self": {"addr":"localhost:4010","id":"0x0229fa4890cda12a6b"}, "target": "0x00e5e3ec3fce23ceef", "err": "context deadline exceeded"}
2025-11-13T09:10:10.102-0800	[34mINFO[0m	node	node/main.go:148	cleaned expired cache entries	{"self": {"addr":"localhost:4010","id":"0x0229fa4890cda12a6b"}, "count": 0}
2025-11-13T09:10:10.103-0800	[34mINFO[0m	node	node/main.go:151	cleaned stale hotspot entries	{"self": {"addr":"localhost:4010","id":"0x0229fa4890cda12a6b"}, "count": 0}
2025-11-13T10:10:10.102-0800	[34mINFO[0m	node	node/main.go:148	cleaned expired cache entries	{"self": {"addr":"localhost:4010","id":"0x0229fa4890cda12a6b"}, "count": 0}
2025-11-13T10:10:10.103-0800	[34mINFO[0m	node	node/main.go:151	cleaned stale hotspot entries	{"self": {"addr":"localhost:4010","id":"0x0229fa4890cda12a6b"}, "count": 0}
2025-11-13T11:10:10.103-0800	[34mINFO[0m	node	node/main.go:148	cleaned expired cache entries	{"self": {"addr":"localhost:4010","id":"0x0229fa4890cda12a6b"}, "count": 0}
2025-11-13T11:10:10.104-0800	[34mINFO[0m	node	node/main.go:151	cleaned stale hotspot entries	{"self": {"addr":"localhost:4010","id":"0x0229fa4890cda12a6b"}, "count": 0}
2025-11-13T13:42:48.091-0800	[34mINFO[0m	node	node/main.go:148	cleaned expired cache entries	{"self": {"addr":"localhost:4010","id":"0x0229fa4890cda12a6b"}, "count": 0}
2025-11-13T13:42:48.092-0800	[34mINFO[0m	node	node/main.go:151	cleaned stale hotspot entries	{"self": {"addr":"localhost:4010","id":"0x0229fa4890cda12a6b"}, "count": 0}
2025-11-13T14:43:49.527-0800	[34mINFO[0m	node	node/main.go:148	cleaned expired cache entries	{"self": {"addr":"localhost:4010","id":"0x0229fa4890cda12a6b"}, "count": 0}
2025-11-13T14:43:49.528-0800	[34mINFO[0m	node	node/main.go:151	cleaned stale hotspot entries	{"self": {"addr":"localhost:4010","id":"0x0229fa4890cda12a6b"}, "count": 0}
2025-11-13T15:43:49.527-0800	[34mINFO[0m	node	node/main.go:148	cleaned expired cache entries	{"self": {"addr":"localhost:4010","id":"0x0229fa4890cda12a6b"}, "count": 0}
2025-11-13T15:43:49.528-0800	[34mINFO[0m	node	node/main.go:151	cleaned stale hotspot entries	{"self": {"addr":"localhost:4010","id":"0x0229fa4890cda12a6b"}, "count": 0}
2025-11-13T16:47:17.626-0800	[34mINFO[0m	node	node/main.go:148	cleaned expired cache entries	{"self": {"addr":"localhost:4010","id":"0x0229fa4890cda12a6b"}, "count": 0}
2025-11-13T16:47:17.629-0800	[34mINFO[0m	node	node/main.go:151	cleaned stale hotspot entries	{"self": {"addr":"localhost:4010","id":"0x0229fa4890cda12a6b"}, "count": 0}
