2025-11-12T16:08:48.098-0800	[34mINFO[0m	config/config.go:297	Loaded configuration	{"logger.active": true, "logger.level": "info", "logger.encoding": "console", "logger.mode": "stdout", "logger.file.path": "", "logger.file.maxSizeMB": 0, "logger.file.maxBackups": 0, "logger.file.maxAgeDays": 0, "logger.file.compress": false, "dht.idBits": 66, "dht.mode": "private", "dht.deBruijn.degree": 8, "dht.deBruijn.fixInterval": "5s", "dht.deBruijn.fixIntervalMs": 5000, "dht.storage.fixInterval": "20s", "dht.storage.fixIntervalMs": 20000, "dht.faultTolerance.successorListSize": 8, "dht.faultTolerance.stabilizationInterval": "2s", "dht.faultTolerance.stabilizationIntervalMs": 2000, "dht.faultTolerance.failureTimeout": "1s", "dht.faultTolerance.failureTimeoutMs": 1000, "dht.bootstrap.mode": "static", "dht.bootstrap.peers": ["localhost:4000"], "dht.bootstrap.register.hostedZoneId": "", "dht.bootstrap.register.domainSuffix": "", "dht.bootstrap.register.ttl": 0, "dht.bootstrap.register.region": "", "node.id": "", "node.host": "localhost", "node.bind": "0.0.0.0", "node.port": 4019, "telemetry.tracing.enabled": false, "telemetry.tracing.exporter": "", "telemetry.tracing.endpoint": "", "cache.enabled": true, "cache.httpPort": 8099, "cache.capacityMB": 512, "cache.defaultTTL": 3600, "cache.hotspotThreshold": 10, "cache.hotspotDecayRate": 0.65}
2025-11-12T16:08:48.111-0800	[34mINFO[0m	node	node/main.go:101	New Node initializing	{"self": {"addr":"localhost:4019","id":"0x01fd766c6b6d184fa5"}}
2025/11/12 16:08:48 Tracing disabled
2025-11-12T16:08:48.112-0800	[34mINFO[0m	node	node/main.go:130	initialized web cache	{"self": {"addr":"localhost:4019","id":"0x01fd766c6b6d184fa5"}, "capacity_mb": 512}
2025-11-12T16:08:48.113-0800	[34mINFO[0m	node	node/main.go:137	initialized hotspot detector	{"self": {"addr":"localhost:4019","id":"0x01fd766c6b6d184fa5"}, "threshold": 10, "decay_rate": 0.65}
2025-11-12T16:08:48.113-0800	[34mINFO[0m	node	node/main.go:237	resolved bootstrap peers	{"self": {"addr":"localhost:4019","id":"0x01fd766c6b6d184fa5"}, "peers": ["localhost:4000"]}
2025-11-12T16:08:48.114-0800	[34mINFO[0m	node.http-server	server/http.go:70	HTTP cache server starting	{"self": {"addr":"localhost:4019","id":"0x01fd766c6b6d184fa5"}, "addr": ":8099"}
2025-11-12T16:08:48.196-0800	[34mINFO[0m	node	logicnode/node.go:72	join: candidate successor found	{"self": {"addr":"localhost:4019","id":"0x01fd766c6b6d184fa5"}, "bootstrap": "localhost:4000", "successor": {"addr":"localhost:4010","id":"0x0229fa4890cda12a6b"}}
2025-11-12T16:08:48.214-0800	[34mINFO[0m	node	logicnode/node.go:103	join: successor has predecessor	{"self": {"addr":"localhost:4019","id":"0x01fd766c6b6d184fa5"}, "predecessor": {"addr":"localhost:4006","id":"0x01943b269be0206d7d"}}
2025-11-12T16:08:48.239-0800	[33mWARN[0m	node	logicnode/operation.go:296	FindSuccessorStep: de Bruijn failed or empty, falling back to successor	{"self": {"addr":"localhost:4019","id":"0x01fd766c6b6d184fa5"}, "target": "0x030d178fe0f974936b", "nextHop": {"addr":"localhost:4010","id":"0x0229fa4890cda12a6b"}}
2025-11-12T16:08:48.273-0800	[34mINFO[0m	node	logicnode/node.go:135	join: completed successfully	{"self": {"addr":"localhost:4019","id":"0x01fd766c6b6d184fa5"}, "self": {"addr":"localhost:4019","id":"0x01fd766c6b6d184fa5"}, "successor": {"addr":"localhost:4010","id":"0x0229fa4890cda12a6b"}}
2025-11-12T16:08:48.273-0800	[34mINFO[0m	node	node/main.go:259	node registered successfully	{"self": {"addr":"localhost:4019","id":"0x01fd766c6b6d184fa5"}}
2025-11-12T16:08:52.250-0800	[34mINFO[0m	node	logicnode/operation.go:414	Notify: predecessor updated	{"self": {"addr":"localhost:4019","id":"0x01fd766c6b6d184fa5"}, "newPredecessor": {"addr":"localhost:4020","id":"0x019b3cb3107724c73a"}, "oldPredecessor": {"addr":"localhost:4006","id":"0x01943b269be0206d7d"}}
2025-11-12T16:09:00.205-0800	[34mINFO[0m	node	logicnode/operation.go:414	Notify: predecessor updated	{"self": {"addr":"localhost:4019","id":"0x01fd766c6b6d184fa5"}, "newPredecessor": {"addr":"localhost:4025","id":"0x01dbb7a1d63cedf3bd"}, "oldPredecessor": {"addr":"localhost:4020","id":"0x019b3cb3107724c73a"}}
2025-11-12T16:09:10.222-0800	[31mERROR[0m	node	logicnode/operation.go:286	FindSuccessorStep: lookup interrupted by timeout/cancel	{"self": {"addr":"localhost:4019","id":"0x01fd766c6b6d184fa5"}, "tryIdx": 7, "addr": "localhost:4016", "err": null}
KoordeDHT/internal/node/logicnode.(*Node).FindSuccessorStep
	/mnt/d/CS6650/KoordeDHT-web-cache/internal/node/logicnode/operation.go:286
KoordeDHT/internal/node/server.(*dhtService).FindSuccessor
	/mnt/d/CS6650/KoordeDHT-web-cache/internal/node/server/dht_service.go:115
KoordeDHT/internal/api/dht/v1._DHT_FindSuccessor_Handler
	/mnt/d/CS6650/KoordeDHT-web-cache/internal/api/dht/v1/node_grpc.pb.go:255
google.golang.org/grpc.(*Server).processUnaryRPC
	/home/yuzheng/go/pkg/mod/google.golang.org/grpc@v1.75.1/server.go:1431
google.golang.org/grpc.(*Server).handleStream
	/home/yuzheng/go/pkg/mod/google.golang.org/grpc@v1.75.1/server.go:1842
google.golang.org/grpc.(*Server).serveStreams.func2.1
	/home/yuzheng/go/pkg/mod/google.golang.org/grpc@v1.75.1/server.go:1061
2025-11-12T16:09:12.278-0800	[31mERROR[0m	node	logicnode/operation.go:286	FindSuccessorStep: lookup interrupted by timeout/cancel	{"self": {"addr":"localhost:4019","id":"0x01fd766c6b6d184fa5"}, "tryIdx": 7, "addr": "localhost:4016", "err": null}
KoordeDHT/internal/node/logicnode.(*Node).FindSuccessorStep
	/mnt/d/CS6650/KoordeDHT-web-cache/internal/node/logicnode/operation.go:286
KoordeDHT/internal/node/server.(*dhtService).FindSuccessor
	/mnt/d/CS6650/KoordeDHT-web-cache/internal/node/server/dht_service.go:115
KoordeDHT/internal/api/dht/v1._DHT_FindSuccessor_Handler
	/mnt/d/CS6650/KoordeDHT-web-cache/internal/api/dht/v1/node_grpc.pb.go:255
google.golang.org/grpc.(*Server).processUnaryRPC
	/home/yuzheng/go/pkg/mod/google.golang.org/grpc@v1.75.1/server.go:1431
google.golang.org/grpc.(*Server).handleStream
	/home/yuzheng/go/pkg/mod/google.golang.org/grpc@v1.75.1/server.go:1842
google.golang.org/grpc.(*Server).serveStreams.func2.1
	/home/yuzheng/go/pkg/mod/google.golang.org/grpc@v1.75.1/server.go:1061
2025-11-12T16:09:36.337-0800	[34mINFO[0m	node	logicnode/operation.go:414	Notify: predecessor updated	{"self": {"addr":"localhost:4019","id":"0x01fd766c6b6d184fa5"}, "newPredecessor": {"addr":"localhost:4043","id":"0x01de56284f769cf553"}, "oldPredecessor": {"addr":"localhost:4025","id":"0x01dbb7a1d63cedf3bd"}}
2025-11-12T17:08:48.113-0800	[34mINFO[0m	node	node/main.go:148	cleaned expired cache entries	{"self": {"addr":"localhost:4019","id":"0x01fd766c6b6d184fa5"}, "count": 0}
2025-11-12T17:08:48.115-0800	[34mINFO[0m	node	node/main.go:151	cleaned stale hotspot entries	{"self": {"addr":"localhost:4019","id":"0x01fd766c6b6d184fa5"}, "count": 0}
2025-11-12T20:44:12.827-0800	[34mINFO[0m	node	node/main.go:148	cleaned expired cache entries	{"self": {"addr":"localhost:4019","id":"0x01fd766c6b6d184fa5"}, "count": 0}
2025-11-12T20:44:12.828-0800	[34mINFO[0m	node	node/main.go:151	cleaned stale hotspot entries	{"self": {"addr":"localhost:4019","id":"0x01fd766c6b6d184fa5"}, "count": 0}
2025-11-12T21:44:12.828-0800	[34mINFO[0m	node	node/main.go:148	cleaned expired cache entries	{"self": {"addr":"localhost:4019","id":"0x01fd766c6b6d184fa5"}, "count": 0}
2025-11-12T21:44:12.829-0800	[34mINFO[0m	node	node/main.go:151	cleaned stale hotspot entries	{"self": {"addr":"localhost:4019","id":"0x01fd766c6b6d184fa5"}, "count": 0}
2025-11-12T22:44:12.827-0800	[34mINFO[0m	node	node/main.go:148	cleaned expired cache entries	{"self": {"addr":"localhost:4019","id":"0x01fd766c6b6d184fa5"}, "count": 0}
2025-11-12T22:44:12.828-0800	[34mINFO[0m	node	node/main.go:151	cleaned stale hotspot entries	{"self": {"addr":"localhost:4019","id":"0x01fd766c6b6d184fa5"}, "count": 0}
2025-11-12T23:44:12.827-0800	[34mINFO[0m	node	node/main.go:148	cleaned expired cache entries	{"self": {"addr":"localhost:4019","id":"0x01fd766c6b6d184fa5"}, "count": 0}
2025-11-12T23:44:12.828-0800	[34mINFO[0m	node	node/main.go:151	cleaned stale hotspot entries	{"self": {"addr":"localhost:4019","id":"0x01fd766c6b6d184fa5"}, "count": 0}
2025-11-12T23:56:47.281-0800	[31mERROR[0m	node	logicnode/operation.go:286	FindSuccessorStep: lookup interrupted by timeout/cancel	{"self": {"addr":"localhost:4019","id":"0x01fd766c6b6d184fa5"}, "tryIdx": 7, "addr": "localhost:4049", "err": null}
KoordeDHT/internal/node/logicnode.(*Node).FindSuccessorStep
	/mnt/d/CS6650/KoordeDHT-web-cache/internal/node/logicnode/operation.go:286
KoordeDHT/internal/node/server.(*dhtService).FindSuccessor
	/mnt/d/CS6650/KoordeDHT-web-cache/internal/node/server/dht_service.go:115
KoordeDHT/internal/api/dht/v1._DHT_FindSuccessor_Handler
	/mnt/d/CS6650/KoordeDHT-web-cache/internal/api/dht/v1/node_grpc.pb.go:255
google.golang.org/grpc.(*Server).processUnaryRPC
	/home/yuzheng/go/pkg/mod/google.golang.org/grpc@v1.75.1/server.go:1431
google.golang.org/grpc.(*Server).handleStream
	/home/yuzheng/go/pkg/mod/google.golang.org/grpc@v1.75.1/server.go:1842
google.golang.org/grpc.(*Server).serveStreams.func2.1
	/home/yuzheng/go/pkg/mod/google.golang.org/grpc@v1.75.1/server.go:1061
2025-11-13T03:15:18.014-0800	[33mWARN[0m	node	logicnode/operation.go:290	FindSuccessorStep: de Bruijn hop failed, trying previous candidate	{"self": {"addr":"localhost:4019","id":"0x01fd766c6b6d184fa5"}, "tryIdx": 7, "failedNode": {"addr":"localhost:4049","id":"0x03e5eaf879034415ba"}, "err": null}
2025-11-13T03:15:18.029-0800	[31mERROR[0m	node	logicnode/operation.go:286	FindSuccessorStep: lookup interrupted by timeout/cancel	{"self": {"addr":"localhost:4019","id":"0x01fd766c6b6d184fa5"}, "tryIdx": 6, "addr": "localhost:4045", "err": null}
KoordeDHT/internal/node/logicnode.(*Node).FindSuccessorStep
	/mnt/d/CS6650/KoordeDHT-web-cache/internal/node/logicnode/operation.go:286
KoordeDHT/internal/node/logicnode.(*Node).FindSuccessorInit
	/mnt/d/CS6650/KoordeDHT-web-cache/internal/node/logicnode/operation.go:185
KoordeDHT/internal/node/logicnode.(*Node).fixDeBruijn
	/mnt/d/CS6650/KoordeDHT-web-cache/internal/node/logicnode/worker.go:456
KoordeDHT/internal/node/logicnode.(*Node).StartStabilizers.func2
	/mnt/d/CS6650/KoordeDHT-web-cache/internal/node/logicnode/worker.go:49
2025-11-13T03:15:18.044-0800	[33mWARN[0m	node	logicnode/worker.go:459	fixDeBruijn: could not find successor	{"self": {"addr":"localhost:4019","id":"0x01fd766c6b6d184fa5"}, "target": "0x036e501f704ea32458", "err": "context deadline exceeded"}
2025-11-13T09:10:28.156-0800	[34mINFO[0m	node	node/main.go:148	cleaned expired cache entries	{"self": {"addr":"localhost:4019","id":"0x01fd766c6b6d184fa5"}, "count": 0}
2025-11-13T09:10:28.157-0800	[34mINFO[0m	node	node/main.go:151	cleaned stale hotspot entries	{"self": {"addr":"localhost:4019","id":"0x01fd766c6b6d184fa5"}, "count": 0}
2025-11-13T10:10:28.155-0800	[34mINFO[0m	node	node/main.go:148	cleaned expired cache entries	{"self": {"addr":"localhost:4019","id":"0x01fd766c6b6d184fa5"}, "count": 0}
2025-11-13T10:10:28.156-0800	[34mINFO[0m	node	node/main.go:151	cleaned stale hotspot entries	{"self": {"addr":"localhost:4019","id":"0x01fd766c6b6d184fa5"}, "count": 0}
2025-11-13T11:10:28.156-0800	[34mINFO[0m	node	node/main.go:148	cleaned expired cache entries	{"self": {"addr":"localhost:4019","id":"0x01fd766c6b6d184fa5"}, "count": 0}
2025-11-13T11:10:28.156-0800	[34mINFO[0m	node	node/main.go:151	cleaned stale hotspot entries	{"self": {"addr":"localhost:4019","id":"0x01fd766c6b6d184fa5"}, "count": 0}
2025-11-13T13:43:06.143-0800	[34mINFO[0m	node	node/main.go:148	cleaned expired cache entries	{"self": {"addr":"localhost:4019","id":"0x01fd766c6b6d184fa5"}, "count": 0}
2025-11-13T13:43:06.144-0800	[34mINFO[0m	node	node/main.go:151	cleaned stale hotspot entries	{"self": {"addr":"localhost:4019","id":"0x01fd766c6b6d184fa5"}, "count": 0}
2025-11-13T14:44:07.579-0800	[34mINFO[0m	node	node/main.go:148	cleaned expired cache entries	{"self": {"addr":"localhost:4019","id":"0x01fd766c6b6d184fa5"}, "count": 0}
2025-11-13T14:44:07.580-0800	[34mINFO[0m	node	node/main.go:151	cleaned stale hotspot entries	{"self": {"addr":"localhost:4019","id":"0x01fd766c6b6d184fa5"}, "count": 0}
2025-11-13T15:44:07.579-0800	[34mINFO[0m	node	node/main.go:148	cleaned expired cache entries	{"self": {"addr":"localhost:4019","id":"0x01fd766c6b6d184fa5"}, "count": 0}
2025-11-13T15:44:07.580-0800	[34mINFO[0m	node	node/main.go:151	cleaned stale hotspot entries	{"self": {"addr":"localhost:4019","id":"0x01fd766c6b6d184fa5"}, "count": 0}
2025-11-13T16:47:35.679-0800	[34mINFO[0m	node	node/main.go:148	cleaned expired cache entries	{"self": {"addr":"localhost:4019","id":"0x01fd766c6b6d184fa5"}, "count": 0}
2025-11-13T16:47:35.680-0800	[34mINFO[0m	node	node/main.go:151	cleaned stale hotspot entries	{"self": {"addr":"localhost:4019","id":"0x01fd766c6b6d184fa5"}, "count": 0}
