2025-11-12T16:08:58.117-0800	[34mINFO[0m	config/config.go:297	Loaded configuration	{"logger.active": true, "logger.level": "info", "logger.encoding": "console", "logger.mode": "stdout", "logger.file.path": "", "logger.file.maxSizeMB": 0, "logger.file.maxBackups": 0, "logger.file.maxAgeDays": 0, "logger.file.compress": false, "dht.idBits": 66, "dht.mode": "private", "dht.deBruijn.degree": 8, "dht.deBruijn.fixInterval": "5s", "dht.deBruijn.fixIntervalMs": 5000, "dht.storage.fixInterval": "20s", "dht.storage.fixIntervalMs": 20000, "dht.faultTolerance.successorListSize": 8, "dht.faultTolerance.stabilizationInterval": "2s", "dht.faultTolerance.stabilizationIntervalMs": 2000, "dht.faultTolerance.failureTimeout": "1s", "dht.faultTolerance.failureTimeoutMs": 1000, "dht.bootstrap.mode": "static", "dht.bootstrap.peers": ["localhost:4000"], "dht.bootstrap.register.hostedZoneId": "", "dht.bootstrap.register.domainSuffix": "", "dht.bootstrap.register.ttl": 0, "dht.bootstrap.register.region": "", "node.id": "", "node.host": "localhost", "node.bind": "0.0.0.0", "node.port": 4024, "telemetry.tracing.enabled": false, "telemetry.tracing.exporter": "", "telemetry.tracing.endpoint": "", "cache.enabled": true, "cache.httpPort": 8104, "cache.capacityMB": 512, "cache.defaultTTL": 3600, "cache.hotspotThreshold": 10, "cache.hotspotDecayRate": 0.65}
2025-11-12T16:08:58.124-0800	[34mINFO[0m	node	node/main.go:101	New Node initializing	{"self": {"addr":"localhost:4024","id":"0x00aec32113281c44fb"}}
2025/11/12 16:08:58 Tracing disabled
2025-11-12T16:08:58.125-0800	[34mINFO[0m	node	node/main.go:130	initialized web cache	{"self": {"addr":"localhost:4024","id":"0x00aec32113281c44fb"}, "capacity_mb": 512}
2025-11-12T16:08:58.126-0800	[34mINFO[0m	node	node/main.go:137	initialized hotspot detector	{"self": {"addr":"localhost:4024","id":"0x00aec32113281c44fb"}, "threshold": 10, "decay_rate": 0.65}
2025-11-12T16:08:58.126-0800	[34mINFO[0m	node	node/main.go:237	resolved bootstrap peers	{"self": {"addr":"localhost:4024","id":"0x00aec32113281c44fb"}, "peers": ["localhost:4000"]}
2025-11-12T16:08:58.126-0800	[34mINFO[0m	node.http-server	server/http.go:70	HTTP cache server starting	{"self": {"addr":"localhost:4024","id":"0x00aec32113281c44fb"}, "addr": ":8104"}
2025-11-12T16:08:58.175-0800	[34mINFO[0m	node	logicnode/node.go:72	join: candidate successor found	{"self": {"addr":"localhost:4024","id":"0x00aec32113281c44fb"}, "bootstrap": "localhost:4000", "successor": {"addr":"localhost:4008","id":"0x00cba93ac8da0c0474"}}
2025-11-12T16:08:58.194-0800	[34mINFO[0m	node	logicnode/node.go:103	join: successor has predecessor	{"self": {"addr":"localhost:4024","id":"0x00aec32113281c44fb"}, "predecessor": {"addr":"localhost:4015","id":"0x0096b81747ee4d20a7"}}
2025-11-12T16:08:58.213-0800	[34mINFO[0m	node	logicnode/node.go:135	join: completed successfully	{"self": {"addr":"localhost:4024","id":"0x00aec32113281c44fb"}, "self": {"addr":"localhost:4024","id":"0x00aec32113281c44fb"}, "successor": {"addr":"localhost:4008","id":"0x00cba93ac8da0c0474"}}
2025-11-12T16:08:58.213-0800	[34mINFO[0m	node	node/main.go:259	node registered successfully	{"self": {"addr":"localhost:4024","id":"0x00aec32113281c44fb"}}
2025-11-12T16:09:12.281-0800	[31mERROR[0m	node	logicnode/operation.go:286	FindSuccessorStep: lookup interrupted by timeout/cancel	{"self": {"addr":"localhost:4024","id":"0x00aec32113281c44fb"}, "tryIdx": 7, "addr": "localhost:4020", "err": null}
KoordeDHT/internal/node/logicnode.(*Node).FindSuccessorStep
	/mnt/d/CS6650/KoordeDHT-web-cache/internal/node/logicnode/operation.go:286
KoordeDHT/internal/node/server.(*dhtService).FindSuccessor
	/mnt/d/CS6650/KoordeDHT-web-cache/internal/node/server/dht_service.go:115
KoordeDHT/internal/api/dht/v1._DHT_FindSuccessor_Handler
	/mnt/d/CS6650/KoordeDHT-web-cache/internal/api/dht/v1/node_grpc.pb.go:255
google.golang.org/grpc.(*Server).processUnaryRPC
	/home/yuzheng/go/pkg/mod/google.golang.org/grpc@v1.75.1/server.go:1431
google.golang.org/grpc.(*Server).handleStream
	/home/yuzheng/go/pkg/mod/google.golang.org/grpc@v1.75.1/server.go:1842
google.golang.org/grpc.(*Server).serveStreams.func2.1
	/home/yuzheng/go/pkg/mod/google.golang.org/grpc@v1.75.1/server.go:1061
2025-11-12T16:09:34.348-0800	[34mINFO[0m	node	logicnode/operation.go:414	Notify: predecessor updated	{"self": {"addr":"localhost:4024","id":"0x00aec32113281c44fb"}, "newPredecessor": {"addr":"localhost:4042","id":"0x00a6c752a2f21a407e"}, "oldPredecessor": {"addr":"localhost:4015","id":"0x0096b81747ee4d20a7"}}
2025-11-12T17:08:58.126-0800	[34mINFO[0m	node	node/main.go:148	cleaned expired cache entries	{"self": {"addr":"localhost:4024","id":"0x00aec32113281c44fb"}, "count": 0}
2025-11-12T17:08:58.128-0800	[34mINFO[0m	node	node/main.go:151	cleaned stale hotspot entries	{"self": {"addr":"localhost:4024","id":"0x00aec32113281c44fb"}, "count": 0}
2025-11-12T20:44:22.841-0800	[34mINFO[0m	node	node/main.go:148	cleaned expired cache entries	{"self": {"addr":"localhost:4024","id":"0x00aec32113281c44fb"}, "count": 0}
2025-11-12T20:44:22.844-0800	[34mINFO[0m	node	node/main.go:151	cleaned stale hotspot entries	{"self": {"addr":"localhost:4024","id":"0x00aec32113281c44fb"}, "count": 0}
2025-11-12T21:44:22.840-0800	[34mINFO[0m	node	node/main.go:148	cleaned expired cache entries	{"self": {"addr":"localhost:4024","id":"0x00aec32113281c44fb"}, "count": 0}
2025-11-12T21:44:22.841-0800	[34mINFO[0m	node	node/main.go:151	cleaned stale hotspot entries	{"self": {"addr":"localhost:4024","id":"0x00aec32113281c44fb"}, "count": 0}
2025-11-12T22:44:22.841-0800	[34mINFO[0m	node	node/main.go:148	cleaned expired cache entries	{"self": {"addr":"localhost:4024","id":"0x00aec32113281c44fb"}, "count": 0}
2025-11-12T22:44:22.842-0800	[34mINFO[0m	node	node/main.go:151	cleaned stale hotspot entries	{"self": {"addr":"localhost:4024","id":"0x00aec32113281c44fb"}, "count": 0}
2025-11-12T23:44:22.841-0800	[34mINFO[0m	node	node/main.go:148	cleaned expired cache entries	{"self": {"addr":"localhost:4024","id":"0x00aec32113281c44fb"}, "count": 0}
2025-11-12T23:44:22.842-0800	[34mINFO[0m	node	node/main.go:151	cleaned stale hotspot entries	{"self": {"addr":"localhost:4024","id":"0x00aec32113281c44fb"}, "count": 0}
2025-11-13T09:10:38.168-0800	[34mINFO[0m	node	node/main.go:148	cleaned expired cache entries	{"self": {"addr":"localhost:4024","id":"0x00aec32113281c44fb"}, "count": 0}
2025-11-13T09:10:38.168-0800	[34mINFO[0m	node	node/main.go:151	cleaned stale hotspot entries	{"self": {"addr":"localhost:4024","id":"0x00aec32113281c44fb"}, "count": 0}
2025-11-13T10:10:38.169-0800	[34mINFO[0m	node	node/main.go:148	cleaned expired cache entries	{"self": {"addr":"localhost:4024","id":"0x00aec32113281c44fb"}, "count": 0}
2025-11-13T10:10:38.170-0800	[34mINFO[0m	node	node/main.go:151	cleaned stale hotspot entries	{"self": {"addr":"localhost:4024","id":"0x00aec32113281c44fb"}, "count": 0}
2025-11-13T11:10:38.169-0800	[34mINFO[0m	node	node/main.go:148	cleaned expired cache entries	{"self": {"addr":"localhost:4024","id":"0x00aec32113281c44fb"}, "count": 0}
2025-11-13T11:10:38.169-0800	[34mINFO[0m	node	node/main.go:151	cleaned stale hotspot entries	{"self": {"addr":"localhost:4024","id":"0x00aec32113281c44fb"}, "count": 0}
2025-11-13T13:43:16.156-0800	[34mINFO[0m	node	node/main.go:148	cleaned expired cache entries	{"self": {"addr":"localhost:4024","id":"0x00aec32113281c44fb"}, "count": 0}
2025-11-13T13:43:16.158-0800	[34mINFO[0m	node	node/main.go:151	cleaned stale hotspot entries	{"self": {"addr":"localhost:4024","id":"0x00aec32113281c44fb"}, "count": 0}
2025-11-13T14:44:17.593-0800	[34mINFO[0m	node	node/main.go:148	cleaned expired cache entries	{"self": {"addr":"localhost:4024","id":"0x00aec32113281c44fb"}, "count": 0}
2025-11-13T14:44:17.594-0800	[34mINFO[0m	node	node/main.go:151	cleaned stale hotspot entries	{"self": {"addr":"localhost:4024","id":"0x00aec32113281c44fb"}, "count": 0}
2025-11-13T15:44:17.592-0800	[34mINFO[0m	node	node/main.go:148	cleaned expired cache entries	{"self": {"addr":"localhost:4024","id":"0x00aec32113281c44fb"}, "count": 0}
2025-11-13T15:44:17.593-0800	[34mINFO[0m	node	node/main.go:151	cleaned stale hotspot entries	{"self": {"addr":"localhost:4024","id":"0x00aec32113281c44fb"}, "count": 0}
2025-11-13T16:47:45.692-0800	[34mINFO[0m	node	node/main.go:148	cleaned expired cache entries	{"self": {"addr":"localhost:4024","id":"0x00aec32113281c44fb"}, "count": 0}
2025-11-13T16:47:45.693-0800	[34mINFO[0m	node	node/main.go:151	cleaned stale hotspot entries	{"self": {"addr":"localhost:4024","id":"0x00aec32113281c44fb"}, "count": 0}
