2025-11-12T16:08:42.078-0800	[34mINFO[0m	config/config.go:297	Loaded configuration	{"logger.active": true, "logger.level": "info", "logger.encoding": "console", "logger.mode": "stdout", "logger.file.path": "", "logger.file.maxSizeMB": 0, "logger.file.maxBackups": 0, "logger.file.maxAgeDays": 0, "logger.file.compress": false, "dht.idBits": 66, "dht.mode": "private", "dht.deBruijn.degree": 8, "dht.deBruijn.fixInterval": "5s", "dht.deBruijn.fixIntervalMs": 5000, "dht.storage.fixInterval": "20s", "dht.storage.fixIntervalMs": 20000, "dht.faultTolerance.successorListSize": 8, "dht.faultTolerance.stabilizationInterval": "2s", "dht.faultTolerance.stabilizationIntervalMs": 2000, "dht.faultTolerance.failureTimeout": "1s", "dht.faultTolerance.failureTimeoutMs": 1000, "dht.bootstrap.mode": "static", "dht.bootstrap.peers": ["localhost:4000"], "dht.bootstrap.register.hostedZoneId": "", "dht.bootstrap.register.domainSuffix": "", "dht.bootstrap.register.ttl": 0, "dht.bootstrap.register.region": "", "node.id": "", "node.host": "localhost", "node.bind": "0.0.0.0", "node.port": 4016, "telemetry.tracing.enabled": false, "telemetry.tracing.exporter": "", "telemetry.tracing.endpoint": "", "cache.enabled": true, "cache.httpPort": 8096, "cache.capacityMB": 512, "cache.defaultTTL": 3600, "cache.hotspotThreshold": 10, "cache.hotspotDecayRate": 0.65}
2025-11-12T16:08:42.084-0800	[34mINFO[0m	node	node/main.go:101	New Node initializing	{"self": {"addr":"localhost:4016","id":"0x03e94e912bcf7bb769"}}
2025/11/12 16:08:42 Tracing disabled
2025-11-12T16:08:42.085-0800	[34mINFO[0m	node	node/main.go:130	initialized web cache	{"self": {"addr":"localhost:4016","id":"0x03e94e912bcf7bb769"}, "capacity_mb": 512}
2025-11-12T16:08:42.085-0800	[34mINFO[0m	node	node/main.go:137	initialized hotspot detector	{"self": {"addr":"localhost:4016","id":"0x03e94e912bcf7bb769"}, "threshold": 10, "decay_rate": 0.65}
2025-11-12T16:08:42.086-0800	[34mINFO[0m	node	node/main.go:237	resolved bootstrap peers	{"self": {"addr":"localhost:4016","id":"0x03e94e912bcf7bb769"}, "peers": ["localhost:4000"]}
2025-11-12T16:08:42.086-0800	[34mINFO[0m	node.http-server	server/http.go:70	HTTP cache server starting	{"self": {"addr":"localhost:4016","id":"0x03e94e912bcf7bb769"}, "addr": ":8096"}
2025-11-12T16:08:42.139-0800	[34mINFO[0m	node	logicnode/node.go:72	join: candidate successor found	{"self": {"addr":"localhost:4016","id":"0x03e94e912bcf7bb769"}, "bootstrap": "localhost:4000", "successor": {"addr":"localhost:4007","id":"0x00207adf4852a380ec"}}
2025-11-12T16:08:42.160-0800	[34mINFO[0m	node	logicnode/node.go:103	join: successor has predecessor	{"self": {"addr":"localhost:4016","id":"0x03e94e912bcf7bb769"}, "predecessor": {"addr":"localhost:4011","id":"0x03b6b99475a18d9035"}}
2025-11-12T16:08:42.180-0800	[33mWARN[0m	node	logicnode/operation.go:296	FindSuccessorStep: de Bruijn failed or empty, falling back to successor	{"self": {"addr":"localhost:4016","id":"0x03e94e912bcf7bb769"}, "target": "0x022e02c2420a169ed7", "nextHop": {"addr":"localhost:4007","id":"0x00207adf4852a380ec"}}
2025-11-12T16:08:42.244-0800	[34mINFO[0m	node	logicnode/node.go:135	join: completed successfully	{"self": {"addr":"localhost:4016","id":"0x03e94e912bcf7bb769"}, "self": {"addr":"localhost:4016","id":"0x03e94e912bcf7bb769"}, "successor": {"addr":"localhost:4007","id":"0x00207adf4852a380ec"}}
2025-11-12T16:08:42.246-0800	[34mINFO[0m	node	node/main.go:259	node registered successfully	{"self": {"addr":"localhost:4016","id":"0x03e94e912bcf7bb769"}}
2025-11-12T16:09:40.328-0800	[34mINFO[0m	node	logicnode/operation.go:414	Notify: predecessor updated	{"self": {"addr":"localhost:4016","id":"0x03e94e912bcf7bb769"}, "newPredecessor": {"addr":"localhost:4045","id":"0x03bfc734f9f8628799"}, "oldPredecessor": {"addr":"localhost:4011","id":"0x03b6b99475a18d9035"}}
2025-11-12T16:09:48.366-0800	[34mINFO[0m	node	logicnode/operation.go:414	Notify: predecessor updated	{"self": {"addr":"localhost:4016","id":"0x03e94e912bcf7bb769"}, "newPredecessor": {"addr":"localhost:4049","id":"0x03e5eaf879034415ba"}, "oldPredecessor": {"addr":"localhost:4045","id":"0x03bfc734f9f8628799"}}
2025-11-12T17:08:42.086-0800	[34mINFO[0m	node	node/main.go:148	cleaned expired cache entries	{"self": {"addr":"localhost:4016","id":"0x03e94e912bcf7bb769"}, "count": 0}
2025-11-12T17:08:42.087-0800	[34mINFO[0m	node	node/main.go:151	cleaned stale hotspot entries	{"self": {"addr":"localhost:4016","id":"0x03e94e912bcf7bb769"}, "count": 0}
2025-11-12T20:44:06.800-0800	[34mINFO[0m	node	node/main.go:148	cleaned expired cache entries	{"self": {"addr":"localhost:4016","id":"0x03e94e912bcf7bb769"}, "count": 0}
2025-11-12T20:44:06.801-0800	[34mINFO[0m	node	node/main.go:151	cleaned stale hotspot entries	{"self": {"addr":"localhost:4016","id":"0x03e94e912bcf7bb769"}, "count": 0}
2025-11-12T21:44:06.800-0800	[34mINFO[0m	node	node/main.go:148	cleaned expired cache entries	{"self": {"addr":"localhost:4016","id":"0x03e94e912bcf7bb769"}, "count": 0}
2025-11-12T21:44:06.801-0800	[34mINFO[0m	node	node/main.go:151	cleaned stale hotspot entries	{"self": {"addr":"localhost:4016","id":"0x03e94e912bcf7bb769"}, "count": 0}
2025-11-12T22:44:06.800-0800	[34mINFO[0m	node	node/main.go:148	cleaned expired cache entries	{"self": {"addr":"localhost:4016","id":"0x03e94e912bcf7bb769"}, "count": 0}
2025-11-12T22:44:06.802-0800	[34mINFO[0m	node	node/main.go:151	cleaned stale hotspot entries	{"self": {"addr":"localhost:4016","id":"0x03e94e912bcf7bb769"}, "count": 0}
2025-11-12T23:44:06.800-0800	[34mINFO[0m	node	node/main.go:148	cleaned expired cache entries	{"self": {"addr":"localhost:4016","id":"0x03e94e912bcf7bb769"}, "count": 0}
2025-11-12T23:44:06.801-0800	[34mINFO[0m	node	node/main.go:151	cleaned stale hotspot entries	{"self": {"addr":"localhost:4016","id":"0x03e94e912bcf7bb769"}, "count": 0}
2025-11-12T23:56:47.271-0800	[31mERROR[0m	node	logicnode/operation.go:286	FindSuccessorStep: lookup interrupted by timeout/cancel	{"self": {"addr":"localhost:4016","id":"0x03e94e912bcf7bb769"}, "tryIdx": 5, "addr": "localhost:4044", "err": null}
KoordeDHT/internal/node/logicnode.(*Node).FindSuccessorStep
	/mnt/d/CS6650/KoordeDHT-web-cache/internal/node/logicnode/operation.go:286
KoordeDHT/internal/node/server.(*dhtService).FindSuccessor
	/mnt/d/CS6650/KoordeDHT-web-cache/internal/node/server/dht_service.go:115
KoordeDHT/internal/api/dht/v1._DHT_FindSuccessor_Handler
	/mnt/d/CS6650/KoordeDHT-web-cache/internal/api/dht/v1/node_grpc.pb.go:255
google.golang.org/grpc.(*Server).processUnaryRPC
	/home/yuzheng/go/pkg/mod/google.golang.org/grpc@v1.75.1/server.go:1431
google.golang.org/grpc.(*Server).handleStream
	/home/yuzheng/go/pkg/mod/google.golang.org/grpc@v1.75.1/server.go:1842
google.golang.org/grpc.(*Server).serveStreams.func2.1
	/home/yuzheng/go/pkg/mod/google.golang.org/grpc@v1.75.1/server.go:1061
2025-11-13T03:15:17.006-0800	[31mERROR[0m	node	logicnode/operation.go:286	FindSuccessorStep: lookup interrupted by timeout/cancel	{"self": {"addr":"localhost:4016","id":"0x03e94e912bcf7bb769"}, "tryIdx": 3, "addr": "localhost:4041", "err": null}
KoordeDHT/internal/node/logicnode.(*Node).FindSuccessorStep
	/mnt/d/CS6650/KoordeDHT-web-cache/internal/node/logicnode/operation.go:286
KoordeDHT/internal/node/server.(*dhtService).FindSuccessor
	/mnt/d/CS6650/KoordeDHT-web-cache/internal/node/server/dht_service.go:115
KoordeDHT/internal/api/dht/v1._DHT_FindSuccessor_Handler
	/mnt/d/CS6650/KoordeDHT-web-cache/internal/api/dht/v1/node_grpc.pb.go:255
google.golang.org/grpc.(*Server).processUnaryRPC
	/home/yuzheng/go/pkg/mod/google.golang.org/grpc@v1.75.1/server.go:1431
google.golang.org/grpc.(*Server).handleStream
	/home/yuzheng/go/pkg/mod/google.golang.org/grpc@v1.75.1/server.go:1842
google.golang.org/grpc.(*Server).serveStreams.func2.1
	/home/yuzheng/go/pkg/mod/google.golang.org/grpc@v1.75.1/server.go:1061
2025-11-13T03:15:17.032-0800	[31mERROR[0m	node	logicnode/operation.go:286	FindSuccessorStep: lookup interrupted by timeout/cancel	{"self": {"addr":"localhost:4016","id":"0x03e94e912bcf7bb769"}, "tryIdx": 4, "addr": "localhost:4014", "err": null}
KoordeDHT/internal/node/logicnode.(*Node).FindSuccessorStep
	/mnt/d/CS6650/KoordeDHT-web-cache/internal/node/logicnode/operation.go:286
KoordeDHT/internal/node/logicnode.(*Node).FindSuccessorInit
	/mnt/d/CS6650/KoordeDHT-web-cache/internal/node/logicnode/operation.go:185
KoordeDHT/internal/node/logicnode.(*Node).fixDeBruijn
	/mnt/d/CS6650/KoordeDHT-web-cache/internal/node/logicnode/worker.go:456
KoordeDHT/internal/node/logicnode.(*Node).StartStabilizers.func2
	/mnt/d/CS6650/KoordeDHT-web-cache/internal/node/logicnode/worker.go:49
2025-11-13T03:15:17.055-0800	[33mWARN[0m	node	logicnode/worker.go:459	fixDeBruijn: could not find successor	{"self": {"addr":"localhost:4016","id":"0x03e94e912bcf7bb769"}, "target": "0x030b93f9a657efb24d", "err": "context deadline exceeded"}
2025-11-13T03:15:17.984-0800	[33mWARN[0m	node	logicnode/worker.go:185	stabilize: could not get predecessor from successor	{"self": {"addr":"localhost:4016","id":"0x03e94e912bcf7bb769"}, "succ": {"addr":"localhost:4023","id":"0x03f247490b64e4d93b"}, "err": "client: remote node has no predecessor"}
2025-11-13T03:15:18.004-0800	[33mWARN[0m	node	logicnode/worker.go:194	stabilize: successor unresponsive, attempting promotion	{"self": {"addr":"localhost:4016","id":"0x03e94e912bcf7bb769"}, "old_successor": {"addr":"localhost:4023","id":"0x03f247490b64e4d93b"}}
2025-11-13T09:10:22.128-0800	[34mINFO[0m	node	node/main.go:148	cleaned expired cache entries	{"self": {"addr":"localhost:4016","id":"0x03e94e912bcf7bb769"}, "count": 0}
2025-11-13T09:10:22.129-0800	[34mINFO[0m	node	node/main.go:151	cleaned stale hotspot entries	{"self": {"addr":"localhost:4016","id":"0x03e94e912bcf7bb769"}, "count": 0}
2025-11-13T10:10:22.128-0800	[34mINFO[0m	node	node/main.go:148	cleaned expired cache entries	{"self": {"addr":"localhost:4016","id":"0x03e94e912bcf7bb769"}, "count": 0}
2025-11-13T10:10:22.128-0800	[34mINFO[0m	node	node/main.go:151	cleaned stale hotspot entries	{"self": {"addr":"localhost:4016","id":"0x03e94e912bcf7bb769"}, "count": 0}
2025-11-13T11:10:22.128-0800	[34mINFO[0m	node	node/main.go:148	cleaned expired cache entries	{"self": {"addr":"localhost:4016","id":"0x03e94e912bcf7bb769"}, "count": 0}
2025-11-13T11:10:22.129-0800	[34mINFO[0m	node	node/main.go:151	cleaned stale hotspot entries	{"self": {"addr":"localhost:4016","id":"0x03e94e912bcf7bb769"}, "count": 0}
2025-11-13T13:43:00.116-0800	[34mINFO[0m	node	node/main.go:148	cleaned expired cache entries	{"self": {"addr":"localhost:4016","id":"0x03e94e912bcf7bb769"}, "count": 0}
2025-11-13T13:43:00.117-0800	[34mINFO[0m	node	node/main.go:151	cleaned stale hotspot entries	{"self": {"addr":"localhost:4016","id":"0x03e94e912bcf7bb769"}, "count": 0}
2025-11-13T14:44:01.552-0800	[34mINFO[0m	node	node/main.go:148	cleaned expired cache entries	{"self": {"addr":"localhost:4016","id":"0x03e94e912bcf7bb769"}, "count": 0}
2025-11-13T14:44:01.553-0800	[34mINFO[0m	node	node/main.go:151	cleaned stale hotspot entries	{"self": {"addr":"localhost:4016","id":"0x03e94e912bcf7bb769"}, "count": 0}
2025-11-13T15:44:01.552-0800	[34mINFO[0m	node	node/main.go:148	cleaned expired cache entries	{"self": {"addr":"localhost:4016","id":"0x03e94e912bcf7bb769"}, "count": 0}
2025-11-13T15:44:01.553-0800	[34mINFO[0m	node	node/main.go:151	cleaned stale hotspot entries	{"self": {"addr":"localhost:4016","id":"0x03e94e912bcf7bb769"}, "count": 0}
2025-11-13T16:47:29.652-0800	[34mINFO[0m	node	node/main.go:148	cleaned expired cache entries	{"self": {"addr":"localhost:4016","id":"0x03e94e912bcf7bb769"}, "count": 0}
2025-11-13T16:47:29.653-0800	[34mINFO[0m	node	node/main.go:151	cleaned stale hotspot entries	{"self": {"addr":"localhost:4016","id":"0x03e94e912bcf7bb769"}, "count": 0}
