2025-11-24T20:14:44.414-0800	[34mINFO[0m	config/config.go:302	Loaded configuration	{"logger.active": true, "logger.level": "info", "logger.encoding": "console", "logger.mode": "stdout", "logger.file.path": "", "logger.file.maxSizeMB": 0, "logger.file.maxBackups": 0, "logger.file.maxAgeDays": 0, "logger.file.compress": false, "dht.idBits": 66, "dht.mode": "private", "dht.deBruijn.degree": 2, "dht.deBruijn.fixInterval": "3s", "dht.deBruijn.fixIntervalMs": 3000, "dht.storage.fixInterval": "20s", "dht.storage.fixIntervalMs": 20000, "dht.faultTolerance.successorListSize": 8, "dht.faultTolerance.stabilizationInterval": "2s", "dht.faultTolerance.stabilizationIntervalMs": 2000, "dht.faultTolerance.failureTimeout": "1s", "dht.faultTolerance.failureTimeoutMs": 1000, "dht.bootstrap.mode": "static", "dht.bootstrap.peers": ["localhost:4000"], "dht.bootstrap.register.hostedZoneId": "", "dht.bootstrap.register.domainSuffix": "", "dht.bootstrap.register.ttl": 0, "dht.bootstrap.register.region": "", "node.id": "", "node.host": "localhost", "node.bind": "0.0.0.0", "node.port": 4007, "telemetry.tracing.enabled": false, "telemetry.tracing.exporter": "", "telemetry.tracing.endpoint": "", "cache.enabled": true, "cache.httpPort": 8087, "cache.capacityMB": 256, "cache.defaultTTL": 3600, "cache.hotspotThreshold": 10, "cache.hotspotDecayRate": 0.65}
2025-11-24T20:14:44.459-0800	[34mINFO[0m	node	node/main.go:103	New Node initializing	{"self": {"addr":"localhost:4007","id":"0x00207adf4852a380ec"}}
2025-11-24T20:14:44.460-0800	[34mINFO[0m	node	node/main.go:124	initialized web cache	{"self": {"addr":"localhost:4007","id":"0x00207adf4852a380ec"}, "capacity_mb": 256}
2025-11-24T20:14:44.460-0800	[34mINFO[0m	node	node/main.go:131	initialized hotspot detector	{"self": {"addr":"localhost:4007","id":"0x00207adf4852a380ec"}, "threshold": 10, "decay_rate": 0.65}
2025-11-24T20:14:44.461-0800	[34mINFO[0m	node	node/main.go:185	Initialized Koorde node	{"self": {"addr":"localhost:4007","id":"0x00207adf4852a380ec"}}
2025-11-24T20:14:44.461-0800	[34mINFO[0m	node	node/main.go:261	resolved bootstrap peers	{"self": {"addr":"localhost:4007","id":"0x00207adf4852a380ec"}, "peers": ["localhost:4000"]}
2025-11-24T20:14:44.461-0800	[34mINFO[0m	node.http-server	server/http.go:93	HTTP cache server starting	{"self": {"addr":"localhost:4007","id":"0x00207adf4852a380ec"}, "addr": ":8087"}
2025-11-24T20:14:44.482-0800	[34mINFO[0m	node	logicnode/node.go:74	join: candidate successor found	{"self": {"addr":"localhost:4007","id":"0x00207adf4852a380ec"}, "bootstrap": "localhost:4000", "successor": {"addr":"localhost:4004","id":"0x003ce6a18a52608073"}}
2025-11-24T20:14:44.485-0800	[34mINFO[0m	node	logicnode/node.go:105	join: successor has predecessor	{"self": {"addr":"localhost:4007","id":"0x00207adf4852a380ec"}, "predecessor": {"addr":"localhost:4006","id":"0x01943b269be0206d7d"}}
2025-11-24T20:14:44.491-0800	[33mWARN[0m	node	logicnode/operation.go:406	FindSuccessorStep: de Bruijn failed or empty, falling back to successor	{"self": {"addr":"localhost:4007","id":"0x00207adf4852a380ec"}, "target": "0x03964b13e5fa9c572e", "nextHop": {"addr":"localhost:4004","id":"0x003ce6a18a52608073"}}
2025-11-24T20:14:44.492-0800	[34mINFO[0m	node	logicnode/node.go:138	join: completed successfully	{"self": {"addr":"localhost:4007","id":"0x00207adf4852a380ec"}, "self": {"addr":"localhost:4007","id":"0x00207adf4852a380ec"}, "successor": {"addr":"localhost:4004","id":"0x003ce6a18a52608073"}}
2025-11-24T20:14:44.493-0800	[34mINFO[0m	node	node/main.go:283	node registered successfully	{"self": {"addr":"localhost:4007","id":"0x00207adf4852a380ec"}}
2025-11-24T20:14:45.794-0800	[34mINFO[0m	node	logicnode/operation.go:541	Notify: predecessor updated	{"self": {"addr":"localhost:4007","id":"0x00207adf4852a380ec"}, "newPredecessor": {"addr":"localhost:4011","id":"0x03b6b99475a18d9035"}, "oldPredecessor": {"addr":"localhost:4006","id":"0x01943b269be0206d7d"}}
2025-11-24T20:15:02.449-0800	[34mINFO[0m	node.http-server	server/http.go:173	DHT lookup complete	{"self": {"addr":"localhost:4007","id":"0x00207adf4852a380ec"}, "url": "https://httpbin.org/status/202", "hash": "0x02120134cbb313972e", "responsible": {"addr":"localhost:4010","id":"0x0229fa4890cda12a6b"}, "lookup_latency_ms": 12}
2025-11-24T20:15:02.450-0800	[34mINFO[0m	node.http-server	server/http.go:349	Forwarding to responsible node	{"self": {"addr":"localhost:4007","id":"0x00207adf4852a380ec"}, "url": "https://httpbin.org/status/202", "hash": "0x02120134cbb313972e", "responsible_from_lookup": {"addr":"localhost:4010","id":"0x0229fa4890cda12a6b"}, "forward_target": {"addr":"localhost:4010","id":"0x0229fa4890cda12a6b"}}
2025-11-24T20:15:02.463-0800	[34mINFO[0m	node.http-server	server/http.go:400	I am responsible, fetching from origin	{"self": {"addr":"localhost:4007","id":"0x00207adf4852a380ec"}, "url": "https://httpbin.org/status/200"}
2025-11-24T20:15:02.473-0800	[34mINFO[0m	node.http-server	server/http.go:400	I am responsible, fetching from origin	{"self": {"addr":"localhost:4007","id":"0x00207adf4852a380ec"}, "url": "https://httpbin.org/status/200"}
2025-11-24T20:15:02.509-0800	[34mINFO[0m	node.http-server	server/http.go:400	I am responsible, fetching from origin	{"self": {"addr":"localhost:4007","id":"0x00207adf4852a380ec"}, "url": "https://httpbin.org/html"}
2025-11-24T20:15:02.545-0800	[34mINFO[0m	node.http-server	server/http.go:400	I am responsible, fetching from origin	{"self": {"addr":"localhost:4007","id":"0x00207adf4852a380ec"}, "url": "https://httpbin.org/status/200"}
2025-11-24T20:15:02.563-0800	[34mINFO[0m	node.http-server	server/http.go:400	I am responsible, fetching from origin	{"self": {"addr":"localhost:4007","id":"0x00207adf4852a380ec"}, "url": "https://httpbin.org/bytes/2048"}
2025-11-24T20:15:02.681-0800	[34mINFO[0m	node.http-server	server/http.go:400	I am responsible, fetching from origin	{"self": {"addr":"localhost:4007","id":"0x00207adf4852a380ec"}, "url": "https://httpbin.org/html"}
2025-11-24T20:15:02.787-0800	[34mINFO[0m	node.http-server	server/http.go:400	I am responsible, fetching from origin	{"self": {"addr":"localhost:4007","id":"0x00207adf4852a380ec"}, "url": "https://httpbin.org/html"}
2025-11-24T20:15:02.814-0800	[34mINFO[0m	node.http-server	server/http.go:400	I am responsible, fetching from origin	{"self": {"addr":"localhost:4007","id":"0x00207adf4852a380ec"}, "url": "https://httpbin.org/html"}
2025-11-24T20:15:02.822-0800	[34mINFO[0m	node.http-server	server/http.go:617	Request proxied successfully	{"self": {"addr":"localhost:4007","id":"0x00207adf4852a380ec"}, "url": "https://httpbin.org/status/202", "target_node": "localhost:4010", "total_latency_ms": 385, "size_bytes": 0}
2025-11-24T20:15:02.835-0800	[34mINFO[0m	node.http-server	server/http.go:400	I am responsible, fetching from origin	{"self": {"addr":"localhost:4007","id":"0x00207adf4852a380ec"}, "url": "https://httpbin.org/status/200"}
2025-11-24T20:15:02.845-0800	[34mINFO[0m	node.http-server	server/http.go:660	Origin fetch successful	{"self": {"addr":"localhost:4007","id":"0x00207adf4852a380ec"}, "url": "https://httpbin.org/status/200", "size_bytes": 0, "content_type": "text/html; charset=utf-8", "status_code": 200}
2025-11-24T20:15:02.845-0800	[34mINFO[0m	node.http-server	server/http.go:660	Origin fetch successful	{"self": {"addr":"localhost:4007","id":"0x00207adf4852a380ec"}, "url": "https://httpbin.org/bytes/2048", "size_bytes": 2048, "content_type": "application/octet-stream", "status_code": 200}
2025-11-24T20:15:02.846-0800	[34mINFO[0m	node.http-server	server/http.go:420	Content cached successfully	{"self": {"addr":"localhost:4007","id":"0x00207adf4852a380ec"}, "url": "https://httpbin.org/bytes/2048", "size_bytes": 2048}
2025-11-24T20:15:02.845-0800	[34mINFO[0m	node.http-server	server/http.go:420	Content cached successfully	{"self": {"addr":"localhost:4007","id":"0x00207adf4852a380ec"}, "url": "https://httpbin.org/status/200", "size_bytes": 0}
2025-11-24T20:15:02.846-0800	[34mINFO[0m	node.http-server	server/http.go:433	Request completed	{"self": {"addr":"localhost:4007","id":"0x00207adf4852a380ec"}, "url": "https://httpbin.org/bytes/2048", "total_latency_ms": 283, "content_size": 2048}
2025-11-24T20:15:02.846-0800	[34mINFO[0m	node.http-server	server/http.go:433	Request completed	{"self": {"addr":"localhost:4007","id":"0x00207adf4852a380ec"}, "url": "https://httpbin.org/status/200", "total_latency_ms": 301, "content_size": 0}
2025-11-24T20:15:02.855-0800	[34mINFO[0m	node.http-server	server/http.go:400	I am responsible, fetching from origin	{"self": {"addr":"localhost:4007","id":"0x00207adf4852a380ec"}, "url": "https://httpbin.org/html"}
2025-11-24T20:15:02.908-0800	[34mINFO[0m	node.http-server	server/http.go:400	I am responsible, fetching from origin	{"self": {"addr":"localhost:4007","id":"0x00207adf4852a380ec"}, "url": "https://httpbin.org/html"}
2025-11-24T20:15:02.909-0800	[34mINFO[0m	node.http-server	server/http.go:660	Origin fetch successful	{"self": {"addr":"localhost:4007","id":"0x00207adf4852a380ec"}, "url": "https://httpbin.org/html", "size_bytes": 3741, "content_type": "text/html; charset=utf-8", "status_code": 200}
2025-11-24T20:15:02.909-0800	[34mINFO[0m	node.http-server	server/http.go:420	Content cached successfully	{"self": {"addr":"localhost:4007","id":"0x00207adf4852a380ec"}, "url": "https://httpbin.org/html", "size_bytes": 3741}
2025-11-24T20:15:02.909-0800	[34mINFO[0m	node.http-server	server/http.go:660	Origin fetch successful	{"self": {"addr":"localhost:4007","id":"0x00207adf4852a380ec"}, "url": "https://httpbin.org/html", "size_bytes": 3741, "content_type": "text/html; charset=utf-8", "status_code": 200}
2025-11-24T20:15:02.909-0800	[34mINFO[0m	node.http-server	server/http.go:433	Request completed	{"self": {"addr":"localhost:4007","id":"0x00207adf4852a380ec"}, "url": "https://httpbin.org/html", "total_latency_ms": 121, "content_size": 3741}
2025-11-24T20:15:02.910-0800	[34mINFO[0m	node.http-server	server/http.go:420	Content cached successfully	{"self": {"addr":"localhost:4007","id":"0x00207adf4852a380ec"}, "url": "https://httpbin.org/html", "size_bytes": 3741}
2025-11-24T20:15:02.910-0800	[34mINFO[0m	node.http-server	server/http.go:433	Request completed	{"self": {"addr":"localhost:4007","id":"0x00207adf4852a380ec"}, "url": "https://httpbin.org/html", "total_latency_ms": 401, "content_size": 3741}
2025-11-24T20:15:02.935-0800	[34mINFO[0m	node.http-server	server/http.go:660	Origin fetch successful	{"self": {"addr":"localhost:4007","id":"0x00207adf4852a380ec"}, "url": "https://httpbin.org/status/200", "size_bytes": 0, "content_type": "text/html; charset=utf-8", "status_code": 200}
2025-11-24T20:15:02.935-0800	[34mINFO[0m	node.http-server	server/http.go:420	Content cached successfully	{"self": {"addr":"localhost:4007","id":"0x00207adf4852a380ec"}, "url": "https://httpbin.org/status/200", "size_bytes": 0}
2025-11-24T20:15:02.935-0800	[34mINFO[0m	node.http-server	server/http.go:433	Request completed	{"self": {"addr":"localhost:4007","id":"0x00207adf4852a380ec"}, "url": "https://httpbin.org/status/200", "total_latency_ms": 461, "content_size": 0}
2025-11-24T20:15:02.976-0800	[34mINFO[0m	node.http-server	server/http.go:660	Origin fetch successful	{"self": {"addr":"localhost:4007","id":"0x00207adf4852a380ec"}, "url": "https://httpbin.org/html", "size_bytes": 3741, "content_type": "text/html; charset=utf-8", "status_code": 200}
2025-11-24T20:15:02.976-0800	[34mINFO[0m	node.http-server	server/http.go:420	Content cached successfully	{"self": {"addr":"localhost:4007","id":"0x00207adf4852a380ec"}, "url": "https://httpbin.org/html", "size_bytes": 3741}
2025-11-24T20:15:02.977-0800	[34mINFO[0m	node.http-server	server/http.go:433	Request completed	{"self": {"addr":"localhost:4007","id":"0x00207adf4852a380ec"}, "url": "https://httpbin.org/html", "total_latency_ms": 69, "content_size": 3741}
2025-11-24T20:15:02.989-0800	[34mINFO[0m	node.http-server	server/http.go:660	Origin fetch successful	{"self": {"addr":"localhost:4007","id":"0x00207adf4852a380ec"}, "url": "https://httpbin.org/html", "size_bytes": 3741, "content_type": "text/html; charset=utf-8", "status_code": 200}
2025-11-24T20:15:02.989-0800	[34mINFO[0m	node.http-server	server/http.go:420	Content cached successfully	{"self": {"addr":"localhost:4007","id":"0x00207adf4852a380ec"}, "url": "https://httpbin.org/html", "size_bytes": 3741}
2025-11-24T20:15:02.990-0800	[34mINFO[0m	node.http-server	server/http.go:433	Request completed	{"self": {"addr":"localhost:4007","id":"0x00207adf4852a380ec"}, "url": "https://httpbin.org/html", "total_latency_ms": 309, "content_size": 3741}
2025-11-24T20:15:03.282-0800	[34mINFO[0m	node.http-server	server/http.go:400	I am responsible, fetching from origin	{"self": {"addr":"localhost:4007","id":"0x00207adf4852a380ec"}, "url": "https://httpbin.org/base64/SFRUUEJJTiBpcyBhd2Vzb21l"}
2025-11-24T20:15:03.285-0800	[31mERROR[0m	node.http-server	server/http.go:405	Origin fetch failed	{"self": {"addr":"localhost:4007","id":"0x00207adf4852a380ec"}, "url": "https://httpbin.org/status/200", "err": "origin returned status 502"}
KoordeDHT/internal/node/server.(*HTTPCacheServer).handleCacheRequest
	D:/CS6650/KoordeDHT-web-cache/internal/node/server/http.go:405
net/http.HandlerFunc.ServeHTTP
	C:/Program Files/Go/src/net/http/server.go:2322
net/http.(*ServeMux).ServeHTTP
	C:/Program Files/Go/src/net/http/server.go:2861
net/http.serverHandler.ServeHTTP
	C:/Program Files/Go/src/net/http/server.go:3340
net/http.(*conn).serve
	C:/Program Files/Go/src/net/http/server.go:2109
2025-11-24T20:15:03.303-0800	[34mINFO[0m	node.http-server	server/http.go:173	DHT lookup complete	{"self": {"addr":"localhost:4007","id":"0x00207adf4852a380ec"}, "url": "https://httpbin.org/status/202", "hash": "0x02120134cbb313972e", "responsible": {"addr":"localhost:4010","id":"0x0229fa4890cda12a6b"}, "lookup_latency_ms": 13}
2025-11-24T20:15:03.303-0800	[34mINFO[0m	node.http-server	server/http.go:215	Cache HIT (near)	{"self": {"addr":"localhost:4007","id":"0x00207adf4852a380ec"}, "url": "https://httpbin.org/status/202", "size_bytes": 0, "latency_ms": 13}
2025-11-24T20:15:03.325-0800	[34mINFO[0m	node.http-server	server/http.go:660	Origin fetch successful	{"self": {"addr":"localhost:4007","id":"0x00207adf4852a380ec"}, "url": "https://httpbin.org/status/200", "size_bytes": 0, "content_type": "text/html; charset=utf-8", "status_code": 200}
2025-11-24T20:15:03.325-0800	[34mINFO[0m	node.http-server	server/http.go:420	Content cached successfully	{"self": {"addr":"localhost:4007","id":"0x00207adf4852a380ec"}, "url": "https://httpbin.org/status/200", "size_bytes": 0}
2025-11-24T20:15:03.326-0800	[34mINFO[0m	node.http-server	server/http.go:433	Request completed	{"self": {"addr":"localhost:4007","id":"0x00207adf4852a380ec"}, "url": "https://httpbin.org/status/200", "total_latency_ms": 490, "content_size": 0}
2025-11-24T20:15:03.348-0800	[34mINFO[0m	node.http-server	server/http.go:400	I am responsible, fetching from origin	{"self": {"addr":"localhost:4007","id":"0x00207adf4852a380ec"}, "url": "https://httpbin.org/base64/SFRUUEJJTiBpcyBhd2Vzb21l"}
2025-11-24T20:15:03.395-0800	[34mINFO[0m	node.http-server	server/http.go:173	DHT lookup complete	{"self": {"addr":"localhost:4007","id":"0x00207adf4852a380ec"}, "url": "https://httpbin.org/status/202", "hash": "0x02120134cbb313972e", "responsible": {"addr":"localhost:4010","id":"0x0229fa4890cda12a6b"}, "lookup_latency_ms": 12}
2025-11-24T20:15:03.395-0800	[34mINFO[0m	node.http-server	server/http.go:215	Cache HIT (near)	{"self": {"addr":"localhost:4007","id":"0x00207adf4852a380ec"}, "url": "https://httpbin.org/status/202", "size_bytes": 0, "latency_ms": 13}
2025-11-24T20:15:03.563-0800	[34mINFO[0m	node.http-server	server/http.go:660	Origin fetch successful	{"self": {"addr":"localhost:4007","id":"0x00207adf4852a380ec"}, "url": "https://httpbin.org/html", "size_bytes": 3741, "content_type": "text/html; charset=utf-8", "status_code": 200}
2025-11-24T20:15:03.577-0800	[34mINFO[0m	node.http-server	server/http.go:420	Content cached successfully	{"self": {"addr":"localhost:4007","id":"0x00207adf4852a380ec"}, "url": "https://httpbin.org/html", "size_bytes": 3741}
2025-11-24T20:15:03.590-0800	[34mINFO[0m	node.http-server	server/http.go:433	Request completed	{"self": {"addr":"localhost:4007","id":"0x00207adf4852a380ec"}, "url": "https://httpbin.org/html", "total_latency_ms": 735, "content_size": 3741}
2025-11-24T20:15:03.575-0800	[34mINFO[0m	node.http-server	server/http.go:400	I am responsible, fetching from origin	{"self": {"addr":"localhost:4007","id":"0x00207adf4852a380ec"}, "url": "https://httpbin.org/base64/SFRUUEJJTiBpcyBhd2Vzb21l"}
2025-11-24T20:15:03.654-0800	[34mINFO[0m	node.http-server	server/http.go:400	I am responsible, fetching from origin	{"self": {"addr":"localhost:4007","id":"0x00207adf4852a380ec"}, "url": "https://httpbin.org/base64/SFRUUEJJTiBpcyBhd2Vzb21l"}
2025-11-24T20:15:03.714-0800	[34mINFO[0m	node.http-server	server/http.go:173	DHT lookup complete	{"self": {"addr":"localhost:4007","id":"0x00207adf4852a380ec"}, "url": "https://httpbin.org/status/202", "hash": "0x02120134cbb313972e", "responsible": {"addr":"localhost:4010","id":"0x0229fa4890cda12a6b"}, "lookup_latency_ms": 11}
2025-11-24T20:15:03.714-0800	[34mINFO[0m	node.http-server	server/http.go:215	Cache HIT (near)	{"self": {"addr":"localhost:4007","id":"0x00207adf4852a380ec"}, "url": "https://httpbin.org/status/202", "size_bytes": 0, "latency_ms": 11}
2025-11-24T20:15:03.737-0800	[34mINFO[0m	node.http-server	server/http.go:660	Origin fetch successful	{"self": {"addr":"localhost:4007","id":"0x00207adf4852a380ec"}, "url": "https://httpbin.org/base64/SFRUUEJJTiBpcyBhd2Vzb21l", "size_bytes": 18, "content_type": "text/html; charset=utf-8", "status_code": 200}
2025-11-24T20:15:03.737-0800	[34mINFO[0m	node.http-server	server/http.go:420	Content cached successfully	{"self": {"addr":"localhost:4007","id":"0x00207adf4852a380ec"}, "url": "https://httpbin.org/base64/SFRUUEJJTiBpcyBhd2Vzb21l", "size_bytes": 18}
2025-11-24T20:15:03.738-0800	[34mINFO[0m	node.http-server	server/http.go:433	Request completed	{"self": {"addr":"localhost:4007","id":"0x00207adf4852a380ec"}, "url": "https://httpbin.org/base64/SFRUUEJJTiBpcyBhd2Vzb21l", "total_latency_ms": 84, "content_size": 18}
2025-11-24T20:15:03.758-0800	[34mINFO[0m	node.http-server	server/http.go:660	Origin fetch successful	{"self": {"addr":"localhost:4007","id":"0x00207adf4852a380ec"}, "url": "https://httpbin.org/base64/SFRUUEJJTiBpcyBhd2Vzb21l", "size_bytes": 18, "content_type": "text/html; charset=utf-8", "status_code": 200}
2025-11-24T20:15:03.758-0800	[34mINFO[0m	node.http-server	server/http.go:420	Content cached successfully	{"self": {"addr":"localhost:4007","id":"0x00207adf4852a380ec"}, "url": "https://httpbin.org/base64/SFRUUEJJTiBpcyBhd2Vzb21l", "size_bytes": 18}
2025-11-24T20:15:03.759-0800	[34mINFO[0m	node.http-server	server/http.go:433	Request completed	{"self": {"addr":"localhost:4007","id":"0x00207adf4852a380ec"}, "url": "https://httpbin.org/base64/SFRUUEJJTiBpcyBhd2Vzb21l", "total_latency_ms": 184, "content_size": 18}
2025-11-24T20:15:03.843-0800	[34mINFO[0m	node.http-server	server/http.go:173	DHT lookup complete	{"self": {"addr":"localhost:4007","id":"0x00207adf4852a380ec"}, "url": "https://httpbin.org/status/202", "hash": "0x02120134cbb313972e", "responsible": {"addr":"localhost:4010","id":"0x0229fa4890cda12a6b"}, "lookup_latency_ms": 8}
2025-11-24T20:15:03.844-0800	[34mINFO[0m	node.http-server	server/http.go:215	Cache HIT (near)	{"self": {"addr":"localhost:4007","id":"0x00207adf4852a380ec"}, "url": "https://httpbin.org/status/202", "size_bytes": 0, "latency_ms": 8}
2025-11-24T20:15:04.011-0800	[34mINFO[0m	node.http-server	server/http.go:660	Origin fetch successful	{"self": {"addr":"localhost:4007","id":"0x00207adf4852a380ec"}, "url": "https://httpbin.org/base64/SFRUUEJJTiBpcyBhd2Vzb21l", "size_bytes": 18, "content_type": "text/html; charset=utf-8", "status_code": 200}
2025-11-24T20:15:04.012-0800	[34mINFO[0m	node.http-server	server/http.go:420	Content cached successfully	{"self": {"addr":"localhost:4007","id":"0x00207adf4852a380ec"}, "url": "https://httpbin.org/base64/SFRUUEJJTiBpcyBhd2Vzb21l", "size_bytes": 18}
2025-11-24T20:15:04.012-0800	[34mINFO[0m	node.http-server	server/http.go:433	Request completed	{"self": {"addr":"localhost:4007","id":"0x00207adf4852a380ec"}, "url": "https://httpbin.org/base64/SFRUUEJJTiBpcyBhd2Vzb21l", "total_latency_ms": 729, "content_size": 18}
2025-11-24T20:15:04.058-0800	[34mINFO[0m	node.http-server	server/http.go:173	DHT lookup complete	{"self": {"addr":"localhost:4007","id":"0x00207adf4852a380ec"}, "url": "https://httpbin.org/status/202", "hash": "0x02120134cbb313972e", "responsible": {"addr":"localhost:4010","id":"0x0229fa4890cda12a6b"}, "lookup_latency_ms": 8}
2025-11-24T20:15:04.058-0800	[34mINFO[0m	node.http-server	server/http.go:215	Cache HIT (near)	{"self": {"addr":"localhost:4007","id":"0x00207adf4852a380ec"}, "url": "https://httpbin.org/status/202", "size_bytes": 0, "latency_ms": 9}
2025-11-24T20:15:04.568-0800	[34mINFO[0m	node.http-server	server/http.go:660	Origin fetch successful	{"self": {"addr":"localhost:4007","id":"0x00207adf4852a380ec"}, "url": "https://httpbin.org/base64/SFRUUEJJTiBpcyBhd2Vzb21l", "size_bytes": 18, "content_type": "text/html; charset=utf-8", "status_code": 200}
2025-11-24T20:15:04.570-0800	[34mINFO[0m	node.http-server	server/http.go:420	Content cached successfully	{"self": {"addr":"localhost:4007","id":"0x00207adf4852a380ec"}, "url": "https://httpbin.org/base64/SFRUUEJJTiBpcyBhd2Vzb21l", "size_bytes": 18}
2025-11-24T20:15:04.570-0800	[34mINFO[0m	node.http-server	server/http.go:433	Request completed	{"self": {"addr":"localhost:4007","id":"0x00207adf4852a380ec"}, "url": "https://httpbin.org/base64/SFRUUEJJTiBpcyBhd2Vzb21l", "total_latency_ms": 1222, "content_size": 18}
2025-11-24T20:15:07.031-0800	[34mINFO[0m	node.http-server	server/http.go:660	Origin fetch successful	{"self": {"addr":"localhost:4007","id":"0x00207adf4852a380ec"}, "url": "https://httpbin.org/html", "size_bytes": 3741, "content_type": "text/html; charset=utf-8", "status_code": 200}
2025-11-24T20:15:07.031-0800	[34mINFO[0m	node.http-server	server/http.go:420	Content cached successfully	{"self": {"addr":"localhost:4007","id":"0x00207adf4852a380ec"}, "url": "https://httpbin.org/html", "size_bytes": 3741}
2025-11-24T20:15:07.032-0800	[34mINFO[0m	node.http-server	server/http.go:433	Request completed	{"self": {"addr":"localhost:4007","id":"0x00207adf4852a380ec"}, "url": "https://httpbin.org/html", "total_latency_ms": 4218, "content_size": 3741}
