2025-11-24T20:14:46.990-0800	[34mINFO[0m	config/config.go:302	Loaded configuration	{"logger.active": true, "logger.level": "info", "logger.encoding": "console", "logger.mode": "stdout", "logger.file.path": "", "logger.file.maxSizeMB": 0, "logger.file.maxBackups": 0, "logger.file.maxAgeDays": 0, "logger.file.compress": false, "dht.idBits": 66, "dht.mode": "private", "dht.deBruijn.degree": 2, "dht.deBruijn.fixInterval": "3s", "dht.deBruijn.fixIntervalMs": 3000, "dht.storage.fixInterval": "20s", "dht.storage.fixIntervalMs": 20000, "dht.faultTolerance.successorListSize": 8, "dht.faultTolerance.stabilizationInterval": "2s", "dht.faultTolerance.stabilizationIntervalMs": 2000, "dht.faultTolerance.failureTimeout": "1s", "dht.faultTolerance.failureTimeoutMs": 1000, "dht.bootstrap.mode": "static", "dht.bootstrap.peers": ["localhost:4000"], "dht.bootstrap.register.hostedZoneId": "", "dht.bootstrap.register.domainSuffix": "", "dht.bootstrap.register.ttl": 0, "dht.bootstrap.register.region": "", "node.id": "", "node.host": "localhost", "node.bind": "0.0.0.0", "node.port": 4015, "telemetry.tracing.enabled": false, "telemetry.tracing.exporter": "", "telemetry.tracing.endpoint": "", "cache.enabled": true, "cache.httpPort": 8095, "cache.capacityMB": 256, "cache.defaultTTL": 3600, "cache.hotspotThreshold": 10, "cache.hotspotDecayRate": 0.65}
2025-11-24T20:14:47.034-0800	[34mINFO[0m	node	node/main.go:103	New Node initializing	{"self": {"addr":"localhost:4015","id":"0x0096b81747ee4d20a7"}}
2025-11-24T20:14:47.035-0800	[34mINFO[0m	node	node/main.go:124	initialized web cache	{"self": {"addr":"localhost:4015","id":"0x0096b81747ee4d20a7"}, "capacity_mb": 256}
2025-11-24T20:14:47.036-0800	[34mINFO[0m	node	node/main.go:131	initialized hotspot detector	{"self": {"addr":"localhost:4015","id":"0x0096b81747ee4d20a7"}, "threshold": 10, "decay_rate": 0.65}
2025-11-24T20:14:47.036-0800	[34mINFO[0m	node	node/main.go:185	Initialized Koorde node	{"self": {"addr":"localhost:4015","id":"0x0096b81747ee4d20a7"}}
2025-11-24T20:14:47.036-0800	[34mINFO[0m	node	node/main.go:261	resolved bootstrap peers	{"self": {"addr":"localhost:4015","id":"0x0096b81747ee4d20a7"}, "peers": ["localhost:4000"]}
2025-11-24T20:14:47.036-0800	[34mINFO[0m	node.http-server	server/http.go:93	HTTP cache server starting	{"self": {"addr":"localhost:4015","id":"0x0096b81747ee4d20a7"}, "addr": ":8095"}
2025-11-24T20:14:47.053-0800	[34mINFO[0m	node	logicnode/node.go:74	join: candidate successor found	{"self": {"addr":"localhost:4015","id":"0x0096b81747ee4d20a7"}, "bootstrap": "localhost:4000", "successor": {"addr":"localhost:4007","id":"0x00207adf4852a380ec"}}
2025-11-24T20:14:47.056-0800	[34mINFO[0m	node	logicnode/node.go:105	join: successor has predecessor	{"self": {"addr":"localhost:4015","id":"0x0096b81747ee4d20a7"}, "predecessor": {"addr":"localhost:4011","id":"0x03b6b99475a18d9035"}}
2025-11-24T20:14:47.062-0800	[34mINFO[0m	node	logicnode/node.go:138	join: completed successfully	{"self": {"addr":"localhost:4015","id":"0x0096b81747ee4d20a7"}, "self": {"addr":"localhost:4015","id":"0x0096b81747ee4d20a7"}, "successor": {"addr":"localhost:4007","id":"0x00207adf4852a380ec"}}
2025-11-24T20:14:47.062-0800	[34mINFO[0m	node	node/main.go:283	node registered successfully	{"self": {"addr":"localhost:4015","id":"0x0096b81747ee4d20a7"}}
2025-11-24T20:15:02.698-0800	[34mINFO[0m	node.http-server	server/http.go:173	DHT lookup complete	{"self": {"addr":"localhost:4015","id":"0x0096b81747ee4d20a7"}, "url": "https://httpbin.org/delay/2", "hash": "0x01caf5206045a3cf61", "responsible": {"addr":"localhost:4010","id":"0x0229fa4890cda12a6b"}, "lookup_latency_ms": 7}
2025-11-24T20:15:02.698-0800	[34mINFO[0m	node.http-server	server/http.go:349	Forwarding to responsible node	{"self": {"addr":"localhost:4015","id":"0x0096b81747ee4d20a7"}, "url": "https://httpbin.org/delay/2", "hash": "0x01caf5206045a3cf61", "responsible_from_lookup": {"addr":"localhost:4010","id":"0x0229fa4890cda12a6b"}, "forward_target": {"addr":"localhost:4010","id":"0x0229fa4890cda12a6b"}}
2025-11-24T20:15:03.031-0800	[34mINFO[0m	node.http-server	server/http.go:173	DHT lookup complete	{"self": {"addr":"localhost:4015","id":"0x0096b81747ee4d20a7"}, "url": "https://httpbin.org/delay/2", "hash": "0x01caf5206045a3cf61", "responsible": {"addr":"localhost:4010","id":"0x0229fa4890cda12a6b"}, "lookup_latency_ms": 7}
2025-11-24T20:15:03.031-0800	[34mINFO[0m	node.http-server	server/http.go:349	Forwarding to responsible node	{"self": {"addr":"localhost:4015","id":"0x0096b81747ee4d20a7"}, "url": "https://httpbin.org/delay/2", "hash": "0x01caf5206045a3cf61", "responsible_from_lookup": {"addr":"localhost:4010","id":"0x0229fa4890cda12a6b"}, "forward_target": {"addr":"localhost:4010","id":"0x0229fa4890cda12a6b"}}
2025-11-24T20:15:03.435-0800	[34mINFO[0m	node.http-server	server/http.go:173	DHT lookup complete	{"self": {"addr":"localhost:4015","id":"0x0096b81747ee4d20a7"}, "url": "https://httpbin.org/delay/2", "hash": "0x01caf5206045a3cf61", "responsible": {"addr":"localhost:4010","id":"0x0229fa4890cda12a6b"}, "lookup_latency_ms": 11}
2025-11-24T20:15:03.436-0800	[34mINFO[0m	node.http-server	server/http.go:349	Forwarding to responsible node	{"self": {"addr":"localhost:4015","id":"0x0096b81747ee4d20a7"}, "url": "https://httpbin.org/delay/2", "hash": "0x01caf5206045a3cf61", "responsible_from_lookup": {"addr":"localhost:4010","id":"0x0229fa4890cda12a6b"}, "forward_target": {"addr":"localhost:4010","id":"0x0229fa4890cda12a6b"}}
2025-11-24T20:15:03.882-0800	[34mINFO[0m	node.http-server	server/http.go:173	DHT lookup complete	{"self": {"addr":"localhost:4015","id":"0x0096b81747ee4d20a7"}, "url": "https://httpbin.org/delay/2", "hash": "0x01caf5206045a3cf61", "responsible": {"addr":"localhost:4010","id":"0x0229fa4890cda12a6b"}, "lookup_latency_ms": 5}
2025-11-24T20:15:03.882-0800	[34mINFO[0m	node.http-server	server/http.go:349	Forwarding to responsible node	{"self": {"addr":"localhost:4015","id":"0x0096b81747ee4d20a7"}, "url": "https://httpbin.org/delay/2", "hash": "0x01caf5206045a3cf61", "responsible_from_lookup": {"addr":"localhost:4010","id":"0x0229fa4890cda12a6b"}, "forward_target": {"addr":"localhost:4010","id":"0x0229fa4890cda12a6b"}}
2025-11-24T20:15:05.512-0800	[34mINFO[0m	node.http-server	server/http.go:617	Request proxied successfully	{"self": {"addr":"localhost:4015","id":"0x0096b81747ee4d20a7"}, "url": "https://httpbin.org/delay/2", "target_node": "localhost:4010", "total_latency_ms": 2821, "size_bytes": 322}
2025-11-24T20:15:06.868-0800	[34mINFO[0m	node.http-server	server/http.go:617	Request proxied successfully	{"self": {"addr":"localhost:4015","id":"0x0096b81747ee4d20a7"}, "url": "https://httpbin.org/delay/2", "target_node": "localhost:4010", "total_latency_ms": 3845, "size_bytes": 322}
2025-11-24T20:15:07.564-0800	[34mINFO[0m	node	logicnode/operation.go:541	Notify: predecessor updated	{"self": {"addr":"localhost:4015","id":"0x0096b81747ee4d20a7"}, "newPredecessor": {"addr":"localhost:4000","id":"0x004f424bb575238275"}, "oldPredecessor": {"addr":"localhost:4011","id":"0x03b6b99475a18d9035"}}
2025-11-24T20:15:07.744-0800	[34mINFO[0m	node.http-server	server/http.go:617	Request proxied successfully	{"self": {"addr":"localhost:4015","id":"0x0096b81747ee4d20a7"}, "url": "https://httpbin.org/delay/2", "target_node": "localhost:4010", "total_latency_ms": 4319, "size_bytes": 322}
2025-11-24T20:15:08.678-0800	[34mINFO[0m	node	logicnode/operation.go:541	Notify: predecessor updated	{"self": {"addr":"localhost:4015","id":"0x0096b81747ee4d20a7"}, "newPredecessor": {"addr":"localhost:4001","id":"0x0051ee3541f65b0e86"}, "oldPredecessor": {"addr":"localhost:4000","id":"0x004f424bb575238275"}}
2025-11-24T20:15:09.154-0800	[34mINFO[0m	node	logicnode/operation.go:541	Notify: predecessor updated	{"self": {"addr":"localhost:4015","id":"0x0096b81747ee4d20a7"}, "newPredecessor": {"addr":"localhost:4009","id":"0x008bc4b21729c9fe0b"}, "oldPredecessor": {"addr":"localhost:4001","id":"0x0051ee3541f65b0e86"}}
2025-11-24T20:15:09.334-0800	[31mERROR[0m	node.http-server	server/http.go:563	Proxy request failed	{"self": {"addr":"localhost:4015","id":"0x0096b81747ee4d20a7"}, "proxy_url": "http://localhost:8090/cache?url=https://httpbin.org/delay/2", "err": "Get \"http://localhost:8090/cache?url=https://httpbin.org/delay/2\": context canceled"}
KoordeDHT/internal/node/server.(*HTTPCacheServer).proxyToNode
	D:/CS6650/KoordeDHT-web-cache/internal/node/server/http.go:563
KoordeDHT/internal/node/server.(*HTTPCacheServer).handleCacheRequest
	D:/CS6650/KoordeDHT-web-cache/internal/node/server/http.go:355
net/http.HandlerFunc.ServeHTTP
	C:/Program Files/Go/src/net/http/server.go:2322
net/http.(*ServeMux).ServeHTTP
	C:/Program Files/Go/src/net/http/server.go:2861
net/http.serverHandler.ServeHTTP
	C:/Program Files/Go/src/net/http/server.go:3340
net/http.(*conn).serve
	C:/Program Files/Go/src/net/http/server.go:2109
