2025-11-24T20:35:46.439-0800	[34mINFO[0m	config/config.go:302	Loaded configuration	{"logger.active": true, "logger.level": "info", "logger.encoding": "console", "logger.mode": "stdout", "logger.file.path": "", "logger.file.maxSizeMB": 0, "logger.file.maxBackups": 0, "logger.file.maxAgeDays": 0, "logger.file.compress": false, "dht.idBits": 66, "dht.mode": "private", "dht.deBruijn.degree": 4, "dht.deBruijn.fixInterval": "3s", "dht.deBruijn.fixIntervalMs": 3000, "dht.storage.fixInterval": "20s", "dht.storage.fixIntervalMs": 20000, "dht.faultTolerance.successorListSize": 8, "dht.faultTolerance.stabilizationInterval": "2s", "dht.faultTolerance.stabilizationIntervalMs": 2000, "dht.faultTolerance.failureTimeout": "1s", "dht.faultTolerance.failureTimeoutMs": 1000, "dht.bootstrap.mode": "static", "dht.bootstrap.peers": ["localhost:4000"], "dht.bootstrap.register.hostedZoneId": "", "dht.bootstrap.register.domainSuffix": "", "dht.bootstrap.register.ttl": 0, "dht.bootstrap.register.region": "", "node.id": "", "node.host": "localhost", "node.bind": "0.0.0.0", "node.port": 4007, "telemetry.tracing.enabled": false, "telemetry.tracing.exporter": "", "telemetry.tracing.endpoint": "", "cache.enabled": true, "cache.httpPort": 8087, "cache.capacityMB": 256, "cache.defaultTTL": 3600, "cache.hotspotThreshold": 10, "cache.hotspotDecayRate": 0.65}
2025-11-24T20:35:46.483-0800	[34mINFO[0m	node	node/main.go:103	New Node initializing	{"self": {"addr":"localhost:4007","id":"0x00207adf4852a380ec"}}
2025-11-24T20:35:46.485-0800	[34mINFO[0m	node	node/main.go:124	initialized web cache	{"self": {"addr":"localhost:4007","id":"0x00207adf4852a380ec"}, "capacity_mb": 256}
2025-11-24T20:35:46.485-0800	[34mINFO[0m	node	node/main.go:131	initialized hotspot detector	{"self": {"addr":"localhost:4007","id":"0x00207adf4852a380ec"}, "threshold": 10, "decay_rate": 0.65}
2025-11-24T20:35:46.485-0800	[34mINFO[0m	node	node/main.go:185	Initialized Koorde node	{"self": {"addr":"localhost:4007","id":"0x00207adf4852a380ec"}}
2025-11-24T20:35:46.486-0800	[34mINFO[0m	node	node/main.go:261	resolved bootstrap peers	{"self": {"addr":"localhost:4007","id":"0x00207adf4852a380ec"}, "peers": ["localhost:4000"]}
2025-11-24T20:35:46.486-0800	[34mINFO[0m	node.http-server	server/http.go:93	HTTP cache server starting	{"self": {"addr":"localhost:4007","id":"0x00207adf4852a380ec"}, "addr": ":8087"}
2025-11-24T20:35:46.503-0800	[34mINFO[0m	node	logicnode/node.go:74	join: candidate successor found	{"self": {"addr":"localhost:4007","id":"0x00207adf4852a380ec"}, "bootstrap": "localhost:4000", "successor": {"addr":"localhost:4000","id":"0x004f424bb575238275"}}
2025-11-24T20:35:46.506-0800	[34mINFO[0m	node	logicnode/node.go:105	join: successor has predecessor	{"self": {"addr":"localhost:4007","id":"0x00207adf4852a380ec"}, "predecessor": {"addr":"localhost:4004","id":"0x003ce6a18a52608073"}}
2025-11-24T20:35:46.509-0800	[33mWARN[0m	node	logicnode/operation.go:406	FindSuccessorStep: de Bruijn failed or empty, falling back to successor	{"self": {"addr":"localhost:4007","id":"0x00207adf4852a380ec"}, "target": "0x038e1c402d7b510fe1", "nextHop": {"addr":"localhost:4000","id":"0x004f424bb575238275"}}
2025-11-24T20:35:46.513-0800	[34mINFO[0m	node	logicnode/node.go:138	join: completed successfully	{"self": {"addr":"localhost:4007","id":"0x00207adf4852a380ec"}, "self": {"addr":"localhost:4007","id":"0x00207adf4852a380ec"}, "successor": {"addr":"localhost:4000","id":"0x004f424bb575238275"}}
2025-11-24T20:35:46.514-0800	[34mINFO[0m	node	node/main.go:283	node registered successfully	{"self": {"addr":"localhost:4007","id":"0x00207adf4852a380ec"}}
2025-11-24T20:35:48.628-0800	[34mINFO[0m	node	logicnode/operation.go:541	Notify: predecessor updated	{"self": {"addr":"localhost:4007","id":"0x00207adf4852a380ec"}, "newPredecessor": {"addr":"localhost:4001","id":"0x0051ee3541f65b0e86"}, "oldPredecessor": {"addr":"localhost:4004","id":"0x003ce6a18a52608073"}}
2025-11-24T20:35:48.945-0800	[34mINFO[0m	node	logicnode/operation.go:541	Notify: predecessor updated	{"self": {"addr":"localhost:4007","id":"0x00207adf4852a380ec"}, "newPredecessor": {"addr":"localhost:4002","id":"0x01908ac16ec9805a32"}, "oldPredecessor": {"addr":"localhost:4001","id":"0x0051ee3541f65b0e86"}}
2025-11-24T20:35:50.202-0800	[34mINFO[0m	node	logicnode/operation.go:541	Notify: predecessor updated	{"self": {"addr":"localhost:4007","id":"0x00207adf4852a380ec"}, "newPredecessor": {"addr":"localhost:4006","id":"0x01943b269be0206d7d"}, "oldPredecessor": {"addr":"localhost:4002","id":"0x01908ac16ec9805a32"}}
2025-11-24T20:36:01.944-0800	[34mINFO[0m	node.http-server	server/http.go:400	I am responsible, fetching from origin	{"self": {"addr":"localhost:4007","id":"0x00207adf4852a380ec"}, "url": "https://httpbin.org/json"}
2025-11-24T20:36:01.944-0800	[34mINFO[0m	node.http-server	server/http.go:400	I am responsible, fetching from origin	{"self": {"addr":"localhost:4007","id":"0x00207adf4852a380ec"}, "url": "https://httpbin.org/html"}
2025-11-24T20:36:01.964-0800	[34mINFO[0m	node.http-server	server/http.go:400	I am responsible, fetching from origin	{"self": {"addr":"localhost:4007","id":"0x00207adf4852a380ec"}, "url": "https://httpbin.org/json"}
2025-11-24T20:36:01.983-0800	[34mINFO[0m	node.http-server	server/http.go:400	I am responsible, fetching from origin	{"self": {"addr":"localhost:4007","id":"0x00207adf4852a380ec"}, "url": "https://httpbin.org/status/204"}
2025-11-24T20:36:02.023-0800	[34mINFO[0m	node.http-server	server/http.go:400	I am responsible, fetching from origin	{"self": {"addr":"localhost:4007","id":"0x00207adf4852a380ec"}, "url": "https://httpbin.org/json"}
2025-11-24T20:36:02.044-0800	[34mINFO[0m	node.http-server	server/http.go:400	I am responsible, fetching from origin	{"self": {"addr":"localhost:4007","id":"0x00207adf4852a380ec"}, "url": "https://httpbin.org/json"}
2025-11-24T20:36:02.064-0800	[34mINFO[0m	node.http-server	server/http.go:400	I am responsible, fetching from origin	{"self": {"addr":"localhost:4007","id":"0x00207adf4852a380ec"}, "url": "https://httpbin.org/bytes/4096"}
2025-11-24T20:36:02.083-0800	[34mINFO[0m	node.http-server	server/http.go:400	I am responsible, fetching from origin	{"self": {"addr":"localhost:4007","id":"0x00207adf4852a380ec"}, "url": "https://httpbin.org/deny"}
2025-11-24T20:36:02.104-0800	[34mINFO[0m	node.http-server	server/http.go:400	I am responsible, fetching from origin	{"self": {"addr":"localhost:4007","id":"0x00207adf4852a380ec"}, "url": "https://httpbin.org/json"}
2025-11-24T20:36:02.123-0800	[34mINFO[0m	node.http-server	server/http.go:400	I am responsible, fetching from origin	{"self": {"addr":"localhost:4007","id":"0x00207adf4852a380ec"}, "url": "https://httpbin.org/status/200"}
2025-11-24T20:36:02.147-0800	[34mINFO[0m	node.http-server	server/http.go:400	I am responsible, fetching from origin	{"self": {"addr":"localhost:4007","id":"0x00207adf4852a380ec"}, "url": "https://httpbin.org/json"}
2025-11-24T20:36:02.168-0800	[34mINFO[0m	node.http-server	server/http.go:400	I am responsible, fetching from origin	{"self": {"addr":"localhost:4007","id":"0x00207adf4852a380ec"}, "url": "https://httpbin.org/bytes/4096"}
2025-11-24T20:36:02.206-0800	[34mINFO[0m	node.http-server	server/http.go:400	I am responsible, fetching from origin	{"self": {"addr":"localhost:4007","id":"0x00207adf4852a380ec"}, "url": "https://httpbin.org/json"}
2025-11-24T20:36:02.226-0800	[34mINFO[0m	node.http-server	server/http.go:400	I am responsible, fetching from origin	{"self": {"addr":"localhost:4007","id":"0x00207adf4852a380ec"}, "url": "https://httpbin.org/json"}
2025-11-24T20:36:02.243-0800	[34mINFO[0m	node.http-server	server/http.go:400	I am responsible, fetching from origin	{"self": {"addr":"localhost:4007","id":"0x00207adf4852a380ec"}, "url": "https://httpbin.org/bytes/4096"}
2025-11-24T20:36:02.264-0800	[34mINFO[0m	node.http-server	server/http.go:400	I am responsible, fetching from origin	{"self": {"addr":"localhost:4007","id":"0x00207adf4852a380ec"}, "url": "https://httpbin.org/html"}
2025-11-24T20:36:02.288-0800	[34mINFO[0m	node.http-server	server/http.go:400	I am responsible, fetching from origin	{"self": {"addr":"localhost:4007","id":"0x00207adf4852a380ec"}, "url": "https://httpbin.org/json"}
2025-11-24T20:36:02.309-0800	[34mINFO[0m	node.http-server	server/http.go:400	I am responsible, fetching from origin	{"self": {"addr":"localhost:4007","id":"0x00207adf4852a380ec"}, "url": "https://httpbin.org/deny"}
2025-11-24T20:36:02.324-0800	[34mINFO[0m	node.http-server	server/http.go:400	I am responsible, fetching from origin	{"self": {"addr":"localhost:4007","id":"0x00207adf4852a380ec"}, "url": "https://httpbin.org/deny"}
2025-11-24T20:36:02.346-0800	[34mINFO[0m	node.http-server	server/http.go:400	I am responsible, fetching from origin	{"self": {"addr":"localhost:4007","id":"0x00207adf4852a380ec"}, "url": "https://httpbin.org/base64/VGVzdCBtZXNzYWdl"}
2025-11-24T20:36:02.363-0800	[34mINFO[0m	node.http-server	server/http.go:400	I am responsible, fetching from origin	{"self": {"addr":"localhost:4007","id":"0x00207adf4852a380ec"}, "url": "https://httpbin.org/html"}
2025-11-24T20:36:02.383-0800	[34mINFO[0m	node.http-server	server/http.go:400	I am responsible, fetching from origin	{"self": {"addr":"localhost:4007","id":"0x00207adf4852a380ec"}, "url": "https://httpbin.org/xml"}
2025-11-24T20:36:02.403-0800	[34mINFO[0m	node.http-server	server/http.go:400	I am responsible, fetching from origin	{"self": {"addr":"localhost:4007","id":"0x00207adf4852a380ec"}, "url": "https://httpbin.org/base64/VGVzdCBtZXNzYWdl"}
2025-11-24T20:36:02.418-0800	[34mINFO[0m	node.http-server	server/http.go:660	Origin fetch successful	{"self": {"addr":"localhost:4007","id":"0x00207adf4852a380ec"}, "url": "https://httpbin.org/status/204", "size_bytes": 0, "content_type": "application/octet-stream", "status_code": 204}
2025-11-24T20:36:02.418-0800	[34mINFO[0m	node.http-server	server/http.go:420	Content cached successfully	{"self": {"addr":"localhost:4007","id":"0x00207adf4852a380ec"}, "url": "https://httpbin.org/status/204", "size_bytes": 0}
2025-11-24T20:36:02.419-0800	[34mINFO[0m	node.http-server	server/http.go:433	Request completed	{"self": {"addr":"localhost:4007","id":"0x00207adf4852a380ec"}, "url": "https://httpbin.org/status/204", "total_latency_ms": 436, "content_size": 0}
2025-11-24T20:36:02.425-0800	[34mINFO[0m	node.http-server	server/http.go:660	Origin fetch successful	{"self": {"addr":"localhost:4007","id":"0x00207adf4852a380ec"}, "url": "https://httpbin.org/html", "size_bytes": 3741, "content_type": "text/html; charset=utf-8", "status_code": 200}
2025-11-24T20:36:02.426-0800	[34mINFO[0m	node.http-server	server/http.go:420	Content cached successfully	{"self": {"addr":"localhost:4007","id":"0x00207adf4852a380ec"}, "url": "https://httpbin.org/html", "size_bytes": 3741}
2025-11-24T20:36:02.426-0800	[34mINFO[0m	node.http-server	server/http.go:433	Request completed	{"self": {"addr":"localhost:4007","id":"0x00207adf4852a380ec"}, "url": "https://httpbin.org/html", "total_latency_ms": 162, "content_size": 3741}
2025-11-24T20:36:02.440-0800	[34mINFO[0m	node.http-server	server/http.go:400	I am responsible, fetching from origin	{"self": {"addr":"localhost:4007","id":"0x00207adf4852a380ec"}, "url": "https://httpbin.org/json"}
2025-11-24T20:36:02.461-0800	[34mINFO[0m	node.http-server	server/http.go:386	Hotspot detected, using random distribution	{"self": {"addr":"localhost:4007","id":"0x00207adf4852a380ec"}, "url": "https://httpbin.org/json", "avg_rate": "10.30", "total_requests": 11}
2025-11-24T20:36:02.474-0800	[34mINFO[0m	node.http-server	server/http.go:386	Hotspot detected, using random distribution	{"self": {"addr":"localhost:4007","id":"0x00207adf4852a380ec"}, "url": "https://httpbin.org/json", "avg_rate": "11.30", "total_requests": 12}
2025-11-24T20:36:02.474-0800	[34mINFO[0m	node.http-server	server/http.go:660	Origin fetch successful	{"self": {"addr":"localhost:4007","id":"0x00207adf4852a380ec"}, "url": "https://httpbin.org/bytes/4096", "size_bytes": 4096, "content_type": "application/octet-stream", "status_code": 200}
2025-11-24T20:36:02.475-0800	[34mINFO[0m	node.http-server	server/http.go:420	Content cached successfully	{"self": {"addr":"localhost:4007","id":"0x00207adf4852a380ec"}, "url": "https://httpbin.org/bytes/4096", "size_bytes": 4096}
2025-11-24T20:36:02.475-0800	[34mINFO[0m	node.http-server	server/http.go:433	Request completed	{"self": {"addr":"localhost:4007","id":"0x00207adf4852a380ec"}, "url": "https://httpbin.org/bytes/4096", "total_latency_ms": 307, "content_size": 4096}
2025-11-24T20:36:02.478-0800	[34mINFO[0m	node.http-server	server/http.go:386	Hotspot detected, using random distribution	{"self": {"addr":"localhost:4007","id":"0x00207adf4852a380ec"}, "url": "https://httpbin.org/json", "avg_rate": "12.30", "total_requests": 13}
2025-11-24T20:36:02.481-0800	[34mINFO[0m	node.http-server	server/http.go:400	I am responsible, fetching from origin	{"self": {"addr":"localhost:4007","id":"0x00207adf4852a380ec"}, "url": "https://httpbin.org/base64/SFRUUEJJTiBpcyBhd2Vzb21l"}
2025-11-24T20:36:02.496-0800	[34mINFO[0m	node.http-server	server/http.go:660	Origin fetch successful	{"self": {"addr":"localhost:4007","id":"0x00207adf4852a380ec"}, "url": "https://httpbin.org/json", "size_bytes": 429, "content_type": "application/json", "status_code": 200}
2025-11-24T20:36:02.497-0800	[34mINFO[0m	node.http-server	server/http.go:420	Content cached successfully	{"self": {"addr":"localhost:4007","id":"0x00207adf4852a380ec"}, "url": "https://httpbin.org/json", "size_bytes": 429}
2025-11-24T20:36:02.497-0800	[34mINFO[0m	node.http-server	server/http.go:433	Request completed	{"self": {"addr":"localhost:4007","id":"0x00207adf4852a380ec"}, "url": "https://httpbin.org/json", "total_latency_ms": 453, "content_size": 429}
2025-11-24T20:36:02.499-0800	[34mINFO[0m	node.http-server	server/http.go:361	Cache HIT (local)	{"self": {"addr":"localhost:4007","id":"0x00207adf4852a380ec"}, "url": "https://httpbin.org/json", "size_bytes": 429, "latency_ms": 0}
2025-11-24T20:36:02.501-0800	[34mINFO[0m	node.http-server	server/http.go:617	Request proxied successfully	{"self": {"addr":"localhost:4007","id":"0x00207adf4852a380ec"}, "url": "https://httpbin.org/json", "target_node": "localhost:4005", "total_latency_ms": 23, "size_bytes": 429}
2025-11-24T20:36:02.502-0800	[34mINFO[0m	node.http-server	server/http.go:617	Request proxied successfully	{"self": {"addr":"localhost:4007","id":"0x00207adf4852a380ec"}, "url": "https://httpbin.org/json", "target_node": "localhost:4006", "total_latency_ms": 27, "size_bytes": 429}
2025-11-24T20:36:02.503-0800	[34mINFO[0m	node.http-server	server/http.go:617	Request proxied successfully	{"self": {"addr":"localhost:4007","id":"0x00207adf4852a380ec"}, "url": "https://httpbin.org/json", "target_node": "localhost:4003", "total_latency_ms": 41, "size_bytes": 429}
2025-11-24T20:36:02.582-0800	[34mINFO[0m	node.http-server	server/http.go:400	I am responsible, fetching from origin	{"self": {"addr":"localhost:4007","id":"0x00207adf4852a380ec"}, "url": "https://httpbin.org/xml"}
2025-11-24T20:36:02.587-0800	[34mINFO[0m	node.http-server	server/http.go:660	Origin fetch successful	{"self": {"addr":"localhost:4007","id":"0x00207adf4852a380ec"}, "url": "https://httpbin.org/deny", "size_bytes": 239, "content_type": "text/plain", "status_code": 200}
2025-11-24T20:36:02.588-0800	[34mINFO[0m	node.http-server	server/http.go:420	Content cached successfully	{"self": {"addr":"localhost:4007","id":"0x00207adf4852a380ec"}, "url": "https://httpbin.org/deny", "size_bytes": 239}
2025-11-24T20:36:02.588-0800	[34mINFO[0m	node.http-server	server/http.go:433	Request completed	{"self": {"addr":"localhost:4007","id":"0x00207adf4852a380ec"}, "url": "https://httpbin.org/deny", "total_latency_ms": 504, "content_size": 239}
2025-11-24T20:36:02.601-0800	[34mINFO[0m	node.http-server	server/http.go:400	I am responsible, fetching from origin	{"self": {"addr":"localhost:4007","id":"0x00207adf4852a380ec"}, "url": "https://httpbin.org/base64/VGVzdCBtZXNzYWdl"}
2025-11-24T20:36:02.622-0800	[34mINFO[0m	node.http-server	server/http.go:400	I am responsible, fetching from origin	{"self": {"addr":"localhost:4007","id":"0x00207adf4852a380ec"}, "url": "https://httpbin.org/status/200"}
2025-11-24T20:36:02.632-0800	[34mINFO[0m	node.http-server	server/http.go:660	Origin fetch successful	{"self": {"addr":"localhost:4007","id":"0x00207adf4852a380ec"}, "url": "https://httpbin.org/xml", "size_bytes": 522, "content_type": "application/xml", "status_code": 200}
2025-11-24T20:36:02.632-0800	[34mINFO[0m	node.http-server	server/http.go:420	Content cached successfully	{"self": {"addr":"localhost:4007","id":"0x00207adf4852a380ec"}, "url": "https://httpbin.org/xml", "size_bytes": 522}
2025-11-24T20:36:02.633-0800	[34mINFO[0m	node.http-server	server/http.go:433	Request completed	{"self": {"addr":"localhost:4007","id":"0x00207adf4852a380ec"}, "url": "https://httpbin.org/xml", "total_latency_ms": 250, "content_size": 522}
2025-11-24T20:36:02.682-0800	[34mINFO[0m	node.http-server	server/http.go:400	I am responsible, fetching from origin	{"self": {"addr":"localhost:4007","id":"0x00207adf4852a380ec"}, "url": "https://httpbin.org/status/202"}
2025-11-24T20:36:02.695-0800	[34mINFO[0m	node.http-server	server/http.go:660	Origin fetch successful	{"self": {"addr":"localhost:4007","id":"0x00207adf4852a380ec"}, "url": "https://httpbin.org/status/200", "size_bytes": 0, "content_type": "text/html; charset=utf-8", "status_code": 200}
2025-11-24T20:36:02.695-0800	[34mINFO[0m	node.http-server	server/http.go:420	Content cached successfully	{"self": {"addr":"localhost:4007","id":"0x00207adf4852a380ec"}, "url": "https://httpbin.org/status/200", "size_bytes": 0}
2025-11-24T20:36:02.695-0800	[34mINFO[0m	node.http-server	server/http.go:433	Request completed	{"self": {"addr":"localhost:4007","id":"0x00207adf4852a380ec"}, "url": "https://httpbin.org/status/200", "total_latency_ms": 73, "content_size": 0}
2025-11-24T20:36:02.706-0800	[34mINFO[0m	node.http-server	server/http.go:660	Origin fetch successful	{"self": {"addr":"localhost:4007","id":"0x00207adf4852a380ec"}, "url": "https://httpbin.org/html", "size_bytes": 3741, "content_type": "text/html; charset=utf-8", "status_code": 200}
2025-11-24T20:36:02.706-0800	[34mINFO[0m	node.http-server	server/http.go:420	Content cached successfully	{"self": {"addr":"localhost:4007","id":"0x00207adf4852a380ec"}, "url": "https://httpbin.org/html", "size_bytes": 3741}
2025-11-24T20:36:02.707-0800	[34mINFO[0m	node.http-server	server/http.go:433	Request completed	{"self": {"addr":"localhost:4007","id":"0x00207adf4852a380ec"}, "url": "https://httpbin.org/html", "total_latency_ms": 344, "content_size": 3741}
2025-11-24T20:36:02.741-0800	[34mINFO[0m	node.http-server	server/http.go:660	Origin fetch successful	{"self": {"addr":"localhost:4007","id":"0x00207adf4852a380ec"}, "url": "https://httpbin.org/xml", "size_bytes": 522, "content_type": "application/xml", "status_code": 200}
2025-11-24T20:36:02.742-0800	[34mINFO[0m	node.http-server	server/http.go:420	Content cached successfully	{"self": {"addr":"localhost:4007","id":"0x00207adf4852a380ec"}, "url": "https://httpbin.org/xml", "size_bytes": 522}
2025-11-24T20:36:02.742-0800	[34mINFO[0m	node.http-server	server/http.go:433	Request completed	{"self": {"addr":"localhost:4007","id":"0x00207adf4852a380ec"}, "url": "https://httpbin.org/xml", "total_latency_ms": 160, "content_size": 522}
2025-11-24T20:36:02.779-0800	[34mINFO[0m	node.http-server	server/http.go:660	Origin fetch successful	{"self": {"addr":"localhost:4007","id":"0x00207adf4852a380ec"}, "url": "https://httpbin.org/json", "size_bytes": 429, "content_type": "application/json", "status_code": 200}
2025-11-24T20:36:02.780-0800	[34mINFO[0m	node.http-server	server/http.go:420	Content cached successfully	{"self": {"addr":"localhost:4007","id":"0x00207adf4852a380ec"}, "url": "https://httpbin.org/json", "size_bytes": 429}
2025-11-24T20:36:02.780-0800	[34mINFO[0m	node.http-server	server/http.go:433	Request completed	{"self": {"addr":"localhost:4007","id":"0x00207adf4852a380ec"}, "url": "https://httpbin.org/json", "total_latency_ms": 554, "content_size": 429}
2025-11-24T20:36:02.801-0800	[34mINFO[0m	node.http-server	server/http.go:400	I am responsible, fetching from origin	{"self": {"addr":"localhost:4007","id":"0x00207adf4852a380ec"}, "url": "https://httpbin.org/base64/SFRUUEJJTiBpcyBhd2Vzb21l"}
2025-11-24T20:36:02.861-0800	[34mINFO[0m	node.http-server	server/http.go:400	I am responsible, fetching from origin	{"self": {"addr":"localhost:4007","id":"0x00207adf4852a380ec"}, "url": "https://httpbin.org/status/202"}
2025-11-24T20:36:02.921-0800	[34mINFO[0m	node.http-server	server/http.go:660	Origin fetch successful	{"self": {"addr":"localhost:4007","id":"0x00207adf4852a380ec"}, "url": "https://httpbin.org/deny", "size_bytes": 239, "content_type": "text/plain", "status_code": 200}
2025-11-24T20:36:02.921-0800	[34mINFO[0m	node.http-server	server/http.go:420	Content cached successfully	{"self": {"addr":"localhost:4007","id":"0x00207adf4852a380ec"}, "url": "https://httpbin.org/deny", "size_bytes": 239}
2025-11-24T20:36:02.922-0800	[34mINFO[0m	node.http-server	server/http.go:433	Request completed	{"self": {"addr":"localhost:4007","id":"0x00207adf4852a380ec"}, "url": "https://httpbin.org/deny", "total_latency_ms": 613, "content_size": 239}
2025-11-24T20:36:03.004-0800	[34mINFO[0m	node.http-server	server/http.go:660	Origin fetch successful	{"self": {"addr":"localhost:4007","id":"0x00207adf4852a380ec"}, "url": "https://httpbin.org/json", "size_bytes": 429, "content_type": "application/json", "status_code": 200}
2025-11-24T20:36:03.004-0800	[34mINFO[0m	node.http-server	server/http.go:660	Origin fetch successful	{"self": {"addr":"localhost:4007","id":"0x00207adf4852a380ec"}, "url": "https://httpbin.org/json", "size_bytes": 429, "content_type": "application/json", "status_code": 200}
2025-11-24T20:36:03.004-0800	[34mINFO[0m	node.http-server	server/http.go:420	Content cached successfully	{"self": {"addr":"localhost:4007","id":"0x00207adf4852a380ec"}, "url": "https://httpbin.org/json", "size_bytes": 429}
2025-11-24T20:36:03.005-0800	[34mINFO[0m	node.http-server	server/http.go:420	Content cached successfully	{"self": {"addr":"localhost:4007","id":"0x00207adf4852a380ec"}, "url": "https://httpbin.org/json", "size_bytes": 429}
2025-11-24T20:36:03.005-0800	[34mINFO[0m	node.http-server	server/http.go:433	Request completed	{"self": {"addr":"localhost:4007","id":"0x00207adf4852a380ec"}, "url": "https://httpbin.org/json", "total_latency_ms": 798, "content_size": 429}
2025-11-24T20:36:03.006-0800	[34mINFO[0m	node.http-server	server/http.go:433	Request completed	{"self": {"addr":"localhost:4007","id":"0x00207adf4852a380ec"}, "url": "https://httpbin.org/json", "total_latency_ms": 901, "content_size": 429}
2025-11-24T20:36:03.011-0800	[34mINFO[0m	node.http-server	server/http.go:660	Origin fetch successful	{"self": {"addr":"localhost:4007","id":"0x00207adf4852a380ec"}, "url": "https://httpbin.org/base64/VGVzdCBtZXNzYWdl", "size_bytes": 12, "content_type": "text/html; charset=utf-8", "status_code": 200}
2025-11-24T20:36:03.012-0800	[34mINFO[0m	node.http-server	server/http.go:420	Content cached successfully	{"self": {"addr":"localhost:4007","id":"0x00207adf4852a380ec"}, "url": "https://httpbin.org/base64/VGVzdCBtZXNzYWdl", "size_bytes": 12}
2025-11-24T20:36:03.012-0800	[34mINFO[0m	node.http-server	server/http.go:433	Request completed	{"self": {"addr":"localhost:4007","id":"0x00207adf4852a380ec"}, "url": "https://httpbin.org/base64/VGVzdCBtZXNzYWdl", "total_latency_ms": 410, "content_size": 12}
2025-11-24T20:36:03.025-0800	[34mINFO[0m	node.http-server	server/http.go:660	Origin fetch successful	{"self": {"addr":"localhost:4007","id":"0x00207adf4852a380ec"}, "url": "https://httpbin.org/base64/SFRUUEJJTiBpcyBhd2Vzb21l", "size_bytes": 18, "content_type": "text/html; charset=utf-8", "status_code": 200}
2025-11-24T20:36:03.025-0800	[34mINFO[0m	node.http-server	server/http.go:420	Content cached successfully	{"self": {"addr":"localhost:4007","id":"0x00207adf4852a380ec"}, "url": "https://httpbin.org/base64/SFRUUEJJTiBpcyBhd2Vzb21l", "size_bytes": 18}
2025-11-24T20:36:03.025-0800	[34mINFO[0m	node.http-server	server/http.go:433	Request completed	{"self": {"addr":"localhost:4007","id":"0x00207adf4852a380ec"}, "url": "https://httpbin.org/base64/SFRUUEJJTiBpcyBhd2Vzb21l", "total_latency_ms": 544, "content_size": 18}
2025-11-24T20:36:03.081-0800	[34mINFO[0m	node.http-server	server/http.go:400	I am responsible, fetching from origin	{"self": {"addr":"localhost:4007","id":"0x00207adf4852a380ec"}, "url": "https://httpbin.org/delay/2"}
2025-11-24T20:36:03.260-0800	[34mINFO[0m	node.http-server	server/http.go:660	Origin fetch successful	{"self": {"addr":"localhost:4007","id":"0x00207adf4852a380ec"}, "url": "https://httpbin.org/status/202", "size_bytes": 0, "content_type": "text/html; charset=utf-8", "status_code": 202}
2025-11-24T20:36:03.260-0800	[34mINFO[0m	node.http-server	server/http.go:420	Content cached successfully	{"self": {"addr":"localhost:4007","id":"0x00207adf4852a380ec"}, "url": "https://httpbin.org/status/202", "size_bytes": 0}
2025-11-24T20:36:03.261-0800	[34mINFO[0m	node.http-server	server/http.go:433	Request completed	{"self": {"addr":"localhost:4007","id":"0x00207adf4852a380ec"}, "url": "https://httpbin.org/status/202", "total_latency_ms": 399, "content_size": 0}
2025-11-24T20:36:03.316-0800	[34mINFO[0m	node.http-server	server/http.go:660	Origin fetch successful	{"self": {"addr":"localhost:4007","id":"0x00207adf4852a380ec"}, "url": "https://httpbin.org/json", "size_bytes": 429, "content_type": "application/json", "status_code": 200}
2025-11-24T20:36:03.317-0800	[34mINFO[0m	node.http-server	server/http.go:420	Content cached successfully	{"self": {"addr":"localhost:4007","id":"0x00207adf4852a380ec"}, "url": "https://httpbin.org/json", "size_bytes": 429}
2025-11-24T20:36:03.317-0800	[34mINFO[0m	node.http-server	server/http.go:433	Request completed	{"self": {"addr":"localhost:4007","id":"0x00207adf4852a380ec"}, "url": "https://httpbin.org/json", "total_latency_ms": 1294, "content_size": 429}
2025-11-24T20:36:03.365-0800	[34mINFO[0m	node.http-server	server/http.go:660	Origin fetch successful	{"self": {"addr":"localhost:4007","id":"0x00207adf4852a380ec"}, "url": "https://httpbin.org/json", "size_bytes": 429, "content_type": "application/json", "status_code": 200}
2025-11-24T20:36:03.365-0800	[34mINFO[0m	node.http-server	server/http.go:420	Content cached successfully	{"self": {"addr":"localhost:4007","id":"0x00207adf4852a380ec"}, "url": "https://httpbin.org/json", "size_bytes": 429}
2025-11-24T20:36:03.366-0800	[34mINFO[0m	node.http-server	server/http.go:433	Request completed	{"self": {"addr":"localhost:4007","id":"0x00207adf4852a380ec"}, "url": "https://httpbin.org/json", "total_latency_ms": 1421, "content_size": 429}
2025-11-24T20:36:03.459-0800	[34mINFO[0m	node.http-server	server/http.go:660	Origin fetch successful	{"self": {"addr":"localhost:4007","id":"0x00207adf4852a380ec"}, "url": "https://httpbin.org/bytes/4096", "size_bytes": 4096, "content_type": "application/octet-stream", "status_code": 200}
2025-11-24T20:36:03.459-0800	[34mINFO[0m	node.http-server	server/http.go:420	Content cached successfully	{"self": {"addr":"localhost:4007","id":"0x00207adf4852a380ec"}, "url": "https://httpbin.org/bytes/4096", "size_bytes": 4096}
2025-11-24T20:36:03.460-0800	[34mINFO[0m	node.http-server	server/http.go:433	Request completed	{"self": {"addr":"localhost:4007","id":"0x00207adf4852a380ec"}, "url": "https://httpbin.org/bytes/4096", "total_latency_ms": 1396, "content_size": 4096}
2025-11-24T20:36:03.480-0800	[34mINFO[0m	node.http-server	server/http.go:660	Origin fetch successful	{"self": {"addr":"localhost:4007","id":"0x00207adf4852a380ec"}, "url": "https://httpbin.org/status/202", "size_bytes": 0, "content_type": "text/html; charset=utf-8", "status_code": 202}
2025-11-24T20:36:03.480-0800	[34mINFO[0m	node.http-server	server/http.go:420	Content cached successfully	{"self": {"addr":"localhost:4007","id":"0x00207adf4852a380ec"}, "url": "https://httpbin.org/status/202", "size_bytes": 0}
2025-11-24T20:36:03.480-0800	[34mINFO[0m	node.http-server	server/http.go:433	Request completed	{"self": {"addr":"localhost:4007","id":"0x00207adf4852a380ec"}, "url": "https://httpbin.org/status/202", "total_latency_ms": 798, "content_size": 0}
2025-11-24T20:36:03.498-0800	[34mINFO[0m	node.http-server	server/http.go:660	Origin fetch successful	{"self": {"addr":"localhost:4007","id":"0x00207adf4852a380ec"}, "url": "https://httpbin.org/html", "size_bytes": 3741, "content_type": "text/html; charset=utf-8", "status_code": 200}
2025-11-24T20:36:03.498-0800	[34mINFO[0m	node.http-server	server/http.go:420	Content cached successfully	{"self": {"addr":"localhost:4007","id":"0x00207adf4852a380ec"}, "url": "https://httpbin.org/html", "size_bytes": 3741}
2025-11-24T20:36:03.498-0800	[34mINFO[0m	node.http-server	server/http.go:433	Request completed	{"self": {"addr":"localhost:4007","id":"0x00207adf4852a380ec"}, "url": "https://httpbin.org/html", "total_latency_ms": 1554, "content_size": 3741}
2025-11-24T20:36:03.567-0800	[34mINFO[0m	node.http-server	server/http.go:660	Origin fetch successful	{"self": {"addr":"localhost:4007","id":"0x00207adf4852a380ec"}, "url": "https://httpbin.org/base64/VGVzdCBtZXNzYWdl", "size_bytes": 12, "content_type": "text/html; charset=utf-8", "status_code": 200}
2025-11-24T20:36:03.567-0800	[34mINFO[0m	node.http-server	server/http.go:420	Content cached successfully	{"self": {"addr":"localhost:4007","id":"0x00207adf4852a380ec"}, "url": "https://httpbin.org/base64/VGVzdCBtZXNzYWdl", "size_bytes": 12}
2025-11-24T20:36:03.567-0800	[34mINFO[0m	node.http-server	server/http.go:433	Request completed	{"self": {"addr":"localhost:4007","id":"0x00207adf4852a380ec"}, "url": "https://httpbin.org/base64/VGVzdCBtZXNzYWdl", "total_latency_ms": 1164, "content_size": 12}
2025-11-24T20:36:03.577-0800	[34mINFO[0m	node.http-server	server/http.go:660	Origin fetch successful	{"self": {"addr":"localhost:4007","id":"0x00207adf4852a380ec"}, "url": "https://httpbin.org/deny", "size_bytes": 239, "content_type": "text/plain", "status_code": 200}
2025-11-24T20:36:03.577-0800	[34mINFO[0m	node.http-server	server/http.go:420	Content cached successfully	{"self": {"addr":"localhost:4007","id":"0x00207adf4852a380ec"}, "url": "https://httpbin.org/deny", "size_bytes": 239}
2025-11-24T20:36:03.578-0800	[34mINFO[0m	node.http-server	server/http.go:433	Request completed	{"self": {"addr":"localhost:4007","id":"0x00207adf4852a380ec"}, "url": "https://httpbin.org/deny", "total_latency_ms": 1254, "content_size": 239}
2025-11-24T20:36:03.601-0800	[34mINFO[0m	node.http-server	server/http.go:400	I am responsible, fetching from origin	{"self": {"addr":"localhost:4007","id":"0x00207adf4852a380ec"}, "url": "https://httpbin.org/bytes/1024"}
2025-11-24T20:36:03.607-0800	[34mINFO[0m	node.http-server	server/http.go:660	Origin fetch successful	{"self": {"addr":"localhost:4007","id":"0x00207adf4852a380ec"}, "url": "https://httpbin.org/json", "size_bytes": 429, "content_type": "application/json", "status_code": 200}
2025-11-24T20:36:03.607-0800	[34mINFO[0m	node.http-server	server/http.go:420	Content cached successfully	{"self": {"addr":"localhost:4007","id":"0x00207adf4852a380ec"}, "url": "https://httpbin.org/json", "size_bytes": 429}
2025-11-24T20:36:03.607-0800	[34mINFO[0m	node.http-server	server/http.go:433	Request completed	{"self": {"addr":"localhost:4007","id":"0x00207adf4852a380ec"}, "url": "https://httpbin.org/json", "total_latency_ms": 1643, "content_size": 429}
2025-11-24T20:36:03.736-0800	[34mINFO[0m	node.http-server	server/http.go:660	Origin fetch successful	{"self": {"addr":"localhost:4007","id":"0x00207adf4852a380ec"}, "url": "https://httpbin.org/json", "size_bytes": 429, "content_type": "application/json", "status_code": 200}
2025-11-24T20:36:03.737-0800	[34mINFO[0m	node.http-server	server/http.go:420	Content cached successfully	{"self": {"addr":"localhost:4007","id":"0x00207adf4852a380ec"}, "url": "https://httpbin.org/json", "size_bytes": 429}
2025-11-24T20:36:03.737-0800	[34mINFO[0m	node.http-server	server/http.go:433	Request completed	{"self": {"addr":"localhost:4007","id":"0x00207adf4852a380ec"}, "url": "https://httpbin.org/json", "total_latency_ms": 1590, "content_size": 429}
2025-11-24T20:36:03.742-0800	[34mINFO[0m	node.http-server	server/http.go:660	Origin fetch successful	{"self": {"addr":"localhost:4007","id":"0x00207adf4852a380ec"}, "url": "https://httpbin.org/bytes/1024", "size_bytes": 1024, "content_type": "application/octet-stream", "status_code": 200}
2025-11-24T20:36:03.742-0800	[34mINFO[0m	node.http-server	server/http.go:420	Content cached successfully	{"self": {"addr":"localhost:4007","id":"0x00207adf4852a380ec"}, "url": "https://httpbin.org/bytes/1024", "size_bytes": 1024}
2025-11-24T20:36:03.743-0800	[34mINFO[0m	node.http-server	server/http.go:433	Request completed	{"self": {"addr":"localhost:4007","id":"0x00207adf4852a380ec"}, "url": "https://httpbin.org/bytes/1024", "total_latency_ms": 141, "content_size": 1024}
2025-11-24T20:36:03.804-0800	[34mINFO[0m	node.http-server	server/http.go:400	I am responsible, fetching from origin	{"self": {"addr":"localhost:4007","id":"0x00207adf4852a380ec"}, "url": "https://httpbin.org/bytes/2048"}
2025-11-24T20:36:03.842-0800	[34mINFO[0m	node.http-server	server/http.go:400	I am responsible, fetching from origin	{"self": {"addr":"localhost:4007","id":"0x00207adf4852a380ec"}, "url": "https://httpbin.org/delay/2"}
2025-11-24T20:36:04.135-0800	[31mERROR[0m	node.http-server	server/http.go:405	Origin fetch failed	{"self": {"addr":"localhost:4007","id":"0x00207adf4852a380ec"}, "url": "https://httpbin.org/delay/2", "err": "origin returned status 502"}
KoordeDHT/internal/node/server.(*HTTPCacheServer).handleCacheRequest
	D:/CS6650/KoordeDHT-web-cache/internal/node/server/http.go:405
net/http.HandlerFunc.ServeHTTP
	C:/Program Files/Go/src/net/http/server.go:2322
net/http.(*ServeMux).ServeHTTP
	C:/Program Files/Go/src/net/http/server.go:2861
net/http.serverHandler.ServeHTTP
	C:/Program Files/Go/src/net/http/server.go:3340
net/http.(*conn).serve
	C:/Program Files/Go/src/net/http/server.go:2109
2025-11-24T20:36:04.150-0800	[34mINFO[0m	node.http-server	server/http.go:660	Origin fetch successful	{"self": {"addr":"localhost:4007","id":"0x00207adf4852a380ec"}, "url": "https://httpbin.org/base64/SFRUUEJJTiBpcyBhd2Vzb21l", "size_bytes": 18, "content_type": "text/html; charset=utf-8", "status_code": 200}
2025-11-24T20:36:04.150-0800	[34mINFO[0m	node.http-server	server/http.go:420	Content cached successfully	{"self": {"addr":"localhost:4007","id":"0x00207adf4852a380ec"}, "url": "https://httpbin.org/base64/SFRUUEJJTiBpcyBhd2Vzb21l", "size_bytes": 18}
2025-11-24T20:36:04.150-0800	[34mINFO[0m	node.http-server	server/http.go:433	Request completed	{"self": {"addr":"localhost:4007","id":"0x00207adf4852a380ec"}, "url": "https://httpbin.org/base64/SFRUUEJJTiBpcyBhd2Vzb21l", "total_latency_ms": 1349, "content_size": 18}
2025-11-24T20:36:04.307-0800	[34mINFO[0m	node.http-server	server/http.go:660	Origin fetch successful	{"self": {"addr":"localhost:4007","id":"0x00207adf4852a380ec"}, "url": "https://httpbin.org/bytes/2048", "size_bytes": 2048, "content_type": "application/octet-stream", "status_code": 200}
2025-11-24T20:36:04.308-0800	[34mINFO[0m	node.http-server	server/http.go:420	Content cached successfully	{"self": {"addr":"localhost:4007","id":"0x00207adf4852a380ec"}, "url": "https://httpbin.org/bytes/2048", "size_bytes": 2048}
2025-11-24T20:36:04.308-0800	[34mINFO[0m	node.http-server	server/http.go:433	Request completed	{"self": {"addr":"localhost:4007","id":"0x00207adf4852a380ec"}, "url": "https://httpbin.org/bytes/2048", "total_latency_ms": 504, "content_size": 2048}
2025-11-24T20:36:04.330-0800	[34mINFO[0m	node.http-server	server/http.go:660	Origin fetch successful	{"self": {"addr":"localhost:4007","id":"0x00207adf4852a380ec"}, "url": "https://httpbin.org/status/200", "size_bytes": 0, "content_type": "text/html; charset=utf-8", "status_code": 200}
2025-11-24T20:36:04.331-0800	[34mINFO[0m	node.http-server	server/http.go:420	Content cached successfully	{"self": {"addr":"localhost:4007","id":"0x00207adf4852a380ec"}, "url": "https://httpbin.org/status/200", "size_bytes": 0}
2025-11-24T20:36:04.331-0800	[34mINFO[0m	node.http-server	server/http.go:433	Request completed	{"self": {"addr":"localhost:4007","id":"0x00207adf4852a380ec"}, "url": "https://httpbin.org/status/200", "total_latency_ms": 2207, "content_size": 0}
2025-11-24T20:36:04.522-0800	[34mINFO[0m	node.http-server	server/http.go:660	Origin fetch successful	{"self": {"addr":"localhost:4007","id":"0x00207adf4852a380ec"}, "url": "https://httpbin.org/base64/VGVzdCBtZXNzYWdl", "size_bytes": 12, "content_type": "text/html; charset=utf-8", "status_code": 200}
2025-11-24T20:36:04.523-0800	[34mINFO[0m	node.http-server	server/http.go:420	Content cached successfully	{"self": {"addr":"localhost:4007","id":"0x00207adf4852a380ec"}, "url": "https://httpbin.org/base64/VGVzdCBtZXNzYWdl", "size_bytes": 12}
2025-11-24T20:36:04.523-0800	[34mINFO[0m	node.http-server	server/http.go:433	Request completed	{"self": {"addr":"localhost:4007","id":"0x00207adf4852a380ec"}, "url": "https://httpbin.org/base64/VGVzdCBtZXNzYWdl", "total_latency_ms": 2177, "content_size": 12}
2025-11-24T20:36:04.646-0800	[34mINFO[0m	node.http-server	server/http.go:660	Origin fetch successful	{"self": {"addr":"localhost:4007","id":"0x00207adf4852a380ec"}, "url": "https://httpbin.org/bytes/4096", "size_bytes": 4096, "content_type": "application/octet-stream", "status_code": 200}
2025-11-24T20:36:04.647-0800	[34mINFO[0m	node.http-server	server/http.go:420	Content cached successfully	{"self": {"addr":"localhost:4007","id":"0x00207adf4852a380ec"}, "url": "https://httpbin.org/bytes/4096", "size_bytes": 4096}
2025-11-24T20:36:04.647-0800	[34mINFO[0m	node.http-server	server/http.go:433	Request completed	{"self": {"addr":"localhost:4007","id":"0x00207adf4852a380ec"}, "url": "https://httpbin.org/bytes/4096", "total_latency_ms": 2404, "content_size": 4096}
2025-11-24T20:36:04.748-0800	[34mINFO[0m	node.http-server	server/http.go:660	Origin fetch successful	{"self": {"addr":"localhost:4007","id":"0x00207adf4852a380ec"}, "url": "https://httpbin.org/json", "size_bytes": 429, "content_type": "application/json", "status_code": 200}
2025-11-24T20:36:04.748-0800	[34mINFO[0m	node.http-server	server/http.go:420	Content cached successfully	{"self": {"addr":"localhost:4007","id":"0x00207adf4852a380ec"}, "url": "https://httpbin.org/json", "size_bytes": 429}
2025-11-24T20:36:04.749-0800	[34mINFO[0m	node.http-server	server/http.go:433	Request completed	{"self": {"addr":"localhost:4007","id":"0x00207adf4852a380ec"}, "url": "https://httpbin.org/json", "total_latency_ms": 2308, "content_size": 429}
2025-11-24T20:36:06.669-0800	[34mINFO[0m	node.http-server	server/http.go:660	Origin fetch successful	{"self": {"addr":"localhost:4007","id":"0x00207adf4852a380ec"}, "url": "https://httpbin.org/json", "size_bytes": 429, "content_type": "application/json", "status_code": 200}
2025-11-24T20:36:06.671-0800	[34mINFO[0m	node.http-server	server/http.go:420	Content cached successfully	{"self": {"addr":"localhost:4007","id":"0x00207adf4852a380ec"}, "url": "https://httpbin.org/json", "size_bytes": 429}
2025-11-24T20:36:06.671-0800	[34mINFO[0m	node.http-server	server/http.go:433	Request completed	{"self": {"addr":"localhost:4007","id":"0x00207adf4852a380ec"}, "url": "https://httpbin.org/json", "total_latency_ms": 4383, "content_size": 429}
2025-11-24T20:36:08.095-0800	[34mINFO[0m	node.http-server	server/http.go:660	Origin fetch successful	{"self": {"addr":"localhost:4007","id":"0x00207adf4852a380ec"}, "url": "https://httpbin.org/delay/2", "size_bytes": 322, "content_type": "application/json", "status_code": 200}
2025-11-24T20:36:08.095-0800	[34mINFO[0m	node.http-server	server/http.go:420	Content cached successfully	{"self": {"addr":"localhost:4007","id":"0x00207adf4852a380ec"}, "url": "https://httpbin.org/delay/2", "size_bytes": 322}
2025-11-24T20:36:08.096-0800	[34mINFO[0m	node.http-server	server/http.go:433	Request completed	{"self": {"addr":"localhost:4007","id":"0x00207adf4852a380ec"}, "url": "https://httpbin.org/delay/2", "total_latency_ms": 4254, "content_size": 322}
